===========

-----------
UCS 1:
Nr de noduri aflate in memorie dupa generarea acestei sol: 0
1) Configuratie Initiala
['#', '#', '#', 'o', 'o', 'o', 'o', 'o']
['#', '*', '#', 'o', 'o', 'o', 'o', 'o']
['#', '#', '#', 'o', 'o', 'o', 'o', 'o']
Lungime intermediara drum: 1
Cost actual: 0
Timp gasire: 0.0s
...........
===========
===========

-----------
AStar 1 (euristica banala):
Nr de noduri aflate in memorie dupa generarea acestei sol: 0
1) Configuratie Initiala
['#', '#', '#', 'o', 'o', 'o', 'o', 'o']
['#', '*', '#', 'o', 'o', 'o', 'o', 'o']
['#', '#', '#', 'o', 'o', 'o', 'o', 'o']
Lungime intermediara drum: 1
Cost actual: 0
Timp gasire: 0.0s
...........
===========
...........
===========

-----------
AStar 1 (euristica urmatorul_pas):
Nr de noduri aflate in memorie dupa generarea acestei sol: 0
1) Configuratie Initiala
['#', '#', '#', 'o', 'o', 'o', 'o', 'o']
['#', '*', '#', 'o', 'o', 'o', 'o', 'o']
['#', '#', '#', 'o', 'o', 'o', 'o', 'o']
Lungime intermediara drum: 1
Cost actual: 0
Timp gasire: 0.0s
...........
===========
...........
===========

-----------
AStar 1 (euristica peste_2_pasi):
Nr de noduri aflate in memorie dupa generarea acestei sol: 0
1) Configuratie Initiala
['#', '#', '#', 'o', 'o', 'o', 'o', 'o']
['#', '*', '#', 'o', 'o', 'o', 'o', 'o']
['#', '#', '#', 'o', 'o', 'o', 'o', 'o']
Lungime intermediara drum: 1
Cost actual: 0
Timp gasire: 0.0s
...........
===========
...........
===========

-----------
AStar 1 (euristica distanta_manhattan_neadmisibila):
Nr de noduri aflate in memorie dupa generarea acestei sol: 0
1) Configuratie Initiala
['#', '#', '#', 'o', 'o', 'o', 'o', 'o']
['#', '*', '#', 'o', 'o', 'o', 'o', 'o']
['#', '#', '#', 'o', 'o', 'o', 'o', 'o']
Lungime intermediara drum: 1
Cost actual: 0
Timp gasire: 0.0s
...........
===========
...........
===========

-----------
AStar Optim (euristica banala):
Nr de noduri aflate in memorie dupa generarea acestei sol: 0
1) Configuratie Initiala
['#', '#', '#', 'o', 'o', 'o', 'o', 'o']
['#', '*', '#', 'o', 'o', 'o', 'o', 'o']
['#', '#', '#', 'o', 'o', 'o', 'o', 'o']
Lungime intermediara drum: 1
Cost actual: 0
Timp gasire: 0.0s
...........
===========
...........
===========

-----------
AStar Optim (euristica urmatorul_pas):
Nr de noduri aflate in memorie dupa generarea acestei sol: 0
1) Configuratie Initiala
['#', '#', '#', 'o', 'o', 'o', 'o', 'o']
['#', '*', '#', 'o', 'o', 'o', 'o', 'o']
['#', '#', '#', 'o', 'o', 'o', 'o', 'o']
Lungime intermediara drum: 1
Cost actual: 0
Timp gasire: 0.0s
...........
===========
...........
===========

-----------
AStar Optim (euristica peste_2_pasi):
Nr de noduri aflate in memorie dupa generarea acestei sol: 0
1) Configuratie Initiala
['#', '#', '#', 'o', 'o', 'o', 'o', 'o']
['#', '*', '#', 'o', 'o', 'o', 'o', 'o']
['#', '#', '#', 'o', 'o', 'o', 'o', 'o']
Lungime intermediara drum: 1
Cost actual: 0
Timp gasire: 0.0s
...........
===========
...........
===========

-----------
AStar Optim (euristica distanta_manhattan_neadmisibila):
Nr de noduri aflate in memorie dupa generarea acestei sol: 0
1) Configuratie Initiala
['#', '#', '#', 'o', 'o', 'o', 'o', 'o']
['#', '*', '#', 'o', 'o', 'o', 'o', 'o']
['#', '#', '#', 'o', 'o', 'o', 'o', 'o']
Lungime intermediara drum: 1
Cost actual: 0
Timp gasire: 0.0s
...........
===========
...........
===========

-----------
IDA Star 1 (euristica banala):
Nr calculate dupa aceasta solutie: 0
Nr de noduri aflate in memorie dupa generarea acestei sol: 0
1) Configuratie Initiala
['#', '#', '#', 'o', 'o', 'o', 'o', 'o']
['#', '*', '#', 'o', 'o', 'o', 'o', 'o']
['#', '#', '#', 'o', 'o', 'o', 'o', 'o']
Lungime intermediara drum: 1
Cost actual: 0
Timp gasire: 0.0s
...........
===========

-----------
IDA Star 1 (euristica urmatorul_pas):
Nr calculate dupa aceasta solutie: 0
Nr de noduri aflate in memorie dupa generarea acestei sol: 0
1) Configuratie Initiala
['#', '#', '#', 'o', 'o', 'o', 'o', 'o']
['#', '*', '#', 'o', 'o', 'o', 'o', 'o']
['#', '#', '#', 'o', 'o', 'o', 'o', 'o']
Lungime intermediara drum: 1
Cost actual: 0
Timp gasire: 0.0s
...........
===========

-----------
IDA Star 1 (euristica peste_2_pasi):
Nr calculate dupa aceasta solutie: 0
Nr de noduri aflate in memorie dupa generarea acestei sol: 0
1) Configuratie Initiala
['#', '#', '#', 'o', 'o', 'o', 'o', 'o']
['#', '*', '#', 'o', 'o', 'o', 'o', 'o']
['#', '#', '#', 'o', 'o', 'o', 'o', 'o']
Lungime intermediara drum: 1
Cost actual: 0
Timp gasire: 0.0s
...........
===========

-----------
IDA Star 1 (euristica distanta_manhattan_neadmisibila):
Nr calculate dupa aceasta solutie: 0
Nr de noduri aflate in memorie dupa generarea acestei sol: 0
1) Configuratie Initiala
['#', '#', '#', 'o', 'o', 'o', 'o', 'o']
['#', '*', '#', 'o', 'o', 'o', 'o', 'o']
['#', '#', '#', 'o', 'o', 'o', 'o', 'o']
Lungime intermediara drum: 1
Cost actual: 0
Timp gasire: 0.0s
...........
