===========
...........
UCS 1:
Nr de noduri aflate in memorie dupa generarea acestei sol: 14112
1) Configuratie Initiala
['*', '*', '*', '*', '#', 'o', 'o', 'o', '#']
['#', '#', '*', '#', '#', '#', '#', '#', 'o']
['o', '#', '#', 'o', 'o', '#', 'o', 'o', 'o']
['#', '#', 'o', 'o', '#', 'o', '#', 'o', '#']
['o', 'o', '#', '#', '#', 'o', '#', '#', 'o']
['o', '#', '#', '#', 'o', '#', '#', 'o', 'o']
Lungime intermediara drum: 1
Cost actual: 0
Timp gasire: 0.0s
...........
2) Eliminam obstacolul de pe linia 2, coloana 4
['*', '*', '*', '*', '#', 'o', 'o', 'o', '#']
['#', '#', '*', '*', '#', '#', '#', '#', 'o']
['o', '#', '#', '*', '*', '#', 'o', 'o', 'o']
['#', '#', '*', '*', '#', 'o', '#', 'o', '#']
['o', 'o', '#', '#', '#', 'o', '#', '#', 'o']
['o', '#', '#', '#', 'o', '#', '#', 'o', 'o']
Lungime intermediara drum: 2
Cost actual: 3
Timp gasire: 0.00052s
...........
3) Eliminam obstacolul de pe linia 4, coloana 5
['*', '*', '*', '*', '#', 'o', 'o', 'o', '#']
['#', '#', '*', '*', '#', '#', '#', '#', 'o']
['o', '#', '#', '*', '*', '#', 'o', 'o', 'o']
['#', '#', '*', '*', '*', '*', '#', 'o', '#']
['o', 'o', '#', '#', '#', '*', '#', '#', 'o']
['o', '#', '#', '#', 'o', '#', '#', 'o', 'o']
Lungime intermediara drum: 3
Cost actual: 6
Timp gasire: 0.00606s
...........
4) Eliminam obstacolul de pe linia 5, coloana 5
['*', '*', '*', '*', '#', 'o', 'o', 'o', '#']
['#', '#', '*', '*', '#', '#', '#', '#', 'o']
['o', '#', '#', '*', '*', '#', 'o', 'o', 'o']
['#', '#', '*', '*', '*', '*', '#', 'o', '#']
['o', 'o', '#', '#', '*', '*', '#', '#', 'o']
['o', '#', '#', '#', '*', '#', '#', 'o', 'o']
Lungime intermediara drum: 4
Cost actual: 9
Timp gasire: 0.11187s
...........
...........
UCS 2:
Nr de noduri aflate in memorie dupa generarea acestei sol: 14134
1) Configuratie Initiala
['*', '*', '*', '*', '#', 'o', 'o', 'o', '#']
['#', '#', '*', '#', '#', '#', '#', '#', 'o']
['o', '#', '#', 'o', 'o', '#', 'o', 'o', 'o']
['#', '#', 'o', 'o', '#', 'o', '#', 'o', '#']
['o', 'o', '#', '#', '#', 'o', '#', '#', 'o']
['o', '#', '#', '#', 'o', '#', '#', 'o', 'o']
Lungime intermediara drum: 1
Cost actual: 0
Timp gasire: 0.0s
...........
2) Eliminam obstacolul de pe linia 2, coloana 4
['*', '*', '*', '*', '#', 'o', 'o', 'o', '#']
['#', '#', '*', '*', '#', '#', '#', '#', 'o']
['o', '#', '#', '*', '*', '#', 'o', 'o', 'o']
['#', '#', '*', '*', '#', 'o', '#', 'o', '#']
['o', 'o', '#', '#', '#', 'o', '#', '#', 'o']
['o', '#', '#', '#', 'o', '#', '#', 'o', 'o']
Lungime intermediara drum: 2
Cost actual: 3
Timp gasire: 0.00052s
...........
3) Eliminam obstacolul de pe linia 4, coloana 5
['*', '*', '*', '*', '#', 'o', 'o', 'o', '#']
['#', '#', '*', '*', '#', '#', '#', '#', 'o']
['o', '#', '#', '*', '*', '#', 'o', 'o', 'o']
['#', '#', '*', '*', '*', '*', '#', 'o', '#']
['o', 'o', '#', '#', '#', '*', '#', '#', 'o']
['o', '#', '#', '#', 'o', '#', '#', 'o', 'o']
Lungime intermediara drum: 3
Cost actual: 6
Timp gasire: 0.00606s
...........
4) Eliminam obstacolul de pe linia 6, coloana 6
['*', '*', '*', '*', '#', 'o', 'o', 'o', '#']
['#', '#', '*', '*', '#', '#', '#', '#', 'o']
['o', '#', '#', '*', '*', '#', 'o', 'o', 'o']
['#', '#', '*', '*', '*', '*', '#', 'o', '#']
['o', 'o', '#', '#', '#', '*', '#', '#', 'o']
['o', '#', '#', '#', '*', '*', '#', 'o', 'o']
Lungime intermediara drum: 4
Cost actual: 9
Timp gasire: 0.11168s
...........
...........
UCS 3:
Nr de noduri aflate in memorie dupa generarea acestei sol: 18051
1) Configuratie Initiala
['*', '*', '*', '*', '#', 'o', 'o', 'o', '#']
['#', '#', '*', '#', '#', '#', '#', '#', 'o']
['o', '#', '#', 'o', 'o', '#', 'o', 'o', 'o']
['#', '#', 'o', 'o', '#', 'o', '#', 'o', '#']
['o', 'o', '#', '#', '#', 'o', '#', '#', 'o']
['o', '#', '#', '#', 'o', '#', '#', 'o', 'o']
Lungime intermediara drum: 1
Cost actual: 0
Timp gasire: 0.0s
...........
2) Eliminam obstacolul de pe linia 1, coloana 5
['*', '*', '*', '*', '*', '*', '*', '*', '#']
['#', '#', '*', '#', '#', '#', '#', '#', 'o']
['o', '#', '#', 'o', 'o', '#', 'o', 'o', 'o']
['#', '#', 'o', 'o', '#', 'o', '#', 'o', '#']
['o', 'o', '#', '#', '#', 'o', '#', '#', 'o']
['o', '#', '#', '#', 'o', '#', '#', 'o', 'o']
Lungime intermediara drum: 2
Cost actual: 3
Timp gasire: 0.00035s
...........
3) Eliminam obstacolul de pe linia 1, coloana 9
['*', '*', '*', '*', '*', '*', '*', '*', '*']
['#', '#', '*', '#', '#', '#', '#', '#', '*']
['o', '#', '#', 'o', 'o', '#', '*', '*', '*']
['#', '#', 'o', 'o', '#', 'o', '#', '*', '#']
['o', 'o', '#', '#', '#', 'o', '#', '#', 'o']
['o', '#', '#', '#', 'o', '#', '#', 'o', 'o']
Lungime intermediara drum: 3
Cost actual: 4
Timp gasire: 0.00289s
...........
4) Eliminam obstacolul de pe linia 4, coloana 9
['*', '*', '*', '*', '*', '*', '*', '*', '*']
['#', '#', '*', '#', '#', '#', '#', '#', '*']
['o', '#', '#', 'o', 'o', '#', '*', '*', '*']
['#', '#', 'o', 'o', '#', 'o', '#', '*', '*']
['o', 'o', '#', '#', '#', 'o', '#', '#', '*']
['o', '#', '#', '#', 'o', '#', '#', '*', '*']
Lungime intermediara drum: 4
Cost actual: 5
Timp gasire: 0.01644s
...........
5) Eliminam obstacolul de pe linia 6, coloana 7
['*', '*', '*', '*', '*', '*', '*', '*', '*']
['#', '#', '*', '#', '#', '#', '#', '#', '*']
['o', '#', '#', 'o', 'o', '#', '*', '*', '*']
['#', '#', 'o', 'o', '#', 'o', '#', '*', '*']
['o', 'o', '#', '#', '#', 'o', '#', '#', '*']
['o', '#', '#', '#', 'o', '#', '*', '*', '*']
Lungime intermediara drum: 5
Cost actual: 8
Timp gasire: 0.04698s
...........
6) Eliminam obstacolul de pe linia 6, coloana 6
['*', '*', '*', '*', '*', '*', '*', '*', '*']
['#', '#', '*', '#', '#', '#', '#', '#', '*']
['o', '#', '#', 'o', 'o', '#', '*', '*', '*']
['#', '#', 'o', 'o', '#', '*', '#', '*', '*']
['o', 'o', '#', '#', '#', '*', '#', '#', '*']
['o', '#', '#', '#', '*', '*', '*', '*', '*']
Lungime intermediara drum: 6
Cost actual: 10
Timp gasire: 0.51796s
...........
...........
UCS 4:
Nr de noduri aflate in memorie dupa generarea acestei sol: 33472
1) Configuratie Initiala
['*', '*', '*', '*', '#', 'o', 'o', 'o', '#']
['#', '#', '*', '#', '#', '#', '#', '#', 'o']
['o', '#', '#', 'o', 'o', '#', 'o', 'o', 'o']
['#', '#', 'o', 'o', '#', 'o', '#', 'o', '#']
['o', 'o', '#', '#', '#', 'o', '#', '#', 'o']
['o', '#', '#', '#', 'o', '#', '#', 'o', 'o']
Lungime intermediara drum: 1
Cost actual: 0
Timp gasire: 0.0s
...........
2) Eliminam obstacolul de pe linia 1, coloana 5
['*', '*', '*', '*', '*', '*', '*', '*', '#']
['#', '#', '*', '#', '#', '#', '#', '#', 'o']
['o', '#', '#', 'o', 'o', '#', 'o', 'o', 'o']
['#', '#', 'o', 'o', '#', 'o', '#', 'o', '#']
['o', 'o', '#', '#', '#', 'o', '#', '#', 'o']
['o', '#', '#', '#', 'o', '#', '#', 'o', 'o']
Lungime intermediara drum: 2
Cost actual: 3
Timp gasire: 0.00035s
...........
3) Eliminam obstacolul de pe linia 1, coloana 9
['*', '*', '*', '*', '*', '*', '*', '*', '*']
['#', '#', '*', '#', '#', '#', '#', '#', '*']
['o', '#', '#', 'o', 'o', '#', '*', '*', '*']
['#', '#', 'o', 'o', '#', 'o', '#', '*', '#']
['o', 'o', '#', '#', '#', 'o', '#', '#', 'o']
['o', '#', '#', '#', 'o', '#', '#', 'o', 'o']
Lungime intermediara drum: 3
Cost actual: 4
Timp gasire: 0.00289s
...........
4) Eliminam obstacolul de pe linia 4, coloana 7
['*', '*', '*', '*', '*', '*', '*', '*', '*']
['#', '#', '*', '#', '#', '#', '#', '#', '*']
['o', '#', '#', 'o', 'o', '#', '*', '*', '*']
['#', '#', 'o', 'o', '#', '*', '*', '*', '#']
['o', 'o', '#', '#', '#', '*', '#', '#', 'o']
['o', '#', '#', '#', 'o', '#', '#', 'o', 'o']
Lungime intermediara drum: 4
Cost actual: 7
Timp gasire: 0.01693s
...........
5) Eliminam obstacolul de pe linia 6, coloana 6
['*', '*', '*', '*', '*', '*', '*', '*', '*']
['#', '#', '*', '#', '#', '#', '#', '#', '*']
['o', '#', '#', 'o', 'o', '#', '*', '*', '*']
['#', '#', 'o', 'o', '#', '*', '*', '*', '#']
['o', 'o', '#', '#', '#', '*', '#', '#', 'o']
['o', '#', '#', '#', '*', '*', '#', 'o', 'o']
Lungime intermediara drum: 5
Cost actual: 10
Timp gasire: 0.23168s
...........
...........
UCS 5:
Nr de noduri aflate in memorie dupa generarea acestei sol: 36624
1) Configuratie Initiala
['*', '*', '*', '*', '#', 'o', 'o', 'o', '#']
['#', '#', '*', '#', '#', '#', '#', '#', 'o']
['o', '#', '#', 'o', 'o', '#', 'o', 'o', 'o']
['#', '#', 'o', 'o', '#', 'o', '#', 'o', '#']
['o', 'o', '#', '#', '#', 'o', '#', '#', 'o']
['o', '#', '#', '#', 'o', '#', '#', 'o', 'o']
Lungime intermediara drum: 1
Cost actual: 0
Timp gasire: 0.0s
...........
2) Eliminam obstacolul de pe linia 3, coloana 3
['*', '*', '*', '*', '#', 'o', 'o', 'o', '#']
['#', '#', '*', '#', '#', '#', '#', '#', 'o']
['o', '#', '*', '*', '*', '#', 'o', 'o', 'o']
['#', '#', '*', '*', '#', 'o', '#', 'o', '#']
['o', 'o', '#', '#', '#', 'o', '#', '#', 'o']
['o', '#', '#', '#', 'o', '#', '#', 'o', 'o']
Lungime intermediara drum: 2
Cost actual: 4
Timp gasire: 0.0009s
...........
3) Eliminam obstacolul de pe linia 4, coloana 5
['*', '*', '*', '*', '#', 'o', 'o', 'o', '#']
['#', '#', '*', '#', '#', '#', '#', '#', 'o']
['o', '#', '*', '*', '*', '#', 'o', 'o', 'o']
['#', '#', '*', '*', '*', '*', '#', 'o', '#']
['o', 'o', '#', '#', '#', '*', '#', '#', 'o']
['o', '#', '#', '#', 'o', '#', '#', 'o', 'o']
Lungime intermediara drum: 3
Cost actual: 7
Timp gasire: 0.01035s
...........
4) Eliminam obstacolul de pe linia 5, coloana 5
['*', '*', '*', '*', '#', 'o', 'o', 'o', '#']
['#', '#', '*', '#', '#', '#', '#', '#', 'o']
['o', '#', '*', '*', '*', '#', 'o', 'o', 'o']
['#', '#', '*', '*', '*', '*', '#', 'o', '#']
['o', 'o', '#', '#', '*', '*', '#', '#', 'o']
['o', '#', '#', '#', '*', '#', '#', 'o', 'o']
Lungime intermediara drum: 4
Cost actual: 10
Timp gasire: 0.34294s
...........
===========
===========
AStar 1 (euristica banala):
Nr de noduri aflate in memorie dupa generarea acestei sol: 36624
1) Configuratie Initiala
['*', '*', '*', '*', '#', 'o', 'o', 'o', '#']
['#', '#', '*', '#', '#', '#', '#', '#', 'o']
['o', '#', '#', 'o', 'o', '#', 'o', 'o', 'o']
['#', '#', 'o', 'o', '#', 'o', '#', 'o', '#']
['o', 'o', '#', '#', '#', 'o', '#', '#', 'o']
['o', '#', '#', '#', 'o', '#', '#', 'o', 'o']
Lungime intermediara drum: 1
Cost actual: 0
Timp gasire: 0.0s
...........
2) Eliminam obstacolul de pe linia 2, coloana 4
['*', '*', '*', '*', '#', 'o', 'o', 'o', '#']
['#', '#', '*', '*', '#', '#', '#', '#', 'o']
['o', '#', '#', '*', '*', '#', 'o', 'o', 'o']
['#', '#', '*', '*', '#', 'o', '#', 'o', '#']
['o', 'o', '#', '#', '#', 'o', '#', '#', 'o']
['o', '#', '#', '#', 'o', '#', '#', 'o', 'o']
Lungime intermediara drum: 2
Cost actual: 3
Timp gasire: 0.00052s
...........
3) Eliminam obstacolul de pe linia 4, coloana 5
['*', '*', '*', '*', '#', 'o', 'o', 'o', '#']
['#', '#', '*', '*', '#', '#', '#', '#', 'o']
['o', '#', '#', '*', '*', '#', 'o', 'o', 'o']
['#', '#', '*', '*', '*', '*', '#', 'o', '#']
['o', 'o', '#', '#', '#', '*', '#', '#', 'o']
['o', '#', '#', '#', 'o', '#', '#', 'o', 'o']
Lungime intermediara drum: 3
Cost actual: 6
Timp gasire: 0.00606s
...........
4) Eliminam obstacolul de pe linia 5, coloana 5
['*', '*', '*', '*', '#', 'o', 'o', 'o', '#']
['#', '#', '*', '*', '#', '#', '#', '#', 'o']
['o', '#', '#', '*', '*', '#', 'o', 'o', 'o']
['#', '#', '*', '*', '*', '*', '#', 'o', '#']
['o', 'o', '#', '#', '*', '*', '#', '#', 'o']
['o', '#', '#', '#', '*', '#', '#', 'o', 'o']
Lungime intermediara drum: 4
Cost actual: 9
Timp gasire: 0.11187s
...........
AStar 2 (euristica banala):
Nr de noduri aflate in memorie dupa generarea acestei sol: 36624
1) Configuratie Initiala
['*', '*', '*', '*', '#', 'o', 'o', 'o', '#']
['#', '#', '*', '#', '#', '#', '#', '#', 'o']
['o', '#', '#', 'o', 'o', '#', 'o', 'o', 'o']
['#', '#', 'o', 'o', '#', 'o', '#', 'o', '#']
['o', 'o', '#', '#', '#', 'o', '#', '#', 'o']
['o', '#', '#', '#', 'o', '#', '#', 'o', 'o']
Lungime intermediara drum: 1
Cost actual: 0
Timp gasire: 0.0s
...........
2) Eliminam obstacolul de pe linia 2, coloana 4
['*', '*', '*', '*', '#', 'o', 'o', 'o', '#']
['#', '#', '*', '*', '#', '#', '#', '#', 'o']
['o', '#', '#', '*', '*', '#', 'o', 'o', 'o']
['#', '#', '*', '*', '#', 'o', '#', 'o', '#']
['o', 'o', '#', '#', '#', 'o', '#', '#', 'o']
['o', '#', '#', '#', 'o', '#', '#', 'o', 'o']
Lungime intermediara drum: 2
Cost actual: 3
Timp gasire: 0.00052s
...........
3) Eliminam obstacolul de pe linia 4, coloana 5
['*', '*', '*', '*', '#', 'o', 'o', 'o', '#']
['#', '#', '*', '*', '#', '#', '#', '#', 'o']
['o', '#', '#', '*', '*', '#', 'o', 'o', 'o']
['#', '#', '*', '*', '*', '*', '#', 'o', '#']
['o', 'o', '#', '#', '#', '*', '#', '#', 'o']
['o', '#', '#', '#', 'o', '#', '#', 'o', 'o']
Lungime intermediara drum: 3
Cost actual: 6
Timp gasire: 0.00606s
...........
4) Eliminam obstacolul de pe linia 6, coloana 6
['*', '*', '*', '*', '#', 'o', 'o', 'o', '#']
['#', '#', '*', '*', '#', '#', '#', '#', 'o']
['o', '#', '#', '*', '*', '#', 'o', 'o', 'o']
['#', '#', '*', '*', '*', '*', '#', 'o', '#']
['o', 'o', '#', '#', '#', '*', '#', '#', 'o']
['o', '#', '#', '#', '*', '*', '#', 'o', 'o']
Lungime intermediara drum: 4
Cost actual: 9
Timp gasire: 0.11168s
...........
AStar 3 (euristica banala):
Nr de noduri aflate in memorie dupa generarea acestei sol: 36624
1) Configuratie Initiala
['*', '*', '*', '*', '#', 'o', 'o', 'o', '#']
['#', '#', '*', '#', '#', '#', '#', '#', 'o']
['o', '#', '#', 'o', 'o', '#', 'o', 'o', 'o']
['#', '#', 'o', 'o', '#', 'o', '#', 'o', '#']
['o', 'o', '#', '#', '#', 'o', '#', '#', 'o']
['o', '#', '#', '#', 'o', '#', '#', 'o', 'o']
Lungime intermediara drum: 1
Cost actual: 0
Timp gasire: 0.0s
...........
2) Eliminam obstacolul de pe linia 1, coloana 5
['*', '*', '*', '*', '*', '*', '*', '*', '#']
['#', '#', '*', '#', '#', '#', '#', '#', 'o']
['o', '#', '#', 'o', 'o', '#', 'o', 'o', 'o']
['#', '#', 'o', 'o', '#', 'o', '#', 'o', '#']
['o', 'o', '#', '#', '#', 'o', '#', '#', 'o']
['o', '#', '#', '#', 'o', '#', '#', 'o', 'o']
Lungime intermediara drum: 2
Cost actual: 3
Timp gasire: 0.00035s
...........
3) Eliminam obstacolul de pe linia 1, coloana 9
['*', '*', '*', '*', '*', '*', '*', '*', '*']
['#', '#', '*', '#', '#', '#', '#', '#', '*']
['o', '#', '#', 'o', 'o', '#', '*', '*', '*']
['#', '#', 'o', 'o', '#', 'o', '#', '*', '#']
['o', 'o', '#', '#', '#', 'o', '#', '#', 'o']
['o', '#', '#', '#', 'o', '#', '#', 'o', 'o']
Lungime intermediara drum: 3
Cost actual: 4
Timp gasire: 0.00289s
...........
4) Eliminam obstacolul de pe linia 4, coloana 9
['*', '*', '*', '*', '*', '*', '*', '*', '*']
['#', '#', '*', '#', '#', '#', '#', '#', '*']
['o', '#', '#', 'o', 'o', '#', '*', '*', '*']
['#', '#', 'o', 'o', '#', 'o', '#', '*', '*']
['o', 'o', '#', '#', '#', 'o', '#', '#', '*']
['o', '#', '#', '#', 'o', '#', '#', '*', '*']
Lungime intermediara drum: 4
Cost actual: 5
Timp gasire: 0.01644s
...........
5) Eliminam obstacolul de pe linia 6, coloana 7
['*', '*', '*', '*', '*', '*', '*', '*', '*']
['#', '#', '*', '#', '#', '#', '#', '#', '*']
['o', '#', '#', 'o', 'o', '#', '*', '*', '*']
['#', '#', 'o', 'o', '#', 'o', '#', '*', '*']
['o', 'o', '#', '#', '#', 'o', '#', '#', '*']
['o', '#', '#', '#', 'o', '#', '*', '*', '*']
Lungime intermediara drum: 5
Cost actual: 8
Timp gasire: 0.04698s
...........
6) Eliminam obstacolul de pe linia 6, coloana 6
['*', '*', '*', '*', '*', '*', '*', '*', '*']
['#', '#', '*', '#', '#', '#', '#', '#', '*']
['o', '#', '#', 'o', 'o', '#', '*', '*', '*']
['#', '#', 'o', 'o', '#', '*', '#', '*', '*']
['o', 'o', '#', '#', '#', '*', '#', '#', '*']
['o', '#', '#', '#', '*', '*', '*', '*', '*']
Lungime intermediara drum: 6
Cost actual: 10
Timp gasire: 0.51796s
...........
AStar 4 (euristica banala):
Nr de noduri aflate in memorie dupa generarea acestei sol: 36624
1) Configuratie Initiala
['*', '*', '*', '*', '#', 'o', 'o', 'o', '#']
['#', '#', '*', '#', '#', '#', '#', '#', 'o']
['o', '#', '#', 'o', 'o', '#', 'o', 'o', 'o']
['#', '#', 'o', 'o', '#', 'o', '#', 'o', '#']
['o', 'o', '#', '#', '#', 'o', '#', '#', 'o']
['o', '#', '#', '#', 'o', '#', '#', 'o', 'o']
Lungime intermediara drum: 1
Cost actual: 0
Timp gasire: 0.0s
...........
2) Eliminam obstacolul de pe linia 1, coloana 5
['*', '*', '*', '*', '*', '*', '*', '*', '#']
['#', '#', '*', '#', '#', '#', '#', '#', 'o']
['o', '#', '#', 'o', 'o', '#', 'o', 'o', 'o']
['#', '#', 'o', 'o', '#', 'o', '#', 'o', '#']
['o', 'o', '#', '#', '#', 'o', '#', '#', 'o']
['o', '#', '#', '#', 'o', '#', '#', 'o', 'o']
Lungime intermediara drum: 2
Cost actual: 3
Timp gasire: 0.00035s
...........
3) Eliminam obstacolul de pe linia 1, coloana 9
['*', '*', '*', '*', '*', '*', '*', '*', '*']
['#', '#', '*', '#', '#', '#', '#', '#', '*']
['o', '#', '#', 'o', 'o', '#', '*', '*', '*']
['#', '#', 'o', 'o', '#', 'o', '#', '*', '#']
['o', 'o', '#', '#', '#', 'o', '#', '#', 'o']
['o', '#', '#', '#', 'o', '#', '#', 'o', 'o']
Lungime intermediara drum: 3
Cost actual: 4
Timp gasire: 0.00289s
...........
4) Eliminam obstacolul de pe linia 4, coloana 7
['*', '*', '*', '*', '*', '*', '*', '*', '*']
['#', '#', '*', '#', '#', '#', '#', '#', '*']
['o', '#', '#', 'o', 'o', '#', '*', '*', '*']
['#', '#', 'o', 'o', '#', '*', '*', '*', '#']
['o', 'o', '#', '#', '#', '*', '#', '#', 'o']
['o', '#', '#', '#', 'o', '#', '#', 'o', 'o']
Lungime intermediara drum: 4
Cost actual: 7
Timp gasire: 0.01693s
...........
5) Eliminam obstacolul de pe linia 6, coloana 6
['*', '*', '*', '*', '*', '*', '*', '*', '*']
['#', '#', '*', '#', '#', '#', '#', '#', '*']
['o', '#', '#', 'o', 'o', '#', '*', '*', '*']
['#', '#', 'o', 'o', '#', '*', '*', '*', '#']
['o', 'o', '#', '#', '#', '*', '#', '#', 'o']
['o', '#', '#', '#', '*', '*', '#', 'o', 'o']
Lungime intermediara drum: 5
Cost actual: 10
Timp gasire: 0.23168s
...........
AStar 5 (euristica banala):
Nr de noduri aflate in memorie dupa generarea acestei sol: 36624
1) Configuratie Initiala
['*', '*', '*', '*', '#', 'o', 'o', 'o', '#']
['#', '#', '*', '#', '#', '#', '#', '#', 'o']
['o', '#', '#', 'o', 'o', '#', 'o', 'o', 'o']
['#', '#', 'o', 'o', '#', 'o', '#', 'o', '#']
['o', 'o', '#', '#', '#', 'o', '#', '#', 'o']
['o', '#', '#', '#', 'o', '#', '#', 'o', 'o']
Lungime intermediara drum: 1
Cost actual: 0
Timp gasire: 0.0s
...........
2) Eliminam obstacolul de pe linia 3, coloana 3
['*', '*', '*', '*', '#', 'o', 'o', 'o', '#']
['#', '#', '*', '#', '#', '#', '#', '#', 'o']
['o', '#', '*', '*', '*', '#', 'o', 'o', 'o']
['#', '#', '*', '*', '#', 'o', '#', 'o', '#']
['o', 'o', '#', '#', '#', 'o', '#', '#', 'o']
['o', '#', '#', '#', 'o', '#', '#', 'o', 'o']
Lungime intermediara drum: 2
Cost actual: 4
Timp gasire: 0.0009s
...........
3) Eliminam obstacolul de pe linia 4, coloana 5
['*', '*', '*', '*', '#', 'o', 'o', 'o', '#']
['#', '#', '*', '#', '#', '#', '#', '#', 'o']
['o', '#', '*', '*', '*', '#', 'o', 'o', 'o']
['#', '#', '*', '*', '*', '*', '#', 'o', '#']
['o', 'o', '#', '#', '#', '*', '#', '#', 'o']
['o', '#', '#', '#', 'o', '#', '#', 'o', 'o']
Lungime intermediara drum: 3
Cost actual: 7
Timp gasire: 0.01035s
...........
4) Eliminam obstacolul de pe linia 5, coloana 5
['*', '*', '*', '*', '#', 'o', 'o', 'o', '#']
['#', '#', '*', '#', '#', '#', '#', '#', 'o']
['o', '#', '*', '*', '*', '#', 'o', 'o', 'o']
['#', '#', '*', '*', '*', '*', '#', 'o', '#']
['o', 'o', '#', '#', '*', '*', '#', '#', 'o']
['o', '#', '#', '#', '*', '#', '#', 'o', 'o']
Lungime intermediara drum: 4
Cost actual: 10
Timp gasire: 0.34294s
...........
===========
...........
===========
AStar 1 (euristica urmatorul_pas):
Nr de noduri aflate in memorie dupa generarea acestei sol: 82745
1) Configuratie Initiala
['*', '*', '*', '*', '#', 'o', 'o', 'o', '#']
['#', '#', '*', '#', '#', '#', '#', '#', 'o']
['o', '#', '#', 'o', 'o', '#', 'o', 'o', 'o']
['#', '#', 'o', 'o', '#', 'o', '#', 'o', '#']
['o', 'o', '#', '#', '#', 'o', '#', '#', 'o']
['o', '#', '#', '#', 'o', '#', '#', 'o', 'o']
Lungime intermediara drum: 1
Cost actual: 0
Timp gasire: 0.0s
...........
2) Eliminam obstacolul de pe linia 2, coloana 4
['*', '*', '*', '*', '#', 'o', 'o', 'o', '#']
['#', '#', '*', '*', '#', '#', '#', '#', 'o']
['o', '#', '#', '*', '*', '#', 'o', 'o', 'o']
['#', '#', '*', '*', '#', 'o', '#', 'o', '#']
['o', 'o', '#', '#', '#', 'o', '#', '#', 'o']
['o', '#', '#', '#', 'o', '#', '#', 'o', 'o']
Lungime intermediara drum: 2
Cost actual: 3
Timp gasire: 0.00052s
...........
3) Eliminam obstacolul de pe linia 4, coloana 5
['*', '*', '*', '*', '#', 'o', 'o', 'o', '#']
['#', '#', '*', '*', '#', '#', '#', '#', 'o']
['o', '#', '#', '*', '*', '#', 'o', 'o', 'o']
['#', '#', '*', '*', '*', '*', '#', 'o', '#']
['o', 'o', '#', '#', '#', '*', '#', '#', 'o']
['o', '#', '#', '#', 'o', '#', '#', 'o', 'o']
Lungime intermediara drum: 3
Cost actual: 6
Timp gasire: 0.00606s
...........
4) Eliminam obstacolul de pe linia 5, coloana 5
['*', '*', '*', '*', '#', 'o', 'o', 'o', '#']
['#', '#', '*', '*', '#', '#', '#', '#', 'o']
['o', '#', '#', '*', '*', '#', 'o', 'o', 'o']
['#', '#', '*', '*', '*', '*', '#', 'o', '#']
['o', 'o', '#', '#', '*', '*', '#', '#', 'o']
['o', '#', '#', '#', '*', '#', '#', 'o', 'o']
Lungime intermediara drum: 4
Cost actual: 9
Timp gasire: 0.11187s
...........
AStar 2 (euristica urmatorul_pas):
Nr de noduri aflate in memorie dupa generarea acestei sol: 82745
1) Configuratie Initiala
['*', '*', '*', '*', '#', 'o', 'o', 'o', '#']
['#', '#', '*', '#', '#', '#', '#', '#', 'o']
['o', '#', '#', 'o', 'o', '#', 'o', 'o', 'o']
['#', '#', 'o', 'o', '#', 'o', '#', 'o', '#']
['o', 'o', '#', '#', '#', 'o', '#', '#', 'o']
['o', '#', '#', '#', 'o', '#', '#', 'o', 'o']
Lungime intermediara drum: 1
Cost actual: 0
Timp gasire: 0.0s
...........
2) Eliminam obstacolul de pe linia 2, coloana 4
['*', '*', '*', '*', '#', 'o', 'o', 'o', '#']
['#', '#', '*', '*', '#', '#', '#', '#', 'o']
['o', '#', '#', '*', '*', '#', 'o', 'o', 'o']
['#', '#', '*', '*', '#', 'o', '#', 'o', '#']
['o', 'o', '#', '#', '#', 'o', '#', '#', 'o']
['o', '#', '#', '#', 'o', '#', '#', 'o', 'o']
Lungime intermediara drum: 2
Cost actual: 3
Timp gasire: 0.00052s
...........
3) Eliminam obstacolul de pe linia 4, coloana 5
['*', '*', '*', '*', '#', 'o', 'o', 'o', '#']
['#', '#', '*', '*', '#', '#', '#', '#', 'o']
['o', '#', '#', '*', '*', '#', 'o', 'o', 'o']
['#', '#', '*', '*', '*', '*', '#', 'o', '#']
['o', 'o', '#', '#', '#', '*', '#', '#', 'o']
['o', '#', '#', '#', 'o', '#', '#', 'o', 'o']
Lungime intermediara drum: 3
Cost actual: 6
Timp gasire: 0.00606s
...........
4) Eliminam obstacolul de pe linia 6, coloana 6
['*', '*', '*', '*', '#', 'o', 'o', 'o', '#']
['#', '#', '*', '*', '#', '#', '#', '#', 'o']
['o', '#', '#', '*', '*', '#', 'o', 'o', 'o']
['#', '#', '*', '*', '*', '*', '#', 'o', '#']
['o', 'o', '#', '#', '#', '*', '#', '#', 'o']
['o', '#', '#', '#', '*', '*', '#', 'o', 'o']
Lungime intermediara drum: 4
Cost actual: 9
Timp gasire: 0.11168s
...........
Timeout...
===========
...........
===========
Timeout...
===========
...........
===========
AStar 1 (euristica distanta_manhattan_neadmisibila):
Nr de noduri aflate in memorie dupa generarea acestei sol: 208262
1) Configuratie Initiala
['*', '*', '*', '*', '#', 'o', 'o', 'o', '#']
['#', '#', '*', '#', '#', '#', '#', '#', 'o']
['o', '#', '#', 'o', 'o', '#', 'o', 'o', 'o']
['#', '#', 'o', 'o', '#', 'o', '#', 'o', '#']
['o', 'o', '#', '#', '#', 'o', '#', '#', 'o']
['o', '#', '#', '#', 'o', '#', '#', 'o', 'o']
Lungime intermediara drum: 1
Cost actual: 0
Timp gasire: 0.0s
...........
2) Eliminam obstacolul de pe linia 2, coloana 4
['*', '*', '*', '*', '#', 'o', 'o', 'o', '#']
['#', '#', '*', '*', '#', '#', '#', '#', 'o']
['o', '#', '#', '*', '*', '#', 'o', 'o', 'o']
['#', '#', '*', '*', '#', 'o', '#', 'o', '#']
['o', 'o', '#', '#', '#', 'o', '#', '#', 'o']
['o', '#', '#', '#', 'o', '#', '#', 'o', 'o']
Lungime intermediara drum: 2
Cost actual: 3
Timp gasire: 0.00052s
...........
3) Eliminam obstacolul de pe linia 4, coloana 5
['*', '*', '*', '*', '#', 'o', 'o', 'o', '#']
['#', '#', '*', '*', '#', '#', '#', '#', 'o']
['o', '#', '#', '*', '*', '#', 'o', 'o', 'o']
['#', '#', '*', '*', '*', '*', '#', 'o', '#']
['o', 'o', '#', '#', '#', '*', '#', '#', 'o']
['o', '#', '#', '#', 'o', '#', '#', 'o', 'o']
Lungime intermediara drum: 3
Cost actual: 6
Timp gasire: 0.00606s
...........
4) Eliminam obstacolul de pe linia 5, coloana 5
['*', '*', '*', '*', '#', 'o', 'o', 'o', '#']
['#', '#', '*', '*', '#', '#', '#', '#', 'o']
['o', '#', '#', '*', '*', '#', 'o', 'o', 'o']
['#', '#', '*', '*', '*', '*', '#', 'o', '#']
['o', 'o', '#', '#', '*', '*', '#', '#', 'o']
['o', '#', '#', '#', '*', '#', '#', 'o', 'o']
Lungime intermediara drum: 4
Cost actual: 9
Timp gasire: 0.11187s
...........
AStar 2 (euristica distanta_manhattan_neadmisibila):
Nr de noduri aflate in memorie dupa generarea acestei sol: 208262
1) Configuratie Initiala
['*', '*', '*', '*', '#', 'o', 'o', 'o', '#']
['#', '#', '*', '#', '#', '#', '#', '#', 'o']
['o', '#', '#', 'o', 'o', '#', 'o', 'o', 'o']
['#', '#', 'o', 'o', '#', 'o', '#', 'o', '#']
['o', 'o', '#', '#', '#', 'o', '#', '#', 'o']
['o', '#', '#', '#', 'o', '#', '#', 'o', 'o']
Lungime intermediara drum: 1
Cost actual: 0
Timp gasire: 0.0s
...........
2) Eliminam obstacolul de pe linia 2, coloana 4
['*', '*', '*', '*', '#', 'o', 'o', 'o', '#']
['#', '#', '*', '*', '#', '#', '#', '#', 'o']
['o', '#', '#', '*', '*', '#', 'o', 'o', 'o']
['#', '#', '*', '*', '#', 'o', '#', 'o', '#']
['o', 'o', '#', '#', '#', 'o', '#', '#', 'o']
['o', '#', '#', '#', 'o', '#', '#', 'o', 'o']
Lungime intermediara drum: 2
Cost actual: 3
Timp gasire: 0.00052s
...........
3) Eliminam obstacolul de pe linia 4, coloana 5
['*', '*', '*', '*', '#', 'o', 'o', 'o', '#']
['#', '#', '*', '*', '#', '#', '#', '#', 'o']
['o', '#', '#', '*', '*', '#', 'o', 'o', 'o']
['#', '#', '*', '*', '*', '*', '#', 'o', '#']
['o', 'o', '#', '#', '#', '*', '#', '#', 'o']
['o', '#', '#', '#', 'o', '#', '#', 'o', 'o']
Lungime intermediara drum: 3
Cost actual: 6
Timp gasire: 0.00606s
...........
4) Eliminam obstacolul de pe linia 6, coloana 6
['*', '*', '*', '*', '#', 'o', 'o', 'o', '#']
['#', '#', '*', '*', '#', '#', '#', '#', 'o']
['o', '#', '#', '*', '*', '#', 'o', 'o', 'o']
['#', '#', '*', '*', '*', '*', '#', 'o', '#']
['o', 'o', '#', '#', '#', '*', '#', '#', 'o']
['o', '#', '#', '#', '*', '*', '#', 'o', 'o']
Lungime intermediara drum: 4
Cost actual: 9
Timp gasire: 0.11168s
...........
AStar 3 (euristica distanta_manhattan_neadmisibila):
Nr de noduri aflate in memorie dupa generarea acestei sol: 208262
1) Configuratie Initiala
['*', '*', '*', '*', '#', 'o', 'o', 'o', '#']
['#', '#', '*', '#', '#', '#', '#', '#', 'o']
['o', '#', '#', 'o', 'o', '#', 'o', 'o', 'o']
['#', '#', 'o', 'o', '#', 'o', '#', 'o', '#']
['o', 'o', '#', '#', '#', 'o', '#', '#', 'o']
['o', '#', '#', '#', 'o', '#', '#', 'o', 'o']
Lungime intermediara drum: 1
Cost actual: 0
Timp gasire: 0.0s
...........
2) Eliminam obstacolul de pe linia 3, coloana 3
['*', '*', '*', '*', '#', 'o', 'o', 'o', '#']
['#', '#', '*', '#', '#', '#', '#', '#', 'o']
['o', '#', '*', '*', '*', '#', 'o', 'o', 'o']
['#', '#', '*', '*', '#', 'o', '#', 'o', '#']
['o', 'o', '#', '#', '#', 'o', '#', '#', 'o']
['o', '#', '#', '#', 'o', '#', '#', 'o', 'o']
Lungime intermediara drum: 2
Cost actual: 4
Timp gasire: 0.0009s
...........
3) Eliminam obstacolul de pe linia 4, coloana 5
['*', '*', '*', '*', '#', 'o', 'o', 'o', '#']
['#', '#', '*', '#', '#', '#', '#', '#', 'o']
['o', '#', '*', '*', '*', '#', 'o', 'o', 'o']
['#', '#', '*', '*', '*', '*', '#', 'o', '#']
['o', 'o', '#', '#', '#', '*', '#', '#', 'o']
['o', '#', '#', '#', 'o', '#', '#', 'o', 'o']
Lungime intermediara drum: 3
Cost actual: 7
Timp gasire: 0.01035s
...........
4) Eliminam obstacolul de pe linia 6, coloana 6
['*', '*', '*', '*', '#', 'o', 'o', 'o', '#']
['#', '#', '*', '#', '#', '#', '#', '#', 'o']
['o', '#', '*', '*', '*', '#', 'o', 'o', 'o']
['#', '#', '*', '*', '*', '*', '#', 'o', '#']
['o', 'o', '#', '#', '#', '*', '#', '#', 'o']
['o', '#', '#', '#', '*', '*', '#', 'o', 'o']
Lungime intermediara drum: 4
Cost actual: 10
Timp gasire: 0.34283s
...........
AStar 4 (euristica distanta_manhattan_neadmisibila):
Nr de noduri aflate in memorie dupa generarea acestei sol: 208262
1) Configuratie Initiala
['*', '*', '*', '*', '#', 'o', 'o', 'o', '#']
['#', '#', '*', '#', '#', '#', '#', '#', 'o']
['o', '#', '#', 'o', 'o', '#', 'o', 'o', 'o']
['#', '#', 'o', 'o', '#', 'o', '#', 'o', '#']
['o', 'o', '#', '#', '#', 'o', '#', '#', 'o']
['o', '#', '#', '#', 'o', '#', '#', 'o', 'o']
Lungime intermediara drum: 1
Cost actual: 0
Timp gasire: 0.0s
...........
2) Eliminam obstacolul de pe linia 3, coloana 3
['*', '*', '*', '*', '#', 'o', 'o', 'o', '#']
['#', '#', '*', '#', '#', '#', '#', '#', 'o']
['o', '#', '*', '*', '*', '#', 'o', 'o', 'o']
['#', '#', '*', '*', '#', 'o', '#', 'o', '#']
['o', 'o', '#', '#', '#', 'o', '#', '#', 'o']
['o', '#', '#', '#', 'o', '#', '#', 'o', 'o']
Lungime intermediara drum: 2
Cost actual: 4
Timp gasire: 0.0009s
...........
3) Eliminam obstacolul de pe linia 4, coloana 5
['*', '*', '*', '*', '#', 'o', 'o', 'o', '#']
['#', '#', '*', '#', '#', '#', '#', '#', 'o']
['o', '#', '*', '*', '*', '#', 'o', 'o', 'o']
['#', '#', '*', '*', '*', '*', '#', 'o', '#']
['o', 'o', '#', '#', '#', '*', '#', '#', 'o']
['o', '#', '#', '#', 'o', '#', '#', 'o', 'o']
Lungime intermediara drum: 3
Cost actual: 7
Timp gasire: 0.01035s
...........
4) Eliminam obstacolul de pe linia 5, coloana 5
['*', '*', '*', '*', '#', 'o', 'o', 'o', '#']
['#', '#', '*', '#', '#', '#', '#', '#', 'o']
['o', '#', '*', '*', '*', '#', 'o', 'o', 'o']
['#', '#', '*', '*', '*', '*', '#', 'o', '#']
['o', 'o', '#', '#', '*', '*', '#', '#', 'o']
['o', '#', '#', '#', '*', '#', '#', 'o', 'o']
Lungime intermediara drum: 4
Cost actual: 10
Timp gasire: 0.34294s
...........
AStar 5 (euristica distanta_manhattan_neadmisibila):
Nr de noduri aflate in memorie dupa generarea acestei sol: 208262
1) Configuratie Initiala
['*', '*', '*', '*', '#', 'o', 'o', 'o', '#']
['#', '#', '*', '#', '#', '#', '#', '#', 'o']
['o', '#', '#', 'o', 'o', '#', 'o', 'o', 'o']
['#', '#', 'o', 'o', '#', 'o', '#', 'o', '#']
['o', 'o', '#', '#', '#', 'o', '#', '#', 'o']
['o', '#', '#', '#', 'o', '#', '#', 'o', 'o']
Lungime intermediara drum: 1
Cost actual: 0
Timp gasire: 0.0s
...........
2) Eliminam obstacolul de pe linia 1, coloana 5
['*', '*', '*', '*', '*', '*', '*', '*', '#']
['#', '#', '*', '#', '#', '#', '#', '#', 'o']
['o', '#', '#', 'o', 'o', '#', 'o', 'o', 'o']
['#', '#', 'o', 'o', '#', 'o', '#', 'o', '#']
['o', 'o', '#', '#', '#', 'o', '#', '#', 'o']
['o', '#', '#', '#', 'o', '#', '#', 'o', 'o']
Lungime intermediara drum: 2
Cost actual: 3
Timp gasire: 0.00035s
...........
3) Eliminam obstacolul de pe linia 2, coloana 4
['*', '*', '*', '*', '*', '*', '*', '*', '#']
['#', '#', '*', '*', '#', '#', '#', '#', 'o']
['o', '#', '#', '*', '*', '#', 'o', 'o', 'o']
['#', '#', '*', '*', '#', 'o', '#', 'o', '#']
['o', 'o', '#', '#', '#', 'o', '#', '#', 'o']
['o', '#', '#', '#', 'o', '#', '#', 'o', 'o']
Lungime intermediara drum: 3
Cost actual: 5
Timp gasire: 0.00354s
...........
4) Eliminam obstacolul de pe linia 4, coloana 5
['*', '*', '*', '*', '*', '*', '*', '*', '#']
['#', '#', '*', '*', '#', '#', '#', '#', 'o']
['o', '#', '#', '*', '*', '#', 'o', 'o', 'o']
['#', '#', '*', '*', '*', '*', '#', 'o', '#']
['o', 'o', '#', '#', '#', '*', '#', '#', 'o']
['o', '#', '#', '#', 'o', '#', '#', 'o', 'o']
Lungime intermediara drum: 4
Cost actual: 8
Timp gasire: 0.02831s
...........
5) Eliminam obstacolul de pe linia 6, coloana 6
['*', '*', '*', '*', '*', '*', '*', '*', '#']
['#', '#', '*', '*', '#', '#', '#', '#', 'o']
['o', '#', '#', '*', '*', '#', 'o', 'o', 'o']
['#', '#', '*', '*', '*', '*', '#', 'o', '#']
['o', 'o', '#', '#', '#', '*', '#', '#', 'o']
['o', '#', '#', '#', '*', '*', '#', 'o', 'o']
Lungime intermediara drum: 5
Cost actual: 11
Timp gasire: 0.91712s
...........
===========
...........
===========
AStar Optim (euristica banala):
Nr de noduri aflate in memorie dupa generarea acestei sol: 208262
1) Configuratie Initiala
['*', '*', '*', '*', '#', 'o', 'o', 'o', '#']
['#', '#', '*', '#', '#', '#', '#', '#', 'o']
['o', '#', '#', 'o', 'o', '#', 'o', 'o', 'o']
['#', '#', 'o', 'o', '#', 'o', '#', 'o', '#']
['o', 'o', '#', '#', '#', 'o', '#', '#', 'o']
['o', '#', '#', '#', 'o', '#', '#', 'o', 'o']
Lungime intermediara drum: 1
Cost actual: 0
Timp gasire: 0.0s
...........
2) Eliminam obstacolul de pe linia 2, coloana 4
['*', '*', '*', '*', '#', 'o', 'o', 'o', '#']
['#', '#', '*', '*', '#', '#', '#', '#', 'o']
['o', '#', '#', '*', '*', '#', 'o', 'o', 'o']
['#', '#', '*', '*', '#', 'o', '#', 'o', '#']
['o', 'o', '#', '#', '#', 'o', '#', '#', 'o']
['o', '#', '#', '#', 'o', '#', '#', 'o', 'o']
Lungime intermediara drum: 2
Cost actual: 3
Timp gasire: 0.00052s
...........
3) Eliminam obstacolul de pe linia 4, coloana 5
['*', '*', '*', '*', '#', 'o', 'o', 'o', '#']
['#', '#', '*', '*', '#', '#', '#', '#', 'o']
['o', '#', '#', '*', '*', '#', 'o', 'o', 'o']
['#', '#', '*', '*', '*', '*', '#', 'o', '#']
['o', 'o', '#', '#', '#', '*', '#', '#', 'o']
['o', '#', '#', '#', 'o', '#', '#', 'o', 'o']
Lungime intermediara drum: 3
Cost actual: 6
Timp gasire: 0.00606s
...........
4) Eliminam obstacolul de pe linia 5, coloana 5
['*', '*', '*', '*', '#', 'o', 'o', 'o', '#']
['#', '#', '*', '*', '#', '#', '#', '#', 'o']
['o', '#', '#', '*', '*', '#', 'o', 'o', 'o']
['#', '#', '*', '*', '*', '*', '#', 'o', '#']
['o', 'o', '#', '#', '*', '*', '#', '#', 'o']
['o', '#', '#', '#', '*', '#', '#', 'o', 'o']
Lungime intermediara drum: 4
Cost actual: 9
Timp gasire: 0.11187s
...........
===========
...........
===========
AStar Optim (euristica urmatorul_pas):
Nr de noduri aflate in memorie dupa generarea acestei sol: 208262
1) Configuratie Initiala
['*', '*', '*', '*', '#', 'o', 'o', 'o', '#']
['#', '#', '*', '#', '#', '#', '#', '#', 'o']
['o', '#', '#', 'o', 'o', '#', 'o', 'o', 'o']
['#', '#', 'o', 'o', '#', 'o', '#', 'o', '#']
['o', 'o', '#', '#', '#', 'o', '#', '#', 'o']
['o', '#', '#', '#', 'o', '#', '#', 'o', 'o']
Lungime intermediara drum: 1
Cost actual: 0
Timp gasire: 0.0s
...........
2) Eliminam obstacolul de pe linia 2, coloana 4
['*', '*', '*', '*', '#', 'o', 'o', 'o', '#']
['#', '#', '*', '*', '#', '#', '#', '#', 'o']
['o', '#', '#', '*', '*', '#', 'o', 'o', 'o']
['#', '#', '*', '*', '#', 'o', '#', 'o', '#']
['o', 'o', '#', '#', '#', 'o', '#', '#', 'o']
['o', '#', '#', '#', 'o', '#', '#', 'o', 'o']
Lungime intermediara drum: 2
Cost actual: 3
Timp gasire: 0.00052s
...........
3) Eliminam obstacolul de pe linia 4, coloana 5
['*', '*', '*', '*', '#', 'o', 'o', 'o', '#']
['#', '#', '*', '*', '#', '#', '#', '#', 'o']
['o', '#', '#', '*', '*', '#', 'o', 'o', 'o']
['#', '#', '*', '*', '*', '*', '#', 'o', '#']
['o', 'o', '#', '#', '#', '*', '#', '#', 'o']
['o', '#', '#', '#', 'o', '#', '#', 'o', 'o']
Lungime intermediara drum: 3
Cost actual: 6
Timp gasire: 0.00606s
...........
4) Eliminam obstacolul de pe linia 6, coloana 6
['*', '*', '*', '*', '#', 'o', 'o', 'o', '#']
['#', '#', '*', '*', '#', '#', '#', '#', 'o']
['o', '#', '#', '*', '*', '#', 'o', 'o', 'o']
['#', '#', '*', '*', '*', '*', '#', 'o', '#']
['o', 'o', '#', '#', '#', '*', '#', '#', 'o']
['o', '#', '#', '#', '*', '*', '#', 'o', 'o']
Lungime intermediara drum: 4
Cost actual: 9
Timp gasire: 0.11168s
...........
===========
...........
===========
AStar Optim (euristica peste_2_pasi):
Nr de noduri aflate in memorie dupa generarea acestei sol: 225885
1) Configuratie Initiala
['*', '*', '*', '*', '#', 'o', 'o', 'o', '#']
['#', '#', '*', '#', '#', '#', '#', '#', 'o']
['o', '#', '#', 'o', 'o', '#', 'o', 'o', 'o']
['#', '#', 'o', 'o', '#', 'o', '#', 'o', '#']
['o', 'o', '#', '#', '#', 'o', '#', '#', 'o']
['o', '#', '#', '#', 'o', '#', '#', 'o', 'o']
Lungime intermediara drum: 1
Cost actual: 0
Timp gasire: 0.0s
...........
2) Eliminam obstacolul de pe linia 2, coloana 4
['*', '*', '*', '*', '#', 'o', 'o', 'o', '#']
['#', '#', '*', '*', '#', '#', '#', '#', 'o']
['o', '#', '#', '*', '*', '#', 'o', 'o', 'o']
['#', '#', '*', '*', '#', 'o', '#', 'o', '#']
['o', 'o', '#', '#', '#', 'o', '#', '#', 'o']
['o', '#', '#', '#', 'o', '#', '#', 'o', 'o']
Lungime intermediara drum: 2
Cost actual: 3
Timp gasire: 0.00052s
...........
3) Eliminam obstacolul de pe linia 4, coloana 5
['*', '*', '*', '*', '#', 'o', 'o', 'o', '#']
['#', '#', '*', '*', '#', '#', '#', '#', 'o']
['o', '#', '#', '*', '*', '#', 'o', 'o', 'o']
['#', '#', '*', '*', '*', '*', '#', 'o', '#']
['o', 'o', '#', '#', '#', '*', '#', '#', 'o']
['o', '#', '#', '#', 'o', '#', '#', 'o', 'o']
Lungime intermediara drum: 3
Cost actual: 6
Timp gasire: 0.00606s
...........
4) Eliminam obstacolul de pe linia 5, coloana 5
['*', '*', '*', '*', '#', 'o', 'o', 'o', '#']
['#', '#', '*', '*', '#', '#', '#', '#', 'o']
['o', '#', '#', '*', '*', '#', 'o', 'o', 'o']
['#', '#', '*', '*', '*', '*', '#', 'o', '#']
['o', 'o', '#', '#', '*', '*', '#', '#', 'o']
['o', '#', '#', '#', '*', '#', '#', 'o', 'o']
Lungime intermediara drum: 4
Cost actual: 9
Timp gasire: 0.11187s
...........
===========
...........
===========
AStar Optim (euristica distanta_manhattan_neadmisibila):
Nr de noduri aflate in memorie dupa generarea acestei sol: 225885
1) Configuratie Initiala
['*', '*', '*', '*', '#', 'o', 'o', 'o', '#']
['#', '#', '*', '#', '#', '#', '#', '#', 'o']
['o', '#', '#', 'o', 'o', '#', 'o', 'o', 'o']
['#', '#', 'o', 'o', '#', 'o', '#', 'o', '#']
['o', 'o', '#', '#', '#', 'o', '#', '#', 'o']
['o', '#', '#', '#', 'o', '#', '#', 'o', 'o']
Lungime intermediara drum: 1
Cost actual: 0
Timp gasire: 0.0s
...........
2) Eliminam obstacolul de pe linia 2, coloana 4
['*', '*', '*', '*', '#', 'o', 'o', 'o', '#']
['#', '#', '*', '*', '#', '#', '#', '#', 'o']
['o', '#', '#', '*', '*', '#', 'o', 'o', 'o']
['#', '#', '*', '*', '#', 'o', '#', 'o', '#']
['o', 'o', '#', '#', '#', 'o', '#', '#', 'o']
['o', '#', '#', '#', 'o', '#', '#', 'o', 'o']
Lungime intermediara drum: 2
Cost actual: 3
Timp gasire: 0.00052s
...........
3) Eliminam obstacolul de pe linia 4, coloana 5
['*', '*', '*', '*', '#', 'o', 'o', 'o', '#']
['#', '#', '*', '*', '#', '#', '#', '#', 'o']
['o', '#', '#', '*', '*', '#', 'o', 'o', 'o']
['#', '#', '*', '*', '*', '*', '#', 'o', '#']
['o', 'o', '#', '#', '#', '*', '#', '#', 'o']
['o', '#', '#', '#', 'o', '#', '#', 'o', 'o']
Lungime intermediara drum: 3
Cost actual: 6
Timp gasire: 0.00606s
...........
4) Eliminam obstacolul de pe linia 5, coloana 5
['*', '*', '*', '*', '#', 'o', 'o', 'o', '#']
['#', '#', '*', '*', '#', '#', '#', '#', 'o']
['o', '#', '#', '*', '*', '#', 'o', 'o', 'o']
['#', '#', '*', '*', '*', '*', '#', 'o', '#']
['o', 'o', '#', '#', '*', '*', '#', '#', 'o']
['o', '#', '#', '#', '*', '#', '#', 'o', 'o']
Lungime intermediara drum: 4
Cost actual: 9
Timp gasire: 0.11187s
...........
===========
...........
===========
IDA Star 1 (euristica banala):
Nr calculate dupa aceasta solutie: 17032
Nr de noduri aflate in memorie dupa generarea acestei sol: 225885
1) Configuratie Initiala
['*', '*', '*', '*', '#', 'o', 'o', 'o', '#']
['#', '#', '*', '#', '#', '#', '#', '#', 'o']
['o', '#', '#', 'o', 'o', '#', 'o', 'o', 'o']
['#', '#', 'o', 'o', '#', 'o', '#', 'o', '#']
['o', 'o', '#', '#', '#', 'o', '#', '#', 'o']
['o', '#', '#', '#', 'o', '#', '#', 'o', 'o']
Lungime intermediara drum: 1
Cost actual: 0
Timp gasire: 0.0s
...........
2) Eliminam obstacolul de pe linia 2, coloana 4
['*', '*', '*', '*', '#', 'o', 'o', 'o', '#']
['#', '#', '*', '*', '#', '#', '#', '#', 'o']
['o', '#', '#', '*', '*', '#', 'o', 'o', 'o']
['#', '#', '*', '*', '#', 'o', '#', 'o', '#']
['o', 'o', '#', '#', '#', 'o', '#', '#', 'o']
['o', '#', '#', '#', 'o', '#', '#', 'o', 'o']
Lungime intermediara drum: 2
Cost actual: 3
Timp gasire: 0.00052s
...........
3) Eliminam obstacolul de pe linia 4, coloana 5
['*', '*', '*', '*', '#', 'o', 'o', 'o', '#']
['#', '#', '*', '*', '#', '#', '#', '#', 'o']
['o', '#', '#', '*', '*', '#', 'o', 'o', 'o']
['#', '#', '*', '*', '*', '*', '#', 'o', '#']
['o', 'o', '#', '#', '#', '*', '#', '#', 'o']
['o', '#', '#', '#', 'o', '#', '#', 'o', 'o']
Lungime intermediara drum: 3
Cost actual: 6
Timp gasire: 0.00606s
...........
4) Eliminam obstacolul de pe linia 6, coloana 6
['*', '*', '*', '*', '#', 'o', 'o', 'o', '#']
['#', '#', '*', '*', '#', '#', '#', '#', 'o']
['o', '#', '#', '*', '*', '#', 'o', 'o', 'o']
['#', '#', '*', '*', '*', '*', '#', 'o', '#']
['o', 'o', '#', '#', '#', '*', '#', '#', 'o']
['o', '#', '#', '#', '*', '*', '#', 'o', 'o']
Lungime intermediara drum: 4
Cost actual: 9
Timp gasire: 0.11168s
...........
IDA Star 2 (euristica banala):
Nr calculate dupa aceasta solutie: 17032
Nr de noduri aflate in memorie dupa generarea acestei sol: 225885
1) Configuratie Initiala
['*', '*', '*', '*', '#', 'o', 'o', 'o', '#']
['#', '#', '*', '#', '#', '#', '#', '#', 'o']
['o', '#', '#', 'o', 'o', '#', 'o', 'o', 'o']
['#', '#', 'o', 'o', '#', 'o', '#', 'o', '#']
['o', 'o', '#', '#', '#', 'o', '#', '#', 'o']
['o', '#', '#', '#', 'o', '#', '#', 'o', 'o']
Lungime intermediara drum: 1
Cost actual: 0
Timp gasire: 0.0s
...........
2) Eliminam obstacolul de pe linia 2, coloana 4
['*', '*', '*', '*', '#', 'o', 'o', 'o', '#']
['#', '#', '*', '*', '#', '#', '#', '#', 'o']
['o', '#', '#', '*', '*', '#', 'o', 'o', 'o']
['#', '#', '*', '*', '#', 'o', '#', 'o', '#']
['o', 'o', '#', '#', '#', 'o', '#', '#', 'o']
['o', '#', '#', '#', 'o', '#', '#', 'o', 'o']
Lungime intermediara drum: 2
Cost actual: 3
Timp gasire: 0.00052s
...........
3) Eliminam obstacolul de pe linia 4, coloana 5
['*', '*', '*', '*', '#', 'o', 'o', 'o', '#']
['#', '#', '*', '*', '#', '#', '#', '#', 'o']
['o', '#', '#', '*', '*', '#', 'o', 'o', 'o']
['#', '#', '*', '*', '*', '*', '#', 'o', '#']
['o', 'o', '#', '#', '#', '*', '#', '#', 'o']
['o', '#', '#', '#', 'o', '#', '#', 'o', 'o']
Lungime intermediara drum: 3
Cost actual: 6
Timp gasire: 0.00606s
...........
4) Eliminam obstacolul de pe linia 5, coloana 5
['*', '*', '*', '*', '#', 'o', 'o', 'o', '#']
['#', '#', '*', '*', '#', '#', '#', '#', 'o']
['o', '#', '#', '*', '*', '#', 'o', 'o', 'o']
['#', '#', '*', '*', '*', '*', '#', 'o', '#']
['o', 'o', '#', '#', '*', '*', '#', '#', 'o']
['o', '#', '#', '#', '*', '#', '#', 'o', 'o']
Lungime intermediara drum: 4
Cost actual: 9
Timp gasire: 0.11187s
...........
IDA Star 3 (euristica banala):
Nr calculate dupa aceasta solutie: 21979
Nr de noduri aflate in memorie dupa generarea acestei sol: 225885
1) Configuratie Initiala
['*', '*', '*', '*', '#', 'o', 'o', 'o', '#']
['#', '#', '*', '#', '#', '#', '#', '#', 'o']
['o', '#', '#', 'o', 'o', '#', 'o', 'o', 'o']
['#', '#', 'o', 'o', '#', 'o', '#', 'o', '#']
['o', 'o', '#', '#', '#', 'o', '#', '#', 'o']
['o', '#', '#', '#', 'o', '#', '#', 'o', 'o']
Lungime intermediara drum: 1
Cost actual: 0
Timp gasire: 0.0s
...........
2) Eliminam obstacolul de pe linia 1, coloana 5
['*', '*', '*', '*', '*', '*', '*', '*', '#']
['#', '#', '*', '#', '#', '#', '#', '#', 'o']
['o', '#', '#', 'o', 'o', '#', 'o', 'o', 'o']
['#', '#', 'o', 'o', '#', 'o', '#', 'o', '#']
['o', 'o', '#', '#', '#', 'o', '#', '#', 'o']
['o', '#', '#', '#', 'o', '#', '#', 'o', 'o']
Lungime intermediara drum: 2
Cost actual: 3
Timp gasire: 0.00035s
...........
3) Eliminam obstacolul de pe linia 1, coloana 9
['*', '*', '*', '*', '*', '*', '*', '*', '*']
['#', '#', '*', '#', '#', '#', '#', '#', '*']
['o', '#', '#', 'o', 'o', '#', '*', '*', '*']
['#', '#', 'o', 'o', '#', 'o', '#', '*', '#']
['o', 'o', '#', '#', '#', 'o', '#', '#', 'o']
['o', '#', '#', '#', 'o', '#', '#', 'o', 'o']
Lungime intermediara drum: 3
Cost actual: 4
Timp gasire: 0.00289s
...........
4) Eliminam obstacolul de pe linia 4, coloana 9
['*', '*', '*', '*', '*', '*', '*', '*', '*']
['#', '#', '*', '#', '#', '#', '#', '#', '*']
['o', '#', '#', 'o', 'o', '#', '*', '*', '*']
['#', '#', 'o', 'o', '#', 'o', '#', '*', '*']
['o', 'o', '#', '#', '#', 'o', '#', '#', '*']
['o', '#', '#', '#', 'o', '#', '#', '*', '*']
Lungime intermediara drum: 4
Cost actual: 5
Timp gasire: 0.01644s
...........
5) Eliminam obstacolul de pe linia 6, coloana 7
['*', '*', '*', '*', '*', '*', '*', '*', '*']
['#', '#', '*', '#', '#', '#', '#', '#', '*']
['o', '#', '#', 'o', 'o', '#', '*', '*', '*']
['#', '#', 'o', 'o', '#', 'o', '#', '*', '*']
['o', 'o', '#', '#', '#', 'o', '#', '#', '*']
['o', '#', '#', '#', 'o', '#', '*', '*', '*']
Lungime intermediara drum: 5
Cost actual: 8
Timp gasire: 0.04698s
...........
6) Eliminam obstacolul de pe linia 6, coloana 6
['*', '*', '*', '*', '*', '*', '*', '*', '*']
['#', '#', '*', '#', '#', '#', '#', '#', '*']
['o', '#', '#', 'o', 'o', '#', '*', '*', '*']
['#', '#', 'o', 'o', '#', '*', '#', '*', '*']
['o', 'o', '#', '#', '#', '*', '#', '#', '*']
['o', '#', '#', '#', '*', '*', '*', '*', '*']
Lungime intermediara drum: 6
Cost actual: 10
Timp gasire: 0.51796s
...........
IDA Star 4 (euristica banala):
Nr calculate dupa aceasta solutie: 25139
Nr de noduri aflate in memorie dupa generarea acestei sol: 226071
1) Configuratie Initiala
['*', '*', '*', '*', '#', 'o', 'o', 'o', '#']
['#', '#', '*', '#', '#', '#', '#', '#', 'o']
['o', '#', '#', 'o', 'o', '#', 'o', 'o', 'o']
['#', '#', 'o', 'o', '#', 'o', '#', 'o', '#']
['o', 'o', '#', '#', '#', 'o', '#', '#', 'o']
['o', '#', '#', '#', 'o', '#', '#', 'o', 'o']
Lungime intermediara drum: 1
Cost actual: 0
Timp gasire: 0.0s
...........
2) Eliminam obstacolul de pe linia 1, coloana 5
['*', '*', '*', '*', '*', '*', '*', '*', '#']
['#', '#', '*', '#', '#', '#', '#', '#', 'o']
['o', '#', '#', 'o', 'o', '#', 'o', 'o', 'o']
['#', '#', 'o', 'o', '#', 'o', '#', 'o', '#']
['o', 'o', '#', '#', '#', 'o', '#', '#', 'o']
['o', '#', '#', '#', 'o', '#', '#', 'o', 'o']
Lungime intermediara drum: 2
Cost actual: 3
Timp gasire: 0.00035s
...........
3) Eliminam obstacolul de pe linia 1, coloana 9
['*', '*', '*', '*', '*', '*', '*', '*', '*']
['#', '#', '*', '#', '#', '#', '#', '#', '*']
['o', '#', '#', 'o', 'o', '#', '*', '*', '*']
['#', '#', 'o', 'o', '#', 'o', '#', '*', '#']
['o', 'o', '#', '#', '#', 'o', '#', '#', 'o']
['o', '#', '#', '#', 'o', '#', '#', 'o', 'o']
Lungime intermediara drum: 3
Cost actual: 4
Timp gasire: 0.00289s
...........
4) Eliminam obstacolul de pe linia 4, coloana 7
['*', '*', '*', '*', '*', '*', '*', '*', '*']
['#', '#', '*', '#', '#', '#', '#', '#', '*']
['o', '#', '#', 'o', 'o', '#', '*', '*', '*']
['#', '#', 'o', 'o', '#', '*', '*', '*', '#']
['o', 'o', '#', '#', '#', '*', '#', '#', 'o']
['o', '#', '#', '#', 'o', '#', '#', 'o', 'o']
Lungime intermediara drum: 4
Cost actual: 7
Timp gasire: 0.01693s
...........
5) Eliminam obstacolul de pe linia 6, coloana 6
['*', '*', '*', '*', '*', '*', '*', '*', '*']
['#', '#', '*', '#', '#', '#', '#', '#', '*']
['o', '#', '#', 'o', 'o', '#', '*', '*', '*']
['#', '#', 'o', 'o', '#', '*', '*', '*', '#']
['o', 'o', '#', '#', '#', '*', '#', '#', 'o']
['o', '#', '#', '#', '*', '*', '#', 'o', 'o']
Lungime intermediara drum: 5
Cost actual: 10
Timp gasire: 0.23168s
...........
IDA Star 5 (euristica banala):
Nr calculate dupa aceasta solutie: 57213
Nr de noduri aflate in memorie dupa generarea acestei sol: 228330
1) Configuratie Initiala
['*', '*', '*', '*', '#', 'o', 'o', 'o', '#']
['#', '#', '*', '#', '#', '#', '#', '#', 'o']
['o', '#', '#', 'o', 'o', '#', 'o', 'o', 'o']
['#', '#', 'o', 'o', '#', 'o', '#', 'o', '#']
['o', 'o', '#', '#', '#', 'o', '#', '#', 'o']
['o', '#', '#', '#', 'o', '#', '#', 'o', 'o']
Lungime intermediara drum: 1
Cost actual: 0
Timp gasire: 0.0s
...........
2) Eliminam obstacolul de pe linia 3, coloana 3
['*', '*', '*', '*', '#', 'o', 'o', 'o', '#']
['#', '#', '*', '#', '#', '#', '#', '#', 'o']
['o', '#', '*', '*', '*', '#', 'o', 'o', 'o']
['#', '#', '*', '*', '#', 'o', '#', 'o', '#']
['o', 'o', '#', '#', '#', 'o', '#', '#', 'o']
['o', '#', '#', '#', 'o', '#', '#', 'o', 'o']
Lungime intermediara drum: 2
Cost actual: 4
Timp gasire: 0.0009s
...........
3) Eliminam obstacolul de pe linia 4, coloana 5
['*', '*', '*', '*', '#', 'o', 'o', 'o', '#']
['#', '#', '*', '#', '#', '#', '#', '#', 'o']
['o', '#', '*', '*', '*', '#', 'o', 'o', 'o']
['#', '#', '*', '*', '*', '*', '#', 'o', '#']
['o', 'o', '#', '#', '#', '*', '#', '#', 'o']
['o', '#', '#', '#', 'o', '#', '#', 'o', 'o']
Lungime intermediara drum: 3
Cost actual: 7
Timp gasire: 0.01035s
...........
4) Eliminam obstacolul de pe linia 6, coloana 6
['*', '*', '*', '*', '#', 'o', 'o', 'o', '#']
['#', '#', '*', '#', '#', '#', '#', '#', 'o']
['o', '#', '*', '*', '*', '#', 'o', 'o', 'o']
['#', '#', '*', '*', '*', '*', '#', 'o', '#']
['o', 'o', '#', '#', '#', '*', '#', '#', 'o']
['o', '#', '#', '#', '*', '*', '#', 'o', 'o']
Lungime intermediara drum: 4
Cost actual: 10
Timp gasire: 0.34283s
...........
===========
IDA Star 1 (euristica urmatorul_pas):
Nr calculate dupa aceasta solutie: 6250
Nr de noduri aflate in memorie dupa generarea acestei sol: 228330
1) Configuratie Initiala
['*', '*', '*', '*', '#', 'o', 'o', 'o', '#']
['#', '#', '*', '#', '#', '#', '#', '#', 'o']
['o', '#', '#', 'o', 'o', '#', 'o', 'o', 'o']
['#', '#', 'o', 'o', '#', 'o', '#', 'o', '#']
['o', 'o', '#', '#', '#', 'o', '#', '#', 'o']
['o', '#', '#', '#', 'o', '#', '#', 'o', 'o']
Lungime intermediara drum: 1
Cost actual: 0
Timp gasire: 0.0s
...........
2) Eliminam obstacolul de pe linia 2, coloana 4
['*', '*', '*', '*', '#', 'o', 'o', 'o', '#']
['#', '#', '*', '*', '#', '#', '#', '#', 'o']
['o', '#', '#', '*', '*', '#', 'o', 'o', 'o']
['#', '#', '*', '*', '#', 'o', '#', 'o', '#']
['o', 'o', '#', '#', '#', 'o', '#', '#', 'o']
['o', '#', '#', '#', 'o', '#', '#', 'o', 'o']
Lungime intermediara drum: 2
Cost actual: 3
Timp gasire: 0.00052s
...........
3) Eliminam obstacolul de pe linia 4, coloana 5
['*', '*', '*', '*', '#', 'o', 'o', 'o', '#']
['#', '#', '*', '*', '#', '#', '#', '#', 'o']
['o', '#', '#', '*', '*', '#', 'o', 'o', 'o']
['#', '#', '*', '*', '*', '*', '#', 'o', '#']
['o', 'o', '#', '#', '#', '*', '#', '#', 'o']
['o', '#', '#', '#', 'o', '#', '#', 'o', 'o']
Lungime intermediara drum: 3
Cost actual: 6
Timp gasire: 0.00606s
...........
4) Eliminam obstacolul de pe linia 6, coloana 6
['*', '*', '*', '*', '#', 'o', 'o', 'o', '#']
['#', '#', '*', '*', '#', '#', '#', '#', 'o']
['o', '#', '#', '*', '*', '#', 'o', 'o', 'o']
['#', '#', '*', '*', '*', '*', '#', 'o', '#']
['o', 'o', '#', '#', '#', '*', '#', '#', 'o']
['o', '#', '#', '#', '*', '*', '#', 'o', 'o']
Lungime intermediara drum: 4
Cost actual: 9
Timp gasire: 0.11168s
...........
IDA Star 2 (euristica urmatorul_pas):
Nr calculate dupa aceasta solutie: 6250
Nr de noduri aflate in memorie dupa generarea acestei sol: 228330
1) Configuratie Initiala
['*', '*', '*', '*', '#', 'o', 'o', 'o', '#']
['#', '#', '*', '#', '#', '#', '#', '#', 'o']
['o', '#', '#', 'o', 'o', '#', 'o', 'o', 'o']
['#', '#', 'o', 'o', '#', 'o', '#', 'o', '#']
['o', 'o', '#', '#', '#', 'o', '#', '#', 'o']
['o', '#', '#', '#', 'o', '#', '#', 'o', 'o']
Lungime intermediara drum: 1
Cost actual: 0
Timp gasire: 0.0s
...........
2) Eliminam obstacolul de pe linia 2, coloana 4
['*', '*', '*', '*', '#', 'o', 'o', 'o', '#']
['#', '#', '*', '*', '#', '#', '#', '#', 'o']
['o', '#', '#', '*', '*', '#', 'o', 'o', 'o']
['#', '#', '*', '*', '#', 'o', '#', 'o', '#']
['o', 'o', '#', '#', '#', 'o', '#', '#', 'o']
['o', '#', '#', '#', 'o', '#', '#', 'o', 'o']
Lungime intermediara drum: 2
Cost actual: 3
Timp gasire: 0.00052s
...........
3) Eliminam obstacolul de pe linia 4, coloana 5
['*', '*', '*', '*', '#', 'o', 'o', 'o', '#']
['#', '#', '*', '*', '#', '#', '#', '#', 'o']
['o', '#', '#', '*', '*', '#', 'o', 'o', 'o']
['#', '#', '*', '*', '*', '*', '#', 'o', '#']
['o', 'o', '#', '#', '#', '*', '#', '#', 'o']
['o', '#', '#', '#', 'o', '#', '#', 'o', 'o']
Lungime intermediara drum: 3
Cost actual: 6
Timp gasire: 0.00606s
...........
4) Eliminam obstacolul de pe linia 5, coloana 5
['*', '*', '*', '*', '#', 'o', 'o', 'o', '#']
['#', '#', '*', '*', '#', '#', '#', '#', 'o']
['o', '#', '#', '*', '*', '#', 'o', 'o', 'o']
['#', '#', '*', '*', '*', '*', '#', 'o', '#']
['o', 'o', '#', '#', '*', '*', '#', '#', 'o']
['o', '#', '#', '#', '*', '#', '#', 'o', 'o']
Lungime intermediara drum: 4
Cost actual: 9
Timp gasire: 0.11187s
...........
IDA Star 3 (euristica urmatorul_pas):
Nr calculate dupa aceasta solutie: 7873
Nr de noduri aflate in memorie dupa generarea acestei sol: 228330
1) Configuratie Initiala
['*', '*', '*', '*', '#', 'o', 'o', 'o', '#']
['#', '#', '*', '#', '#', '#', '#', '#', 'o']
['o', '#', '#', 'o', 'o', '#', 'o', 'o', 'o']
['#', '#', 'o', 'o', '#', 'o', '#', 'o', '#']
['o', 'o', '#', '#', '#', 'o', '#', '#', 'o']
['o', '#', '#', '#', 'o', '#', '#', 'o', 'o']
Lungime intermediara drum: 1
Cost actual: 0
Timp gasire: 0.0s
...........
2) Eliminam obstacolul de pe linia 1, coloana 5
['*', '*', '*', '*', '*', '*', '*', '*', '#']
['#', '#', '*', '#', '#', '#', '#', '#', 'o']
['o', '#', '#', 'o', 'o', '#', 'o', 'o', 'o']
['#', '#', 'o', 'o', '#', 'o', '#', 'o', '#']
['o', 'o', '#', '#', '#', 'o', '#', '#', 'o']
['o', '#', '#', '#', 'o', '#', '#', 'o', 'o']
Lungime intermediara drum: 2
Cost actual: 3
Timp gasire: 0.00035s
...........
3) Eliminam obstacolul de pe linia 1, coloana 9
['*', '*', '*', '*', '*', '*', '*', '*', '*']
['#', '#', '*', '#', '#', '#', '#', '#', '*']
['o', '#', '#', 'o', 'o', '#', '*', '*', '*']
['#', '#', 'o', 'o', '#', 'o', '#', '*', '#']
['o', 'o', '#', '#', '#', 'o', '#', '#', 'o']
['o', '#', '#', '#', 'o', '#', '#', 'o', 'o']
Lungime intermediara drum: 3
Cost actual: 4
Timp gasire: 0.00289s
...........
4) Eliminam obstacolul de pe linia 4, coloana 9
['*', '*', '*', '*', '*', '*', '*', '*', '*']
['#', '#', '*', '#', '#', '#', '#', '#', '*']
['o', '#', '#', 'o', 'o', '#', '*', '*', '*']
['#', '#', 'o', 'o', '#', 'o', '#', '*', '*']
['o', 'o', '#', '#', '#', 'o', '#', '#', '*']
['o', '#', '#', '#', 'o', '#', '#', '*', '*']
Lungime intermediara drum: 4
Cost actual: 5
Timp gasire: 0.01644s
...........
5) Eliminam obstacolul de pe linia 6, coloana 7
['*', '*', '*', '*', '*', '*', '*', '*', '*']
['#', '#', '*', '#', '#', '#', '#', '#', '*']
['o', '#', '#', 'o', 'o', '#', '*', '*', '*']
['#', '#', 'o', 'o', '#', 'o', '#', '*', '*']
['o', 'o', '#', '#', '#', 'o', '#', '#', '*']
['o', '#', '#', '#', 'o', '#', '*', '*', '*']
Lungime intermediara drum: 5
Cost actual: 8
Timp gasire: 0.04698s
...........
6) Eliminam obstacolul de pe linia 6, coloana 6
['*', '*', '*', '*', '*', '*', '*', '*', '*']
['#', '#', '*', '#', '#', '#', '#', '#', '*']
['o', '#', '#', 'o', 'o', '#', '*', '*', '*']
['#', '#', 'o', 'o', '#', '*', '#', '*', '*']
['o', 'o', '#', '#', '#', '*', '#', '#', '*']
['o', '#', '#', '#', '*', '*', '*', '*', '*']
Lungime intermediara drum: 6
Cost actual: 10
Timp gasire: 0.51796s
...........
IDA Star 4 (euristica urmatorul_pas):
Nr calculate dupa aceasta solutie: 8907
Nr de noduri aflate in memorie dupa generarea acestei sol: 234582
1) Configuratie Initiala
['*', '*', '*', '*', '#', 'o', 'o', 'o', '#']
['#', '#', '*', '#', '#', '#', '#', '#', 'o']
['o', '#', '#', 'o', 'o', '#', 'o', 'o', 'o']
['#', '#', 'o', 'o', '#', 'o', '#', 'o', '#']
['o', 'o', '#', '#', '#', 'o', '#', '#', 'o']
['o', '#', '#', '#', 'o', '#', '#', 'o', 'o']
Lungime intermediara drum: 1
Cost actual: 0
Timp gasire: 0.0s
...........
2) Eliminam obstacolul de pe linia 1, coloana 5
['*', '*', '*', '*', '*', '*', '*', '*', '#']
['#', '#', '*', '#', '#', '#', '#', '#', 'o']
['o', '#', '#', 'o', 'o', '#', 'o', 'o', 'o']
['#', '#', 'o', 'o', '#', 'o', '#', 'o', '#']
['o', 'o', '#', '#', '#', 'o', '#', '#', 'o']
['o', '#', '#', '#', 'o', '#', '#', 'o', 'o']
Lungime intermediara drum: 2
Cost actual: 3
Timp gasire: 0.00035s
...........
3) Eliminam obstacolul de pe linia 1, coloana 9
['*', '*', '*', '*', '*', '*', '*', '*', '*']
['#', '#', '*', '#', '#', '#', '#', '#', '*']
['o', '#', '#', 'o', 'o', '#', '*', '*', '*']
['#', '#', 'o', 'o', '#', 'o', '#', '*', '#']
['o', 'o', '#', '#', '#', 'o', '#', '#', 'o']
['o', '#', '#', '#', 'o', '#', '#', 'o', 'o']
Lungime intermediara drum: 3
Cost actual: 4
Timp gasire: 0.00289s
...........
4) Eliminam obstacolul de pe linia 4, coloana 7
['*', '*', '*', '*', '*', '*', '*', '*', '*']
['#', '#', '*', '#', '#', '#', '#', '#', '*']
['o', '#', '#', 'o', 'o', '#', '*', '*', '*']
['#', '#', 'o', 'o', '#', '*', '*', '*', '#']
['o', 'o', '#', '#', '#', '*', '#', '#', 'o']
['o', '#', '#', '#', 'o', '#', '#', 'o', 'o']
Lungime intermediara drum: 4
Cost actual: 7
Timp gasire: 0.01693s
...........
5) Eliminam obstacolul de pe linia 6, coloana 6
['*', '*', '*', '*', '*', '*', '*', '*', '*']
['#', '#', '*', '#', '#', '#', '#', '#', '*']
['o', '#', '#', 'o', 'o', '#', '*', '*', '*']
['#', '#', 'o', 'o', '#', '*', '*', '*', '#']
['o', 'o', '#', '#', '#', '*', '#', '#', 'o']
['o', '#', '#', '#', '*', '*', '#', 'o', 'o']
Lungime intermediara drum: 5
Cost actual: 10
Timp gasire: 0.23168s
...........
Timeout...
===========
IDA Star 1 (euristica peste_2_pasi):
Nr calculate dupa aceasta solutie: 1535
Nr de noduri aflate in memorie dupa generarea acestei sol: 326749
1) Configuratie Initiala
['*', '*', '*', '*', '#', 'o', 'o', 'o', '#']
['#', '#', '*', '#', '#', '#', '#', '#', 'o']
['o', '#', '#', 'o', 'o', '#', 'o', 'o', 'o']
['#', '#', 'o', 'o', '#', 'o', '#', 'o', '#']
['o', 'o', '#', '#', '#', 'o', '#', '#', 'o']
['o', '#', '#', '#', 'o', '#', '#', 'o', 'o']
Lungime intermediara drum: 1
Cost actual: 0
Timp gasire: 0.0s
...........
2) Eliminam obstacolul de pe linia 2, coloana 4
['*', '*', '*', '*', '#', 'o', 'o', 'o', '#']
['#', '#', '*', '*', '#', '#', '#', '#', 'o']
['o', '#', '#', '*', '*', '#', 'o', 'o', 'o']
['#', '#', '*', '*', '#', 'o', '#', 'o', '#']
['o', 'o', '#', '#', '#', 'o', '#', '#', 'o']
['o', '#', '#', '#', 'o', '#', '#', 'o', 'o']
Lungime intermediara drum: 2
Cost actual: 3
Timp gasire: 0.00052s
...........
3) Eliminam obstacolul de pe linia 4, coloana 5
['*', '*', '*', '*', '#', 'o', 'o', 'o', '#']
['#', '#', '*', '*', '#', '#', '#', '#', 'o']
['o', '#', '#', '*', '*', '#', 'o', 'o', 'o']
['#', '#', '*', '*', '*', '*', '#', 'o', '#']
['o', 'o', '#', '#', '#', '*', '#', '#', 'o']
['o', '#', '#', '#', 'o', '#', '#', 'o', 'o']
Lungime intermediara drum: 3
Cost actual: 6
Timp gasire: 0.00606s
...........
4) Eliminam obstacolul de pe linia 6, coloana 6
['*', '*', '*', '*', '#', 'o', 'o', 'o', '#']
['#', '#', '*', '*', '#', '#', '#', '#', 'o']
['o', '#', '#', '*', '*', '#', 'o', 'o', 'o']
['#', '#', '*', '*', '*', '*', '#', 'o', '#']
['o', 'o', '#', '#', '#', '*', '#', '#', 'o']
['o', '#', '#', '#', '*', '*', '#', 'o', 'o']
Lungime intermediara drum: 4
Cost actual: 9
Timp gasire: 0.11168s
...........
===========
IDA Star 1 (euristica distanta_manhattan_neadmisibila):
Nr calculate dupa aceasta solutie: 79
Nr de noduri aflate in memorie dupa generarea acestei sol: 326749
1) Configuratie Initiala
['*', '*', '*', '*', '#', 'o', 'o', 'o', '#']
['#', '#', '*', '#', '#', '#', '#', '#', 'o']
['o', '#', '#', 'o', 'o', '#', 'o', 'o', 'o']
['#', '#', 'o', 'o', '#', 'o', '#', 'o', '#']
['o', 'o', '#', '#', '#', 'o', '#', '#', 'o']
['o', '#', '#', '#', 'o', '#', '#', 'o', 'o']
Lungime intermediara drum: 1
Cost actual: 0
Timp gasire: 0.0s
...........
2) Eliminam obstacolul de pe linia 2, coloana 4
['*', '*', '*', '*', '#', 'o', 'o', 'o', '#']
['#', '#', '*', '*', '#', '#', '#', '#', 'o']
['o', '#', '#', '*', '*', '#', 'o', 'o', 'o']
['#', '#', '*', '*', '#', 'o', '#', 'o', '#']
['o', 'o', '#', '#', '#', 'o', '#', '#', 'o']
['o', '#', '#', '#', 'o', '#', '#', 'o', 'o']
Lungime intermediara drum: 2
Cost actual: 3
Timp gasire: 0.00052s
...........
3) Eliminam obstacolul de pe linia 4, coloana 5
['*', '*', '*', '*', '#', 'o', 'o', 'o', '#']
['#', '#', '*', '*', '#', '#', '#', '#', 'o']
['o', '#', '#', '*', '*', '#', 'o', 'o', 'o']
['#', '#', '*', '*', '*', '*', '#', 'o', '#']
['o', 'o', '#', '#', '#', '*', '#', '#', 'o']
['o', '#', '#', '#', 'o', '#', '#', 'o', 'o']
Lungime intermediara drum: 3
Cost actual: 6
Timp gasire: 0.00606s
...........
4) Eliminam obstacolul de pe linia 6, coloana 6
['*', '*', '*', '*', '#', 'o', 'o', 'o', '#']
['#', '#', '*', '*', '#', '#', '#', '#', 'o']
['o', '#', '#', '*', '*', '#', 'o', 'o', 'o']
['#', '#', '*', '*', '*', '*', '#', 'o', '#']
['o', 'o', '#', '#', '#', '*', '#', '#', 'o']
['o', '#', '#', '#', '*', '*', '#', 'o', 'o']
Lungime intermediara drum: 4
Cost actual: 9
Timp gasire: 0.11168s
...........
IDA Star 2 (euristica distanta_manhattan_neadmisibila):
Nr calculate dupa aceasta solutie: 79
Nr de noduri aflate in memorie dupa generarea acestei sol: 326749
1) Configuratie Initiala
['*', '*', '*', '*', '#', 'o', 'o', 'o', '#']
['#', '#', '*', '#', '#', '#', '#', '#', 'o']
['o', '#', '#', 'o', 'o', '#', 'o', 'o', 'o']
['#', '#', 'o', 'o', '#', 'o', '#', 'o', '#']
['o', 'o', '#', '#', '#', 'o', '#', '#', 'o']
['o', '#', '#', '#', 'o', '#', '#', 'o', 'o']
Lungime intermediara drum: 1
Cost actual: 0
Timp gasire: 0.0s
...........
2) Eliminam obstacolul de pe linia 2, coloana 4
['*', '*', '*', '*', '#', 'o', 'o', 'o', '#']
['#', '#', '*', '*', '#', '#', '#', '#', 'o']
['o', '#', '#', '*', '*', '#', 'o', 'o', 'o']
['#', '#', '*', '*', '#', 'o', '#', 'o', '#']
['o', 'o', '#', '#', '#', 'o', '#', '#', 'o']
['o', '#', '#', '#', 'o', '#', '#', 'o', 'o']
Lungime intermediara drum: 2
Cost actual: 3
Timp gasire: 0.00052s
...........
3) Eliminam obstacolul de pe linia 4, coloana 5
['*', '*', '*', '*', '#', 'o', 'o', 'o', '#']
['#', '#', '*', '*', '#', '#', '#', '#', 'o']
['o', '#', '#', '*', '*', '#', 'o', 'o', 'o']
['#', '#', '*', '*', '*', '*', '#', 'o', '#']
['o', 'o', '#', '#', '#', '*', '#', '#', 'o']
['o', '#', '#', '#', 'o', '#', '#', 'o', 'o']
Lungime intermediara drum: 3
Cost actual: 6
Timp gasire: 0.00606s
...........
4) Eliminam obstacolul de pe linia 5, coloana 5
['*', '*', '*', '*', '#', 'o', 'o', 'o', '#']
['#', '#', '*', '*', '#', '#', '#', '#', 'o']
['o', '#', '#', '*', '*', '#', 'o', 'o', 'o']
['#', '#', '*', '*', '*', '*', '#', 'o', '#']
['o', 'o', '#', '#', '*', '*', '#', '#', 'o']
['o', '#', '#', '#', '*', '#', '#', 'o', 'o']
Lungime intermediara drum: 4
Cost actual: 9
Timp gasire: 0.11187s
...........
IDA Star 3 (euristica distanta_manhattan_neadmisibila):
Nr calculate dupa aceasta solutie: 258
Nr de noduri aflate in memorie dupa generarea acestei sol: 326749
1) Configuratie Initiala
['*', '*', '*', '*', '#', 'o', 'o', 'o', '#']
['#', '#', '*', '#', '#', '#', '#', '#', 'o']
['o', '#', '#', 'o', 'o', '#', 'o', 'o', 'o']
['#', '#', 'o', 'o', '#', 'o', '#', 'o', '#']
['o', 'o', '#', '#', '#', 'o', '#', '#', 'o']
['o', '#', '#', '#', 'o', '#', '#', 'o', 'o']
Lungime intermediara drum: 1
Cost actual: 0
Timp gasire: 0.0s
...........
2) Eliminam obstacolul de pe linia 3, coloana 3
['*', '*', '*', '*', '#', 'o', 'o', 'o', '#']
['#', '#', '*', '#', '#', '#', '#', '#', 'o']
['o', '#', '*', '*', '*', '#', 'o', 'o', 'o']
['#', '#', '*', '*', '#', 'o', '#', 'o', '#']
['o', 'o', '#', '#', '#', 'o', '#', '#', 'o']
['o', '#', '#', '#', 'o', '#', '#', 'o', 'o']
Lungime intermediara drum: 2
Cost actual: 4
Timp gasire: 0.0009s
...........
3) Eliminam obstacolul de pe linia 4, coloana 5
['*', '*', '*', '*', '#', 'o', 'o', 'o', '#']
['#', '#', '*', '#', '#', '#', '#', '#', 'o']
['o', '#', '*', '*', '*', '#', 'o', 'o', 'o']
['#', '#', '*', '*', '*', '*', '#', 'o', '#']
['o', 'o', '#', '#', '#', '*', '#', '#', 'o']
['o', '#', '#', '#', 'o', '#', '#', 'o', 'o']
Lungime intermediara drum: 3
Cost actual: 7
Timp gasire: 0.01035s
...........
4) Eliminam obstacolul de pe linia 6, coloana 6
['*', '*', '*', '*', '#', 'o', 'o', 'o', '#']
['#', '#', '*', '#', '#', '#', '#', '#', 'o']
['o', '#', '*', '*', '*', '#', 'o', 'o', 'o']
['#', '#', '*', '*', '*', '*', '#', 'o', '#']
['o', 'o', '#', '#', '#', '*', '#', '#', 'o']
['o', '#', '#', '#', '*', '*', '#', 'o', 'o']
Lungime intermediara drum: 4
Cost actual: 10
Timp gasire: 0.34283s
...........
IDA Star 4 (euristica distanta_manhattan_neadmisibila):
Nr calculate dupa aceasta solutie: 258
Nr de noduri aflate in memorie dupa generarea acestei sol: 326749
1) Configuratie Initiala
['*', '*', '*', '*', '#', 'o', 'o', 'o', '#']
['#', '#', '*', '#', '#', '#', '#', '#', 'o']
['o', '#', '#', 'o', 'o', '#', 'o', 'o', 'o']
['#', '#', 'o', 'o', '#', 'o', '#', 'o', '#']
['o', 'o', '#', '#', '#', 'o', '#', '#', 'o']
['o', '#', '#', '#', 'o', '#', '#', 'o', 'o']
Lungime intermediara drum: 1
Cost actual: 0
Timp gasire: 0.0s
...........
2) Eliminam obstacolul de pe linia 3, coloana 3
['*', '*', '*', '*', '#', 'o', 'o', 'o', '#']
['#', '#', '*', '#', '#', '#', '#', '#', 'o']
['o', '#', '*', '*', '*', '#', 'o', 'o', 'o']
['#', '#', '*', '*', '#', 'o', '#', 'o', '#']
['o', 'o', '#', '#', '#', 'o', '#', '#', 'o']
['o', '#', '#', '#', 'o', '#', '#', 'o', 'o']
Lungime intermediara drum: 2
Cost actual: 4
Timp gasire: 0.0009s
...........
3) Eliminam obstacolul de pe linia 4, coloana 5
['*', '*', '*', '*', '#', 'o', 'o', 'o', '#']
['#', '#', '*', '#', '#', '#', '#', '#', 'o']
['o', '#', '*', '*', '*', '#', 'o', 'o', 'o']
['#', '#', '*', '*', '*', '*', '#', 'o', '#']
['o', 'o', '#', '#', '#', '*', '#', '#', 'o']
['o', '#', '#', '#', 'o', '#', '#', 'o', 'o']
Lungime intermediara drum: 3
Cost actual: 7
Timp gasire: 0.01035s
...........
4) Eliminam obstacolul de pe linia 5, coloana 5
['*', '*', '*', '*', '#', 'o', 'o', 'o', '#']
['#', '#', '*', '#', '#', '#', '#', '#', 'o']
['o', '#', '*', '*', '*', '#', 'o', 'o', 'o']
['#', '#', '*', '*', '*', '*', '#', 'o', '#']
['o', 'o', '#', '#', '*', '*', '#', '#', 'o']
['o', '#', '#', '#', '*', '#', '#', 'o', 'o']
Lungime intermediara drum: 4
Cost actual: 10
Timp gasire: 0.34294s
...........
IDA Star 5 (euristica distanta_manhattan_neadmisibila):
Nr calculate dupa aceasta solutie: 413
Nr de noduri aflate in memorie dupa generarea acestei sol: 326749
1) Configuratie Initiala
['*', '*', '*', '*', '#', 'o', 'o', 'o', '#']
['#', '#', '*', '#', '#', '#', '#', '#', 'o']
['o', '#', '#', 'o', 'o', '#', 'o', 'o', 'o']
['#', '#', 'o', 'o', '#', 'o', '#', 'o', '#']
['o', 'o', '#', '#', '#', 'o', '#', '#', 'o']
['o', '#', '#', '#', 'o', '#', '#', 'o', 'o']
Lungime intermediara drum: 1
Cost actual: 0
Timp gasire: 0.0s
...........
2) Eliminam obstacolul de pe linia 1, coloana 5
['*', '*', '*', '*', '*', '*', '*', '*', '#']
['#', '#', '*', '#', '#', '#', '#', '#', 'o']
['o', '#', '#', 'o', 'o', '#', 'o', 'o', 'o']
['#', '#', 'o', 'o', '#', 'o', '#', 'o', '#']
['o', 'o', '#', '#', '#', 'o', '#', '#', 'o']
['o', '#', '#', '#', 'o', '#', '#', 'o', 'o']
Lungime intermediara drum: 2
Cost actual: 3
Timp gasire: 0.00035s
...........
3) Eliminam obstacolul de pe linia 2, coloana 4
['*', '*', '*', '*', '*', '*', '*', '*', '#']
['#', '#', '*', '*', '#', '#', '#', '#', 'o']
['o', '#', '#', '*', '*', '#', 'o', 'o', 'o']
['#', '#', '*', '*', '#', 'o', '#', 'o', '#']
['o', 'o', '#', '#', '#', 'o', '#', '#', 'o']
['o', '#', '#', '#', 'o', '#', '#', 'o', 'o']
Lungime intermediara drum: 3
Cost actual: 5
Timp gasire: 0.00354s
...........
4) Eliminam obstacolul de pe linia 4, coloana 5
['*', '*', '*', '*', '*', '*', '*', '*', '#']
['#', '#', '*', '*', '#', '#', '#', '#', 'o']
['o', '#', '#', '*', '*', '#', 'o', 'o', 'o']
['#', '#', '*', '*', '*', '*', '#', 'o', '#']
['o', 'o', '#', '#', '#', '*', '#', '#', 'o']
['o', '#', '#', '#', 'o', '#', '#', 'o', 'o']
Lungime intermediara drum: 4
Cost actual: 8
Timp gasire: 0.02831s
...........
5) Eliminam obstacolul de pe linia 6, coloana 6
['*', '*', '*', '*', '*', '*', '*', '*', '#']
['#', '#', '*', '*', '#', '#', '#', '#', 'o']
['o', '#', '#', '*', '*', '#', 'o', 'o', 'o']
['#', '#', '*', '*', '*', '*', '#', 'o', '#']
['o', 'o', '#', '#', '#', '*', '#', '#', 'o']
['o', '#', '#', '#', '*', '*', '#', 'o', 'o']
Lungime intermediara drum: 5
Cost actual: 11
Timp gasire: 0.91712s
...........
