===========

-----------
UCS 1:
Nr noduri calculate dupa aceasta solutie: 14112
Nr de noduri aflate in memorie dupa generarea acestei sol: 14112
1) Configuratie Initiala
['*', '*', '*', '*', '#', 'o', 'o', 'o', '#']
['#', '#', '*', '#', '#', '#', '#', '#', 'o']
['o', '#', '#', 'o', 'o', '#', 'o', 'o', 'o']
['#', '#', 'o', 'o', '#', 'o', '#', 'o', '#']
['o', 'o', '#', '#', '#', 'o', '#', '#', 'o']
['o', '#', '#', '#', 'o', '#', '#', 'o', 'o']
Lungime intermediara drum: 1
Cost actual: 0
Timp gasire: 0.0s
...........
2) Eliminam obstacolul de pe linia 2, coloana 4
['*', '*', '*', '*', '#', 'o', 'o', 'o', '#']
['#', '#', '*', '*', '#', '#', '#', '#', 'o']
['o', '#', '#', '*', '*', '#', 'o', 'o', 'o']
['#', '#', '*', '*', '#', 'o', '#', 'o', '#']
['o', 'o', '#', '#', '#', 'o', '#', '#', 'o']
['o', '#', '#', '#', 'o', '#', '#', 'o', 'o']
Lungime intermediara drum: 2
Cost actual: 3
Timp gasire: 0.00037s
...........
3) Eliminam obstacolul de pe linia 4, coloana 5
['*', '*', '*', '*', '#', 'o', 'o', 'o', '#']
['#', '#', '*', '*', '#', '#', '#', '#', 'o']
['o', '#', '#', '*', '*', '#', 'o', 'o', 'o']
['#', '#', '*', '*', '*', '*', '#', 'o', '#']
['o', 'o', '#', '#', '#', '*', '#', '#', 'o']
['o', '#', '#', '#', 'o', '#', '#', 'o', 'o']
Lungime intermediara drum: 3
Cost actual: 6
Timp gasire: 0.00887s
...........
4) Eliminam obstacolul de pe linia 5, coloana 5
['*', '*', '*', '*', '#', 'o', 'o', 'o', '#']
['#', '#', '*', '*', '#', '#', '#', '#', 'o']
['o', '#', '#', '*', '*', '#', 'o', 'o', 'o']
['#', '#', '*', '*', '*', '*', '#', 'o', '#']
['o', 'o', '#', '#', '*', '*', '#', '#', 'o']
['o', '#', '#', '#', '*', '#', '#', 'o', 'o']
Lungime intermediara drum: 4
Cost actual: 9
Timp gasire: 0.1313s
...........

-----------
UCS 2:
Nr noduri calculate dupa aceasta solutie: 14134
Nr de noduri aflate in memorie dupa generarea acestei sol: 14134
1) Configuratie Initiala
['*', '*', '*', '*', '#', 'o', 'o', 'o', '#']
['#', '#', '*', '#', '#', '#', '#', '#', 'o']
['o', '#', '#', 'o', 'o', '#', 'o', 'o', 'o']
['#', '#', 'o', 'o', '#', 'o', '#', 'o', '#']
['o', 'o', '#', '#', '#', 'o', '#', '#', 'o']
['o', '#', '#', '#', 'o', '#', '#', 'o', 'o']
Lungime intermediara drum: 1
Cost actual: 0
Timp gasire: 0.0s
...........
2) Eliminam obstacolul de pe linia 2, coloana 4
['*', '*', '*', '*', '#', 'o', 'o', 'o', '#']
['#', '#', '*', '*', '#', '#', '#', '#', 'o']
['o', '#', '#', '*', '*', '#', 'o', 'o', 'o']
['#', '#', '*', '*', '#', 'o', '#', 'o', '#']
['o', 'o', '#', '#', '#', 'o', '#', '#', 'o']
['o', '#', '#', '#', 'o', '#', '#', 'o', 'o']
Lungime intermediara drum: 2
Cost actual: 3
Timp gasire: 0.00037s
...........
3) Eliminam obstacolul de pe linia 4, coloana 5
['*', '*', '*', '*', '#', 'o', 'o', 'o', '#']
['#', '#', '*', '*', '#', '#', '#', '#', 'o']
['o', '#', '#', '*', '*', '#', 'o', 'o', 'o']
['#', '#', '*', '*', '*', '*', '#', 'o', '#']
['o', 'o', '#', '#', '#', '*', '#', '#', 'o']
['o', '#', '#', '#', 'o', '#', '#', 'o', 'o']
Lungime intermediara drum: 3
Cost actual: 6
Timp gasire: 0.00887s
...........
4) Eliminam obstacolul de pe linia 6, coloana 6
['*', '*', '*', '*', '#', 'o', 'o', 'o', '#']
['#', '#', '*', '*', '#', '#', '#', '#', 'o']
['o', '#', '#', '*', '*', '#', 'o', 'o', 'o']
['#', '#', '*', '*', '*', '*', '#', 'o', '#']
['o', 'o', '#', '#', '#', '*', '#', '#', 'o']
['o', '#', '#', '#', '*', '*', '#', 'o', 'o']
Lungime intermediara drum: 4
Cost actual: 9
Timp gasire: 0.13116s
...........

-----------
UCS 3:
Nr noduri calculate dupa aceasta solutie: 18051
Nr de noduri aflate in memorie dupa generarea acestei sol: 18051
1) Configuratie Initiala
['*', '*', '*', '*', '#', 'o', 'o', 'o', '#']
['#', '#', '*', '#', '#', '#', '#', '#', 'o']
['o', '#', '#', 'o', 'o', '#', 'o', 'o', 'o']
['#', '#', 'o', 'o', '#', 'o', '#', 'o', '#']
['o', 'o', '#', '#', '#', 'o', '#', '#', 'o']
['o', '#', '#', '#', 'o', '#', '#', 'o', 'o']
Lungime intermediara drum: 1
Cost actual: 0
Timp gasire: 0.0s
...........
2) Eliminam obstacolul de pe linia 1, coloana 5
['*', '*', '*', '*', '*', '*', '*', '*', '#']
['#', '#', '*', '#', '#', '#', '#', '#', 'o']
['o', '#', '#', 'o', 'o', '#', 'o', 'o', 'o']
['#', '#', 'o', 'o', '#', 'o', '#', 'o', '#']
['o', 'o', '#', '#', '#', 'o', '#', '#', 'o']
['o', '#', '#', '#', 'o', '#', '#', 'o', 'o']
Lungime intermediara drum: 2
Cost actual: 3
Timp gasire: 0.00025s
...........
3) Eliminam obstacolul de pe linia 1, coloana 9
['*', '*', '*', '*', '*', '*', '*', '*', '*']
['#', '#', '*', '#', '#', '#', '#', '#', '*']
['o', '#', '#', 'o', 'o', '#', '*', '*', '*']
['#', '#', 'o', 'o', '#', 'o', '#', '*', '#']
['o', 'o', '#', '#', '#', 'o', '#', '#', 'o']
['o', '#', '#', '#', 'o', '#', '#', 'o', 'o']
Lungime intermediara drum: 3
Cost actual: 4
Timp gasire: 0.00238s
...........
4) Eliminam obstacolul de pe linia 4, coloana 9
['*', '*', '*', '*', '*', '*', '*', '*', '*']
['#', '#', '*', '#', '#', '#', '#', '#', '*']
['o', '#', '#', 'o', 'o', '#', '*', '*', '*']
['#', '#', 'o', 'o', '#', 'o', '#', '*', '*']
['o', 'o', '#', '#', '#', 'o', '#', '#', '*']
['o', '#', '#', '#', 'o', '#', '#', '*', '*']
Lungime intermediara drum: 4
Cost actual: 5
Timp gasire: 0.0199s
...........
5) Eliminam obstacolul de pe linia 6, coloana 7
['*', '*', '*', '*', '*', '*', '*', '*', '*']
['#', '#', '*', '#', '#', '#', '#', '#', '*']
['o', '#', '#', 'o', 'o', '#', '*', '*', '*']
['#', '#', 'o', 'o', '#', 'o', '#', '*', '*']
['o', 'o', '#', '#', '#', 'o', '#', '#', '*']
['o', '#', '#', '#', 'o', '#', '*', '*', '*']
Lungime intermediara drum: 5
Cost actual: 8
Timp gasire: 0.06162s
...........
6) Eliminam obstacolul de pe linia 6, coloana 6
['*', '*', '*', '*', '*', '*', '*', '*', '*']
['#', '#', '*', '#', '#', '#', '#', '#', '*']
['o', '#', '#', 'o', 'o', '#', '*', '*', '*']
['#', '#', 'o', 'o', '#', '*', '#', '*', '*']
['o', 'o', '#', '#', '#', '*', '#', '#', '*']
['o', '#', '#', '#', '*', '*', '*', '*', '*']
Lungime intermediara drum: 6
Cost actual: 10
Timp gasire: 0.52148s
...........

-----------
UCS 4:
Nr noduri calculate dupa aceasta solutie: 33472
Nr de noduri aflate in memorie dupa generarea acestei sol: 33472
1) Configuratie Initiala
['*', '*', '*', '*', '#', 'o', 'o', 'o', '#']
['#', '#', '*', '#', '#', '#', '#', '#', 'o']
['o', '#', '#', 'o', 'o', '#', 'o', 'o', 'o']
['#', '#', 'o', 'o', '#', 'o', '#', 'o', '#']
['o', 'o', '#', '#', '#', 'o', '#', '#', 'o']
['o', '#', '#', '#', 'o', '#', '#', 'o', 'o']
Lungime intermediara drum: 1
Cost actual: 0
Timp gasire: 0.0s
...........
2) Eliminam obstacolul de pe linia 1, coloana 5
['*', '*', '*', '*', '*', '*', '*', '*', '#']
['#', '#', '*', '#', '#', '#', '#', '#', 'o']
['o', '#', '#', 'o', 'o', '#', 'o', 'o', 'o']
['#', '#', 'o', 'o', '#', 'o', '#', 'o', '#']
['o', 'o', '#', '#', '#', 'o', '#', '#', 'o']
['o', '#', '#', '#', 'o', '#', '#', 'o', 'o']
Lungime intermediara drum: 2
Cost actual: 3
Timp gasire: 0.00025s
...........
3) Eliminam obstacolul de pe linia 1, coloana 9
['*', '*', '*', '*', '*', '*', '*', '*', '*']
['#', '#', '*', '#', '#', '#', '#', '#', '*']
['o', '#', '#', 'o', 'o', '#', '*', '*', '*']
['#', '#', 'o', 'o', '#', 'o', '#', '*', '#']
['o', 'o', '#', '#', '#', 'o', '#', '#', 'o']
['o', '#', '#', '#', 'o', '#', '#', 'o', 'o']
Lungime intermediara drum: 3
Cost actual: 4
Timp gasire: 0.00238s
...........
4) Eliminam obstacolul de pe linia 4, coloana 7
['*', '*', '*', '*', '*', '*', '*', '*', '*']
['#', '#', '*', '#', '#', '#', '#', '#', '*']
['o', '#', '#', 'o', 'o', '#', '*', '*', '*']
['#', '#', 'o', 'o', '#', '*', '*', '*', '#']
['o', 'o', '#', '#', '#', '*', '#', '#', 'o']
['o', '#', '#', '#', 'o', '#', '#', 'o', 'o']
Lungime intermediara drum: 4
Cost actual: 7
Timp gasire: 0.02102s
...........
5) Eliminam obstacolul de pe linia 6, coloana 6
['*', '*', '*', '*', '*', '*', '*', '*', '*']
['#', '#', '*', '#', '#', '#', '#', '#', '*']
['o', '#', '#', 'o', 'o', '#', '*', '*', '*']
['#', '#', 'o', 'o', '#', '*', '*', '*', '#']
['o', 'o', '#', '#', '#', '*', '#', '#', 'o']
['o', '#', '#', '#', '*', '*', '#', 'o', 'o']
Lungime intermediara drum: 5
Cost actual: 10
Timp gasire: 0.24486s
...........

-----------
UCS 5:
Nr noduri calculate dupa aceasta solutie: 36624
Nr de noduri aflate in memorie dupa generarea acestei sol: 36624
1) Configuratie Initiala
['*', '*', '*', '*', '#', 'o', 'o', 'o', '#']
['#', '#', '*', '#', '#', '#', '#', '#', 'o']
['o', '#', '#', 'o', 'o', '#', 'o', 'o', 'o']
['#', '#', 'o', 'o', '#', 'o', '#', 'o', '#']
['o', 'o', '#', '#', '#', 'o', '#', '#', 'o']
['o', '#', '#', '#', 'o', '#', '#', 'o', 'o']
Lungime intermediara drum: 1
Cost actual: 0
Timp gasire: 0.0s
...........
2) Eliminam obstacolul de pe linia 3, coloana 3
['*', '*', '*', '*', '#', 'o', 'o', 'o', '#']
['#', '#', '*', '#', '#', '#', '#', '#', 'o']
['o', '#', '*', '*', '*', '#', 'o', 'o', 'o']
['#', '#', '*', '*', '#', 'o', '#', 'o', '#']
['o', 'o', '#', '#', '#', 'o', '#', '#', 'o']
['o', '#', '#', '#', 'o', '#', '#', 'o', 'o']
Lungime intermediara drum: 2
Cost actual: 4
Timp gasire: 0.00061s
...........
3) Eliminam obstacolul de pe linia 4, coloana 5
['*', '*', '*', '*', '#', 'o', 'o', 'o', '#']
['#', '#', '*', '#', '#', '#', '#', '#', 'o']
['o', '#', '*', '*', '*', '#', 'o', 'o', 'o']
['#', '#', '*', '*', '*', '*', '#', 'o', '#']
['o', 'o', '#', '#', '#', '*', '#', '#', 'o']
['o', '#', '#', '#', 'o', '#', '#', 'o', 'o']
Lungime intermediara drum: 3
Cost actual: 7
Timp gasire: 0.01293s
...........
4) Eliminam obstacolul de pe linia 5, coloana 5
['*', '*', '*', '*', '#', 'o', 'o', 'o', '#']
['#', '#', '*', '#', '#', '#', '#', '#', 'o']
['o', '#', '*', '*', '*', '#', 'o', 'o', 'o']
['#', '#', '*', '*', '*', '*', '#', 'o', '#']
['o', 'o', '#', '#', '*', '*', '#', '#', 'o']
['o', '#', '#', '#', '*', '#', '#', 'o', 'o']
Lungime intermediara drum: 4
Cost actual: 10
Timp gasire: 0.35153s
...........
===========
===========

-----------
AStar 1 (euristica banala):
Nr noduri calculate dupa aceasta solutie: 14112
Nr de noduri aflate in memorie dupa generarea acestei sol: 36624
1) Configuratie Initiala
['*', '*', '*', '*', '#', 'o', 'o', 'o', '#']
['#', '#', '*', '#', '#', '#', '#', '#', 'o']
['o', '#', '#', 'o', 'o', '#', 'o', 'o', 'o']
['#', '#', 'o', 'o', '#', 'o', '#', 'o', '#']
['o', 'o', '#', '#', '#', 'o', '#', '#', 'o']
['o', '#', '#', '#', 'o', '#', '#', 'o', 'o']
Lungime intermediara drum: 1
Cost actual: 0
Timp gasire: 0.0s
...........
2) Eliminam obstacolul de pe linia 2, coloana 4
['*', '*', '*', '*', '#', 'o', 'o', 'o', '#']
['#', '#', '*', '*', '#', '#', '#', '#', 'o']
['o', '#', '#', '*', '*', '#', 'o', 'o', 'o']
['#', '#', '*', '*', '#', 'o', '#', 'o', '#']
['o', 'o', '#', '#', '#', 'o', '#', '#', 'o']
['o', '#', '#', '#', 'o', '#', '#', 'o', 'o']
Lungime intermediara drum: 2
Cost actual: 3
Timp gasire: 0.00037s
...........
3) Eliminam obstacolul de pe linia 4, coloana 5
['*', '*', '*', '*', '#', 'o', 'o', 'o', '#']
['#', '#', '*', '*', '#', '#', '#', '#', 'o']
['o', '#', '#', '*', '*', '#', 'o', 'o', 'o']
['#', '#', '*', '*', '*', '*', '#', 'o', '#']
['o', 'o', '#', '#', '#', '*', '#', '#', 'o']
['o', '#', '#', '#', 'o', '#', '#', 'o', 'o']
Lungime intermediara drum: 3
Cost actual: 6
Timp gasire: 0.00887s
...........
4) Eliminam obstacolul de pe linia 5, coloana 5
['*', '*', '*', '*', '#', 'o', 'o', 'o', '#']
['#', '#', '*', '*', '#', '#', '#', '#', 'o']
['o', '#', '#', '*', '*', '#', 'o', 'o', 'o']
['#', '#', '*', '*', '*', '*', '#', 'o', '#']
['o', 'o', '#', '#', '*', '*', '#', '#', 'o']
['o', '#', '#', '#', '*', '#', '#', 'o', 'o']
Lungime intermediara drum: 4
Cost actual: 9
Timp gasire: 0.1313s
...........

-----------
AStar 2 (euristica banala):
Nr noduri calculate dupa aceasta solutie: 14134
Nr de noduri aflate in memorie dupa generarea acestei sol: 36624
1) Configuratie Initiala
['*', '*', '*', '*', '#', 'o', 'o', 'o', '#']
['#', '#', '*', '#', '#', '#', '#', '#', 'o']
['o', '#', '#', 'o', 'o', '#', 'o', 'o', 'o']
['#', '#', 'o', 'o', '#', 'o', '#', 'o', '#']
['o', 'o', '#', '#', '#', 'o', '#', '#', 'o']
['o', '#', '#', '#', 'o', '#', '#', 'o', 'o']
Lungime intermediara drum: 1
Cost actual: 0
Timp gasire: 0.0s
...........
2) Eliminam obstacolul de pe linia 2, coloana 4
['*', '*', '*', '*', '#', 'o', 'o', 'o', '#']
['#', '#', '*', '*', '#', '#', '#', '#', 'o']
['o', '#', '#', '*', '*', '#', 'o', 'o', 'o']
['#', '#', '*', '*', '#', 'o', '#', 'o', '#']
['o', 'o', '#', '#', '#', 'o', '#', '#', 'o']
['o', '#', '#', '#', 'o', '#', '#', 'o', 'o']
Lungime intermediara drum: 2
Cost actual: 3
Timp gasire: 0.00037s
...........
3) Eliminam obstacolul de pe linia 4, coloana 5
['*', '*', '*', '*', '#', 'o', 'o', 'o', '#']
['#', '#', '*', '*', '#', '#', '#', '#', 'o']
['o', '#', '#', '*', '*', '#', 'o', 'o', 'o']
['#', '#', '*', '*', '*', '*', '#', 'o', '#']
['o', 'o', '#', '#', '#', '*', '#', '#', 'o']
['o', '#', '#', '#', 'o', '#', '#', 'o', 'o']
Lungime intermediara drum: 3
Cost actual: 6
Timp gasire: 0.00887s
...........
4) Eliminam obstacolul de pe linia 6, coloana 6
['*', '*', '*', '*', '#', 'o', 'o', 'o', '#']
['#', '#', '*', '*', '#', '#', '#', '#', 'o']
['o', '#', '#', '*', '*', '#', 'o', 'o', 'o']
['#', '#', '*', '*', '*', '*', '#', 'o', '#']
['o', 'o', '#', '#', '#', '*', '#', '#', 'o']
['o', '#', '#', '#', '*', '*', '#', 'o', 'o']
Lungime intermediara drum: 4
Cost actual: 9
Timp gasire: 0.13116s
...........

-----------
AStar 3 (euristica banala):
Nr noduri calculate dupa aceasta solutie: 18051
Nr de noduri aflate in memorie dupa generarea acestei sol: 36624
1) Configuratie Initiala
['*', '*', '*', '*', '#', 'o', 'o', 'o', '#']
['#', '#', '*', '#', '#', '#', '#', '#', 'o']
['o', '#', '#', 'o', 'o', '#', 'o', 'o', 'o']
['#', '#', 'o', 'o', '#', 'o', '#', 'o', '#']
['o', 'o', '#', '#', '#', 'o', '#', '#', 'o']
['o', '#', '#', '#', 'o', '#', '#', 'o', 'o']
Lungime intermediara drum: 1
Cost actual: 0
Timp gasire: 0.0s
...........
2) Eliminam obstacolul de pe linia 1, coloana 5
['*', '*', '*', '*', '*', '*', '*', '*', '#']
['#', '#', '*', '#', '#', '#', '#', '#', 'o']
['o', '#', '#', 'o', 'o', '#', 'o', 'o', 'o']
['#', '#', 'o', 'o', '#', 'o', '#', 'o', '#']
['o', 'o', '#', '#', '#', 'o', '#', '#', 'o']
['o', '#', '#', '#', 'o', '#', '#', 'o', 'o']
Lungime intermediara drum: 2
Cost actual: 3
Timp gasire: 0.00025s
...........
3) Eliminam obstacolul de pe linia 1, coloana 9
['*', '*', '*', '*', '*', '*', '*', '*', '*']
['#', '#', '*', '#', '#', '#', '#', '#', '*']
['o', '#', '#', 'o', 'o', '#', '*', '*', '*']
['#', '#', 'o', 'o', '#', 'o', '#', '*', '#']
['o', 'o', '#', '#', '#', 'o', '#', '#', 'o']
['o', '#', '#', '#', 'o', '#', '#', 'o', 'o']
Lungime intermediara drum: 3
Cost actual: 4
Timp gasire: 0.00238s
...........
4) Eliminam obstacolul de pe linia 4, coloana 9
['*', '*', '*', '*', '*', '*', '*', '*', '*']
['#', '#', '*', '#', '#', '#', '#', '#', '*']
['o', '#', '#', 'o', 'o', '#', '*', '*', '*']
['#', '#', 'o', 'o', '#', 'o', '#', '*', '*']
['o', 'o', '#', '#', '#', 'o', '#', '#', '*']
['o', '#', '#', '#', 'o', '#', '#', '*', '*']
Lungime intermediara drum: 4
Cost actual: 5
Timp gasire: 0.0199s
...........
5) Eliminam obstacolul de pe linia 6, coloana 7
['*', '*', '*', '*', '*', '*', '*', '*', '*']
['#', '#', '*', '#', '#', '#', '#', '#', '*']
['o', '#', '#', 'o', 'o', '#', '*', '*', '*']
['#', '#', 'o', 'o', '#', 'o', '#', '*', '*']
['o', 'o', '#', '#', '#', 'o', '#', '#', '*']
['o', '#', '#', '#', 'o', '#', '*', '*', '*']
Lungime intermediara drum: 5
Cost actual: 8
Timp gasire: 0.06162s
...........
6) Eliminam obstacolul de pe linia 6, coloana 6
['*', '*', '*', '*', '*', '*', '*', '*', '*']
['#', '#', '*', '#', '#', '#', '#', '#', '*']
['o', '#', '#', 'o', 'o', '#', '*', '*', '*']
['#', '#', 'o', 'o', '#', '*', '#', '*', '*']
['o', 'o', '#', '#', '#', '*', '#', '#', '*']
['o', '#', '#', '#', '*', '*', '*', '*', '*']
Lungime intermediara drum: 6
Cost actual: 10
Timp gasire: 0.52148s
...........

-----------
AStar 4 (euristica banala):
Nr noduri calculate dupa aceasta solutie: 33472
Nr de noduri aflate in memorie dupa generarea acestei sol: 36624
1) Configuratie Initiala
['*', '*', '*', '*', '#', 'o', 'o', 'o', '#']
['#', '#', '*', '#', '#', '#', '#', '#', 'o']
['o', '#', '#', 'o', 'o', '#', 'o', 'o', 'o']
['#', '#', 'o', 'o', '#', 'o', '#', 'o', '#']
['o', 'o', '#', '#', '#', 'o', '#', '#', 'o']
['o', '#', '#', '#', 'o', '#', '#', 'o', 'o']
Lungime intermediara drum: 1
Cost actual: 0
Timp gasire: 0.0s
...........
2) Eliminam obstacolul de pe linia 1, coloana 5
['*', '*', '*', '*', '*', '*', '*', '*', '#']
['#', '#', '*', '#', '#', '#', '#', '#', 'o']
['o', '#', '#', 'o', 'o', '#', 'o', 'o', 'o']
['#', '#', 'o', 'o', '#', 'o', '#', 'o', '#']
['o', 'o', '#', '#', '#', 'o', '#', '#', 'o']
['o', '#', '#', '#', 'o', '#', '#', 'o', 'o']
Lungime intermediara drum: 2
Cost actual: 3
Timp gasire: 0.00025s
...........
3) Eliminam obstacolul de pe linia 1, coloana 9
['*', '*', '*', '*', '*', '*', '*', '*', '*']
['#', '#', '*', '#', '#', '#', '#', '#', '*']
['o', '#', '#', 'o', 'o', '#', '*', '*', '*']
['#', '#', 'o', 'o', '#', 'o', '#', '*', '#']
['o', 'o', '#', '#', '#', 'o', '#', '#', 'o']
['o', '#', '#', '#', 'o', '#', '#', 'o', 'o']
Lungime intermediara drum: 3
Cost actual: 4
Timp gasire: 0.00238s
...........
4) Eliminam obstacolul de pe linia 4, coloana 7
['*', '*', '*', '*', '*', '*', '*', '*', '*']
['#', '#', '*', '#', '#', '#', '#', '#', '*']
['o', '#', '#', 'o', 'o', '#', '*', '*', '*']
['#', '#', 'o', 'o', '#', '*', '*', '*', '#']
['o', 'o', '#', '#', '#', '*', '#', '#', 'o']
['o', '#', '#', '#', 'o', '#', '#', 'o', 'o']
Lungime intermediara drum: 4
Cost actual: 7
Timp gasire: 0.02102s
...........
5) Eliminam obstacolul de pe linia 6, coloana 6
['*', '*', '*', '*', '*', '*', '*', '*', '*']
['#', '#', '*', '#', '#', '#', '#', '#', '*']
['o', '#', '#', 'o', 'o', '#', '*', '*', '*']
['#', '#', 'o', 'o', '#', '*', '*', '*', '#']
['o', 'o', '#', '#', '#', '*', '#', '#', 'o']
['o', '#', '#', '#', '*', '*', '#', 'o', 'o']
Lungime intermediara drum: 5
Cost actual: 10
Timp gasire: 0.24486s
...........

-----------
AStar 5 (euristica banala):
Nr noduri calculate dupa aceasta solutie: 36624
Nr de noduri aflate in memorie dupa generarea acestei sol: 36624
1) Configuratie Initiala
['*', '*', '*', '*', '#', 'o', 'o', 'o', '#']
['#', '#', '*', '#', '#', '#', '#', '#', 'o']
['o', '#', '#', 'o', 'o', '#', 'o', 'o', 'o']
['#', '#', 'o', 'o', '#', 'o', '#', 'o', '#']
['o', 'o', '#', '#', '#', 'o', '#', '#', 'o']
['o', '#', '#', '#', 'o', '#', '#', 'o', 'o']
Lungime intermediara drum: 1
Cost actual: 0
Timp gasire: 0.0s
...........
2) Eliminam obstacolul de pe linia 3, coloana 3
['*', '*', '*', '*', '#', 'o', 'o', 'o', '#']
['#', '#', '*', '#', '#', '#', '#', '#', 'o']
['o', '#', '*', '*', '*', '#', 'o', 'o', 'o']
['#', '#', '*', '*', '#', 'o', '#', 'o', '#']
['o', 'o', '#', '#', '#', 'o', '#', '#', 'o']
['o', '#', '#', '#', 'o', '#', '#', 'o', 'o']
Lungime intermediara drum: 2
Cost actual: 4
Timp gasire: 0.00061s
...........
3) Eliminam obstacolul de pe linia 4, coloana 5
['*', '*', '*', '*', '#', 'o', 'o', 'o', '#']
['#', '#', '*', '#', '#', '#', '#', '#', 'o']
['o', '#', '*', '*', '*', '#', 'o', 'o', 'o']
['#', '#', '*', '*', '*', '*', '#', 'o', '#']
['o', 'o', '#', '#', '#', '*', '#', '#', 'o']
['o', '#', '#', '#', 'o', '#', '#', 'o', 'o']
Lungime intermediara drum: 3
Cost actual: 7
Timp gasire: 0.01293s
...........
4) Eliminam obstacolul de pe linia 5, coloana 5
['*', '*', '*', '*', '#', 'o', 'o', 'o', '#']
['#', '#', '*', '#', '#', '#', '#', '#', 'o']
['o', '#', '*', '*', '*', '#', 'o', 'o', 'o']
['#', '#', '*', '*', '*', '*', '#', 'o', '#']
['o', 'o', '#', '#', '*', '*', '#', '#', 'o']
['o', '#', '#', '#', '*', '#', '#', 'o', 'o']
Lungime intermediara drum: 4
Cost actual: 10
Timp gasire: 0.35153s
...........
===========
...........
===========

-----------
AStar 1 (euristica urmatorul_pas):
Nr noduri calculate dupa aceasta solutie: 5113
Nr de noduri aflate in memorie dupa generarea acestei sol: 82745
1) Configuratie Initiala
['*', '*', '*', '*', '#', 'o', 'o', 'o', '#']
['#', '#', '*', '#', '#', '#', '#', '#', 'o']
['o', '#', '#', 'o', 'o', '#', 'o', 'o', 'o']
['#', '#', 'o', 'o', '#', 'o', '#', 'o', '#']
['o', 'o', '#', '#', '#', 'o', '#', '#', 'o']
['o', '#', '#', '#', 'o', '#', '#', 'o', 'o']
Lungime intermediara drum: 1
Cost actual: 0
Timp gasire: 0.0s
...........
2) Eliminam obstacolul de pe linia 2, coloana 4
['*', '*', '*', '*', '#', 'o', 'o', 'o', '#']
['#', '#', '*', '*', '#', '#', '#', '#', 'o']
['o', '#', '#', '*', '*', '#', 'o', 'o', 'o']
['#', '#', '*', '*', '#', 'o', '#', 'o', '#']
['o', 'o', '#', '#', '#', 'o', '#', '#', 'o']
['o', '#', '#', '#', 'o', '#', '#', 'o', 'o']
Lungime intermediara drum: 2
Cost actual: 3
Timp gasire: 0.00037s
...........
3) Eliminam obstacolul de pe linia 4, coloana 5
['*', '*', '*', '*', '#', 'o', 'o', 'o', '#']
['#', '#', '*', '*', '#', '#', '#', '#', 'o']
['o', '#', '#', '*', '*', '#', 'o', 'o', 'o']
['#', '#', '*', '*', '*', '*', '#', 'o', '#']
['o', 'o', '#', '#', '#', '*', '#', '#', 'o']
['o', '#', '#', '#', 'o', '#', '#', 'o', 'o']
Lungime intermediara drum: 3
Cost actual: 6
Timp gasire: 0.00887s
...........
4) Eliminam obstacolul de pe linia 5, coloana 5
['*', '*', '*', '*', '#', 'o', 'o', 'o', '#']
['#', '#', '*', '*', '#', '#', '#', '#', 'o']
['o', '#', '#', '*', '*', '#', 'o', 'o', 'o']
['#', '#', '*', '*', '*', '*', '#', 'o', '#']
['o', 'o', '#', '#', '*', '*', '#', '#', 'o']
['o', '#', '#', '#', '*', '#', '#', 'o', 'o']
Lungime intermediara drum: 4
Cost actual: 9
Timp gasire: 0.1313s
...........

-----------
AStar 2 (euristica urmatorul_pas):
Nr noduri calculate dupa aceasta solutie: 5113
Nr de noduri aflate in memorie dupa generarea acestei sol: 82745
1) Configuratie Initiala
['*', '*', '*', '*', '#', 'o', 'o', 'o', '#']
['#', '#', '*', '#', '#', '#', '#', '#', 'o']
['o', '#', '#', 'o', 'o', '#', 'o', 'o', 'o']
['#', '#', 'o', 'o', '#', 'o', '#', 'o', '#']
['o', 'o', '#', '#', '#', 'o', '#', '#', 'o']
['o', '#', '#', '#', 'o', '#', '#', 'o', 'o']
Lungime intermediara drum: 1
Cost actual: 0
Timp gasire: 0.0s
...........
2) Eliminam obstacolul de pe linia 2, coloana 4
['*', '*', '*', '*', '#', 'o', 'o', 'o', '#']
['#', '#', '*', '*', '#', '#', '#', '#', 'o']
['o', '#', '#', '*', '*', '#', 'o', 'o', 'o']
['#', '#', '*', '*', '#', 'o', '#', 'o', '#']
['o', 'o', '#', '#', '#', 'o', '#', '#', 'o']
['o', '#', '#', '#', 'o', '#', '#', 'o', 'o']
Lungime intermediara drum: 2
Cost actual: 3
Timp gasire: 0.00037s
...........
3) Eliminam obstacolul de pe linia 4, coloana 5
['*', '*', '*', '*', '#', 'o', 'o', 'o', '#']
['#', '#', '*', '*', '#', '#', '#', '#', 'o']
['o', '#', '#', '*', '*', '#', 'o', 'o', 'o']
['#', '#', '*', '*', '*', '*', '#', 'o', '#']
['o', 'o', '#', '#', '#', '*', '#', '#', 'o']
['o', '#', '#', '#', 'o', '#', '#', 'o', 'o']
Lungime intermediara drum: 3
Cost actual: 6
Timp gasire: 0.00887s
...........
4) Eliminam obstacolul de pe linia 6, coloana 6
['*', '*', '*', '*', '#', 'o', 'o', 'o', '#']
['#', '#', '*', '*', '#', '#', '#', '#', 'o']
['o', '#', '#', '*', '*', '#', 'o', 'o', 'o']
['#', '#', '*', '*', '*', '*', '#', 'o', '#']
['o', 'o', '#', '#', '#', '*', '#', '#', 'o']
['o', '#', '#', '#', '*', '*', '#', 'o', 'o']
Lungime intermediara drum: 4
Cost actual: 9
Timp gasire: 0.13116s
...........

-----------
AStar 3 (euristica urmatorul_pas):
Nr noduri calculate dupa aceasta solutie: 15353
Nr de noduri aflate in memorie dupa generarea acestei sol: 214349
1) Configuratie Initiala
['*', '*', '*', '*', '#', 'o', 'o', 'o', '#']
['#', '#', '*', '#', '#', '#', '#', '#', 'o']
['o', '#', '#', 'o', 'o', '#', 'o', 'o', 'o']
['#', '#', 'o', 'o', '#', 'o', '#', 'o', '#']
['o', 'o', '#', '#', '#', 'o', '#', '#', 'o']
['o', '#', '#', '#', 'o', '#', '#', 'o', 'o']
Lungime intermediara drum: 1
Cost actual: 0
Timp gasire: 0.0s
...........
2) Eliminam obstacolul de pe linia 3, coloana 3
['*', '*', '*', '*', '#', 'o', 'o', 'o', '#']
['#', '#', '*', '#', '#', '#', '#', '#', 'o']
['o', '#', '*', '*', '*', '#', 'o', 'o', 'o']
['#', '#', '*', '*', '#', 'o', '#', 'o', '#']
['o', 'o', '#', '#', '#', 'o', '#', '#', 'o']
['o', '#', '#', '#', 'o', '#', '#', 'o', 'o']
Lungime intermediara drum: 2
Cost actual: 4
Timp gasire: 0.00061s
...........
3) Eliminam obstacolul de pe linia 4, coloana 5
['*', '*', '*', '*', '#', 'o', 'o', 'o', '#']
['#', '#', '*', '#', '#', '#', '#', '#', 'o']
['o', '#', '*', '*', '*', '#', 'o', 'o', 'o']
['#', '#', '*', '*', '*', '*', '#', 'o', '#']
['o', 'o', '#', '#', '#', '*', '#', '#', 'o']
['o', '#', '#', '#', 'o', '#', '#', 'o', 'o']
Lungime intermediara drum: 3
Cost actual: 7
Timp gasire: 0.01293s
...........
4) Eliminam obstacolul de pe linia 5, coloana 5
['*', '*', '*', '*', '#', 'o', 'o', 'o', '#']
['#', '#', '*', '#', '#', '#', '#', '#', 'o']
['o', '#', '*', '*', '*', '#', 'o', 'o', 'o']
['#', '#', '*', '*', '*', '*', '#', 'o', '#']
['o', 'o', '#', '#', '*', '*', '#', '#', 'o']
['o', '#', '#', '#', '*', '#', '#', 'o', 'o']
Lungime intermediara drum: 4
Cost actual: 10
Timp gasire: 0.35153s
...........

-----------
AStar 4 (euristica urmatorul_pas):
Nr noduri calculate dupa aceasta solutie: 15353
Nr de noduri aflate in memorie dupa generarea acestei sol: 214349
1) Configuratie Initiala
['*', '*', '*', '*', '#', 'o', 'o', 'o', '#']
['#', '#', '*', '#', '#', '#', '#', '#', 'o']
['o', '#', '#', 'o', 'o', '#', 'o', 'o', 'o']
['#', '#', 'o', 'o', '#', 'o', '#', 'o', '#']
['o', 'o', '#', '#', '#', 'o', '#', '#', 'o']
['o', '#', '#', '#', 'o', '#', '#', 'o', 'o']
Lungime intermediara drum: 1
Cost actual: 0
Timp gasire: 0.0s
...........
2) Eliminam obstacolul de pe linia 3, coloana 3
['*', '*', '*', '*', '#', 'o', 'o', 'o', '#']
['#', '#', '*', '#', '#', '#', '#', '#', 'o']
['o', '#', '*', '*', '*', '#', 'o', 'o', 'o']
['#', '#', '*', '*', '#', 'o', '#', 'o', '#']
['o', 'o', '#', '#', '#', 'o', '#', '#', 'o']
['o', '#', '#', '#', 'o', '#', '#', 'o', 'o']
Lungime intermediara drum: 2
Cost actual: 4
Timp gasire: 0.00061s
...........
3) Eliminam obstacolul de pe linia 4, coloana 5
['*', '*', '*', '*', '#', 'o', 'o', 'o', '#']
['#', '#', '*', '#', '#', '#', '#', '#', 'o']
['o', '#', '*', '*', '*', '#', 'o', 'o', 'o']
['#', '#', '*', '*', '*', '*', '#', 'o', '#']
['o', 'o', '#', '#', '#', '*', '#', '#', 'o']
['o', '#', '#', '#', 'o', '#', '#', 'o', 'o']
Lungime intermediara drum: 3
Cost actual: 7
Timp gasire: 0.01293s
...........
4) Eliminam obstacolul de pe linia 6, coloana 6
['*', '*', '*', '*', '#', 'o', 'o', 'o', '#']
['#', '#', '*', '#', '#', '#', '#', '#', 'o']
['o', '#', '*', '*', '*', '#', 'o', 'o', 'o']
['#', '#', '*', '*', '*', '*', '#', 'o', '#']
['o', 'o', '#', '#', '#', '*', '#', '#', 'o']
['o', '#', '#', '#', '*', '*', '#', 'o', 'o']
Lungime intermediara drum: 4
Cost actual: 10
Timp gasire: 0.35143s
...........

-----------
AStar 5 (euristica urmatorul_pas):
Nr noduri calculate dupa aceasta solutie: 17209
Nr de noduri aflate in memorie dupa generarea acestei sol: 239530
1) Configuratie Initiala
['*', '*', '*', '*', '#', 'o', 'o', 'o', '#']
['#', '#', '*', '#', '#', '#', '#', '#', 'o']
['o', '#', '#', 'o', 'o', '#', 'o', 'o', 'o']
['#', '#', 'o', 'o', '#', 'o', '#', 'o', '#']
['o', 'o', '#', '#', '#', 'o', '#', '#', 'o']
['o', '#', '#', '#', 'o', '#', '#', 'o', 'o']
Lungime intermediara drum: 1
Cost actual: 0
Timp gasire: 0.0s
...........
2) Eliminam obstacolul de pe linia 1, coloana 5
['*', '*', '*', '*', '*', '*', '*', '*', '#']
['#', '#', '*', '#', '#', '#', '#', '#', 'o']
['o', '#', '#', 'o', 'o', '#', 'o', 'o', 'o']
['#', '#', 'o', 'o', '#', 'o', '#', 'o', '#']
['o', 'o', '#', '#', '#', 'o', '#', '#', 'o']
['o', '#', '#', '#', 'o', '#', '#', 'o', 'o']
Lungime intermediara drum: 2
Cost actual: 3
Timp gasire: 0.00025s
...........
3) Eliminam obstacolul de pe linia 1, coloana 9
['*', '*', '*', '*', '*', '*', '*', '*', '*']
['#', '#', '*', '#', '#', '#', '#', '#', '*']
['o', '#', '#', 'o', 'o', '#', '*', '*', '*']
['#', '#', 'o', 'o', '#', 'o', '#', '*', '#']
['o', 'o', '#', '#', '#', 'o', '#', '#', 'o']
['o', '#', '#', '#', 'o', '#', '#', 'o', 'o']
Lungime intermediara drum: 3
Cost actual: 4
Timp gasire: 0.00238s
...........
4) Eliminam obstacolul de pe linia 4, coloana 7
['*', '*', '*', '*', '*', '*', '*', '*', '*']
['#', '#', '*', '#', '#', '#', '#', '#', '*']
['o', '#', '#', 'o', 'o', '#', '*', '*', '*']
['#', '#', 'o', 'o', '#', '*', '*', '*', '#']
['o', 'o', '#', '#', '#', '*', '#', '#', 'o']
['o', '#', '#', '#', 'o', '#', '#', 'o', 'o']
Lungime intermediara drum: 4
Cost actual: 7
Timp gasire: 0.02102s
...........
5) Eliminam obstacolul de pe linia 6, coloana 6
['*', '*', '*', '*', '*', '*', '*', '*', '*']
['#', '#', '*', '#', '#', '#', '#', '#', '*']
['o', '#', '#', 'o', 'o', '#', '*', '*', '*']
['#', '#', 'o', 'o', '#', '*', '*', '*', '#']
['o', 'o', '#', '#', '#', '*', '#', '#', 'o']
['o', '#', '#', '#', '*', '*', '#', 'o', 'o']
Lungime intermediara drum: 5
Cost actual: 10
Timp gasire: 0.24486s
...........
===========
...........
===========

-----------
AStar 1 (euristica peste_2_pasi):
Nr noduri calculate dupa aceasta solutie: 1181
Nr de noduri aflate in memorie dupa generarea acestei sol: 348303
1) Configuratie Initiala
['*', '*', '*', '*', '#', 'o', 'o', 'o', '#']
['#', '#', '*', '#', '#', '#', '#', '#', 'o']
['o', '#', '#', 'o', 'o', '#', 'o', 'o', 'o']
['#', '#', 'o', 'o', '#', 'o', '#', 'o', '#']
['o', 'o', '#', '#', '#', 'o', '#', '#', 'o']
['o', '#', '#', '#', 'o', '#', '#', 'o', 'o']
Lungime intermediara drum: 1
Cost actual: 0
Timp gasire: 0.0s
...........
2) Eliminam obstacolul de pe linia 2, coloana 4
['*', '*', '*', '*', '#', 'o', 'o', 'o', '#']
['#', '#', '*', '*', '#', '#', '#', '#', 'o']
['o', '#', '#', '*', '*', '#', 'o', 'o', 'o']
['#', '#', '*', '*', '#', 'o', '#', 'o', '#']
['o', 'o', '#', '#', '#', 'o', '#', '#', 'o']
['o', '#', '#', '#', 'o', '#', '#', 'o', 'o']
Lungime intermediara drum: 2
Cost actual: 3
Timp gasire: 0.00037s
...........
3) Eliminam obstacolul de pe linia 4, coloana 5
['*', '*', '*', '*', '#', 'o', 'o', 'o', '#']
['#', '#', '*', '*', '#', '#', '#', '#', 'o']
['o', '#', '#', '*', '*', '#', 'o', 'o', 'o']
['#', '#', '*', '*', '*', '*', '#', 'o', '#']
['o', 'o', '#', '#', '#', '*', '#', '#', 'o']
['o', '#', '#', '#', 'o', '#', '#', 'o', 'o']
Lungime intermediara drum: 3
Cost actual: 6
Timp gasire: 0.00887s
...........
4) Eliminam obstacolul de pe linia 6, coloana 6
['*', '*', '*', '*', '#', 'o', 'o', 'o', '#']
['#', '#', '*', '*', '#', '#', '#', '#', 'o']
['o', '#', '#', '*', '*', '#', 'o', 'o', 'o']
['#', '#', '*', '*', '*', '*', '#', 'o', '#']
['o', 'o', '#', '#', '#', '*', '#', '#', 'o']
['o', '#', '#', '#', '*', '*', '#', 'o', 'o']
Lungime intermediara drum: 4
Cost actual: 9
Timp gasire: 0.13116s
...........

-----------
AStar 2 (euristica peste_2_pasi):
Nr noduri calculate dupa aceasta solutie: 1181
Nr de noduri aflate in memorie dupa generarea acestei sol: 348303
1) Configuratie Initiala
['*', '*', '*', '*', '#', 'o', 'o', 'o', '#']
['#', '#', '*', '#', '#', '#', '#', '#', 'o']
['o', '#', '#', 'o', 'o', '#', 'o', 'o', 'o']
['#', '#', 'o', 'o', '#', 'o', '#', 'o', '#']
['o', 'o', '#', '#', '#', 'o', '#', '#', 'o']
['o', '#', '#', '#', 'o', '#', '#', 'o', 'o']
Lungime intermediara drum: 1
Cost actual: 0
Timp gasire: 0.0s
...........
2) Eliminam obstacolul de pe linia 2, coloana 4
['*', '*', '*', '*', '#', 'o', 'o', 'o', '#']
['#', '#', '*', '*', '#', '#', '#', '#', 'o']
['o', '#', '#', '*', '*', '#', 'o', 'o', 'o']
['#', '#', '*', '*', '#', 'o', '#', 'o', '#']
['o', 'o', '#', '#', '#', 'o', '#', '#', 'o']
['o', '#', '#', '#', 'o', '#', '#', 'o', 'o']
Lungime intermediara drum: 2
Cost actual: 3
Timp gasire: 0.00037s
...........
3) Eliminam obstacolul de pe linia 4, coloana 5
['*', '*', '*', '*', '#', 'o', 'o', 'o', '#']
['#', '#', '*', '*', '#', '#', '#', '#', 'o']
['o', '#', '#', '*', '*', '#', 'o', 'o', 'o']
['#', '#', '*', '*', '*', '*', '#', 'o', '#']
['o', 'o', '#', '#', '#', '*', '#', '#', 'o']
['o', '#', '#', '#', 'o', '#', '#', 'o', 'o']
Lungime intermediara drum: 3
Cost actual: 6
Timp gasire: 0.00887s
...........
4) Eliminam obstacolul de pe linia 5, coloana 5
['*', '*', '*', '*', '#', 'o', 'o', 'o', '#']
['#', '#', '*', '*', '#', '#', '#', '#', 'o']
['o', '#', '#', '*', '*', '#', 'o', 'o', 'o']
['#', '#', '*', '*', '*', '*', '#', 'o', '#']
['o', 'o', '#', '#', '*', '*', '#', '#', 'o']
['o', '#', '#', '#', '*', '#', '#', 'o', 'o']
Lungime intermediara drum: 4
Cost actual: 9
Timp gasire: 0.1313s
...........
Timeout...
===========
...........
===========

-----------
AStar 1 (euristica distanta_manhattan_neadmisibila):
Nr noduri calculate dupa aceasta solutie: 62
Nr de noduri aflate in memorie dupa generarea acestei sol: 739033
1) Configuratie Initiala
['*', '*', '*', '*', '#', 'o', 'o', 'o', '#']
['#', '#', '*', '#', '#', '#', '#', '#', 'o']
['o', '#', '#', 'o', 'o', '#', 'o', 'o', 'o']
['#', '#', 'o', 'o', '#', 'o', '#', 'o', '#']
['o', 'o', '#', '#', '#', 'o', '#', '#', 'o']
['o', '#', '#', '#', 'o', '#', '#', 'o', 'o']
Lungime intermediara drum: 1
Cost actual: 0
Timp gasire: 0.0s
...........
2) Eliminam obstacolul de pe linia 2, coloana 4
['*', '*', '*', '*', '#', 'o', 'o', 'o', '#']
['#', '#', '*', '*', '#', '#', '#', '#', 'o']
['o', '#', '#', '*', '*', '#', 'o', 'o', 'o']
['#', '#', '*', '*', '#', 'o', '#', 'o', '#']
['o', 'o', '#', '#', '#', 'o', '#', '#', 'o']
['o', '#', '#', '#', 'o', '#', '#', 'o', 'o']
Lungime intermediara drum: 2
Cost actual: 3
Timp gasire: 0.00037s
...........
3) Eliminam obstacolul de pe linia 4, coloana 5
['*', '*', '*', '*', '#', 'o', 'o', 'o', '#']
['#', '#', '*', '*', '#', '#', '#', '#', 'o']
['o', '#', '#', '*', '*', '#', 'o', 'o', 'o']
['#', '#', '*', '*', '*', '*', '#', 'o', '#']
['o', 'o', '#', '#', '#', '*', '#', '#', 'o']
['o', '#', '#', '#', 'o', '#', '#', 'o', 'o']
Lungime intermediara drum: 3
Cost actual: 6
Timp gasire: 0.00887s
...........
4) Eliminam obstacolul de pe linia 5, coloana 5
['*', '*', '*', '*', '#', 'o', 'o', 'o', '#']
['#', '#', '*', '*', '#', '#', '#', '#', 'o']
['o', '#', '#', '*', '*', '#', 'o', 'o', 'o']
['#', '#', '*', '*', '*', '*', '#', 'o', '#']
['o', 'o', '#', '#', '*', '*', '#', '#', 'o']
['o', '#', '#', '#', '*', '#', '#', 'o', 'o']
Lungime intermediara drum: 4
Cost actual: 9
Timp gasire: 0.1313s
...........

-----------
AStar 2 (euristica distanta_manhattan_neadmisibila):
Nr noduri calculate dupa aceasta solutie: 62
Nr de noduri aflate in memorie dupa generarea acestei sol: 739033
1) Configuratie Initiala
['*', '*', '*', '*', '#', 'o', 'o', 'o', '#']
['#', '#', '*', '#', '#', '#', '#', '#', 'o']
['o', '#', '#', 'o', 'o', '#', 'o', 'o', 'o']
['#', '#', 'o', 'o', '#', 'o', '#', 'o', '#']
['o', 'o', '#', '#', '#', 'o', '#', '#', 'o']
['o', '#', '#', '#', 'o', '#', '#', 'o', 'o']
Lungime intermediara drum: 1
Cost actual: 0
Timp gasire: 0.0s
...........
2) Eliminam obstacolul de pe linia 2, coloana 4
['*', '*', '*', '*', '#', 'o', 'o', 'o', '#']
['#', '#', '*', '*', '#', '#', '#', '#', 'o']
['o', '#', '#', '*', '*', '#', 'o', 'o', 'o']
['#', '#', '*', '*', '#', 'o', '#', 'o', '#']
['o', 'o', '#', '#', '#', 'o', '#', '#', 'o']
['o', '#', '#', '#', 'o', '#', '#', 'o', 'o']
Lungime intermediara drum: 2
Cost actual: 3
Timp gasire: 0.00037s
...........
3) Eliminam obstacolul de pe linia 4, coloana 5
['*', '*', '*', '*', '#', 'o', 'o', 'o', '#']
['#', '#', '*', '*', '#', '#', '#', '#', 'o']
['o', '#', '#', '*', '*', '#', 'o', 'o', 'o']
['#', '#', '*', '*', '*', '*', '#', 'o', '#']
['o', 'o', '#', '#', '#', '*', '#', '#', 'o']
['o', '#', '#', '#', 'o', '#', '#', 'o', 'o']
Lungime intermediara drum: 3
Cost actual: 6
Timp gasire: 0.00887s
...........
4) Eliminam obstacolul de pe linia 6, coloana 6
['*', '*', '*', '*', '#', 'o', 'o', 'o', '#']
['#', '#', '*', '*', '#', '#', '#', '#', 'o']
['o', '#', '#', '*', '*', '#', 'o', 'o', 'o']
['#', '#', '*', '*', '*', '*', '#', 'o', '#']
['o', 'o', '#', '#', '#', '*', '#', '#', 'o']
['o', '#', '#', '#', '*', '*', '#', 'o', 'o']
Lungime intermediara drum: 4
Cost actual: 9
Timp gasire: 0.13116s
...........

-----------
AStar 3 (euristica distanta_manhattan_neadmisibila):
Nr noduri calculate dupa aceasta solutie: 216
Nr de noduri aflate in memorie dupa generarea acestei sol: 739033
1) Configuratie Initiala
['*', '*', '*', '*', '#', 'o', 'o', 'o', '#']
['#', '#', '*', '#', '#', '#', '#', '#', 'o']
['o', '#', '#', 'o', 'o', '#', 'o', 'o', 'o']
['#', '#', 'o', 'o', '#', 'o', '#', 'o', '#']
['o', 'o', '#', '#', '#', 'o', '#', '#', 'o']
['o', '#', '#', '#', 'o', '#', '#', 'o', 'o']
Lungime intermediara drum: 1
Cost actual: 0
Timp gasire: 0.0s
...........
2) Eliminam obstacolul de pe linia 3, coloana 3
['*', '*', '*', '*', '#', 'o', 'o', 'o', '#']
['#', '#', '*', '#', '#', '#', '#', '#', 'o']
['o', '#', '*', '*', '*', '#', 'o', 'o', 'o']
['#', '#', '*', '*', '#', 'o', '#', 'o', '#']
['o', 'o', '#', '#', '#', 'o', '#', '#', 'o']
['o', '#', '#', '#', 'o', '#', '#', 'o', 'o']
Lungime intermediara drum: 2
Cost actual: 4
Timp gasire: 0.00061s
...........
3) Eliminam obstacolul de pe linia 4, coloana 5
['*', '*', '*', '*', '#', 'o', 'o', 'o', '#']
['#', '#', '*', '#', '#', '#', '#', '#', 'o']
['o', '#', '*', '*', '*', '#', 'o', 'o', 'o']
['#', '#', '*', '*', '*', '*', '#', 'o', '#']
['o', 'o', '#', '#', '#', '*', '#', '#', 'o']
['o', '#', '#', '#', 'o', '#', '#', 'o', 'o']
Lungime intermediara drum: 3
Cost actual: 7
Timp gasire: 0.01293s
...........
4) Eliminam obstacolul de pe linia 6, coloana 6
['*', '*', '*', '*', '#', 'o', 'o', 'o', '#']
['#', '#', '*', '#', '#', '#', '#', '#', 'o']
['o', '#', '*', '*', '*', '#', 'o', 'o', 'o']
['#', '#', '*', '*', '*', '*', '#', 'o', '#']
['o', 'o', '#', '#', '#', '*', '#', '#', 'o']
['o', '#', '#', '#', '*', '*', '#', 'o', 'o']
Lungime intermediara drum: 4
Cost actual: 10
Timp gasire: 0.35143s
...........

-----------
AStar 4 (euristica distanta_manhattan_neadmisibila):
Nr noduri calculate dupa aceasta solutie: 216
Nr de noduri aflate in memorie dupa generarea acestei sol: 739033
1) Configuratie Initiala
['*', '*', '*', '*', '#', 'o', 'o', 'o', '#']
['#', '#', '*', '#', '#', '#', '#', '#', 'o']
['o', '#', '#', 'o', 'o', '#', 'o', 'o', 'o']
['#', '#', 'o', 'o', '#', 'o', '#', 'o', '#']
['o', 'o', '#', '#', '#', 'o', '#', '#', 'o']
['o', '#', '#', '#', 'o', '#', '#', 'o', 'o']
Lungime intermediara drum: 1
Cost actual: 0
Timp gasire: 0.0s
...........
2) Eliminam obstacolul de pe linia 3, coloana 3
['*', '*', '*', '*', '#', 'o', 'o', 'o', '#']
['#', '#', '*', '#', '#', '#', '#', '#', 'o']
['o', '#', '*', '*', '*', '#', 'o', 'o', 'o']
['#', '#', '*', '*', '#', 'o', '#', 'o', '#']
['o', 'o', '#', '#', '#', 'o', '#', '#', 'o']
['o', '#', '#', '#', 'o', '#', '#', 'o', 'o']
Lungime intermediara drum: 2
Cost actual: 4
Timp gasire: 0.00061s
...........
3) Eliminam obstacolul de pe linia 4, coloana 5
['*', '*', '*', '*', '#', 'o', 'o', 'o', '#']
['#', '#', '*', '#', '#', '#', '#', '#', 'o']
['o', '#', '*', '*', '*', '#', 'o', 'o', 'o']
['#', '#', '*', '*', '*', '*', '#', 'o', '#']
['o', 'o', '#', '#', '#', '*', '#', '#', 'o']
['o', '#', '#', '#', 'o', '#', '#', 'o', 'o']
Lungime intermediara drum: 3
Cost actual: 7
Timp gasire: 0.01293s
...........
4) Eliminam obstacolul de pe linia 5, coloana 5
['*', '*', '*', '*', '#', 'o', 'o', 'o', '#']
['#', '#', '*', '#', '#', '#', '#', '#', 'o']
['o', '#', '*', '*', '*', '#', 'o', 'o', 'o']
['#', '#', '*', '*', '*', '*', '#', 'o', '#']
['o', 'o', '#', '#', '*', '*', '#', '#', 'o']
['o', '#', '#', '#', '*', '#', '#', 'o', 'o']
Lungime intermediara drum: 4
Cost actual: 10
Timp gasire: 0.35153s
...........

-----------
AStar 5 (euristica distanta_manhattan_neadmisibila):
Nr noduri calculate dupa aceasta solutie: 441
Nr de noduri aflate in memorie dupa generarea acestei sol: 739033
1) Configuratie Initiala
['*', '*', '*', '*', '#', 'o', 'o', 'o', '#']
['#', '#', '*', '#', '#', '#', '#', '#', 'o']
['o', '#', '#', 'o', 'o', '#', 'o', 'o', 'o']
['#', '#', 'o', 'o', '#', 'o', '#', 'o', '#']
['o', 'o', '#', '#', '#', 'o', '#', '#', 'o']
['o', '#', '#', '#', 'o', '#', '#', 'o', 'o']
Lungime intermediara drum: 1
Cost actual: 0
Timp gasire: 0.0s
...........
2) Eliminam obstacolul de pe linia 1, coloana 5
['*', '*', '*', '*', '*', '*', '*', '*', '#']
['#', '#', '*', '#', '#', '#', '#', '#', 'o']
['o', '#', '#', 'o', 'o', '#', 'o', 'o', 'o']
['#', '#', 'o', 'o', '#', 'o', '#', 'o', '#']
['o', 'o', '#', '#', '#', 'o', '#', '#', 'o']
['o', '#', '#', '#', 'o', '#', '#', 'o', 'o']
Lungime intermediara drum: 2
Cost actual: 3
Timp gasire: 0.00025s
...........
3) Eliminam obstacolul de pe linia 2, coloana 4
['*', '*', '*', '*', '*', '*', '*', '*', '#']
['#', '#', '*', '*', '#', '#', '#', '#', 'o']
['o', '#', '#', '*', '*', '#', 'o', 'o', 'o']
['#', '#', '*', '*', '#', 'o', '#', 'o', '#']
['o', 'o', '#', '#', '#', 'o', '#', '#', 'o']
['o', '#', '#', '#', 'o', '#', '#', 'o', 'o']
Lungime intermediara drum: 3
Cost actual: 5
Timp gasire: 0.00292s
...........
4) Eliminam obstacolul de pe linia 4, coloana 5
['*', '*', '*', '*', '*', '*', '*', '*', '#']
['#', '#', '*', '*', '#', '#', '#', '#', 'o']
['o', '#', '#', '*', '*', '#', 'o', 'o', 'o']
['#', '#', '*', '*', '*', '*', '#', 'o', '#']
['o', 'o', '#', '#', '#', '*', '#', '#', 'o']
['o', '#', '#', '#', 'o', '#', '#', 'o', 'o']
Lungime intermediara drum: 4
Cost actual: 8
Timp gasire: 0.03098s
...........
5) Eliminam obstacolul de pe linia 6, coloana 6
['*', '*', '*', '*', '*', '*', '*', '*', '#']
['#', '#', '*', '*', '#', '#', '#', '#', 'o']
['o', '#', '#', '*', '*', '#', 'o', 'o', 'o']
['#', '#', '*', '*', '*', '*', '#', 'o', '#']
['o', 'o', '#', '#', '#', '*', '#', '#', 'o']
['o', '#', '#', '#', '*', '*', '#', 'o', 'o']
Lungime intermediara drum: 5
Cost actual: 11
Timp gasire: 0.91295s
...........
===========
...........
===========

-----------
AStar Optim (euristica banala):
Nr noduri calculate dupa aceasta solutie: 2040
Nr de noduri aflate in memorie dupa generarea acestei sol: 739033
1) Configuratie Initiala
['*', '*', '*', '*', '#', 'o', 'o', 'o', '#']
['#', '#', '*', '#', '#', '#', '#', '#', 'o']
['o', '#', '#', 'o', 'o', '#', 'o', 'o', 'o']
['#', '#', 'o', 'o', '#', 'o', '#', 'o', '#']
['o', 'o', '#', '#', '#', 'o', '#', '#', 'o']
['o', '#', '#', '#', 'o', '#', '#', 'o', 'o']
Lungime intermediara drum: 1
Cost actual: 0
Timp gasire: 0.0s
...........
2) Eliminam obstacolul de pe linia 2, coloana 4
['*', '*', '*', '*', '#', 'o', 'o', 'o', '#']
['#', '#', '*', '*', '#', '#', '#', '#', 'o']
['o', '#', '#', '*', '*', '#', 'o', 'o', 'o']
['#', '#', '*', '*', '#', 'o', '#', 'o', '#']
['o', 'o', '#', '#', '#', 'o', '#', '#', 'o']
['o', '#', '#', '#', 'o', '#', '#', 'o', 'o']
Lungime intermediara drum: 2
Cost actual: 3
Timp gasire: 0.00037s
...........
3) Eliminam obstacolul de pe linia 4, coloana 5
['*', '*', '*', '*', '#', 'o', 'o', 'o', '#']
['#', '#', '*', '*', '#', '#', '#', '#', 'o']
['o', '#', '#', '*', '*', '#', 'o', 'o', 'o']
['#', '#', '*', '*', '*', '*', '#', 'o', '#']
['o', 'o', '#', '#', '#', '*', '#', '#', 'o']
['o', '#', '#', '#', 'o', '#', '#', 'o', 'o']
Lungime intermediara drum: 3
Cost actual: 6
Timp gasire: 0.00887s
...........
4) Eliminam obstacolul de pe linia 5, coloana 5
['*', '*', '*', '*', '#', 'o', 'o', 'o', '#']
['#', '#', '*', '*', '#', '#', '#', '#', 'o']
['o', '#', '#', '*', '*', '#', 'o', 'o', 'o']
['#', '#', '*', '*', '*', '*', '#', 'o', '#']
['o', 'o', '#', '#', '*', '*', '#', '#', 'o']
['o', '#', '#', '#', '*', '#', '#', 'o', 'o']
Lungime intermediara drum: 4
Cost actual: 9
Timp gasire: 0.1313s
...........
===========
...........
===========

-----------
AStar Optim (euristica urmatorul_pas):
Nr noduri calculate dupa aceasta solutie: 1225
Nr de noduri aflate in memorie dupa generarea acestei sol: 739033
1) Configuratie Initiala
['*', '*', '*', '*', '#', 'o', 'o', 'o', '#']
['#', '#', '*', '#', '#', '#', '#', '#', 'o']
['o', '#', '#', 'o', 'o', '#', 'o', 'o', 'o']
['#', '#', 'o', 'o', '#', 'o', '#', 'o', '#']
['o', 'o', '#', '#', '#', 'o', '#', '#', 'o']
['o', '#', '#', '#', 'o', '#', '#', 'o', 'o']
Lungime intermediara drum: 1
Cost actual: 0
Timp gasire: 0.0s
...........
2) Eliminam obstacolul de pe linia 2, coloana 4
['*', '*', '*', '*', '#', 'o', 'o', 'o', '#']
['#', '#', '*', '*', '#', '#', '#', '#', 'o']
['o', '#', '#', '*', '*', '#', 'o', 'o', 'o']
['#', '#', '*', '*', '#', 'o', '#', 'o', '#']
['o', 'o', '#', '#', '#', 'o', '#', '#', 'o']
['o', '#', '#', '#', 'o', '#', '#', 'o', 'o']
Lungime intermediara drum: 2
Cost actual: 3
Timp gasire: 0.00037s
...........
3) Eliminam obstacolul de pe linia 4, coloana 5
['*', '*', '*', '*', '#', 'o', 'o', 'o', '#']
['#', '#', '*', '*', '#', '#', '#', '#', 'o']
['o', '#', '#', '*', '*', '#', 'o', 'o', 'o']
['#', '#', '*', '*', '*', '*', '#', 'o', '#']
['o', 'o', '#', '#', '#', '*', '#', '#', 'o']
['o', '#', '#', '#', 'o', '#', '#', 'o', 'o']
Lungime intermediara drum: 3
Cost actual: 6
Timp gasire: 0.00887s
...........
4) Eliminam obstacolul de pe linia 6, coloana 6
['*', '*', '*', '*', '#', 'o', 'o', 'o', '#']
['#', '#', '*', '*', '#', '#', '#', '#', 'o']
['o', '#', '#', '*', '*', '#', 'o', 'o', 'o']
['#', '#', '*', '*', '*', '*', '#', 'o', '#']
['o', 'o', '#', '#', '#', '*', '#', '#', 'o']
['o', '#', '#', '#', '*', '*', '#', 'o', 'o']
Lungime intermediara drum: 4
Cost actual: 9
Timp gasire: 0.13116s
...........
===========
...........
===========

-----------
AStar Optim (euristica peste_2_pasi):
Nr noduri calculate dupa aceasta solutie: 591
Nr de noduri aflate in memorie dupa generarea acestei sol: 739033
1) Configuratie Initiala
['*', '*', '*', '*', '#', 'o', 'o', 'o', '#']
['#', '#', '*', '#', '#', '#', '#', '#', 'o']
['o', '#', '#', 'o', 'o', '#', 'o', 'o', 'o']
['#', '#', 'o', 'o', '#', 'o', '#', 'o', '#']
['o', 'o', '#', '#', '#', 'o', '#', '#', 'o']
['o', '#', '#', '#', 'o', '#', '#', 'o', 'o']
Lungime intermediara drum: 1
Cost actual: 0
Timp gasire: 0.0s
...........
2) Eliminam obstacolul de pe linia 2, coloana 4
['*', '*', '*', '*', '#', 'o', 'o', 'o', '#']
['#', '#', '*', '*', '#', '#', '#', '#', 'o']
['o', '#', '#', '*', '*', '#', 'o', 'o', 'o']
['#', '#', '*', '*', '#', 'o', '#', 'o', '#']
['o', 'o', '#', '#', '#', 'o', '#', '#', 'o']
['o', '#', '#', '#', 'o', '#', '#', 'o', 'o']
Lungime intermediara drum: 2
Cost actual: 3
Timp gasire: 0.00037s
...........
3) Eliminam obstacolul de pe linia 4, coloana 5
['*', '*', '*', '*', '#', 'o', 'o', 'o', '#']
['#', '#', '*', '*', '#', '#', '#', '#', 'o']
['o', '#', '#', '*', '*', '#', 'o', 'o', 'o']
['#', '#', '*', '*', '*', '*', '#', 'o', '#']
['o', 'o', '#', '#', '#', '*', '#', '#', 'o']
['o', '#', '#', '#', 'o', '#', '#', 'o', 'o']
Lungime intermediara drum: 3
Cost actual: 6
Timp gasire: 0.00887s
...........
4) Eliminam obstacolul de pe linia 5, coloana 5
['*', '*', '*', '*', '#', 'o', 'o', 'o', '#']
['#', '#', '*', '*', '#', '#', '#', '#', 'o']
['o', '#', '#', '*', '*', '#', 'o', 'o', 'o']
['#', '#', '*', '*', '*', '*', '#', 'o', '#']
['o', 'o', '#', '#', '*', '*', '#', '#', 'o']
['o', '#', '#', '#', '*', '#', '#', 'o', 'o']
Lungime intermediara drum: 4
Cost actual: 9
Timp gasire: 0.1313s
...........
===========
...........
===========

-----------
AStar Optim (euristica distanta_manhattan_neadmisibila):
Nr noduri calculate dupa aceasta solutie: 62
Nr de noduri aflate in memorie dupa generarea acestei sol: 739033
1) Configuratie Initiala
['*', '*', '*', '*', '#', 'o', 'o', 'o', '#']
['#', '#', '*', '#', '#', '#', '#', '#', 'o']
['o', '#', '#', 'o', 'o', '#', 'o', 'o', 'o']
['#', '#', 'o', 'o', '#', 'o', '#', 'o', '#']
['o', 'o', '#', '#', '#', 'o', '#', '#', 'o']
['o', '#', '#', '#', 'o', '#', '#', 'o', 'o']
Lungime intermediara drum: 1
Cost actual: 0
Timp gasire: 0.0s
...........
2) Eliminam obstacolul de pe linia 2, coloana 4
['*', '*', '*', '*', '#', 'o', 'o', 'o', '#']
['#', '#', '*', '*', '#', '#', '#', '#', 'o']
['o', '#', '#', '*', '*', '#', 'o', 'o', 'o']
['#', '#', '*', '*', '#', 'o', '#', 'o', '#']
['o', 'o', '#', '#', '#', 'o', '#', '#', 'o']
['o', '#', '#', '#', 'o', '#', '#', 'o', 'o']
Lungime intermediara drum: 2
Cost actual: 3
Timp gasire: 0.00037s
...........
3) Eliminam obstacolul de pe linia 4, coloana 5
['*', '*', '*', '*', '#', 'o', 'o', 'o', '#']
['#', '#', '*', '*', '#', '#', '#', '#', 'o']
['o', '#', '#', '*', '*', '#', 'o', 'o', 'o']
['#', '#', '*', '*', '*', '*', '#', 'o', '#']
['o', 'o', '#', '#', '#', '*', '#', '#', 'o']
['o', '#', '#', '#', 'o', '#', '#', 'o', 'o']
Lungime intermediara drum: 3
Cost actual: 6
Timp gasire: 0.00887s
...........
4) Eliminam obstacolul de pe linia 5, coloana 5
['*', '*', '*', '*', '#', 'o', 'o', 'o', '#']
['#', '#', '*', '*', '#', '#', '#', '#', 'o']
['o', '#', '#', '*', '*', '#', 'o', 'o', 'o']
['#', '#', '*', '*', '*', '*', '#', 'o', '#']
['o', 'o', '#', '#', '*', '*', '#', '#', 'o']
['o', '#', '#', '#', '*', '#', '#', 'o', 'o']
Lungime intermediara drum: 4
Cost actual: 9
Timp gasire: 0.1313s
...........
===========
...........
===========

-----------
IDA Star 1 (euristica banala):
Nr noduri calculate dupa aceasta solutie: 17032
Nr de noduri aflate in memorie dupa generarea acestei sol: 739033
1) Configuratie Initiala
['*', '*', '*', '*', '#', 'o', 'o', 'o', '#']
['#', '#', '*', '#', '#', '#', '#', '#', 'o']
['o', '#', '#', 'o', 'o', '#', 'o', 'o', 'o']
['#', '#', 'o', 'o', '#', 'o', '#', 'o', '#']
['o', 'o', '#', '#', '#', 'o', '#', '#', 'o']
['o', '#', '#', '#', 'o', '#', '#', 'o', 'o']
Lungime intermediara drum: 1
Cost actual: 0
Timp gasire: 0.0s
...........
2) Eliminam obstacolul de pe linia 2, coloana 4
['*', '*', '*', '*', '#', 'o', 'o', 'o', '#']
['#', '#', '*', '*', '#', '#', '#', '#', 'o']
['o', '#', '#', '*', '*', '#', 'o', 'o', 'o']
['#', '#', '*', '*', '#', 'o', '#', 'o', '#']
['o', 'o', '#', '#', '#', 'o', '#', '#', 'o']
['o', '#', '#', '#', 'o', '#', '#', 'o', 'o']
Lungime intermediara drum: 2
Cost actual: 3
Timp gasire: 0.00037s
...........
3) Eliminam obstacolul de pe linia 4, coloana 5
['*', '*', '*', '*', '#', 'o', 'o', 'o', '#']
['#', '#', '*', '*', '#', '#', '#', '#', 'o']
['o', '#', '#', '*', '*', '#', 'o', 'o', 'o']
['#', '#', '*', '*', '*', '*', '#', 'o', '#']
['o', 'o', '#', '#', '#', '*', '#', '#', 'o']
['o', '#', '#', '#', 'o', '#', '#', 'o', 'o']
Lungime intermediara drum: 3
Cost actual: 6
Timp gasire: 0.00887s
...........
4) Eliminam obstacolul de pe linia 6, coloana 6
['*', '*', '*', '*', '#', 'o', 'o', 'o', '#']
['#', '#', '*', '*', '#', '#', '#', '#', 'o']
['o', '#', '#', '*', '*', '#', 'o', 'o', 'o']
['#', '#', '*', '*', '*', '*', '#', 'o', '#']
['o', 'o', '#', '#', '#', '*', '#', '#', 'o']
['o', '#', '#', '#', '*', '*', '#', 'o', 'o']
Lungime intermediara drum: 4
Cost actual: 9
Timp gasire: 0.13116s
...........

-----------
IDA Star 2 (euristica banala):
Nr noduri calculate dupa aceasta solutie: 17032
Nr de noduri aflate in memorie dupa generarea acestei sol: 739033
1) Configuratie Initiala
['*', '*', '*', '*', '#', 'o', 'o', 'o', '#']
['#', '#', '*', '#', '#', '#', '#', '#', 'o']
['o', '#', '#', 'o', 'o', '#', 'o', 'o', 'o']
['#', '#', 'o', 'o', '#', 'o', '#', 'o', '#']
['o', 'o', '#', '#', '#', 'o', '#', '#', 'o']
['o', '#', '#', '#', 'o', '#', '#', 'o', 'o']
Lungime intermediara drum: 1
Cost actual: 0
Timp gasire: 0.0s
...........
2) Eliminam obstacolul de pe linia 2, coloana 4
['*', '*', '*', '*', '#', 'o', 'o', 'o', '#']
['#', '#', '*', '*', '#', '#', '#', '#', 'o']
['o', '#', '#', '*', '*', '#', 'o', 'o', 'o']
['#', '#', '*', '*', '#', 'o', '#', 'o', '#']
['o', 'o', '#', '#', '#', 'o', '#', '#', 'o']
['o', '#', '#', '#', 'o', '#', '#', 'o', 'o']
Lungime intermediara drum: 2
Cost actual: 3
Timp gasire: 0.00037s
...........
3) Eliminam obstacolul de pe linia 4, coloana 5
['*', '*', '*', '*', '#', 'o', 'o', 'o', '#']
['#', '#', '*', '*', '#', '#', '#', '#', 'o']
['o', '#', '#', '*', '*', '#', 'o', 'o', 'o']
['#', '#', '*', '*', '*', '*', '#', 'o', '#']
['o', 'o', '#', '#', '#', '*', '#', '#', 'o']
['o', '#', '#', '#', 'o', '#', '#', 'o', 'o']
Lungime intermediara drum: 3
Cost actual: 6
Timp gasire: 0.00887s
...........
4) Eliminam obstacolul de pe linia 5, coloana 5
['*', '*', '*', '*', '#', 'o', 'o', 'o', '#']
['#', '#', '*', '*', '#', '#', '#', '#', 'o']
['o', '#', '#', '*', '*', '#', 'o', 'o', 'o']
['#', '#', '*', '*', '*', '*', '#', 'o', '#']
['o', 'o', '#', '#', '*', '*', '#', '#', 'o']
['o', '#', '#', '#', '*', '#', '#', 'o', 'o']
Lungime intermediara drum: 4
Cost actual: 9
Timp gasire: 0.1313s
...........

-----------
IDA Star 3 (euristica banala):
Nr noduri calculate dupa aceasta solutie: 21979
Nr de noduri aflate in memorie dupa generarea acestei sol: 739033
1) Configuratie Initiala
['*', '*', '*', '*', '#', 'o', 'o', 'o', '#']
['#', '#', '*', '#', '#', '#', '#', '#', 'o']
['o', '#', '#', 'o', 'o', '#', 'o', 'o', 'o']
['#', '#', 'o', 'o', '#', 'o', '#', 'o', '#']
['o', 'o', '#', '#', '#', 'o', '#', '#', 'o']
['o', '#', '#', '#', 'o', '#', '#', 'o', 'o']
Lungime intermediara drum: 1
Cost actual: 0
Timp gasire: 0.0s
...........
2) Eliminam obstacolul de pe linia 1, coloana 5
['*', '*', '*', '*', '*', '*', '*', '*', '#']
['#', '#', '*', '#', '#', '#', '#', '#', 'o']
['o', '#', '#', 'o', 'o', '#', 'o', 'o', 'o']
['#', '#', 'o', 'o', '#', 'o', '#', 'o', '#']
['o', 'o', '#', '#', '#', 'o', '#', '#', 'o']
['o', '#', '#', '#', 'o', '#', '#', 'o', 'o']
Lungime intermediara drum: 2
Cost actual: 3
Timp gasire: 0.00025s
...........
3) Eliminam obstacolul de pe linia 1, coloana 9
['*', '*', '*', '*', '*', '*', '*', '*', '*']
['#', '#', '*', '#', '#', '#', '#', '#', '*']
['o', '#', '#', 'o', 'o', '#', '*', '*', '*']
['#', '#', 'o', 'o', '#', 'o', '#', '*', '#']
['o', 'o', '#', '#', '#', 'o', '#', '#', 'o']
['o', '#', '#', '#', 'o', '#', '#', 'o', 'o']
Lungime intermediara drum: 3
Cost actual: 4
Timp gasire: 0.00238s
...........
4) Eliminam obstacolul de pe linia 4, coloana 9
['*', '*', '*', '*', '*', '*', '*', '*', '*']
['#', '#', '*', '#', '#', '#', '#', '#', '*']
['o', '#', '#', 'o', 'o', '#', '*', '*', '*']
['#', '#', 'o', 'o', '#', 'o', '#', '*', '*']
['o', 'o', '#', '#', '#', 'o', '#', '#', '*']
['o', '#', '#', '#', 'o', '#', '#', '*', '*']
Lungime intermediara drum: 4
Cost actual: 5
Timp gasire: 0.0199s
...........
5) Eliminam obstacolul de pe linia 6, coloana 7
['*', '*', '*', '*', '*', '*', '*', '*', '*']
['#', '#', '*', '#', '#', '#', '#', '#', '*']
['o', '#', '#', 'o', 'o', '#', '*', '*', '*']
['#', '#', 'o', 'o', '#', 'o', '#', '*', '*']
['o', 'o', '#', '#', '#', 'o', '#', '#', '*']
['o', '#', '#', '#', 'o', '#', '*', '*', '*']
Lungime intermediara drum: 5
Cost actual: 8
Timp gasire: 0.06162s
...........
6) Eliminam obstacolul de pe linia 6, coloana 6
['*', '*', '*', '*', '*', '*', '*', '*', '*']
['#', '#', '*', '#', '#', '#', '#', '#', '*']
['o', '#', '#', 'o', 'o', '#', '*', '*', '*']
['#', '#', 'o', 'o', '#', '*', '#', '*', '*']
['o', 'o', '#', '#', '#', '*', '#', '#', '*']
['o', '#', '#', '#', '*', '*', '*', '*', '*']
Lungime intermediara drum: 6
Cost actual: 10
Timp gasire: 0.52148s
...........

-----------
IDA Star 4 (euristica banala):
Nr noduri calculate dupa aceasta solutie: 25139
Nr de noduri aflate in memorie dupa generarea acestei sol: 739033
1) Configuratie Initiala
['*', '*', '*', '*', '#', 'o', 'o', 'o', '#']
['#', '#', '*', '#', '#', '#', '#', '#', 'o']
['o', '#', '#', 'o', 'o', '#', 'o', 'o', 'o']
['#', '#', 'o', 'o', '#', 'o', '#', 'o', '#']
['o', 'o', '#', '#', '#', 'o', '#', '#', 'o']
['o', '#', '#', '#', 'o', '#', '#', 'o', 'o']
Lungime intermediara drum: 1
Cost actual: 0
Timp gasire: 0.0s
...........
2) Eliminam obstacolul de pe linia 1, coloana 5
['*', '*', '*', '*', '*', '*', '*', '*', '#']
['#', '#', '*', '#', '#', '#', '#', '#', 'o']
['o', '#', '#', 'o', 'o', '#', 'o', 'o', 'o']
['#', '#', 'o', 'o', '#', 'o', '#', 'o', '#']
['o', 'o', '#', '#', '#', 'o', '#', '#', 'o']
['o', '#', '#', '#', 'o', '#', '#', 'o', 'o']
Lungime intermediara drum: 2
Cost actual: 3
Timp gasire: 0.00025s
...........
3) Eliminam obstacolul de pe linia 1, coloana 9
['*', '*', '*', '*', '*', '*', '*', '*', '*']
['#', '#', '*', '#', '#', '#', '#', '#', '*']
['o', '#', '#', 'o', 'o', '#', '*', '*', '*']
['#', '#', 'o', 'o', '#', 'o', '#', '*', '#']
['o', 'o', '#', '#', '#', 'o', '#', '#', 'o']
['o', '#', '#', '#', 'o', '#', '#', 'o', 'o']
Lungime intermediara drum: 3
Cost actual: 4
Timp gasire: 0.00238s
...........
4) Eliminam obstacolul de pe linia 4, coloana 7
['*', '*', '*', '*', '*', '*', '*', '*', '*']
['#', '#', '*', '#', '#', '#', '#', '#', '*']
['o', '#', '#', 'o', 'o', '#', '*', '*', '*']
['#', '#', 'o', 'o', '#', '*', '*', '*', '#']
['o', 'o', '#', '#', '#', '*', '#', '#', 'o']
['o', '#', '#', '#', 'o', '#', '#', 'o', 'o']
Lungime intermediara drum: 4
Cost actual: 7
Timp gasire: 0.02102s
...........
5) Eliminam obstacolul de pe linia 6, coloana 6
['*', '*', '*', '*', '*', '*', '*', '*', '*']
['#', '#', '*', '#', '#', '#', '#', '#', '*']
['o', '#', '#', 'o', 'o', '#', '*', '*', '*']
['#', '#', 'o', 'o', '#', '*', '*', '*', '#']
['o', 'o', '#', '#', '#', '*', '#', '#', 'o']
['o', '#', '#', '#', '*', '*', '#', 'o', 'o']
Lungime intermediara drum: 5
Cost actual: 10
Timp gasire: 0.24486s
...........

-----------
IDA Star 5 (euristica banala):
Nr noduri calculate dupa aceasta solutie: 57213
Nr de noduri aflate in memorie dupa generarea acestei sol: 739312
1) Configuratie Initiala
['*', '*', '*', '*', '#', 'o', 'o', 'o', '#']
['#', '#', '*', '#', '#', '#', '#', '#', 'o']
['o', '#', '#', 'o', 'o', '#', 'o', 'o', 'o']
['#', '#', 'o', 'o', '#', 'o', '#', 'o', '#']
['o', 'o', '#', '#', '#', 'o', '#', '#', 'o']
['o', '#', '#', '#', 'o', '#', '#', 'o', 'o']
Lungime intermediara drum: 1
Cost actual: 0
Timp gasire: 0.0s
...........
2) Eliminam obstacolul de pe linia 3, coloana 3
['*', '*', '*', '*', '#', 'o', 'o', 'o', '#']
['#', '#', '*', '#', '#', '#', '#', '#', 'o']
['o', '#', '*', '*', '*', '#', 'o', 'o', 'o']
['#', '#', '*', '*', '#', 'o', '#', 'o', '#']
['o', 'o', '#', '#', '#', 'o', '#', '#', 'o']
['o', '#', '#', '#', 'o', '#', '#', 'o', 'o']
Lungime intermediara drum: 2
Cost actual: 4
Timp gasire: 0.00061s
...........
3) Eliminam obstacolul de pe linia 4, coloana 5
['*', '*', '*', '*', '#', 'o', 'o', 'o', '#']
['#', '#', '*', '#', '#', '#', '#', '#', 'o']
['o', '#', '*', '*', '*', '#', 'o', 'o', 'o']
['#', '#', '*', '*', '*', '*', '#', 'o', '#']
['o', 'o', '#', '#', '#', '*', '#', '#', 'o']
['o', '#', '#', '#', 'o', '#', '#', 'o', 'o']
Lungime intermediara drum: 3
Cost actual: 7
Timp gasire: 0.01293s
...........
4) Eliminam obstacolul de pe linia 6, coloana 6
['*', '*', '*', '*', '#', 'o', 'o', 'o', '#']
['#', '#', '*', '#', '#', '#', '#', '#', 'o']
['o', '#', '*', '*', '*', '#', 'o', 'o', 'o']
['#', '#', '*', '*', '*', '*', '#', 'o', '#']
['o', 'o', '#', '#', '#', '*', '#', '#', 'o']
['o', '#', '#', '#', '*', '*', '#', 'o', 'o']
Lungime intermediara drum: 4
Cost actual: 10
Timp gasire: 0.35143s
...........
===========

-----------
IDA Star 1 (euristica urmatorul_pas):
Nr noduri calculate dupa aceasta solutie: 6250
Nr de noduri aflate in memorie dupa generarea acestei sol: 739312
1) Configuratie Initiala
['*', '*', '*', '*', '#', 'o', 'o', 'o', '#']
['#', '#', '*', '#', '#', '#', '#', '#', 'o']
['o', '#', '#', 'o', 'o', '#', 'o', 'o', 'o']
['#', '#', 'o', 'o', '#', 'o', '#', 'o', '#']
['o', 'o', '#', '#', '#', 'o', '#', '#', 'o']
['o', '#', '#', '#', 'o', '#', '#', 'o', 'o']
Lungime intermediara drum: 1
Cost actual: 0
Timp gasire: 0.0s
...........
2) Eliminam obstacolul de pe linia 2, coloana 4
['*', '*', '*', '*', '#', 'o', 'o', 'o', '#']
['#', '#', '*', '*', '#', '#', '#', '#', 'o']
['o', '#', '#', '*', '*', '#', 'o', 'o', 'o']
['#', '#', '*', '*', '#', 'o', '#', 'o', '#']
['o', 'o', '#', '#', '#', 'o', '#', '#', 'o']
['o', '#', '#', '#', 'o', '#', '#', 'o', 'o']
Lungime intermediara drum: 2
Cost actual: 3
Timp gasire: 0.00037s
...........
3) Eliminam obstacolul de pe linia 4, coloana 5
['*', '*', '*', '*', '#', 'o', 'o', 'o', '#']
['#', '#', '*', '*', '#', '#', '#', '#', 'o']
['o', '#', '#', '*', '*', '#', 'o', 'o', 'o']
['#', '#', '*', '*', '*', '*', '#', 'o', '#']
['o', 'o', '#', '#', '#', '*', '#', '#', 'o']
['o', '#', '#', '#', 'o', '#', '#', 'o', 'o']
Lungime intermediara drum: 3
Cost actual: 6
Timp gasire: 0.00887s
...........
4) Eliminam obstacolul de pe linia 6, coloana 6
['*', '*', '*', '*', '#', 'o', 'o', 'o', '#']
['#', '#', '*', '*', '#', '#', '#', '#', 'o']
['o', '#', '#', '*', '*', '#', 'o', 'o', 'o']
['#', '#', '*', '*', '*', '*', '#', 'o', '#']
['o', 'o', '#', '#', '#', '*', '#', '#', 'o']
['o', '#', '#', '#', '*', '*', '#', 'o', 'o']
Lungime intermediara drum: 4
Cost actual: 9
Timp gasire: 0.13116s
...........

-----------
IDA Star 2 (euristica urmatorul_pas):
Nr noduri calculate dupa aceasta solutie: 6250
Nr de noduri aflate in memorie dupa generarea acestei sol: 739312
1) Configuratie Initiala
['*', '*', '*', '*', '#', 'o', 'o', 'o', '#']
['#', '#', '*', '#', '#', '#', '#', '#', 'o']
['o', '#', '#', 'o', 'o', '#', 'o', 'o', 'o']
['#', '#', 'o', 'o', '#', 'o', '#', 'o', '#']
['o', 'o', '#', '#', '#', 'o', '#', '#', 'o']
['o', '#', '#', '#', 'o', '#', '#', 'o', 'o']
Lungime intermediara drum: 1
Cost actual: 0
Timp gasire: 0.0s
...........
2) Eliminam obstacolul de pe linia 2, coloana 4
['*', '*', '*', '*', '#', 'o', 'o', 'o', '#']
['#', '#', '*', '*', '#', '#', '#', '#', 'o']
['o', '#', '#', '*', '*', '#', 'o', 'o', 'o']
['#', '#', '*', '*', '#', 'o', '#', 'o', '#']
['o', 'o', '#', '#', '#', 'o', '#', '#', 'o']
['o', '#', '#', '#', 'o', '#', '#', 'o', 'o']
Lungime intermediara drum: 2
Cost actual: 3
Timp gasire: 0.00037s
...........
3) Eliminam obstacolul de pe linia 4, coloana 5
['*', '*', '*', '*', '#', 'o', 'o', 'o', '#']
['#', '#', '*', '*', '#', '#', '#', '#', 'o']
['o', '#', '#', '*', '*', '#', 'o', 'o', 'o']
['#', '#', '*', '*', '*', '*', '#', 'o', '#']
['o', 'o', '#', '#', '#', '*', '#', '#', 'o']
['o', '#', '#', '#', 'o', '#', '#', 'o', 'o']
Lungime intermediara drum: 3
Cost actual: 6
Timp gasire: 0.00887s
...........
4) Eliminam obstacolul de pe linia 5, coloana 5
['*', '*', '*', '*', '#', 'o', 'o', 'o', '#']
['#', '#', '*', '*', '#', '#', '#', '#', 'o']
['o', '#', '#', '*', '*', '#', 'o', 'o', 'o']
['#', '#', '*', '*', '*', '*', '#', 'o', '#']
['o', 'o', '#', '#', '*', '*', '#', '#', 'o']
['o', '#', '#', '#', '*', '#', '#', 'o', 'o']
Lungime intermediara drum: 4
Cost actual: 9
Timp gasire: 0.1313s
...........

-----------
IDA Star 3 (euristica urmatorul_pas):
Nr noduri calculate dupa aceasta solutie: 7873
Nr de noduri aflate in memorie dupa generarea acestei sol: 739312
1) Configuratie Initiala
['*', '*', '*', '*', '#', 'o', 'o', 'o', '#']
['#', '#', '*', '#', '#', '#', '#', '#', 'o']
['o', '#', '#', 'o', 'o', '#', 'o', 'o', 'o']
['#', '#', 'o', 'o', '#', 'o', '#', 'o', '#']
['o', 'o', '#', '#', '#', 'o', '#', '#', 'o']
['o', '#', '#', '#', 'o', '#', '#', 'o', 'o']
Lungime intermediara drum: 1
Cost actual: 0
Timp gasire: 0.0s
...........
2) Eliminam obstacolul de pe linia 1, coloana 5
['*', '*', '*', '*', '*', '*', '*', '*', '#']
['#', '#', '*', '#', '#', '#', '#', '#', 'o']
['o', '#', '#', 'o', 'o', '#', 'o', 'o', 'o']
['#', '#', 'o', 'o', '#', 'o', '#', 'o', '#']
['o', 'o', '#', '#', '#', 'o', '#', '#', 'o']
['o', '#', '#', '#', 'o', '#', '#', 'o', 'o']
Lungime intermediara drum: 2
Cost actual: 3
Timp gasire: 0.00025s
...........
3) Eliminam obstacolul de pe linia 1, coloana 9
['*', '*', '*', '*', '*', '*', '*', '*', '*']
['#', '#', '*', '#', '#', '#', '#', '#', '*']
['o', '#', '#', 'o', 'o', '#', '*', '*', '*']
['#', '#', 'o', 'o', '#', 'o', '#', '*', '#']
['o', 'o', '#', '#', '#', 'o', '#', '#', 'o']
['o', '#', '#', '#', 'o', '#', '#', 'o', 'o']
Lungime intermediara drum: 3
Cost actual: 4
Timp gasire: 0.00238s
...........
4) Eliminam obstacolul de pe linia 4, coloana 9
['*', '*', '*', '*', '*', '*', '*', '*', '*']
['#', '#', '*', '#', '#', '#', '#', '#', '*']
['o', '#', '#', 'o', 'o', '#', '*', '*', '*']
['#', '#', 'o', 'o', '#', 'o', '#', '*', '*']
['o', 'o', '#', '#', '#', 'o', '#', '#', '*']
['o', '#', '#', '#', 'o', '#', '#', '*', '*']
Lungime intermediara drum: 4
Cost actual: 5
Timp gasire: 0.0199s
...........
5) Eliminam obstacolul de pe linia 6, coloana 7
['*', '*', '*', '*', '*', '*', '*', '*', '*']
['#', '#', '*', '#', '#', '#', '#', '#', '*']
['o', '#', '#', 'o', 'o', '#', '*', '*', '*']
['#', '#', 'o', 'o', '#', 'o', '#', '*', '*']
['o', 'o', '#', '#', '#', 'o', '#', '#', '*']
['o', '#', '#', '#', 'o', '#', '*', '*', '*']
Lungime intermediara drum: 5
Cost actual: 8
Timp gasire: 0.06162s
...........
6) Eliminam obstacolul de pe linia 6, coloana 6
['*', '*', '*', '*', '*', '*', '*', '*', '*']
['#', '#', '*', '#', '#', '#', '#', '#', '*']
['o', '#', '#', 'o', 'o', '#', '*', '*', '*']
['#', '#', 'o', 'o', '#', '*', '#', '*', '*']
['o', 'o', '#', '#', '#', '*', '#', '#', '*']
['o', '#', '#', '#', '*', '*', '*', '*', '*']
Lungime intermediara drum: 6
Cost actual: 10
Timp gasire: 0.52148s
...........

-----------
IDA Star 4 (euristica urmatorul_pas):
Nr noduri calculate dupa aceasta solutie: 8907
Nr de noduri aflate in memorie dupa generarea acestei sol: 739312
1) Configuratie Initiala
['*', '*', '*', '*', '#', 'o', 'o', 'o', '#']
['#', '#', '*', '#', '#', '#', '#', '#', 'o']
['o', '#', '#', 'o', 'o', '#', 'o', 'o', 'o']
['#', '#', 'o', 'o', '#', 'o', '#', 'o', '#']
['o', 'o', '#', '#', '#', 'o', '#', '#', 'o']
['o', '#', '#', '#', 'o', '#', '#', 'o', 'o']
Lungime intermediara drum: 1
Cost actual: 0
Timp gasire: 0.0s
...........
2) Eliminam obstacolul de pe linia 1, coloana 5
['*', '*', '*', '*', '*', '*', '*', '*', '#']
['#', '#', '*', '#', '#', '#', '#', '#', 'o']
['o', '#', '#', 'o', 'o', '#', 'o', 'o', 'o']
['#', '#', 'o', 'o', '#', 'o', '#', 'o', '#']
['o', 'o', '#', '#', '#', 'o', '#', '#', 'o']
['o', '#', '#', '#', 'o', '#', '#', 'o', 'o']
Lungime intermediara drum: 2
Cost actual: 3
Timp gasire: 0.00025s
...........
3) Eliminam obstacolul de pe linia 1, coloana 9
['*', '*', '*', '*', '*', '*', '*', '*', '*']
['#', '#', '*', '#', '#', '#', '#', '#', '*']
['o', '#', '#', 'o', 'o', '#', '*', '*', '*']
['#', '#', 'o', 'o', '#', 'o', '#', '*', '#']
['o', 'o', '#', '#', '#', 'o', '#', '#', 'o']
['o', '#', '#', '#', 'o', '#', '#', 'o', 'o']
Lungime intermediara drum: 3
Cost actual: 4
Timp gasire: 0.00238s
...........
4) Eliminam obstacolul de pe linia 4, coloana 7
['*', '*', '*', '*', '*', '*', '*', '*', '*']
['#', '#', '*', '#', '#', '#', '#', '#', '*']
['o', '#', '#', 'o', 'o', '#', '*', '*', '*']
['#', '#', 'o', 'o', '#', '*', '*', '*', '#']
['o', 'o', '#', '#', '#', '*', '#', '#', 'o']
['o', '#', '#', '#', 'o', '#', '#', 'o', 'o']
Lungime intermediara drum: 4
Cost actual: 7
Timp gasire: 0.02102s
...........
5) Eliminam obstacolul de pe linia 6, coloana 6
['*', '*', '*', '*', '*', '*', '*', '*', '*']
['#', '#', '*', '#', '#', '#', '#', '#', '*']
['o', '#', '#', 'o', 'o', '#', '*', '*', '*']
['#', '#', 'o', 'o', '#', '*', '*', '*', '#']
['o', 'o', '#', '#', '#', '*', '#', '#', 'o']
['o', '#', '#', '#', '*', '*', '#', 'o', 'o']
Lungime intermediara drum: 5
Cost actual: 10
Timp gasire: 0.24486s
...........

-----------
IDA Star 5 (euristica urmatorul_pas):
Nr noduri calculate dupa aceasta solutie: 21922
Nr de noduri aflate in memorie dupa generarea acestei sol: 746441
1) Configuratie Initiala
['*', '*', '*', '*', '#', 'o', 'o', 'o', '#']
['#', '#', '*', '#', '#', '#', '#', '#', 'o']
['o', '#', '#', 'o', 'o', '#', 'o', 'o', 'o']
['#', '#', 'o', 'o', '#', 'o', '#', 'o', '#']
['o', 'o', '#', '#', '#', 'o', '#', '#', 'o']
['o', '#', '#', '#', 'o', '#', '#', 'o', 'o']
Lungime intermediara drum: 1
Cost actual: 0
Timp gasire: 0.0s
...........
2) Eliminam obstacolul de pe linia 3, coloana 3
['*', '*', '*', '*', '#', 'o', 'o', 'o', '#']
['#', '#', '*', '#', '#', '#', '#', '#', 'o']
['o', '#', '*', '*', '*', '#', 'o', 'o', 'o']
['#', '#', '*', '*', '#', 'o', '#', 'o', '#']
['o', 'o', '#', '#', '#', 'o', '#', '#', 'o']
['o', '#', '#', '#', 'o', '#', '#', 'o', 'o']
Lungime intermediara drum: 2
Cost actual: 4
Timp gasire: 0.00061s
...........
3) Eliminam obstacolul de pe linia 4, coloana 5
['*', '*', '*', '*', '#', 'o', 'o', 'o', '#']
['#', '#', '*', '#', '#', '#', '#', '#', 'o']
['o', '#', '*', '*', '*', '#', 'o', 'o', 'o']
['#', '#', '*', '*', '*', '*', '#', 'o', '#']
['o', 'o', '#', '#', '#', '*', '#', '#', 'o']
['o', '#', '#', '#', 'o', '#', '#', 'o', 'o']
Lungime intermediara drum: 3
Cost actual: 7
Timp gasire: 0.01293s
...........
4) Eliminam obstacolul de pe linia 6, coloana 6
['*', '*', '*', '*', '#', 'o', 'o', 'o', '#']
['#', '#', '*', '#', '#', '#', '#', '#', 'o']
['o', '#', '*', '*', '*', '#', 'o', 'o', 'o']
['#', '#', '*', '*', '*', '*', '#', 'o', '#']
['o', 'o', '#', '#', '#', '*', '#', '#', 'o']
['o', '#', '#', '#', '*', '*', '#', 'o', 'o']
Lungime intermediara drum: 4
Cost actual: 10
Timp gasire: 0.35143s
...........
===========

-----------
IDA Star 1 (euristica peste_2_pasi):
Nr noduri calculate dupa aceasta solutie: 1535
Nr de noduri aflate in memorie dupa generarea acestei sol: 746441
1) Configuratie Initiala
['*', '*', '*', '*', '#', 'o', 'o', 'o', '#']
['#', '#', '*', '#', '#', '#', '#', '#', 'o']
['o', '#', '#', 'o', 'o', '#', 'o', 'o', 'o']
['#', '#', 'o', 'o', '#', 'o', '#', 'o', '#']
['o', 'o', '#', '#', '#', 'o', '#', '#', 'o']
['o', '#', '#', '#', 'o', '#', '#', 'o', 'o']
Lungime intermediara drum: 1
Cost actual: 0
Timp gasire: 0.0s
...........
2) Eliminam obstacolul de pe linia 2, coloana 4
['*', '*', '*', '*', '#', 'o', 'o', 'o', '#']
['#', '#', '*', '*', '#', '#', '#', '#', 'o']
['o', '#', '#', '*', '*', '#', 'o', 'o', 'o']
['#', '#', '*', '*', '#', 'o', '#', 'o', '#']
['o', 'o', '#', '#', '#', 'o', '#', '#', 'o']
['o', '#', '#', '#', 'o', '#', '#', 'o', 'o']
Lungime intermediara drum: 2
Cost actual: 3
Timp gasire: 0.00037s
...........
3) Eliminam obstacolul de pe linia 4, coloana 5
['*', '*', '*', '*', '#', 'o', 'o', 'o', '#']
['#', '#', '*', '*', '#', '#', '#', '#', 'o']
['o', '#', '#', '*', '*', '#', 'o', 'o', 'o']
['#', '#', '*', '*', '*', '*', '#', 'o', '#']
['o', 'o', '#', '#', '#', '*', '#', '#', 'o']
['o', '#', '#', '#', 'o', '#', '#', 'o', 'o']
Lungime intermediara drum: 3
Cost actual: 6
Timp gasire: 0.00887s
...........
4) Eliminam obstacolul de pe linia 6, coloana 6
['*', '*', '*', '*', '#', 'o', 'o', 'o', '#']
['#', '#', '*', '*', '#', '#', '#', '#', 'o']
['o', '#', '#', '*', '*', '#', 'o', 'o', 'o']
['#', '#', '*', '*', '*', '*', '#', 'o', '#']
['o', 'o', '#', '#', '#', '*', '#', '#', 'o']
['o', '#', '#', '#', '*', '*', '#', 'o', 'o']
Lungime intermediara drum: 4
Cost actual: 9
Timp gasire: 0.13116s
...........
===========

-----------
IDA Star 1 (euristica distanta_manhattan_neadmisibila):
Nr noduri calculate dupa aceasta solutie: 79
Nr de noduri aflate in memorie dupa generarea acestei sol: 746441
1) Configuratie Initiala
['*', '*', '*', '*', '#', 'o', 'o', 'o', '#']
['#', '#', '*', '#', '#', '#', '#', '#', 'o']
['o', '#', '#', 'o', 'o', '#', 'o', 'o', 'o']
['#', '#', 'o', 'o', '#', 'o', '#', 'o', '#']
['o', 'o', '#', '#', '#', 'o', '#', '#', 'o']
['o', '#', '#', '#', 'o', '#', '#', 'o', 'o']
Lungime intermediara drum: 1
Cost actual: 0
Timp gasire: 0.0s
...........
2) Eliminam obstacolul de pe linia 2, coloana 4
['*', '*', '*', '*', '#', 'o', 'o', 'o', '#']
['#', '#', '*', '*', '#', '#', '#', '#', 'o']
['o', '#', '#', '*', '*', '#', 'o', 'o', 'o']
['#', '#', '*', '*', '#', 'o', '#', 'o', '#']
['o', 'o', '#', '#', '#', 'o', '#', '#', 'o']
['o', '#', '#', '#', 'o', '#', '#', 'o', 'o']
Lungime intermediara drum: 2
Cost actual: 3
Timp gasire: 0.00037s
...........
3) Eliminam obstacolul de pe linia 4, coloana 5
['*', '*', '*', '*', '#', 'o', 'o', 'o', '#']
['#', '#', '*', '*', '#', '#', '#', '#', 'o']
['o', '#', '#', '*', '*', '#', 'o', 'o', 'o']
['#', '#', '*', '*', '*', '*', '#', 'o', '#']
['o', 'o', '#', '#', '#', '*', '#', '#', 'o']
['o', '#', '#', '#', 'o', '#', '#', 'o', 'o']
Lungime intermediara drum: 3
Cost actual: 6
Timp gasire: 0.00887s
...........
4) Eliminam obstacolul de pe linia 6, coloana 6
['*', '*', '*', '*', '#', 'o', 'o', 'o', '#']
['#', '#', '*', '*', '#', '#', '#', '#', 'o']
['o', '#', '#', '*', '*', '#', 'o', 'o', 'o']
['#', '#', '*', '*', '*', '*', '#', 'o', '#']
['o', 'o', '#', '#', '#', '*', '#', '#', 'o']
['o', '#', '#', '#', '*', '*', '#', 'o', 'o']
Lungime intermediara drum: 4
Cost actual: 9
Timp gasire: 0.13116s
...........

-----------
IDA Star 2 (euristica distanta_manhattan_neadmisibila):
Nr noduri calculate dupa aceasta solutie: 79
Nr de noduri aflate in memorie dupa generarea acestei sol: 746441
1) Configuratie Initiala
['*', '*', '*', '*', '#', 'o', 'o', 'o', '#']
['#', '#', '*', '#', '#', '#', '#', '#', 'o']
['o', '#', '#', 'o', 'o', '#', 'o', 'o', 'o']
['#', '#', 'o', 'o', '#', 'o', '#', 'o', '#']
['o', 'o', '#', '#', '#', 'o', '#', '#', 'o']
['o', '#', '#', '#', 'o', '#', '#', 'o', 'o']
Lungime intermediara drum: 1
Cost actual: 0
Timp gasire: 0.0s
...........
2) Eliminam obstacolul de pe linia 2, coloana 4
['*', '*', '*', '*', '#', 'o', 'o', 'o', '#']
['#', '#', '*', '*', '#', '#', '#', '#', 'o']
['o', '#', '#', '*', '*', '#', 'o', 'o', 'o']
['#', '#', '*', '*', '#', 'o', '#', 'o', '#']
['o', 'o', '#', '#', '#', 'o', '#', '#', 'o']
['o', '#', '#', '#', 'o', '#', '#', 'o', 'o']
Lungime intermediara drum: 2
Cost actual: 3
Timp gasire: 0.00037s
...........
3) Eliminam obstacolul de pe linia 4, coloana 5
['*', '*', '*', '*', '#', 'o', 'o', 'o', '#']
['#', '#', '*', '*', '#', '#', '#', '#', 'o']
['o', '#', '#', '*', '*', '#', 'o', 'o', 'o']
['#', '#', '*', '*', '*', '*', '#', 'o', '#']
['o', 'o', '#', '#', '#', '*', '#', '#', 'o']
['o', '#', '#', '#', 'o', '#', '#', 'o', 'o']
Lungime intermediara drum: 3
Cost actual: 6
Timp gasire: 0.00887s
...........
4) Eliminam obstacolul de pe linia 5, coloana 5
['*', '*', '*', '*', '#', 'o', 'o', 'o', '#']
['#', '#', '*', '*', '#', '#', '#', '#', 'o']
['o', '#', '#', '*', '*', '#', 'o', 'o', 'o']
['#', '#', '*', '*', '*', '*', '#', 'o', '#']
['o', 'o', '#', '#', '*', '*', '#', '#', 'o']
['o', '#', '#', '#', '*', '#', '#', 'o', 'o']
Lungime intermediara drum: 4
Cost actual: 9
Timp gasire: 0.1313s
...........

-----------
IDA Star 3 (euristica distanta_manhattan_neadmisibila):
Nr noduri calculate dupa aceasta solutie: 258
Nr de noduri aflate in memorie dupa generarea acestei sol: 746441
1) Configuratie Initiala
['*', '*', '*', '*', '#', 'o', 'o', 'o', '#']
['#', '#', '*', '#', '#', '#', '#', '#', 'o']
['o', '#', '#', 'o', 'o', '#', 'o', 'o', 'o']
['#', '#', 'o', 'o', '#', 'o', '#', 'o', '#']
['o', 'o', '#', '#', '#', 'o', '#', '#', 'o']
['o', '#', '#', '#', 'o', '#', '#', 'o', 'o']
Lungime intermediara drum: 1
Cost actual: 0
Timp gasire: 0.0s
...........
2) Eliminam obstacolul de pe linia 3, coloana 3
['*', '*', '*', '*', '#', 'o', 'o', 'o', '#']
['#', '#', '*', '#', '#', '#', '#', '#', 'o']
['o', '#', '*', '*', '*', '#', 'o', 'o', 'o']
['#', '#', '*', '*', '#', 'o', '#', 'o', '#']
['o', 'o', '#', '#', '#', 'o', '#', '#', 'o']
['o', '#', '#', '#', 'o', '#', '#', 'o', 'o']
Lungime intermediara drum: 2
Cost actual: 4
Timp gasire: 0.00061s
...........
3) Eliminam obstacolul de pe linia 4, coloana 5
['*', '*', '*', '*', '#', 'o', 'o', 'o', '#']
['#', '#', '*', '#', '#', '#', '#', '#', 'o']
['o', '#', '*', '*', '*', '#', 'o', 'o', 'o']
['#', '#', '*', '*', '*', '*', '#', 'o', '#']
['o', 'o', '#', '#', '#', '*', '#', '#', 'o']
['o', '#', '#', '#', 'o', '#', '#', 'o', 'o']
Lungime intermediara drum: 3
Cost actual: 7
Timp gasire: 0.01293s
...........
4) Eliminam obstacolul de pe linia 6, coloana 6
['*', '*', '*', '*', '#', 'o', 'o', 'o', '#']
['#', '#', '*', '#', '#', '#', '#', '#', 'o']
['o', '#', '*', '*', '*', '#', 'o', 'o', 'o']
['#', '#', '*', '*', '*', '*', '#', 'o', '#']
['o', 'o', '#', '#', '#', '*', '#', '#', 'o']
['o', '#', '#', '#', '*', '*', '#', 'o', 'o']
Lungime intermediara drum: 4
Cost actual: 10
Timp gasire: 0.35143s
...........

-----------
IDA Star 4 (euristica distanta_manhattan_neadmisibila):
Nr noduri calculate dupa aceasta solutie: 258
Nr de noduri aflate in memorie dupa generarea acestei sol: 746441
1) Configuratie Initiala
['*', '*', '*', '*', '#', 'o', 'o', 'o', '#']
['#', '#', '*', '#', '#', '#', '#', '#', 'o']
['o', '#', '#', 'o', 'o', '#', 'o', 'o', 'o']
['#', '#', 'o', 'o', '#', 'o', '#', 'o', '#']
['o', 'o', '#', '#', '#', 'o', '#', '#', 'o']
['o', '#', '#', '#', 'o', '#', '#', 'o', 'o']
Lungime intermediara drum: 1
Cost actual: 0
Timp gasire: 0.0s
...........
2) Eliminam obstacolul de pe linia 3, coloana 3
['*', '*', '*', '*', '#', 'o', 'o', 'o', '#']
['#', '#', '*', '#', '#', '#', '#', '#', 'o']
['o', '#', '*', '*', '*', '#', 'o', 'o', 'o']
['#', '#', '*', '*', '#', 'o', '#', 'o', '#']
['o', 'o', '#', '#', '#', 'o', '#', '#', 'o']
['o', '#', '#', '#', 'o', '#', '#', 'o', 'o']
Lungime intermediara drum: 2
Cost actual: 4
Timp gasire: 0.00061s
...........
3) Eliminam obstacolul de pe linia 4, coloana 5
['*', '*', '*', '*', '#', 'o', 'o', 'o', '#']
['#', '#', '*', '#', '#', '#', '#', '#', 'o']
['o', '#', '*', '*', '*', '#', 'o', 'o', 'o']
['#', '#', '*', '*', '*', '*', '#', 'o', '#']
['o', 'o', '#', '#', '#', '*', '#', '#', 'o']
['o', '#', '#', '#', 'o', '#', '#', 'o', 'o']
Lungime intermediara drum: 3
Cost actual: 7
Timp gasire: 0.01293s
...........
4) Eliminam obstacolul de pe linia 5, coloana 5
['*', '*', '*', '*', '#', 'o', 'o', 'o', '#']
['#', '#', '*', '#', '#', '#', '#', '#', 'o']
['o', '#', '*', '*', '*', '#', 'o', 'o', 'o']
['#', '#', '*', '*', '*', '*', '#', 'o', '#']
['o', 'o', '#', '#', '*', '*', '#', '#', 'o']
['o', '#', '#', '#', '*', '#', '#', 'o', 'o']
Lungime intermediara drum: 4
Cost actual: 10
Timp gasire: 0.35153s
...........

-----------
IDA Star 5 (euristica distanta_manhattan_neadmisibila):
Nr noduri calculate dupa aceasta solutie: 413
Nr de noduri aflate in memorie dupa generarea acestei sol: 746441
1) Configuratie Initiala
['*', '*', '*', '*', '#', 'o', 'o', 'o', '#']
['#', '#', '*', '#', '#', '#', '#', '#', 'o']
['o', '#', '#', 'o', 'o', '#', 'o', 'o', 'o']
['#', '#', 'o', 'o', '#', 'o', '#', 'o', '#']
['o', 'o', '#', '#', '#', 'o', '#', '#', 'o']
['o', '#', '#', '#', 'o', '#', '#', 'o', 'o']
Lungime intermediara drum: 1
Cost actual: 0
Timp gasire: 0.0s
...........
2) Eliminam obstacolul de pe linia 1, coloana 5
['*', '*', '*', '*', '*', '*', '*', '*', '#']
['#', '#', '*', '#', '#', '#', '#', '#', 'o']
['o', '#', '#', 'o', 'o', '#', 'o', 'o', 'o']
['#', '#', 'o', 'o', '#', 'o', '#', 'o', '#']
['o', 'o', '#', '#', '#', 'o', '#', '#', 'o']
['o', '#', '#', '#', 'o', '#', '#', 'o', 'o']
Lungime intermediara drum: 2
Cost actual: 3
Timp gasire: 0.00025s
...........
3) Eliminam obstacolul de pe linia 2, coloana 4
['*', '*', '*', '*', '*', '*', '*', '*', '#']
['#', '#', '*', '*', '#', '#', '#', '#', 'o']
['o', '#', '#', '*', '*', '#', 'o', 'o', 'o']
['#', '#', '*', '*', '#', 'o', '#', 'o', '#']
['o', 'o', '#', '#', '#', 'o', '#', '#', 'o']
['o', '#', '#', '#', 'o', '#', '#', 'o', 'o']
Lungime intermediara drum: 3
Cost actual: 5
Timp gasire: 0.00292s
...........
4) Eliminam obstacolul de pe linia 4, coloana 5
['*', '*', '*', '*', '*', '*', '*', '*', '#']
['#', '#', '*', '*', '#', '#', '#', '#', 'o']
['o', '#', '#', '*', '*', '#', 'o', 'o', 'o']
['#', '#', '*', '*', '*', '*', '#', 'o', '#']
['o', 'o', '#', '#', '#', '*', '#', '#', 'o']
['o', '#', '#', '#', 'o', '#', '#', 'o', 'o']
Lungime intermediara drum: 4
Cost actual: 8
Timp gasire: 0.03098s
...........
5) Eliminam obstacolul de pe linia 6, coloana 6
['*', '*', '*', '*', '*', '*', '*', '*', '#']
['#', '#', '*', '*', '#', '#', '#', '#', 'o']
['o', '#', '#', '*', '*', '#', 'o', 'o', 'o']
['#', '#', '*', '*', '*', '*', '#', 'o', '#']
['o', 'o', '#', '#', '#', '*', '#', '#', 'o']
['o', '#', '#', '#', '*', '*', '#', 'o', 'o']
Lungime intermediara drum: 5
Cost actual: 11
Timp gasire: 0.91295s
...........
