===========
...........
UCS 1:
1) Configuratie Initiala
['*', '*', '*', '*', '#', 'o', 'o', 'o', '#']
['#', '#', '*', '#', '#', '#', '#', '#', 'o']
['o', '#', '#', 'o', 'o', '#', 'o', 'o', 'o']
['#', '#', 'o', 'o', '#', 'o', '#', 'o', '#']
['o', 'o', '#', '#', '#', 'o', '#', '#', 'o']
['o', '#', '#', '#', 'o', '#', '#', 'o', 'o']
Cost actual: 0
...........
2) Eliminam obstacolul de pe linia 2, coloana 4
['*', '*', '*', '*', '#', 'o', 'o', 'o', '#']
['#', '#', '*', '*', '#', '#', '#', '#', 'o']
['o', '#', '#', '*', '*', '#', 'o', 'o', 'o']
['#', '#', '*', '*', '#', 'o', '#', 'o', '#']
['o', 'o', '#', '#', '#', 'o', '#', '#', 'o']
['o', '#', '#', '#', 'o', '#', '#', 'o', 'o']
Cost actual: 3
...........
3) Eliminam obstacolul de pe linia 4, coloana 5
['*', '*', '*', '*', '#', 'o', 'o', 'o', '#']
['#', '#', '*', '*', '#', '#', '#', '#', 'o']
['o', '#', '#', '*', '*', '#', 'o', 'o', 'o']
['#', '#', '*', '*', '*', '*', '#', 'o', '#']
['o', 'o', '#', '#', '#', '*', '#', '#', 'o']
['o', '#', '#', '#', 'o', '#', '#', 'o', 'o']
Cost actual: 6
...........
4) Eliminam obstacolul de pe linia 5, coloana 5
['*', '*', '*', '*', '#', 'o', 'o', 'o', '#']
['#', '#', '*', '*', '#', '#', '#', '#', 'o']
['o', '#', '#', '*', '*', '#', 'o', 'o', 'o']
['#', '#', '*', '*', '*', '*', '#', 'o', '#']
['o', 'o', '#', '#', '*', '*', '#', '#', 'o']
['o', '#', '#', '#', '*', '#', '#', 'o', 'o']
Cost actual: 9
...........
...........
UCS 2:
1) Configuratie Initiala
['*', '*', '*', '*', '#', 'o', 'o', 'o', '#']
['#', '#', '*', '#', '#', '#', '#', '#', 'o']
['o', '#', '#', 'o', 'o', '#', 'o', 'o', 'o']
['#', '#', 'o', 'o', '#', 'o', '#', 'o', '#']
['o', 'o', '#', '#', '#', 'o', '#', '#', 'o']
['o', '#', '#', '#', 'o', '#', '#', 'o', 'o']
Cost actual: 0
...........
2) Eliminam obstacolul de pe linia 2, coloana 4
['*', '*', '*', '*', '#', 'o', 'o', 'o', '#']
['#', '#', '*', '*', '#', '#', '#', '#', 'o']
['o', '#', '#', '*', '*', '#', 'o', 'o', 'o']
['#', '#', '*', '*', '#', 'o', '#', 'o', '#']
['o', 'o', '#', '#', '#', 'o', '#', '#', 'o']
['o', '#', '#', '#', 'o', '#', '#', 'o', 'o']
Cost actual: 3
...........
3) Eliminam obstacolul de pe linia 4, coloana 5
['*', '*', '*', '*', '#', 'o', 'o', 'o', '#']
['#', '#', '*', '*', '#', '#', '#', '#', 'o']
['o', '#', '#', '*', '*', '#', 'o', 'o', 'o']
['#', '#', '*', '*', '*', '*', '#', 'o', '#']
['o', 'o', '#', '#', '#', '*', '#', '#', 'o']
['o', '#', '#', '#', 'o', '#', '#', 'o', 'o']
Cost actual: 6
...........
4) Eliminam obstacolul de pe linia 6, coloana 6
['*', '*', '*', '*', '#', 'o', 'o', 'o', '#']
['#', '#', '*', '*', '#', '#', '#', '#', 'o']
['o', '#', '#', '*', '*', '#', 'o', 'o', 'o']
['#', '#', '*', '*', '*', '*', '#', 'o', '#']
['o', 'o', '#', '#', '#', '*', '#', '#', 'o']
['o', '#', '#', '#', '*', '*', '#', 'o', 'o']
Cost actual: 9
...........
...........
UCS 3:
1) Configuratie Initiala
['*', '*', '*', '*', '#', 'o', 'o', 'o', '#']
['#', '#', '*', '#', '#', '#', '#', '#', 'o']
['o', '#', '#', 'o', 'o', '#', 'o', 'o', 'o']
['#', '#', 'o', 'o', '#', 'o', '#', 'o', '#']
['o', 'o', '#', '#', '#', 'o', '#', '#', 'o']
['o', '#', '#', '#', 'o', '#', '#', 'o', 'o']
Cost actual: 0
...........
2) Eliminam obstacolul de pe linia 1, coloana 5
['*', '*', '*', '*', '*', '*', '*', '*', '#']
['#', '#', '*', '#', '#', '#', '#', '#', 'o']
['o', '#', '#', 'o', 'o', '#', 'o', 'o', 'o']
['#', '#', 'o', 'o', '#', 'o', '#', 'o', '#']
['o', 'o', '#', '#', '#', 'o', '#', '#', 'o']
['o', '#', '#', '#', 'o', '#', '#', 'o', 'o']
Cost actual: 3
...........
3) Eliminam obstacolul de pe linia 1, coloana 9
['*', '*', '*', '*', '*', '*', '*', '*', '*']
['#', '#', '*', '#', '#', '#', '#', '#', '*']
['o', '#', '#', 'o', 'o', '#', '*', '*', '*']
['#', '#', 'o', 'o', '#', 'o', '#', '*', '#']
['o', 'o', '#', '#', '#', 'o', '#', '#', 'o']
['o', '#', '#', '#', 'o', '#', '#', 'o', 'o']
Cost actual: 4
...........
4) Eliminam obstacolul de pe linia 4, coloana 9
['*', '*', '*', '*', '*', '*', '*', '*', '*']
['#', '#', '*', '#', '#', '#', '#', '#', '*']
['o', '#', '#', 'o', 'o', '#', '*', '*', '*']
['#', '#', 'o', 'o', '#', 'o', '#', '*', '*']
['o', 'o', '#', '#', '#', 'o', '#', '#', '*']
['o', '#', '#', '#', 'o', '#', '#', '*', '*']
Cost actual: 5
...........
5) Eliminam obstacolul de pe linia 6, coloana 7
['*', '*', '*', '*', '*', '*', '*', '*', '*']
['#', '#', '*', '#', '#', '#', '#', '#', '*']
['o', '#', '#', 'o', 'o', '#', '*', '*', '*']
['#', '#', 'o', 'o', '#', 'o', '#', '*', '*']
['o', 'o', '#', '#', '#', 'o', '#', '#', '*']
['o', '#', '#', '#', 'o', '#', '*', '*', '*']
Cost actual: 8
...........
6) Eliminam obstacolul de pe linia 6, coloana 6
['*', '*', '*', '*', '*', '*', '*', '*', '*']
['#', '#', '*', '#', '#', '#', '#', '#', '*']
['o', '#', '#', 'o', 'o', '#', '*', '*', '*']
['#', '#', 'o', 'o', '#', '*', '#', '*', '*']
['o', 'o', '#', '#', '#', '*', '#', '#', '*']
['o', '#', '#', '#', '*', '*', '*', '*', '*']
Cost actual: 10
...........
...........
UCS 4:
1) Configuratie Initiala
['*', '*', '*', '*', '#', 'o', 'o', 'o', '#']
['#', '#', '*', '#', '#', '#', '#', '#', 'o']
['o', '#', '#', 'o', 'o', '#', 'o', 'o', 'o']
['#', '#', 'o', 'o', '#', 'o', '#', 'o', '#']
['o', 'o', '#', '#', '#', 'o', '#', '#', 'o']
['o', '#', '#', '#', 'o', '#', '#', 'o', 'o']
Cost actual: 0
...........
2) Eliminam obstacolul de pe linia 1, coloana 5
['*', '*', '*', '*', '*', '*', '*', '*', '#']
['#', '#', '*', '#', '#', '#', '#', '#', 'o']
['o', '#', '#', 'o', 'o', '#', 'o', 'o', 'o']
['#', '#', 'o', 'o', '#', 'o', '#', 'o', '#']
['o', 'o', '#', '#', '#', 'o', '#', '#', 'o']
['o', '#', '#', '#', 'o', '#', '#', 'o', 'o']
Cost actual: 3
...........
3) Eliminam obstacolul de pe linia 1, coloana 9
['*', '*', '*', '*', '*', '*', '*', '*', '*']
['#', '#', '*', '#', '#', '#', '#', '#', '*']
['o', '#', '#', 'o', 'o', '#', '*', '*', '*']
['#', '#', 'o', 'o', '#', 'o', '#', '*', '#']
['o', 'o', '#', '#', '#', 'o', '#', '#', 'o']
['o', '#', '#', '#', 'o', '#', '#', 'o', 'o']
Cost actual: 4
...........
4) Eliminam obstacolul de pe linia 4, coloana 7
['*', '*', '*', '*', '*', '*', '*', '*', '*']
['#', '#', '*', '#', '#', '#', '#', '#', '*']
['o', '#', '#', 'o', 'o', '#', '*', '*', '*']
['#', '#', 'o', 'o', '#', '*', '*', '*', '#']
['o', 'o', '#', '#', '#', '*', '#', '#', 'o']
['o', '#', '#', '#', 'o', '#', '#', 'o', 'o']
Cost actual: 7
...........
5) Eliminam obstacolul de pe linia 6, coloana 6
['*', '*', '*', '*', '*', '*', '*', '*', '*']
['#', '#', '*', '#', '#', '#', '#', '#', '*']
['o', '#', '#', 'o', 'o', '#', '*', '*', '*']
['#', '#', 'o', 'o', '#', '*', '*', '*', '#']
['o', 'o', '#', '#', '#', '*', '#', '#', 'o']
['o', '#', '#', '#', '*', '*', '#', 'o', 'o']
Cost actual: 10
...........
...........
UCS 5:
1) Configuratie Initiala
['*', '*', '*', '*', '#', 'o', 'o', 'o', '#']
['#', '#', '*', '#', '#', '#', '#', '#', 'o']
['o', '#', '#', 'o', 'o', '#', 'o', 'o', 'o']
['#', '#', 'o', 'o', '#', 'o', '#', 'o', '#']
['o', 'o', '#', '#', '#', 'o', '#', '#', 'o']
['o', '#', '#', '#', 'o', '#', '#', 'o', 'o']
Cost actual: 0
...........
2) Eliminam obstacolul de pe linia 3, coloana 3
['*', '*', '*', '*', '#', 'o', 'o', 'o', '#']
['#', '#', '*', '#', '#', '#', '#', '#', 'o']
['o', '#', '*', '*', '*', '#', 'o', 'o', 'o']
['#', '#', '*', '*', '#', 'o', '#', 'o', '#']
['o', 'o', '#', '#', '#', 'o', '#', '#', 'o']
['o', '#', '#', '#', 'o', '#', '#', 'o', 'o']
Cost actual: 4
...........
3) Eliminam obstacolul de pe linia 4, coloana 5
['*', '*', '*', '*', '#', 'o', 'o', 'o', '#']
['#', '#', '*', '#', '#', '#', '#', '#', 'o']
['o', '#', '*', '*', '*', '#', 'o', 'o', 'o']
['#', '#', '*', '*', '*', '*', '#', 'o', '#']
['o', 'o', '#', '#', '#', '*', '#', '#', 'o']
['o', '#', '#', '#', 'o', '#', '#', 'o', 'o']
Cost actual: 7
...........
4) Eliminam obstacolul de pe linia 5, coloana 5
['*', '*', '*', '*', '#', 'o', 'o', 'o', '#']
['#', '#', '*', '#', '#', '#', '#', '#', 'o']
['o', '#', '*', '*', '*', '#', 'o', 'o', 'o']
['#', '#', '*', '*', '*', '*', '#', 'o', '#']
['o', 'o', '#', '#', '*', '*', '#', '#', 'o']
['o', '#', '#', '#', '*', '#', '#', 'o', 'o']
Cost actual: 10
...........
...........
UCS 6:
1) Configuratie Initiala
['*', '*', '*', '*', '#', 'o', 'o', 'o', '#']
['#', '#', '*', '#', '#', '#', '#', '#', 'o']
['o', '#', '#', 'o', 'o', '#', 'o', 'o', 'o']
['#', '#', 'o', 'o', '#', 'o', '#', 'o', '#']
['o', 'o', '#', '#', '#', 'o', '#', '#', 'o']
['o', '#', '#', '#', 'o', '#', '#', 'o', 'o']
Cost actual: 0
...........
2) Eliminam obstacolul de pe linia 3, coloana 3
['*', '*', '*', '*', '#', 'o', 'o', 'o', '#']
['#', '#', '*', '#', '#', '#', '#', '#', 'o']
['o', '#', '*', '*', '*', '#', 'o', 'o', 'o']
['#', '#', '*', '*', '#', 'o', '#', 'o', '#']
['o', 'o', '#', '#', '#', 'o', '#', '#', 'o']
['o', '#', '#', '#', 'o', '#', '#', 'o', 'o']
Cost actual: 4
...........
3) Eliminam obstacolul de pe linia 4, coloana 5
['*', '*', '*', '*', '#', 'o', 'o', 'o', '#']
['#', '#', '*', '#', '#', '#', '#', '#', 'o']
['o', '#', '*', '*', '*', '#', 'o', 'o', 'o']
['#', '#', '*', '*', '*', '*', '#', 'o', '#']
['o', 'o', '#', '#', '#', '*', '#', '#', 'o']
['o', '#', '#', '#', 'o', '#', '#', 'o', 'o']
Cost actual: 7
...........
4) Eliminam obstacolul de pe linia 6, coloana 6
['*', '*', '*', '*', '#', 'o', 'o', 'o', '#']
['#', '#', '*', '#', '#', '#', '#', '#', 'o']
['o', '#', '*', '*', '*', '#', 'o', 'o', 'o']
['#', '#', '*', '*', '*', '*', '#', 'o', '#']
['o', 'o', '#', '#', '#', '*', '#', '#', 'o']
['o', '#', '#', '#', '*', '*', '#', 'o', 'o']
Cost actual: 10
...........
...........
UCS 7:
1) Configuratie Initiala
['*', '*', '*', '*', '#', 'o', 'o', 'o', '#']
['#', '#', '*', '#', '#', '#', '#', '#', 'o']
['o', '#', '#', 'o', 'o', '#', 'o', 'o', 'o']
['#', '#', 'o', 'o', '#', 'o', '#', 'o', '#']
['o', 'o', '#', '#', '#', 'o', '#', '#', 'o']
['o', '#', '#', '#', 'o', '#', '#', 'o', 'o']
Cost actual: 0
...........
2) Eliminam obstacolul de pe linia 2, coloana 4
['*', '*', '*', '*', '#', 'o', 'o', 'o', '#']
['#', '#', '*', '*', '#', '#', '#', '#', 'o']
['o', '#', '#', '*', '*', '#', 'o', 'o', 'o']
['#', '#', '*', '*', '#', 'o', '#', 'o', '#']
['o', 'o', '#', '#', '#', 'o', '#', '#', 'o']
['o', '#', '#', '#', 'o', '#', '#', 'o', 'o']
Cost actual: 3
...........
3) Eliminam obstacolul de pe linia 4, coloana 5
['*', '*', '*', '*', '#', 'o', 'o', 'o', '#']
['#', '#', '*', '*', '#', '#', '#', '#', 'o']
['o', '#', '#', '*', '*', '#', 'o', 'o', 'o']
['#', '#', '*', '*', '*', '*', '#', 'o', '#']
['o', 'o', '#', '#', '#', '*', '#', '#', 'o']
['o', '#', '#', '#', 'o', '#', '#', 'o', 'o']
Cost actual: 6
...........
4) Eliminam obstacolul de pe linia 2, coloana 1
['*', '*', '*', '*', '#', 'o', 'o', 'o', '#']
['*', '#', '*', '*', '#', '#', '#', '#', 'o']
['*', '#', '#', '*', '*', '#', 'o', 'o', 'o']
['#', '#', '*', '*', '*', '*', '#', 'o', '#']
['o', 'o', '#', '#', '#', '*', '#', '#', 'o']
['o', '#', '#', '#', 'o', '#', '#', 'o', 'o']
Cost actual: 8
...........
5) Eliminam obstacolul de pe linia 6, coloana 6
['*', '*', '*', '*', '#', 'o', 'o', 'o', '#']
['*', '#', '*', '*', '#', '#', '#', '#', 'o']
['*', '#', '#', '*', '*', '#', 'o', 'o', 'o']
['#', '#', '*', '*', '*', '*', '#', 'o', '#']
['o', 'o', '#', '#', '#', '*', '#', '#', 'o']
['o', '#', '#', '#', '*', '*', '#', 'o', 'o']
Cost actual: 11
...........
...........
UCS 8:
1) Configuratie Initiala
['*', '*', '*', '*', '#', 'o', 'o', 'o', '#']
['#', '#', '*', '#', '#', '#', '#', '#', 'o']
['o', '#', '#', 'o', 'o', '#', 'o', 'o', 'o']
['#', '#', 'o', 'o', '#', 'o', '#', 'o', '#']
['o', 'o', '#', '#', '#', 'o', '#', '#', 'o']
['o', '#', '#', '#', 'o', '#', '#', 'o', 'o']
Cost actual: 0
...........
2) Eliminam obstacolul de pe linia 2, coloana 4
['*', '*', '*', '*', '#', 'o', 'o', 'o', '#']
['#', '#', '*', '*', '#', '#', '#', '#', 'o']
['o', '#', '#', '*', '*', '#', 'o', 'o', 'o']
['#', '#', '*', '*', '#', 'o', '#', 'o', '#']
['o', 'o', '#', '#', '#', 'o', '#', '#', 'o']
['o', '#', '#', '#', 'o', '#', '#', 'o', 'o']
Cost actual: 3
...........
3) Eliminam obstacolul de pe linia 4, coloana 5
['*', '*', '*', '*', '#', 'o', 'o', 'o', '#']
['#', '#', '*', '*', '#', '#', '#', '#', 'o']
['o', '#', '#', '*', '*', '#', 'o', 'o', 'o']
['#', '#', '*', '*', '*', '*', '#', 'o', '#']
['o', 'o', '#', '#', '#', '*', '#', '#', 'o']
['o', '#', '#', '#', 'o', '#', '#', 'o', 'o']
Cost actual: 6
...........
4) Eliminam obstacolul de pe linia 2, coloana 1
['*', '*', '*', '*', '#', 'o', 'o', 'o', '#']
['*', '#', '*', '*', '#', '#', '#', '#', 'o']
['*', '#', '#', '*', '*', '#', 'o', 'o', 'o']
['#', '#', '*', '*', '*', '*', '#', 'o', '#']
['o', 'o', '#', '#', '#', '*', '#', '#', 'o']
['o', '#', '#', '#', 'o', '#', '#', 'o', 'o']
Cost actual: 8
...........
5) Eliminam obstacolul de pe linia 5, coloana 5
['*', '*', '*', '*', '#', 'o', 'o', 'o', '#']
['*', '#', '*', '*', '#', '#', '#', '#', 'o']
['*', '#', '#', '*', '*', '#', 'o', 'o', 'o']
['#', '#', '*', '*', '*', '*', '#', 'o', '#']
['o', 'o', '#', '#', '*', '*', '#', '#', 'o']
['o', '#', '#', '#', '*', '#', '#', 'o', 'o']
Cost actual: 11
...........
...........
UCS 9:
1) Configuratie Initiala
['*', '*', '*', '*', '#', 'o', 'o', 'o', '#']
['#', '#', '*', '#', '#', '#', '#', '#', 'o']
['o', '#', '#', 'o', 'o', '#', 'o', 'o', 'o']
['#', '#', 'o', 'o', '#', 'o', '#', 'o', '#']
['o', 'o', '#', '#', '#', 'o', '#', '#', 'o']
['o', '#', '#', '#', 'o', '#', '#', 'o', 'o']
Cost actual: 0
...........
2) Eliminam obstacolul de pe linia 2, coloana 4
['*', '*', '*', '*', '#', 'o', 'o', 'o', '#']
['#', '#', '*', '*', '#', '#', '#', '#', 'o']
['o', '#', '#', '*', '*', '#', 'o', 'o', 'o']
['#', '#', '*', '*', '#', 'o', '#', 'o', '#']
['o', 'o', '#', '#', '#', 'o', '#', '#', 'o']
['o', '#', '#', '#', 'o', '#', '#', 'o', 'o']
Cost actual: 3
...........
3) Eliminam obstacolul de pe linia 1, coloana 5
['*', '*', '*', '*', '*', '*', '*', '*', '#']
['#', '#', '*', '*', '#', '#', '#', '#', 'o']
['o', '#', '#', '*', '*', '#', 'o', 'o', 'o']
['#', '#', '*', '*', '#', 'o', '#', 'o', '#']
['o', 'o', '#', '#', '#', 'o', '#', '#', 'o']
['o', '#', '#', '#', 'o', '#', '#', 'o', 'o']
Cost actual: 5
...........
4) Eliminam obstacolul de pe linia 4, coloana 5
['*', '*', '*', '*', '*', '*', '*', '*', '#']
['#', '#', '*', '*', '#', '#', '#', '#', 'o']
['o', '#', '#', '*', '*', '#', 'o', 'o', 'o']
['#', '#', '*', '*', '*', '*', '#', 'o', '#']
['o', 'o', '#', '#', '#', '*', '#', '#', 'o']
['o', '#', '#', '#', 'o', '#', '#', 'o', 'o']
Cost actual: 8
...........
5) Eliminam obstacolul de pe linia 5, coloana 5
['*', '*', '*', '*', '*', '*', '*', '*', '#']
['#', '#', '*', '*', '#', '#', '#', '#', 'o']
['o', '#', '#', '*', '*', '#', 'o', 'o', 'o']
['#', '#', '*', '*', '*', '*', '#', 'o', '#']
['o', 'o', '#', '#', '*', '*', '#', '#', 'o']
['o', '#', '#', '#', '*', '#', '#', 'o', 'o']
Cost actual: 11
...........
...........
UCS 10:
1) Configuratie Initiala
['*', '*', '*', '*', '#', 'o', 'o', 'o', '#']
['#', '#', '*', '#', '#', '#', '#', '#', 'o']
['o', '#', '#', 'o', 'o', '#', 'o', 'o', 'o']
['#', '#', 'o', 'o', '#', 'o', '#', 'o', '#']
['o', 'o', '#', '#', '#', 'o', '#', '#', 'o']
['o', '#', '#', '#', 'o', '#', '#', 'o', 'o']
Cost actual: 0
...........
2) Eliminam obstacolul de pe linia 2, coloana 4
['*', '*', '*', '*', '#', 'o', 'o', 'o', '#']
['#', '#', '*', '*', '#', '#', '#', '#', 'o']
['o', '#', '#', '*', '*', '#', 'o', 'o', 'o']
['#', '#', '*', '*', '#', 'o', '#', 'o', '#']
['o', 'o', '#', '#', '#', 'o', '#', '#', 'o']
['o', '#', '#', '#', 'o', '#', '#', 'o', 'o']
Cost actual: 3
...........
3) Eliminam obstacolul de pe linia 1, coloana 5
['*', '*', '*', '*', '*', '*', '*', '*', '#']
['#', '#', '*', '*', '#', '#', '#', '#', 'o']
['o', '#', '#', '*', '*', '#', 'o', 'o', 'o']
['#', '#', '*', '*', '#', 'o', '#', 'o', '#']
['o', 'o', '#', '#', '#', 'o', '#', '#', 'o']
['o', '#', '#', '#', 'o', '#', '#', 'o', 'o']
Cost actual: 5
...........
4) Eliminam obstacolul de pe linia 4, coloana 5
['*', '*', '*', '*', '*', '*', '*', '*', '#']
['#', '#', '*', '*', '#', '#', '#', '#', 'o']
['o', '#', '#', '*', '*', '#', 'o', 'o', 'o']
['#', '#', '*', '*', '*', '*', '#', 'o', '#']
['o', 'o', '#', '#', '#', '*', '#', '#', 'o']
['o', '#', '#', '#', 'o', '#', '#', 'o', 'o']
Cost actual: 8
...........
5) Eliminam obstacolul de pe linia 6, coloana 6
['*', '*', '*', '*', '*', '*', '*', '*', '#']
['#', '#', '*', '*', '#', '#', '#', '#', 'o']
['o', '#', '#', '*', '*', '#', 'o', 'o', 'o']
['#', '#', '*', '*', '*', '*', '#', 'o', '#']
['o', 'o', '#', '#', '#', '*', '#', '#', 'o']
['o', '#', '#', '#', '*', '*', '#', 'o', 'o']
Cost actual: 11
...........
...........
UCS 11:
1) Configuratie Initiala
['*', '*', '*', '*', '#', 'o', 'o', 'o', '#']
['#', '#', '*', '#', '#', '#', '#', '#', 'o']
['o', '#', '#', 'o', 'o', '#', 'o', 'o', 'o']
['#', '#', 'o', 'o', '#', 'o', '#', 'o', '#']
['o', 'o', '#', '#', '#', 'o', '#', '#', 'o']
['o', '#', '#', '#', 'o', '#', '#', 'o', 'o']
Cost actual: 0
...........
2) Eliminam obstacolul de pe linia 1, coloana 5
['*', '*', '*', '*', '*', '*', '*', '*', '#']
['#', '#', '*', '#', '#', '#', '#', '#', 'o']
['o', '#', '#', 'o', 'o', '#', 'o', 'o', 'o']
['#', '#', 'o', 'o', '#', 'o', '#', 'o', '#']
['o', 'o', '#', '#', '#', 'o', '#', '#', 'o']
['o', '#', '#', '#', 'o', '#', '#', 'o', 'o']
Cost actual: 3
...........
3) Eliminam obstacolul de pe linia 2, coloana 8
['*', '*', '*', '*', '*', '*', '*', '*', '#']
['#', '#', '*', '#', '#', '#', '#', '*', '*']
['o', '#', '#', 'o', 'o', '#', '*', '*', '*']
['#', '#', 'o', 'o', '#', 'o', '#', '*', '#']
['o', 'o', '#', '#', '#', 'o', '#', '#', 'o']
['o', '#', '#', '#', 'o', '#', '#', 'o', 'o']
Cost actual: 5
...........
4) Eliminam obstacolul de pe linia 4, coloana 9
['*', '*', '*', '*', '*', '*', '*', '*', '#']
['#', '#', '*', '#', '#', '#', '#', '*', '*']
['o', '#', '#', 'o', 'o', '#', '*', '*', '*']
['#', '#', 'o', 'o', '#', 'o', '#', '*', '*']
['o', 'o', '#', '#', '#', 'o', '#', '#', '*']
['o', '#', '#', '#', 'o', '#', '#', '*', '*']
Cost actual: 6
...........
5) Eliminam obstacolul de pe linia 1, coloana 9
['*', '*', '*', '*', '*', '*', '*', '*', '*']
['#', '#', '*', '#', '#', '#', '#', '*', '*']
['o', '#', '#', 'o', 'o', '#', '*', '*', '*']
['#', '#', 'o', 'o', '#', 'o', '#', '*', '*']
['o', 'o', '#', '#', '#', 'o', '#', '#', '*']
['o', '#', '#', '#', 'o', '#', '#', '*', '*']
Cost actual: 6
...........
6) Eliminam obstacolul de pe linia 6, coloana 7
['*', '*', '*', '*', '*', '*', '*', '*', '*']
['#', '#', '*', '#', '#', '#', '#', '*', '*']
['o', '#', '#', 'o', 'o', '#', '*', '*', '*']
['#', '#', 'o', 'o', '#', 'o', '#', '*', '*']
['o', 'o', '#', '#', '#', 'o', '#', '#', '*']
['o', '#', '#', '#', 'o', '#', '*', '*', '*']
Cost actual: 9
...........
7) Eliminam obstacolul de pe linia 6, coloana 6
['*', '*', '*', '*', '*', '*', '*', '*', '*']
['#', '#', '*', '#', '#', '#', '#', '*', '*']
['o', '#', '#', 'o', 'o', '#', '*', '*', '*']
['#', '#', 'o', 'o', '#', '*', '#', '*', '*']
['o', 'o', '#', '#', '#', '*', '#', '#', '*']
['o', '#', '#', '#', '*', '*', '*', '*', '*']
Cost actual: 11
...........
...........
UCS 12:
1) Configuratie Initiala
['*', '*', '*', '*', '#', 'o', 'o', 'o', '#']
['#', '#', '*', '#', '#', '#', '#', '#', 'o']
['o', '#', '#', 'o', 'o', '#', 'o', 'o', 'o']
['#', '#', 'o', 'o', '#', 'o', '#', 'o', '#']
['o', 'o', '#', '#', '#', 'o', '#', '#', 'o']
['o', '#', '#', '#', 'o', '#', '#', 'o', 'o']
Cost actual: 0
...........
2) Eliminam obstacolul de pe linia 1, coloana 5
['*', '*', '*', '*', '*', '*', '*', '*', '#']
['#', '#', '*', '#', '#', '#', '#', '#', 'o']
['o', '#', '#', 'o', 'o', '#', 'o', 'o', 'o']
['#', '#', 'o', 'o', '#', 'o', '#', 'o', '#']
['o', 'o', '#', '#', '#', 'o', '#', '#', 'o']
['o', '#', '#', '#', 'o', '#', '#', 'o', 'o']
Cost actual: 3
...........
3) Eliminam obstacolul de pe linia 1, coloana 9
['*', '*', '*', '*', '*', '*', '*', '*', '*']
['#', '#', '*', '#', '#', '#', '#', '#', '*']
['o', '#', '#', 'o', 'o', '#', '*', '*', '*']
['#', '#', 'o', 'o', '#', 'o', '#', '*', '#']
['o', 'o', '#', '#', '#', 'o', '#', '#', 'o']
['o', '#', '#', '#', 'o', '#', '#', 'o', 'o']
Cost actual: 4
...........
4) Eliminam obstacolul de pe linia 4, coloana 9
['*', '*', '*', '*', '*', '*', '*', '*', '*']
['#', '#', '*', '#', '#', '#', '#', '#', '*']
['o', '#', '#', 'o', 'o', '#', '*', '*', '*']
['#', '#', 'o', 'o', '#', 'o', '#', '*', '*']
['o', 'o', '#', '#', '#', 'o', '#', '#', '*']
['o', '#', '#', '#', 'o', '#', '#', '*', '*']
Cost actual: 5
...........
5) Eliminam obstacolul de pe linia 4, coloana 7
['*', '*', '*', '*', '*', '*', '*', '*', '*']
['#', '#', '*', '#', '#', '#', '#', '#', '*']
['o', '#', '#', 'o', 'o', '#', '*', '*', '*']
['#', '#', 'o', 'o', '#', '*', '*', '*', '*']
['o', 'o', '#', '#', '#', '*', '#', '#', '*']
['o', '#', '#', '#', 'o', '#', '#', '*', '*']
Cost actual: 8
...........
6) Eliminam obstacolul de pe linia 6, coloana 6
['*', '*', '*', '*', '*', '*', '*', '*', '*']
['#', '#', '*', '#', '#', '#', '#', '#', '*']
['o', '#', '#', 'o', 'o', '#', '*', '*', '*']
['#', '#', 'o', 'o', '#', '*', '*', '*', '*']
['o', 'o', '#', '#', '#', '*', '#', '#', '*']
['o', '#', '#', '#', '*', '*', '#', '*', '*']
Cost actual: 11
...........
...........
UCS 13:
1) Configuratie Initiala
['*', '*', '*', '*', '#', 'o', 'o', 'o', '#']
['#', '#', '*', '#', '#', '#', '#', '#', 'o']
['o', '#', '#', 'o', 'o', '#', 'o', 'o', 'o']
['#', '#', 'o', 'o', '#', 'o', '#', 'o', '#']
['o', 'o', '#', '#', '#', 'o', '#', '#', 'o']
['o', '#', '#', '#', 'o', '#', '#', 'o', 'o']
Cost actual: 0
...........
2) Eliminam obstacolul de pe linia 2, coloana 4
['*', '*', '*', '*', '#', 'o', 'o', 'o', '#']
['#', '#', '*', '*', '#', '#', '#', '#', 'o']
['o', '#', '#', '*', '*', '#', 'o', 'o', 'o']
['#', '#', '*', '*', '#', 'o', '#', 'o', '#']
['o', 'o', '#', '#', '#', 'o', '#', '#', 'o']
['o', '#', '#', '#', 'o', '#', '#', 'o', 'o']
Cost actual: 3
...........
3) Eliminam obstacolul de pe linia 3, coloana 6
['*', '*', '*', '*', '#', 'o', 'o', 'o', '#']
['#', '#', '*', '*', '#', '#', '#', '#', '*']
['o', '#', '#', '*', '*', '*', '*', '*', '*']
['#', '#', '*', '*', '#', '*', '#', '*', '#']
['o', 'o', '#', '#', '#', '*', '#', '#', 'o']
['o', '#', '#', '#', 'o', '#', '#', 'o', 'o']
Cost actual: 8
...........
4) Eliminam obstacolul de pe linia 6, coloana 6
['*', '*', '*', '*', '#', 'o', 'o', 'o', '#']
['#', '#', '*', '*', '#', '#', '#', '#', '*']
['o', '#', '#', '*', '*', '*', '*', '*', '*']
['#', '#', '*', '*', '#', '*', '#', '*', '#']
['o', 'o', '#', '#', '#', '*', '#', '#', 'o']
['o', '#', '#', '#', '*', '*', '#', 'o', 'o']
Cost actual: 11
...........
...........
UCS 14:
1) Configuratie Initiala
['*', '*', '*', '*', '#', 'o', 'o', 'o', '#']
['#', '#', '*', '#', '#', '#', '#', '#', 'o']
['o', '#', '#', 'o', 'o', '#', 'o', 'o', 'o']
['#', '#', 'o', 'o', '#', 'o', '#', 'o', '#']
['o', 'o', '#', '#', '#', 'o', '#', '#', 'o']
['o', '#', '#', '#', 'o', '#', '#', 'o', 'o']
Cost actual: 0
...........
2) Eliminam obstacolul de pe linia 1, coloana 5
['*', '*', '*', '*', '*', '*', '*', '*', '#']
['#', '#', '*', '#', '#', '#', '#', '#', 'o']
['o', '#', '#', 'o', 'o', '#', 'o', 'o', 'o']
['#', '#', 'o', 'o', '#', 'o', '#', 'o', '#']
['o', 'o', '#', '#', '#', 'o', '#', '#', 'o']
['o', '#', '#', '#', 'o', '#', '#', 'o', 'o']
Cost actual: 3
...........
3) Eliminam obstacolul de pe linia 2, coloana 8
['*', '*', '*', '*', '*', '*', '*', '*', '#']
['#', '#', '*', '#', '#', '#', '#', '*', '*']
['o', '#', '#', 'o', 'o', '#', '*', '*', '*']
['#', '#', 'o', 'o', '#', 'o', '#', '*', '#']
['o', 'o', '#', '#', '#', 'o', '#', '#', 'o']
['o', '#', '#', '#', 'o', '#', '#', 'o', 'o']
Cost actual: 5
...........
4) Eliminam obstacolul de pe linia 1, coloana 9
['*', '*', '*', '*', '*', '*', '*', '*', '*']
['#', '#', '*', '#', '#', '#', '#', '*', '*']
['o', '#', '#', 'o', 'o', '#', '*', '*', '*']
['#', '#', 'o', 'o', '#', 'o', '#', '*', '#']
['o', 'o', '#', '#', '#', 'o', '#', '#', 'o']
['o', '#', '#', '#', 'o', '#', '#', 'o', 'o']
Cost actual: 5
...........
5) Eliminam obstacolul de pe linia 4, coloana 7
['*', '*', '*', '*', '*', '*', '*', '*', '*']
['#', '#', '*', '#', '#', '#', '#', '*', '*']
['o', '#', '#', 'o', 'o', '#', '*', '*', '*']
['#', '#', 'o', 'o', '#', '*', '*', '*', '#']
['o', 'o', '#', '#', '#', '*', '#', '#', 'o']
['o', '#', '#', '#', 'o', '#', '#', 'o', 'o']
Cost actual: 8
...........
6) Eliminam obstacolul de pe linia 6, coloana 6
['*', '*', '*', '*', '*', '*', '*', '*', '*']
['#', '#', '*', '#', '#', '#', '#', '*', '*']
['o', '#', '#', 'o', 'o', '#', '*', '*', '*']
['#', '#', 'o', 'o', '#', '*', '*', '*', '#']
['o', 'o', '#', '#', '#', '*', '#', '#', 'o']
['o', '#', '#', '#', '*', '*', '#', 'o', 'o']
Cost actual: 11
...........
...........
UCS 15:
1) Configuratie Initiala
['*', '*', '*', '*', '#', 'o', 'o', 'o', '#']
['#', '#', '*', '#', '#', '#', '#', '#', 'o']
['o', '#', '#', 'o', 'o', '#', 'o', 'o', 'o']
['#', '#', 'o', 'o', '#', 'o', '#', 'o', '#']
['o', 'o', '#', '#', '#', 'o', '#', '#', 'o']
['o', '#', '#', '#', 'o', '#', '#', 'o', 'o']
Cost actual: 0
...........
2) Eliminam obstacolul de pe linia 1, coloana 5
['*', '*', '*', '*', '*', '*', '*', '*', '#']
['#', '#', '*', '#', '#', '#', '#', '#', 'o']
['o', '#', '#', 'o', 'o', '#', 'o', 'o', 'o']
['#', '#', 'o', 'o', '#', 'o', '#', 'o', '#']
['o', 'o', '#', '#', '#', 'o', '#', '#', 'o']
['o', '#', '#', '#', 'o', '#', '#', 'o', 'o']
Cost actual: 3
...........
3) Eliminam obstacolul de pe linia 2, coloana 8
['*', '*', '*', '*', '*', '*', '*', '*', '#']
['#', '#', '*', '#', '#', '#', '#', '*', '*']
['o', '#', '#', 'o', 'o', '#', '*', '*', '*']
['#', '#', 'o', 'o', '#', 'o', '#', '*', '#']
['o', 'o', '#', '#', '#', 'o', '#', '#', 'o']
['o', '#', '#', '#', 'o', '#', '#', 'o', 'o']
Cost actual: 5
...........
4) Eliminam obstacolul de pe linia 4, coloana 7
['*', '*', '*', '*', '*', '*', '*', '*', '#']
['#', '#', '*', '#', '#', '#', '#', '*', '*']
['o', '#', '#', 'o', 'o', '#', '*', '*', '*']
['#', '#', 'o', 'o', '#', '*', '*', '*', '#']
['o', 'o', '#', '#', '#', '*', '#', '#', 'o']
['o', '#', '#', '#', 'o', '#', '#', 'o', 'o']
Cost actual: 8
...........
5) Eliminam obstacolul de pe linia 6, coloana 6
['*', '*', '*', '*', '*', '*', '*', '*', '#']
['#', '#', '*', '#', '#', '#', '#', '*', '*']
['o', '#', '#', 'o', 'o', '#', '*', '*', '*']
['#', '#', 'o', 'o', '#', '*', '*', '*', '#']
['o', 'o', '#', '#', '#', '*', '#', '#', 'o']
['o', '#', '#', '#', '*', '*', '#', 'o', 'o']
Cost actual: 11
...........
...........
UCS 16:
1) Configuratie Initiala
['*', '*', '*', '*', '#', 'o', 'o', 'o', '#']
['#', '#', '*', '#', '#', '#', '#', '#', 'o']
['o', '#', '#', 'o', 'o', '#', 'o', 'o', 'o']
['#', '#', 'o', 'o', '#', 'o', '#', 'o', '#']
['o', 'o', '#', '#', '#', 'o', '#', '#', 'o']
['o', '#', '#', '#', 'o', '#', '#', 'o', 'o']
Cost actual: 0
...........
2) Eliminam obstacolul de pe linia 1, coloana 5
['*', '*', '*', '*', '*', '*', '*', '*', '#']
['#', '#', '*', '#', '#', '#', '#', '#', 'o']
['o', '#', '#', 'o', 'o', '#', 'o', 'o', 'o']
['#', '#', 'o', 'o', '#', 'o', '#', 'o', '#']
['o', 'o', '#', '#', '#', 'o', '#', '#', 'o']
['o', '#', '#', '#', 'o', '#', '#', 'o', 'o']
Cost actual: 3
...........
3) Eliminam obstacolul de pe linia 1, coloana 9
['*', '*', '*', '*', '*', '*', '*', '*', '*']
['#', '#', '*', '#', '#', '#', '#', '#', '*']
['o', '#', '#', 'o', 'o', '#', '*', '*', '*']
['#', '#', 'o', 'o', '#', 'o', '#', '*', '#']
['o', 'o', '#', '#', '#', 'o', '#', '#', 'o']
['o', '#', '#', '#', 'o', '#', '#', 'o', 'o']
Cost actual: 4
...........
4) Eliminam obstacolul de pe linia 4, coloana 7
['*', '*', '*', '*', '*', '*', '*', '*', '*']
['#', '#', '*', '#', '#', '#', '#', '#', '*']
['o', '#', '#', 'o', 'o', '#', '*', '*', '*']
['#', '#', 'o', 'o', '#', '*', '*', '*', '#']
['o', 'o', '#', '#', '#', '*', '#', '#', 'o']
['o', '#', '#', '#', 'o', '#', '#', 'o', 'o']
Cost actual: 7
...........
5) Eliminam obstacolul de pe linia 5, coloana 5
['*', '*', '*', '*', '*', '*', '*', '*', '*']
['#', '#', '*', '#', '#', '#', '#', '#', '*']
['o', '#', '#', 'o', 'o', '#', '*', '*', '*']
['#', '#', 'o', 'o', '#', '*', '*', '*', '#']
['o', 'o', '#', '#', '*', '*', '#', '#', 'o']
['o', '#', '#', '#', '*', '#', '#', 'o', 'o']
Cost actual: 11
...........
...........
UCS 17:
1) Configuratie Initiala
['*', '*', '*', '*', '#', 'o', 'o', 'o', '#']
['#', '#', '*', '#', '#', '#', '#', '#', 'o']
['o', '#', '#', 'o', 'o', '#', 'o', 'o', 'o']
['#', '#', 'o', 'o', '#', 'o', '#', 'o', '#']
['o', 'o', '#', '#', '#', 'o', '#', '#', 'o']
['o', '#', '#', '#', 'o', '#', '#', 'o', 'o']
Cost actual: 0
...........
2) Eliminam obstacolul de pe linia 2, coloana 4
['*', '*', '*', '*', '#', 'o', 'o', 'o', '#']
['#', '#', '*', '*', '#', '#', '#', '#', 'o']
['o', '#', '#', '*', '*', '#', 'o', 'o', 'o']
['#', '#', '*', '*', '#', 'o', '#', 'o', '#']
['o', 'o', '#', '#', '#', 'o', '#', '#', 'o']
['o', '#', '#', '#', 'o', '#', '#', 'o', 'o']
Cost actual: 3
...........
3) Eliminam obstacolul de pe linia 5, coloana 4
['*', '*', '*', '*', '#', 'o', 'o', 'o', '#']
['#', '#', '*', '*', '#', '#', '#', '#', 'o']
['o', '#', '#', '*', '*', '#', 'o', 'o', 'o']
['#', '#', '*', '*', '#', 'o', '#', 'o', '#']
['o', 'o', '#', '*', '#', 'o', '#', '#', 'o']
['o', '#', '#', '#', 'o', '#', '#', 'o', 'o']
Cost actual: 8
...........
4) Eliminam obstacolul de pe linia 6, coloana 4
['*', '*', '*', '*', '#', 'o', 'o', 'o', '#']
['#', '#', '*', '*', '#', '#', '#', '#', 'o']
['o', '#', '#', '*', '*', '#', 'o', 'o', 'o']
['#', '#', '*', '*', '#', 'o', '#', 'o', '#']
['o', 'o', '#', '*', '#', 'o', '#', '#', 'o']
['o', '#', '#', '*', '*', '#', '#', 'o', 'o']
Cost actual: 11
...........
...........
UCS 18:
1) Configuratie Initiala
['*', '*', '*', '*', '#', 'o', 'o', 'o', '#']
['#', '#', '*', '#', '#', '#', '#', '#', 'o']
['o', '#', '#', 'o', 'o', '#', 'o', 'o', 'o']
['#', '#', 'o', 'o', '#', 'o', '#', 'o', '#']
['o', 'o', '#', '#', '#', 'o', '#', '#', 'o']
['o', '#', '#', '#', 'o', '#', '#', 'o', 'o']
Cost actual: 0
...........
2) Eliminam obstacolul de pe linia 2, coloana 4
['*', '*', '*', '*', '#', 'o', 'o', 'o', '#']
['#', '#', '*', '*', '#', '#', '#', '#', 'o']
['o', '#', '#', '*', '*', '#', 'o', 'o', 'o']
['#', '#', '*', '*', '#', 'o', '#', 'o', '#']
['o', 'o', '#', '#', '#', 'o', '#', '#', 'o']
['o', '#', '#', '#', 'o', '#', '#', 'o', 'o']
Cost actual: 3
...........
3) Eliminam obstacolul de pe linia 5, coloana 4
['*', '*', '*', '*', '#', 'o', 'o', 'o', '#']
['#', '#', '*', '*', '#', '#', '#', '#', 'o']
['o', '#', '#', '*', '*', '#', 'o', 'o', 'o']
['#', '#', '*', '*', '#', 'o', '#', 'o', '#']
['o', 'o', '#', '*', '#', 'o', '#', '#', 'o']
['o', '#', '#', '#', 'o', '#', '#', 'o', 'o']
Cost actual: 8
...........
4) Eliminam obstacolul de pe linia 5, coloana 5
['*', '*', '*', '*', '#', 'o', 'o', 'o', '#']
['#', '#', '*', '*', '#', '#', '#', '#', 'o']
['o', '#', '#', '*', '*', '#', 'o', 'o', 'o']
['#', '#', '*', '*', '#', '*', '#', 'o', '#']
['o', 'o', '#', '*', '*', '*', '#', '#', 'o']
['o', '#', '#', '#', '*', '#', '#', 'o', 'o']
Cost actual: 11
...........
...........
UCS 19:
1) Configuratie Initiala
['*', '*', '*', '*', '#', 'o', 'o', 'o', '#']
['#', '#', '*', '#', '#', '#', '#', '#', 'o']
['o', '#', '#', 'o', 'o', '#', 'o', 'o', 'o']
['#', '#', 'o', 'o', '#', 'o', '#', 'o', '#']
['o', 'o', '#', '#', '#', 'o', '#', '#', 'o']
['o', '#', '#', '#', 'o', '#', '#', 'o', 'o']
Cost actual: 0
...........
2) Eliminam obstacolul de pe linia 1, coloana 5
['*', '*', '*', '*', '*', '*', '*', '*', '#']
['#', '#', '*', '#', '#', '#', '#', '#', 'o']
['o', '#', '#', 'o', 'o', '#', 'o', 'o', 'o']
['#', '#', 'o', 'o', '#', 'o', '#', 'o', '#']
['o', 'o', '#', '#', '#', 'o', '#', '#', 'o']
['o', '#', '#', '#', 'o', '#', '#', 'o', 'o']
Cost actual: 3
...........
3) Eliminam obstacolul de pe linia 2, coloana 8
['*', '*', '*', '*', '*', '*', '*', '*', '#']
['#', '#', '*', '#', '#', '#', '#', '*', '*']
['o', '#', '#', 'o', 'o', '#', '*', '*', '*']
['#', '#', 'o', 'o', '#', 'o', '#', '*', '#']
['o', 'o', '#', '#', '#', 'o', '#', '#', 'o']
['o', '#', '#', '#', 'o', '#', '#', 'o', 'o']
Cost actual: 5
...........
4) Eliminam obstacolul de pe linia 4, coloana 9
['*', '*', '*', '*', '*', '*', '*', '*', '#']
['#', '#', '*', '#', '#', '#', '#', '*', '*']
['o', '#', '#', 'o', 'o', '#', '*', '*', '*']
['#', '#', 'o', 'o', '#', 'o', '#', '*', '*']
['o', 'o', '#', '#', '#', 'o', '#', '#', '*']
['o', '#', '#', '#', 'o', '#', '#', '*', '*']
Cost actual: 6
...........
5) Eliminam obstacolul de pe linia 6, coloana 7
['*', '*', '*', '*', '*', '*', '*', '*', '#']
['#', '#', '*', '#', '#', '#', '#', '*', '*']
['o', '#', '#', 'o', 'o', '#', '*', '*', '*']
['#', '#', 'o', 'o', '#', 'o', '#', '*', '*']
['o', 'o', '#', '#', '#', 'o', '#', '#', '*']
['o', '#', '#', '#', 'o', '#', '*', '*', '*']
Cost actual: 9
...........
6) Eliminam obstacolul de pe linia 6, coloana 6
['*', '*', '*', '*', '*', '*', '*', '*', '#']
['#', '#', '*', '#', '#', '#', '#', '*', '*']
['o', '#', '#', 'o', 'o', '#', '*', '*', '*']
['#', '#', 'o', 'o', '#', '*', '#', '*', '*']
['o', 'o', '#', '#', '#', '*', '#', '#', '*']
['o', '#', '#', '#', '*', '*', '*', '*', '*']
Cost actual: 11
...........
...........
UCS 20:
1) Configuratie Initiala
['*', '*', '*', '*', '#', 'o', 'o', 'o', '#']
['#', '#', '*', '#', '#', '#', '#', '#', 'o']
['o', '#', '#', 'o', 'o', '#', 'o', 'o', 'o']
['#', '#', 'o', 'o', '#', 'o', '#', 'o', '#']
['o', 'o', '#', '#', '#', 'o', '#', '#', 'o']
['o', '#', '#', '#', 'o', '#', '#', 'o', 'o']
Cost actual: 0
...........
2) Eliminam obstacolul de pe linia 1, coloana 5
['*', '*', '*', '*', '*', '*', '*', '*', '#']
['#', '#', '*', '#', '#', '#', '#', '#', 'o']
['o', '#', '#', 'o', 'o', '#', 'o', 'o', 'o']
['#', '#', 'o', 'o', '#', 'o', '#', 'o', '#']
['o', 'o', '#', '#', '#', 'o', '#', '#', 'o']
['o', '#', '#', '#', 'o', '#', '#', 'o', 'o']
Cost actual: 3
...........
3) Eliminam obstacolul de pe linia 1, coloana 9
['*', '*', '*', '*', '*', '*', '*', '*', '*']
['#', '#', '*', '#', '#', '#', '#', '#', '*']
['o', '#', '#', 'o', 'o', '#', '*', '*', '*']
['#', '#', 'o', 'o', '#', 'o', '#', '*', '#']
['o', 'o', '#', '#', '#', 'o', '#', '#', 'o']
['o', '#', '#', '#', 'o', '#', '#', 'o', 'o']
Cost actual: 4
...........
4) Eliminam obstacolul de pe linia 5, coloana 8
['*', '*', '*', '*', '*', '*', '*', '*', '*']
['#', '#', '*', '#', '#', '#', '#', '#', '*']
['o', '#', '#', 'o', 'o', '#', '*', '*', '*']
['#', '#', 'o', 'o', '#', 'o', '#', '*', '#']
['o', 'o', '#', '#', '#', 'o', '#', '*', '*']
['o', '#', '#', '#', 'o', '#', '#', '*', '*']
Cost actual: 8
...........
5) Eliminam obstacolul de pe linia 4, coloana 9
['*', '*', '*', '*', '*', '*', '*', '*', '*']
['#', '#', '*', '#', '#', '#', '#', '#', '*']
['o', '#', '#', 'o', 'o', '#', '*', '*', '*']
['#', '#', 'o', 'o', '#', 'o', '#', '*', '*']
['o', 'o', '#', '#', '#', 'o', '#', '*', '*']
['o', '#', '#', '#', 'o', '#', '#', '*', '*']
Cost actual: 8
...........
6) Eliminam obstacolul de pe linia 6, coloana 7
['*', '*', '*', '*', '*', '*', '*', '*', '*']
['#', '#', '*', '#', '#', '#', '#', '#', '*']
['o', '#', '#', 'o', 'o', '#', '*', '*', '*']
['#', '#', 'o', 'o', '#', 'o', '#', '*', '*']
['o', 'o', '#', '#', '#', 'o', '#', '*', '*']
['o', '#', '#', '#', 'o', '#', '*', '*', '*']
Cost actual: 10
...........
7) Eliminam obstacolul de pe linia 6, coloana 6
['*', '*', '*', '*', '*', '*', '*', '*', '*']
['#', '#', '*', '#', '#', '#', '#', '#', '*']
['o', '#', '#', 'o', 'o', '#', '*', '*', '*']
['#', '#', 'o', 'o', '#', '*', '#', '*', '*']
['o', 'o', '#', '#', '#', '*', '#', '*', '*']
['o', '#', '#', '#', '*', '*', '*', '*', '*']
Cost actual: 12
...........
...........
UCS 21:
1) Configuratie Initiala
['*', '*', '*', '*', '#', 'o', 'o', 'o', '#']
['#', '#', '*', '#', '#', '#', '#', '#', 'o']
['o', '#', '#', 'o', 'o', '#', 'o', 'o', 'o']
['#', '#', 'o', 'o', '#', 'o', '#', 'o', '#']
['o', 'o', '#', '#', '#', 'o', '#', '#', 'o']
['o', '#', '#', '#', 'o', '#', '#', 'o', 'o']
Cost actual: 0
...........
2) Eliminam obstacolul de pe linia 1, coloana 5
['*', '*', '*', '*', '*', '*', '*', '*', '#']
['#', '#', '*', '#', '#', '#', '#', '#', 'o']
['o', '#', '#', 'o', 'o', '#', 'o', 'o', 'o']
['#', '#', 'o', 'o', '#', 'o', '#', 'o', '#']
['o', 'o', '#', '#', '#', 'o', '#', '#', 'o']
['o', '#', '#', '#', 'o', '#', '#', 'o', 'o']
Cost actual: 3
...........
3) Eliminam obstacolul de pe linia 2, coloana 8
['*', '*', '*', '*', '*', '*', '*', '*', '#']
['#', '#', '*', '#', '#', '#', '#', '*', '*']
['o', '#', '#', 'o', 'o', '#', '*', '*', '*']
['#', '#', 'o', 'o', '#', 'o', '#', '*', '#']
['o', 'o', '#', '#', '#', 'o', '#', '#', 'o']
['o', '#', '#', '#', 'o', '#', '#', 'o', 'o']
Cost actual: 5
...........
4) Eliminam obstacolul de pe linia 4, coloana 9
['*', '*', '*', '*', '*', '*', '*', '*', '#']
['#', '#', '*', '#', '#', '#', '#', '*', '*']
['o', '#', '#', 'o', 'o', '#', '*', '*', '*']
['#', '#', 'o', 'o', '#', 'o', '#', '*', '*']
['o', 'o', '#', '#', '#', 'o', '#', '#', '*']
['o', '#', '#', '#', 'o', '#', '#', '*', '*']
Cost actual: 6
...........
5) Eliminam obstacolul de pe linia 1, coloana 9
['*', '*', '*', '*', '*', '*', '*', '*', '*']
['#', '#', '*', '#', '#', '#', '#', '*', '*']
['o', '#', '#', 'o', 'o', '#', '*', '*', '*']
['#', '#', 'o', 'o', '#', 'o', '#', '*', '*']
['o', 'o', '#', '#', '#', 'o', '#', '#', '*']
['o', '#', '#', '#', 'o', '#', '#', '*', '*']
Cost actual: 6
...........
6) Eliminam obstacolul de pe linia 4, coloana 7
['*', '*', '*', '*', '*', '*', '*', '*', '*']
['#', '#', '*', '#', '#', '#', '#', '*', '*']
['o', '#', '#', 'o', 'o', '#', '*', '*', '*']
['#', '#', 'o', 'o', '#', '*', '*', '*', '*']
['o', 'o', '#', '#', '#', '*', '#', '#', '*']
['o', '#', '#', '#', 'o', '#', '#', '*', '*']
Cost actual: 9
...........
7) Eliminam obstacolul de pe linia 6, coloana 6
['*', '*', '*', '*', '*', '*', '*', '*', '*']
['#', '#', '*', '#', '#', '#', '#', '*', '*']
['o', '#', '#', 'o', 'o', '#', '*', '*', '*']
['#', '#', 'o', 'o', '#', '*', '*', '*', '*']
['o', 'o', '#', '#', '#', '*', '#', '#', '*']
['o', '#', '#', '#', '*', '*', '#', '*', '*']
Cost actual: 12
...........
...........
UCS 22:
1) Configuratie Initiala
['*', '*', '*', '*', '#', 'o', 'o', 'o', '#']
['#', '#', '*', '#', '#', '#', '#', '#', 'o']
['o', '#', '#', 'o', 'o', '#', 'o', 'o', 'o']
['#', '#', 'o', 'o', '#', 'o', '#', 'o', '#']
['o', 'o', '#', '#', '#', 'o', '#', '#', 'o']
['o', '#', '#', '#', 'o', '#', '#', 'o', 'o']
Cost actual: 0
...........
2) Eliminam obstacolul de pe linia 1, coloana 5
['*', '*', '*', '*', '*', '*', '*', '*', '#']
['#', '#', '*', '#', '#', '#', '#', '#', 'o']
['o', '#', '#', 'o', 'o', '#', 'o', 'o', 'o']
['#', '#', 'o', 'o', '#', 'o', '#', 'o', '#']
['o', 'o', '#', '#', '#', 'o', '#', '#', 'o']
['o', '#', '#', '#', 'o', '#', '#', 'o', 'o']
Cost actual: 3
...........
3) Eliminam obstacolul de pe linia 1, coloana 9
['*', '*', '*', '*', '*', '*', '*', '*', '*']
['#', '#', '*', '#', '#', '#', '#', '#', '*']
['o', '#', '#', 'o', 'o', '#', '*', '*', '*']
['#', '#', 'o', 'o', '#', 'o', '#', '*', '#']
['o', 'o', '#', '#', '#', 'o', '#', '#', 'o']
['o', '#', '#', '#', 'o', '#', '#', 'o', 'o']
Cost actual: 4
...........
4) Eliminam obstacolul de pe linia 4, coloana 9
['*', '*', '*', '*', '*', '*', '*', '*', '*']
['#', '#', '*', '#', '#', '#', '#', '#', '*']
['o', '#', '#', 'o', 'o', '#', '*', '*', '*']
['#', '#', 'o', 'o', '#', 'o', '#', '*', '*']
['o', 'o', '#', '#', '#', 'o', '#', '#', '*']
['o', '#', '#', '#', 'o', '#', '#', '*', '*']
Cost actual: 5
...........
5) Eliminam obstacolul de pe linia 2, coloana 4
['*', '*', '*', '*', '*', '*', '*', '*', '*']
['#', '#', '*', '*', '#', '#', '#', '#', '*']
['o', '#', '#', '*', '*', '#', '*', '*', '*']
['#', '#', '*', '*', '#', 'o', '#', '*', '*']
['o', 'o', '#', '#', '#', 'o', '#', '#', '*']
['o', '#', '#', '#', 'o', '#', '#', '*', '*']
Cost actual: 7
...........
6) Eliminam obstacolul de pe linia 6, coloana 7
['*', '*', '*', '*', '*', '*', '*', '*', '*']
['#', '#', '*', '*', '#', '#', '#', '#', '*']
['o', '#', '#', '*', '*', '#', '*', '*', '*']
['#', '#', '*', '*', '#', 'o', '#', '*', '*']
['o', 'o', '#', '#', '#', 'o', '#', '#', '*']
['o', '#', '#', '#', 'o', '#', '*', '*', '*']
Cost actual: 10
...........
7) Eliminam obstacolul de pe linia 6, coloana 6
['*', '*', '*', '*', '*', '*', '*', '*', '*']
['#', '#', '*', '*', '#', '#', '#', '#', '*']
['o', '#', '#', '*', '*', '#', '*', '*', '*']
['#', '#', '*', '*', '#', '*', '#', '*', '*']
['o', 'o', '#', '#', '#', '*', '#', '#', '*']
['o', '#', '#', '#', '*', '*', '*', '*', '*']
Cost actual: 12
...........
...........
UCS 23:
1) Configuratie Initiala
['*', '*', '*', '*', '#', 'o', 'o', 'o', '#']
['#', '#', '*', '#', '#', '#', '#', '#', 'o']
['o', '#', '#', 'o', 'o', '#', 'o', 'o', 'o']
['#', '#', 'o', 'o', '#', 'o', '#', 'o', '#']
['o', 'o', '#', '#', '#', 'o', '#', '#', 'o']
['o', '#', '#', '#', 'o', '#', '#', 'o', 'o']
Cost actual: 0
...........
2) Eliminam obstacolul de pe linia 1, coloana 5
['*', '*', '*', '*', '*', '*', '*', '*', '#']
['#', '#', '*', '#', '#', '#', '#', '#', 'o']
['o', '#', '#', 'o', 'o', '#', 'o', 'o', 'o']
['#', '#', 'o', 'o', '#', 'o', '#', 'o', '#']
['o', 'o', '#', '#', '#', 'o', '#', '#', 'o']
['o', '#', '#', '#', 'o', '#', '#', 'o', 'o']
Cost actual: 3
...........
3) Eliminam obstacolul de pe linia 1, coloana 9
['*', '*', '*', '*', '*', '*', '*', '*', '*']
['#', '#', '*', '#', '#', '#', '#', '#', '*']
['o', '#', '#', 'o', 'o', '#', '*', '*', '*']
['#', '#', 'o', 'o', '#', 'o', '#', '*', '#']
['o', 'o', '#', '#', '#', 'o', '#', '#', 'o']
['o', '#', '#', '#', 'o', '#', '#', 'o', 'o']
Cost actual: 4
...........
4) Eliminam obstacolul de pe linia 2, coloana 4
['*', '*', '*', '*', '*', '*', '*', '*', '*']
['#', '#', '*', '*', '#', '#', '#', '#', '*']
['o', '#', '#', '*', '*', '#', '*', '*', '*']
['#', '#', '*', '*', '#', 'o', '#', '*', '#']
['o', 'o', '#', '#', '#', 'o', '#', '#', 'o']
['o', '#', '#', '#', 'o', '#', '#', 'o', 'o']
Cost actual: 6
...........
5) Eliminam obstacolul de pe linia 4, coloana 7
['*', '*', '*', '*', '*', '*', '*', '*', '*']
['#', '#', '*', '*', '#', '#', '#', '#', '*']
['o', '#', '#', '*', '*', '#', '*', '*', '*']
['#', '#', '*', '*', '#', '*', '*', '*', '#']
['o', 'o', '#', '#', '#', '*', '#', '#', 'o']
['o', '#', '#', '#', 'o', '#', '#', 'o', 'o']
Cost actual: 9
...........
6) Eliminam obstacolul de pe linia 6, coloana 6
['*', '*', '*', '*', '*', '*', '*', '*', '*']
['#', '#', '*', '*', '#', '#', '#', '#', '*']
['o', '#', '#', '*', '*', '#', '*', '*', '*']
['#', '#', '*', '*', '#', '*', '*', '*', '#']
['o', 'o', '#', '#', '#', '*', '#', '#', 'o']
['o', '#', '#', '#', '*', '*', '#', 'o', 'o']
Cost actual: 12
...........
...........
UCS 24:
1) Configuratie Initiala
['*', '*', '*', '*', '#', 'o', 'o', 'o', '#']
['#', '#', '*', '#', '#', '#', '#', '#', 'o']
['o', '#', '#', 'o', 'o', '#', 'o', 'o', 'o']
['#', '#', 'o', 'o', '#', 'o', '#', 'o', '#']
['o', 'o', '#', '#', '#', 'o', '#', '#', 'o']
['o', '#', '#', '#', 'o', '#', '#', 'o', 'o']
Cost actual: 0
...........
2) Eliminam obstacolul de pe linia 1, coloana 5
['*', '*', '*', '*', '*', '*', '*', '*', '#']
['#', '#', '*', '#', '#', '#', '#', '#', 'o']
['o', '#', '#', 'o', 'o', '#', 'o', 'o', 'o']
['#', '#', 'o', 'o', '#', 'o', '#', 'o', '#']
['o', 'o', '#', '#', '#', 'o', '#', '#', 'o']
['o', '#', '#', '#', 'o', '#', '#', 'o', 'o']
Cost actual: 3
...........
3) Eliminam obstacolul de pe linia 1, coloana 9
['*', '*', '*', '*', '*', '*', '*', '*', '*']
['#', '#', '*', '#', '#', '#', '#', '#', '*']
['o', '#', '#', 'o', 'o', '#', '*', '*', '*']
['#', '#', 'o', 'o', '#', 'o', '#', '*', '#']
['o', 'o', '#', '#', '#', 'o', '#', '#', 'o']
['o', '#', '#', '#', 'o', '#', '#', 'o', 'o']
Cost actual: 4
...........
4) Eliminam obstacolul de pe linia 4, coloana 7
['*', '*', '*', '*', '*', '*', '*', '*', '*']
['#', '#', '*', '#', '#', '#', '#', '#', '*']
['o', '#', '#', 'o', 'o', '#', '*', '*', '*']
['#', '#', 'o', 'o', '#', '*', '*', '*', '#']
['o', 'o', '#', '#', '#', '*', '#', '#', 'o']
['o', '#', '#', '#', 'o', '#', '#', 'o', 'o']
Cost actual: 7
...........
5) Eliminam obstacolul de pe linia 2, coloana 8
['*', '*', '*', '*', '*', '*', '*', '*', '*']
['#', '#', '*', '#', '#', '#', '#', '*', '*']
['o', '#', '#', 'o', 'o', '#', '*', '*', '*']
['#', '#', 'o', 'o', '#', '*', '*', '*', '#']
['o', 'o', '#', '#', '#', '*', '#', '#', 'o']
['o', '#', '#', '#', 'o', '#', '#', 'o', 'o']
Cost actual: 8
...........
6) Eliminam obstacolul de pe linia 5, coloana 5
['*', '*', '*', '*', '*', '*', '*', '*', '*']
['#', '#', '*', '#', '#', '#', '#', '*', '*']
['o', '#', '#', 'o', 'o', '#', '*', '*', '*']
['#', '#', 'o', 'o', '#', '*', '*', '*', '#']
['o', 'o', '#', '#', '*', '*', '#', '#', 'o']
['o', '#', '#', '#', '*', '#', '#', 'o', 'o']
Cost actual: 12
...........
...........
UCS 25:
1) Configuratie Initiala
['*', '*', '*', '*', '#', 'o', 'o', 'o', '#']
['#', '#', '*', '#', '#', '#', '#', '#', 'o']
['o', '#', '#', 'o', 'o', '#', 'o', 'o', 'o']
['#', '#', 'o', 'o', '#', 'o', '#', 'o', '#']
['o', 'o', '#', '#', '#', 'o', '#', '#', 'o']
['o', '#', '#', '#', 'o', '#', '#', 'o', 'o']
Cost actual: 0
...........
2) Eliminam obstacolul de pe linia 1, coloana 5
['*', '*', '*', '*', '*', '*', '*', '*', '#']
['#', '#', '*', '#', '#', '#', '#', '#', 'o']
['o', '#', '#', 'o', 'o', '#', 'o', 'o', 'o']
['#', '#', 'o', 'o', '#', 'o', '#', 'o', '#']
['o', 'o', '#', '#', '#', 'o', '#', '#', 'o']
['o', '#', '#', '#', 'o', '#', '#', 'o', 'o']
Cost actual: 3
...........
3) Eliminam obstacolul de pe linia 2, coloana 7
['*', '*', '*', '*', '*', '*', '*', '*', '#']
['#', '#', '*', '#', '#', '#', '*', '#', '*']
['o', '#', '#', 'o', 'o', '#', '*', '*', '*']
['#', '#', 'o', 'o', '#', 'o', '#', '*', '#']
['o', 'o', '#', '#', '#', 'o', '#', '#', 'o']
['o', '#', '#', '#', 'o', '#', '#', 'o', 'o']
Cost actual: 6
...........
4) Eliminam obstacolul de pe linia 4, coloana 9
['*', '*', '*', '*', '*', '*', '*', '*', '#']
['#', '#', '*', '#', '#', '#', '*', '#', '*']
['o', '#', '#', 'o', 'o', '#', '*', '*', '*']
['#', '#', 'o', 'o', '#', 'o', '#', '*', '*']
['o', 'o', '#', '#', '#', 'o', '#', '#', '*']
['o', '#', '#', '#', 'o', '#', '#', '*', '*']
Cost actual: 7
...........
5) Eliminam obstacolul de pe linia 6, coloana 7
['*', '*', '*', '*', '*', '*', '*', '*', '#']
['#', '#', '*', '#', '#', '#', '*', '#', '*']
['o', '#', '#', 'o', 'o', '#', '*', '*', '*']
['#', '#', 'o', 'o', '#', 'o', '#', '*', '*']
['o', 'o', '#', '#', '#', 'o', '#', '#', '*']
['o', '#', '#', '#', 'o', '#', '*', '*', '*']
Cost actual: 10
...........
6) Eliminam obstacolul de pe linia 6, coloana 6
['*', '*', '*', '*', '*', '*', '*', '*', '#']
['#', '#', '*', '#', '#', '#', '*', '#', '*']
['o', '#', '#', 'o', 'o', '#', '*', '*', '*']
['#', '#', 'o', 'o', '#', '*', '#', '*', '*']
['o', 'o', '#', '#', '#', '*', '#', '#', '*']
['o', '#', '#', '#', '*', '*', '*', '*', '*']
Cost actual: 12
...........
...........
UCS 26:
1) Configuratie Initiala
['*', '*', '*', '*', '#', 'o', 'o', 'o', '#']
['#', '#', '*', '#', '#', '#', '#', '#', 'o']
['o', '#', '#', 'o', 'o', '#', 'o', 'o', 'o']
['#', '#', 'o', 'o', '#', 'o', '#', 'o', '#']
['o', 'o', '#', '#', '#', 'o', '#', '#', 'o']
['o', '#', '#', '#', 'o', '#', '#', 'o', 'o']
Cost actual: 0
...........
2) Eliminam obstacolul de pe linia 1, coloana 5
['*', '*', '*', '*', '*', '*', '*', '*', '#']
['#', '#', '*', '#', '#', '#', '#', '#', 'o']
['o', '#', '#', 'o', 'o', '#', 'o', 'o', 'o']
['#', '#', 'o', 'o', '#', 'o', '#', 'o', '#']
['o', 'o', '#', '#', '#', 'o', '#', '#', 'o']
['o', '#', '#', '#', 'o', '#', '#', 'o', 'o']
Cost actual: 3
...........
3) Eliminam obstacolul de pe linia 1, coloana 9
['*', '*', '*', '*', '*', '*', '*', '*', '*']
['#', '#', '*', '#', '#', '#', '#', '#', '*']
['o', '#', '#', 'o', 'o', '#', '*', '*', '*']
['#', '#', 'o', 'o', '#', 'o', '#', '*', '#']
['o', 'o', '#', '#', '#', 'o', '#', '#', 'o']
['o', '#', '#', '#', 'o', '#', '#', 'o', 'o']
Cost actual: 4
...........
4) Eliminam obstacolul de pe linia 4, coloana 9
['*', '*', '*', '*', '*', '*', '*', '*', '*']
['#', '#', '*', '#', '#', '#', '#', '#', '*']
['o', '#', '#', 'o', 'o', '#', '*', '*', '*']
['#', '#', 'o', 'o', '#', 'o', '#', '*', '*']
['o', 'o', '#', '#', '#', 'o', '#', '#', '*']
['o', '#', '#', '#', 'o', '#', '#', '*', '*']
Cost actual: 5
...........
5) Eliminam obstacolul de pe linia 4, coloana 7
['*', '*', '*', '*', '*', '*', '*', '*', '*']
['#', '#', '*', '#', '#', '#', '#', '#', '*']
['o', '#', '#', 'o', 'o', '#', '*', '*', '*']
['#', '#', 'o', 'o', '#', '*', '*', '*', '*']
['o', 'o', '#', '#', '#', '*', '#', '#', '*']
['o', '#', '#', '#', 'o', '#', '#', '*', '*']
Cost actual: 8
...........
6) Eliminam obstacolul de pe linia 5, coloana 5
['*', '*', '*', '*', '*', '*', '*', '*', '*']
['#', '#', '*', '#', '#', '#', '#', '#', '*']
['o', '#', '#', 'o', 'o', '#', '*', '*', '*']
['#', '#', 'o', 'o', '#', '*', '*', '*', '*']
['o', 'o', '#', '#', '*', '*', '#', '#', '*']
['o', '#', '#', '#', '*', '#', '#', '*', '*']
Cost actual: 12
...........
...........
UCS 27:
1) Configuratie Initiala
['*', '*', '*', '*', '#', 'o', 'o', 'o', '#']
['#', '#', '*', '#', '#', '#', '#', '#', 'o']
['o', '#', '#', 'o', 'o', '#', 'o', 'o', 'o']
['#', '#', 'o', 'o', '#', 'o', '#', 'o', '#']
['o', 'o', '#', '#', '#', 'o', '#', '#', 'o']
['o', '#', '#', '#', 'o', '#', '#', 'o', 'o']
Cost actual: 0
...........
2) Eliminam obstacolul de pe linia 1, coloana 5
['*', '*', '*', '*', '*', '*', '*', '*', '#']
['#', '#', '*', '#', '#', '#', '#', '#', 'o']
['o', '#', '#', 'o', 'o', '#', 'o', 'o', 'o']
['#', '#', 'o', 'o', '#', 'o', '#', 'o', '#']
['o', 'o', '#', '#', '#', 'o', '#', '#', 'o']
['o', '#', '#', '#', 'o', '#', '#', 'o', 'o']
Cost actual: 3
...........
3) Eliminam obstacolul de pe linia 1, coloana 9
['*', '*', '*', '*', '*', '*', '*', '*', '*']
['#', '#', '*', '#', '#', '#', '#', '#', '*']
['o', '#', '#', 'o', 'o', '#', '*', '*', '*']
['#', '#', 'o', 'o', '#', 'o', '#', '*', '#']
['o', 'o', '#', '#', '#', 'o', '#', '#', 'o']
['o', '#', '#', '#', 'o', '#', '#', 'o', 'o']
Cost actual: 4
...........
4) Eliminam obstacolul de pe linia 4, coloana 7
['*', '*', '*', '*', '*', '*', '*', '*', '*']
['#', '#', '*', '#', '#', '#', '#', '#', '*']
['o', '#', '#', 'o', 'o', '#', '*', '*', '*']
['#', '#', 'o', 'o', '#', '*', '*', '*', '#']
['o', 'o', '#', '#', '#', '*', '#', '#', 'o']
['o', '#', '#', '#', 'o', '#', '#', 'o', 'o']
Cost actual: 7
...........
5) Eliminam obstacolul de pe linia 5, coloana 7
['*', '*', '*', '*', '*', '*', '*', '*', '*']
['#', '#', '*', '#', '#', '#', '#', '#', '*']
['o', '#', '#', 'o', 'o', '#', '*', '*', '*']
['#', '#', 'o', 'o', '#', '*', '*', '*', '#']
['o', 'o', '#', '#', '#', '*', '*', '#', 'o']
['o', '#', '#', '#', 'o', '#', '#', 'o', 'o']
Cost actual: 10
...........
6) Eliminam obstacolul de pe linia 6, coloana 6
['*', '*', '*', '*', '*', '*', '*', '*', '*']
['#', '#', '*', '#', '#', '#', '#', '#', '*']
['o', '#', '#', 'o', 'o', '#', '*', '*', '*']
['#', '#', 'o', 'o', '#', '*', '*', '*', '#']
['o', 'o', '#', '#', '#', '*', '*', '#', 'o']
['o', '#', '#', '#', '*', '*', '#', 'o', 'o']
Cost actual: 12
...........
...........
UCS 28:
1) Configuratie Initiala
['*', '*', '*', '*', '#', 'o', 'o', 'o', '#']
['#', '#', '*', '#', '#', '#', '#', '#', 'o']
['o', '#', '#', 'o', 'o', '#', 'o', 'o', 'o']
['#', '#', 'o', 'o', '#', 'o', '#', 'o', '#']
['o', 'o', '#', '#', '#', 'o', '#', '#', 'o']
['o', '#', '#', '#', 'o', '#', '#', 'o', 'o']
Cost actual: 0
...........
2) Eliminam obstacolul de pe linia 1, coloana 5
['*', '*', '*', '*', '*', '*', '*', '*', '#']
['#', '#', '*', '#', '#', '#', '#', '#', 'o']
['o', '#', '#', 'o', 'o', '#', 'o', 'o', 'o']
['#', '#', 'o', 'o', '#', 'o', '#', 'o', '#']
['o', 'o', '#', '#', '#', 'o', '#', '#', 'o']
['o', '#', '#', '#', 'o', '#', '#', 'o', 'o']
Cost actual: 3
...........
3) Eliminam obstacolul de pe linia 2, coloana 8
['*', '*', '*', '*', '*', '*', '*', '*', '#']
['#', '#', '*', '#', '#', '#', '#', '*', '*']
['o', '#', '#', 'o', 'o', '#', '*', '*', '*']
['#', '#', 'o', 'o', '#', 'o', '#', '*', '#']
['o', 'o', '#', '#', '#', 'o', '#', '#', 'o']
['o', '#', '#', '#', 'o', '#', '#', 'o', 'o']
Cost actual: 5
...........
4) Eliminam obstacolul de pe linia 4, coloana 7
['*', '*', '*', '*', '*', '*', '*', '*', '#']
['#', '#', '*', '#', '#', '#', '#', '*', '*']
['o', '#', '#', 'o', 'o', '#', '*', '*', '*']
['#', '#', 'o', 'o', '#', '*', '*', '*', '#']
['o', 'o', '#', '#', '#', '*', '#', '#', 'o']
['o', '#', '#', '#', 'o', '#', '#', 'o', 'o']
Cost actual: 8
...........
5) Eliminam obstacolul de pe linia 4, coloana 9
['*', '*', '*', '*', '*', '*', '*', '*', '#']
['#', '#', '*', '#', '#', '#', '#', '*', '*']
['o', '#', '#', 'o', 'o', '#', '*', '*', '*']
['#', '#', 'o', 'o', '#', '*', '*', '*', '*']
['o', 'o', '#', '#', '#', '*', '#', '#', '*']
['o', '#', '#', '#', 'o', '#', '#', '*', '*']
Cost actual: 9
...........
6) Eliminam obstacolul de pe linia 6, coloana 6
['*', '*', '*', '*', '*', '*', '*', '*', '#']
['#', '#', '*', '#', '#', '#', '#', '*', '*']
['o', '#', '#', 'o', 'o', '#', '*', '*', '*']
['#', '#', 'o', 'o', '#', '*', '*', '*', '*']
['o', 'o', '#', '#', '#', '*', '#', '#', '*']
['o', '#', '#', '#', '*', '*', '#', '*', '*']
Cost actual: 12
...........
...........
UCS 29:
1) Configuratie Initiala
['*', '*', '*', '*', '#', 'o', 'o', 'o', '#']
['#', '#', '*', '#', '#', '#', '#', '#', 'o']
['o', '#', '#', 'o', 'o', '#', 'o', 'o', 'o']
['#', '#', 'o', 'o', '#', 'o', '#', 'o', '#']
['o', 'o', '#', '#', '#', 'o', '#', '#', 'o']
['o', '#', '#', '#', 'o', '#', '#', 'o', 'o']
Cost actual: 0
...........
2) Eliminam obstacolul de pe linia 1, coloana 5
['*', '*', '*', '*', '*', '*', '*', '*', '#']
['#', '#', '*', '#', '#', '#', '#', '#', 'o']
['o', '#', '#', 'o', 'o', '#', 'o', 'o', 'o']
['#', '#', 'o', 'o', '#', 'o', '#', 'o', '#']
['o', 'o', '#', '#', '#', 'o', '#', '#', 'o']
['o', '#', '#', '#', 'o', '#', '#', 'o', 'o']
Cost actual: 3
...........
3) Eliminam obstacolul de pe linia 2, coloana 5
['*', '*', '*', '*', '*', '*', '*', '*', '#']
['#', '#', '*', '#', '*', '#', '#', '#', 'o']
['o', '#', '#', '*', '*', '#', 'o', 'o', 'o']
['#', '#', '*', '*', '#', 'o', '#', 'o', '#']
['o', 'o', '#', '#', '#', 'o', '#', '#', 'o']
['o', '#', '#', '#', 'o', '#', '#', 'o', 'o']
Cost actual: 6
...........
4) Eliminam obstacolul de pe linia 4, coloana 5
['*', '*', '*', '*', '*', '*', '*', '*', '#']
['#', '#', '*', '#', '*', '#', '#', '#', 'o']
['o', '#', '#', '*', '*', '#', 'o', 'o', 'o']
['#', '#', '*', '*', '*', '*', '#', 'o', '#']
['o', 'o', '#', '#', '#', '*', '#', '#', 'o']
['o', '#', '#', '#', 'o', '#', '#', 'o', 'o']
Cost actual: 9
...........
5) Eliminam obstacolul de pe linia 5, coloana 5
['*', '*', '*', '*', '*', '*', '*', '*', '#']
['#', '#', '*', '#', '*', '#', '#', '#', 'o']
['o', '#', '#', '*', '*', '#', 'o', 'o', 'o']
['#', '#', '*', '*', '*', '*', '#', 'o', '#']
['o', 'o', '#', '#', '*', '*', '#', '#', 'o']
['o', '#', '#', '#', '*', '#', '#', 'o', 'o']
Cost actual: 12
...........
...........
UCS 30:
1) Configuratie Initiala
['*', '*', '*', '*', '#', 'o', 'o', 'o', '#']
['#', '#', '*', '#', '#', '#', '#', '#', 'o']
['o', '#', '#', 'o', 'o', '#', 'o', 'o', 'o']
['#', '#', 'o', 'o', '#', 'o', '#', 'o', '#']
['o', 'o', '#', '#', '#', 'o', '#', '#', 'o']
['o', '#', '#', '#', 'o', '#', '#', 'o', 'o']
Cost actual: 0
...........
2) Eliminam obstacolul de pe linia 1, coloana 5
['*', '*', '*', '*', '*', '*', '*', '*', '#']
['#', '#', '*', '#', '#', '#', '#', '#', 'o']
['o', '#', '#', 'o', 'o', '#', 'o', 'o', 'o']
['#', '#', 'o', 'o', '#', 'o', '#', 'o', '#']
['o', 'o', '#', '#', '#', 'o', '#', '#', 'o']
['o', '#', '#', '#', 'o', '#', '#', 'o', 'o']
Cost actual: 3
...........
3) Eliminam obstacolul de pe linia 2, coloana 5
['*', '*', '*', '*', '*', '*', '*', '*', '#']
['#', '#', '*', '#', '*', '#', '#', '#', 'o']
['o', '#', '#', '*', '*', '#', 'o', 'o', 'o']
['#', '#', '*', '*', '#', 'o', '#', 'o', '#']
['o', 'o', '#', '#', '#', 'o', '#', '#', 'o']
['o', '#', '#', '#', 'o', '#', '#', 'o', 'o']
Cost actual: 6
...........
4) Eliminam obstacolul de pe linia 4, coloana 5
['*', '*', '*', '*', '*', '*', '*', '*', '#']
['#', '#', '*', '#', '*', '#', '#', '#', 'o']
['o', '#', '#', '*', '*', '#', 'o', 'o', 'o']
['#', '#', '*', '*', '*', '*', '#', 'o', '#']
['o', 'o', '#', '#', '#', '*', '#', '#', 'o']
['o', '#', '#', '#', 'o', '#', '#', 'o', 'o']
Cost actual: 9
...........
5) Eliminam obstacolul de pe linia 6, coloana 6
['*', '*', '*', '*', '*', '*', '*', '*', '#']
['#', '#', '*', '#', '*', '#', '#', '#', 'o']
['o', '#', '#', '*', '*', '#', 'o', 'o', 'o']
['#', '#', '*', '*', '*', '*', '#', 'o', '#']
['o', 'o', '#', '#', '#', '*', '#', '#', 'o']
['o', '#', '#', '#', '*', '*', '#', 'o', 'o']
Cost actual: 12
...........
...........
UCS 31:
1) Configuratie Initiala
['*', '*', '*', '*', '#', 'o', 'o', 'o', '#']
['#', '#', '*', '#', '#', '#', '#', '#', 'o']
['o', '#', '#', 'o', 'o', '#', 'o', 'o', 'o']
['#', '#', 'o', 'o', '#', 'o', '#', 'o', '#']
['o', 'o', '#', '#', '#', 'o', '#', '#', 'o']
['o', '#', '#', '#', 'o', '#', '#', 'o', 'o']
Cost actual: 0
...........
2) Eliminam obstacolul de pe linia 2, coloana 1
['*', '*', '*', '*', '#', 'o', 'o', 'o', '#']
['*', '#', '*', '#', '#', '#', '#', '#', 'o']
['*', '#', '#', 'o', 'o', '#', 'o', 'o', 'o']
['#', '#', 'o', 'o', '#', 'o', '#', 'o', '#']
['o', 'o', '#', '#', '#', 'o', '#', '#', 'o']
['o', '#', '#', '#', 'o', '#', '#', 'o', 'o']
Cost actual: 2
...........
3) Eliminam obstacolul de pe linia 1, coloana 5
['*', '*', '*', '*', '*', '*', '*', '*', '#']
['*', '#', '*', '#', '#', '#', '#', '#', 'o']
['*', '#', '#', 'o', 'o', '#', 'o', 'o', 'o']
['#', '#', 'o', 'o', '#', 'o', '#', 'o', '#']
['o', 'o', '#', '#', '#', 'o', '#', '#', 'o']
['o', '#', '#', '#', 'o', '#', '#', 'o', 'o']
Cost actual: 5
...........
4) Eliminam obstacolul de pe linia 1, coloana 9
['*', '*', '*', '*', '*', '*', '*', '*', '*']
['*', '#', '*', '#', '#', '#', '#', '#', '*']
['*', '#', '#', 'o', 'o', '#', '*', '*', '*']
['#', '#', 'o', 'o', '#', 'o', '#', '*', '#']
['o', 'o', '#', '#', '#', 'o', '#', '#', 'o']
['o', '#', '#', '#', 'o', '#', '#', 'o', 'o']
Cost actual: 6
...........
5) Eliminam obstacolul de pe linia 4, coloana 9
['*', '*', '*', '*', '*', '*', '*', '*', '*']
['*', '#', '*', '#', '#', '#', '#', '#', '*']
['*', '#', '#', 'o', 'o', '#', '*', '*', '*']
['#', '#', 'o', 'o', '#', 'o', '#', '*', '*']
['o', 'o', '#', '#', '#', 'o', '#', '#', '*']
['o', '#', '#', '#', 'o', '#', '#', '*', '*']
Cost actual: 7
...........
6) Eliminam obstacolul de pe linia 6, coloana 7
['*', '*', '*', '*', '*', '*', '*', '*', '*']
['*', '#', '*', '#', '#', '#', '#', '#', '*']
['*', '#', '#', 'o', 'o', '#', '*', '*', '*']
['#', '#', 'o', 'o', '#', 'o', '#', '*', '*']
['o', 'o', '#', '#', '#', 'o', '#', '#', '*']
['o', '#', '#', '#', 'o', '#', '*', '*', '*']
Cost actual: 10
...........
7) Eliminam obstacolul de pe linia 6, coloana 6
['*', '*', '*', '*', '*', '*', '*', '*', '*']
['*', '#', '*', '#', '#', '#', '#', '#', '*']
['*', '#', '#', 'o', 'o', '#', '*', '*', '*']
['#', '#', 'o', 'o', '#', '*', '#', '*', '*']
['o', 'o', '#', '#', '#', '*', '#', '#', '*']
['o', '#', '#', '#', '*', '*', '*', '*', '*']
Cost actual: 12
...........
...........
UCS 32:
1) Configuratie Initiala
['*', '*', '*', '*', '#', 'o', 'o', 'o', '#']
['#', '#', '*', '#', '#', '#', '#', '#', 'o']
['o', '#', '#', 'o', 'o', '#', 'o', 'o', 'o']
['#', '#', 'o', 'o', '#', 'o', '#', 'o', '#']
['o', 'o', '#', '#', '#', 'o', '#', '#', 'o']
['o', '#', '#', '#', 'o', '#', '#', 'o', 'o']
Cost actual: 0
...........
2) Eliminam obstacolul de pe linia 1, coloana 5
['*', '*', '*', '*', '*', '*', '*', '*', '#']
['#', '#', '*', '#', '#', '#', '#', '#', 'o']
['o', '#', '#', 'o', 'o', '#', 'o', 'o', 'o']
['#', '#', 'o', 'o', '#', 'o', '#', 'o', '#']
['o', 'o', '#', '#', '#', 'o', '#', '#', 'o']
['o', '#', '#', '#', 'o', '#', '#', 'o', 'o']
Cost actual: 3
...........
3) Eliminam obstacolul de pe linia 1, coloana 9
['*', '*', '*', '*', '*', '*', '*', '*', '*']
['#', '#', '*', '#', '#', '#', '#', '#', '*']
['o', '#', '#', 'o', 'o', '#', '*', '*', '*']
['#', '#', 'o', 'o', '#', 'o', '#', '*', '#']
['o', 'o', '#', '#', '#', 'o', '#', '#', 'o']
['o', '#', '#', '#', 'o', '#', '#', 'o', 'o']
Cost actual: 4
...........
4) Eliminam obstacolul de pe linia 4, coloana 7
['*', '*', '*', '*', '*', '*', '*', '*', '*']
['#', '#', '*', '#', '#', '#', '#', '#', '*']
['o', '#', '#', 'o', 'o', '#', '*', '*', '*']
['#', '#', 'o', 'o', '#', '*', '*', '*', '#']
['o', 'o', '#', '#', '#', '*', '#', '#', 'o']
['o', '#', '#', '#', 'o', '#', '#', 'o', 'o']
Cost actual: 7
...........
5) Eliminam obstacolul de pe linia 2, coloana 1
['*', '*', '*', '*', '*', '*', '*', '*', '*']
['*', '#', '*', '#', '#', '#', '#', '#', '*']
['*', '#', '#', 'o', 'o', '#', '*', '*', '*']
['#', '#', 'o', 'o', '#', '*', '*', '*', '#']
['o', 'o', '#', '#', '#', '*', '#', '#', 'o']
['o', '#', '#', '#', 'o', '#', '#', 'o', 'o']
Cost actual: 9
...........
6) Eliminam obstacolul de pe linia 6, coloana 6
['*', '*', '*', '*', '*', '*', '*', '*', '*']
['*', '#', '*', '#', '#', '#', '#', '#', '*']
['*', '#', '#', 'o', 'o', '#', '*', '*', '*']
['#', '#', 'o', 'o', '#', '*', '*', '*', '#']
['o', 'o', '#', '#', '#', '*', '#', '#', 'o']
['o', '#', '#', '#', '*', '*', '#', 'o', 'o']
Cost actual: 12
...........
===========
