===========
AStar 1 (euristica banala):
1) Configuratie Initiala
['*', '*', '*', '*', '#', 'o', 'o', 'o', '#']
['#', '#', '*', '#', '#', '#', '#', '#', 'o']
['o', '#', '#', 'o', 'o', '#', 'o', 'o', 'o']
['#', '#', 'o', 'o', '#', 'o', '#', 'o', '#']
['o', 'o', '#', '#', '#', 'o', '#', '#', 'o']
['o', '#', '#', '#', 'o', '#', '#', 'o', 'o']
Cost actual: 0
...........
2) Eliminam obstacolul de pe linia 2, coloana 4
['*', '*', '*', '*', '#', 'o', 'o', 'o', '#']
['#', '#', '*', '*', '#', '#', '#', '#', 'o']
['o', '#', '#', '*', '*', '#', 'o', 'o', 'o']
['#', '#', '*', '*', '#', 'o', '#', 'o', '#']
['o', 'o', '#', '#', '#', 'o', '#', '#', 'o']
['o', '#', '#', '#', 'o', '#', '#', 'o', 'o']
Cost actual: 3
...........
3) Eliminam obstacolul de pe linia 4, coloana 5
['*', '*', '*', '*', '#', 'o', 'o', 'o', '#']
['#', '#', '*', '*', '#', '#', '#', '#', 'o']
['o', '#', '#', '*', '*', '#', 'o', 'o', 'o']
['#', '#', '*', '*', '*', '*', '#', 'o', '#']
['o', 'o', '#', '#', '#', '*', '#', '#', 'o']
['o', '#', '#', '#', 'o', '#', '#', 'o', 'o']
Cost actual: 6
...........
4) Eliminam obstacolul de pe linia 5, coloana 5
['*', '*', '*', '*', '#', 'o', 'o', 'o', '#']
['#', '#', '*', '*', '#', '#', '#', '#', 'o']
['o', '#', '#', '*', '*', '#', 'o', 'o', 'o']
['#', '#', '*', '*', '*', '*', '#', 'o', '#']
['o', 'o', '#', '#', '*', '*', '#', '#', 'o']
['o', '#', '#', '#', '*', '#', '#', 'o', 'o']
Cost actual: 9
...........
AStar 2 (euristica banala):
1) Configuratie Initiala
['*', '*', '*', '*', '#', 'o', 'o', 'o', '#']
['#', '#', '*', '#', '#', '#', '#', '#', 'o']
['o', '#', '#', 'o', 'o', '#', 'o', 'o', 'o']
['#', '#', 'o', 'o', '#', 'o', '#', 'o', '#']
['o', 'o', '#', '#', '#', 'o', '#', '#', 'o']
['o', '#', '#', '#', 'o', '#', '#', 'o', 'o']
Cost actual: 0
...........
2) Eliminam obstacolul de pe linia 2, coloana 4
['*', '*', '*', '*', '#', 'o', 'o', 'o', '#']
['#', '#', '*', '*', '#', '#', '#', '#', 'o']
['o', '#', '#', '*', '*', '#', 'o', 'o', 'o']
['#', '#', '*', '*', '#', 'o', '#', 'o', '#']
['o', 'o', '#', '#', '#', 'o', '#', '#', 'o']
['o', '#', '#', '#', 'o', '#', '#', 'o', 'o']
Cost actual: 3
...........
3) Eliminam obstacolul de pe linia 4, coloana 5
['*', '*', '*', '*', '#', 'o', 'o', 'o', '#']
['#', '#', '*', '*', '#', '#', '#', '#', 'o']
['o', '#', '#', '*', '*', '#', 'o', 'o', 'o']
['#', '#', '*', '*', '*', '*', '#', 'o', '#']
['o', 'o', '#', '#', '#', '*', '#', '#', 'o']
['o', '#', '#', '#', 'o', '#', '#', 'o', 'o']
Cost actual: 6
...........
4) Eliminam obstacolul de pe linia 6, coloana 6
['*', '*', '*', '*', '#', 'o', 'o', 'o', '#']
['#', '#', '*', '*', '#', '#', '#', '#', 'o']
['o', '#', '#', '*', '*', '#', 'o', 'o', 'o']
['#', '#', '*', '*', '*', '*', '#', 'o', '#']
['o', 'o', '#', '#', '#', '*', '#', '#', 'o']
['o', '#', '#', '#', '*', '*', '#', 'o', 'o']
Cost actual: 9
...........
AStar 3 (euristica banala):
1) Configuratie Initiala
['*', '*', '*', '*', '#', 'o', 'o', 'o', '#']
['#', '#', '*', '#', '#', '#', '#', '#', 'o']
['o', '#', '#', 'o', 'o', '#', 'o', 'o', 'o']
['#', '#', 'o', 'o', '#', 'o', '#', 'o', '#']
['o', 'o', '#', '#', '#', 'o', '#', '#', 'o']
['o', '#', '#', '#', 'o', '#', '#', 'o', 'o']
Cost actual: 0
...........
2) Eliminam obstacolul de pe linia 1, coloana 5
['*', '*', '*', '*', '*', '*', '*', '*', '#']
['#', '#', '*', '#', '#', '#', '#', '#', 'o']
['o', '#', '#', 'o', 'o', '#', 'o', 'o', 'o']
['#', '#', 'o', 'o', '#', 'o', '#', 'o', '#']
['o', 'o', '#', '#', '#', 'o', '#', '#', 'o']
['o', '#', '#', '#', 'o', '#', '#', 'o', 'o']
Cost actual: 3
...........
3) Eliminam obstacolul de pe linia 1, coloana 9
['*', '*', '*', '*', '*', '*', '*', '*', '*']
['#', '#', '*', '#', '#', '#', '#', '#', '*']
['o', '#', '#', 'o', 'o', '#', '*', '*', '*']
['#', '#', 'o', 'o', '#', 'o', '#', '*', '#']
['o', 'o', '#', '#', '#', 'o', '#', '#', 'o']
['o', '#', '#', '#', 'o', '#', '#', 'o', 'o']
Cost actual: 4
...........
4) Eliminam obstacolul de pe linia 4, coloana 9
['*', '*', '*', '*', '*', '*', '*', '*', '*']
['#', '#', '*', '#', '#', '#', '#', '#', '*']
['o', '#', '#', 'o', 'o', '#', '*', '*', '*']
['#', '#', 'o', 'o', '#', 'o', '#', '*', '*']
['o', 'o', '#', '#', '#', 'o', '#', '#', '*']
['o', '#', '#', '#', 'o', '#', '#', '*', '*']
Cost actual: 5
...........
5) Eliminam obstacolul de pe linia 6, coloana 7
['*', '*', '*', '*', '*', '*', '*', '*', '*']
['#', '#', '*', '#', '#', '#', '#', '#', '*']
['o', '#', '#', 'o', 'o', '#', '*', '*', '*']
['#', '#', 'o', 'o', '#', 'o', '#', '*', '*']
['o', 'o', '#', '#', '#', 'o', '#', '#', '*']
['o', '#', '#', '#', 'o', '#', '*', '*', '*']
Cost actual: 8
...........
6) Eliminam obstacolul de pe linia 6, coloana 6
['*', '*', '*', '*', '*', '*', '*', '*', '*']
['#', '#', '*', '#', '#', '#', '#', '#', '*']
['o', '#', '#', 'o', 'o', '#', '*', '*', '*']
['#', '#', 'o', 'o', '#', '*', '#', '*', '*']
['o', 'o', '#', '#', '#', '*', '#', '#', '*']
['o', '#', '#', '#', '*', '*', '*', '*', '*']
Cost actual: 10
...........
AStar 4 (euristica banala):
1) Configuratie Initiala
['*', '*', '*', '*', '#', 'o', 'o', 'o', '#']
['#', '#', '*', '#', '#', '#', '#', '#', 'o']
['o', '#', '#', 'o', 'o', '#', 'o', 'o', 'o']
['#', '#', 'o', 'o', '#', 'o', '#', 'o', '#']
['o', 'o', '#', '#', '#', 'o', '#', '#', 'o']
['o', '#', '#', '#', 'o', '#', '#', 'o', 'o']
Cost actual: 0
...........
2) Eliminam obstacolul de pe linia 1, coloana 5
['*', '*', '*', '*', '*', '*', '*', '*', '#']
['#', '#', '*', '#', '#', '#', '#', '#', 'o']
['o', '#', '#', 'o', 'o', '#', 'o', 'o', 'o']
['#', '#', 'o', 'o', '#', 'o', '#', 'o', '#']
['o', 'o', '#', '#', '#', 'o', '#', '#', 'o']
['o', '#', '#', '#', 'o', '#', '#', 'o', 'o']
Cost actual: 3
...........
3) Eliminam obstacolul de pe linia 1, coloana 9
['*', '*', '*', '*', '*', '*', '*', '*', '*']
['#', '#', '*', '#', '#', '#', '#', '#', '*']
['o', '#', '#', 'o', 'o', '#', '*', '*', '*']
['#', '#', 'o', 'o', '#', 'o', '#', '*', '#']
['o', 'o', '#', '#', '#', 'o', '#', '#', 'o']
['o', '#', '#', '#', 'o', '#', '#', 'o', 'o']
Cost actual: 4
...........
4) Eliminam obstacolul de pe linia 4, coloana 7
['*', '*', '*', '*', '*', '*', '*', '*', '*']
['#', '#', '*', '#', '#', '#', '#', '#', '*']
['o', '#', '#', 'o', 'o', '#', '*', '*', '*']
['#', '#', 'o', 'o', '#', '*', '*', '*', '#']
['o', 'o', '#', '#', '#', '*', '#', '#', 'o']
['o', '#', '#', '#', 'o', '#', '#', 'o', 'o']
Cost actual: 7
...........
5) Eliminam obstacolul de pe linia 6, coloana 6
['*', '*', '*', '*', '*', '*', '*', '*', '*']
['#', '#', '*', '#', '#', '#', '#', '#', '*']
['o', '#', '#', 'o', 'o', '#', '*', '*', '*']
['#', '#', 'o', 'o', '#', '*', '*', '*', '#']
['o', 'o', '#', '#', '#', '*', '#', '#', 'o']
['o', '#', '#', '#', '*', '*', '#', 'o', 'o']
Cost actual: 10
...........
AStar 5 (euristica banala):
1) Configuratie Initiala
['*', '*', '*', '*', '#', 'o', 'o', 'o', '#']
['#', '#', '*', '#', '#', '#', '#', '#', 'o']
['o', '#', '#', 'o', 'o', '#', 'o', 'o', 'o']
['#', '#', 'o', 'o', '#', 'o', '#', 'o', '#']
['o', 'o', '#', '#', '#', 'o', '#', '#', 'o']
['o', '#', '#', '#', 'o', '#', '#', 'o', 'o']
Cost actual: 0
...........
2) Eliminam obstacolul de pe linia 3, coloana 3
['*', '*', '*', '*', '#', 'o', 'o', 'o', '#']
['#', '#', '*', '#', '#', '#', '#', '#', 'o']
['o', '#', '*', '*', '*', '#', 'o', 'o', 'o']
['#', '#', '*', '*', '#', 'o', '#', 'o', '#']
['o', 'o', '#', '#', '#', 'o', '#', '#', 'o']
['o', '#', '#', '#', 'o', '#', '#', 'o', 'o']
Cost actual: 4
...........
3) Eliminam obstacolul de pe linia 4, coloana 5
['*', '*', '*', '*', '#', 'o', 'o', 'o', '#']
['#', '#', '*', '#', '#', '#', '#', '#', 'o']
['o', '#', '*', '*', '*', '#', 'o', 'o', 'o']
['#', '#', '*', '*', '*', '*', '#', 'o', '#']
['o', 'o', '#', '#', '#', '*', '#', '#', 'o']
['o', '#', '#', '#', 'o', '#', '#', 'o', 'o']
Cost actual: 7
...........
4) Eliminam obstacolul de pe linia 5, coloana 5
['*', '*', '*', '*', '#', 'o', 'o', 'o', '#']
['#', '#', '*', '#', '#', '#', '#', '#', 'o']
['o', '#', '*', '*', '*', '#', 'o', 'o', 'o']
['#', '#', '*', '*', '*', '*', '#', 'o', '#']
['o', 'o', '#', '#', '*', '*', '#', '#', 'o']
['o', '#', '#', '#', '*', '#', '#', 'o', 'o']
Cost actual: 10
...........
AStar 6 (euristica banala):
1) Configuratie Initiala
['*', '*', '*', '*', '#', 'o', 'o', 'o', '#']
['#', '#', '*', '#', '#', '#', '#', '#', 'o']
['o', '#', '#', 'o', 'o', '#', 'o', 'o', 'o']
['#', '#', 'o', 'o', '#', 'o', '#', 'o', '#']
['o', 'o', '#', '#', '#', 'o', '#', '#', 'o']
['o', '#', '#', '#', 'o', '#', '#', 'o', 'o']
Cost actual: 0
...........
2) Eliminam obstacolul de pe linia 3, coloana 3
['*', '*', '*', '*', '#', 'o', 'o', 'o', '#']
['#', '#', '*', '#', '#', '#', '#', '#', 'o']
['o', '#', '*', '*', '*', '#', 'o', 'o', 'o']
['#', '#', '*', '*', '#', 'o', '#', 'o', '#']
['o', 'o', '#', '#', '#', 'o', '#', '#', 'o']
['o', '#', '#', '#', 'o', '#', '#', 'o', 'o']
Cost actual: 4
...........
3) Eliminam obstacolul de pe linia 4, coloana 5
['*', '*', '*', '*', '#', 'o', 'o', 'o', '#']
['#', '#', '*', '#', '#', '#', '#', '#', 'o']
['o', '#', '*', '*', '*', '#', 'o', 'o', 'o']
['#', '#', '*', '*', '*', '*', '#', 'o', '#']
['o', 'o', '#', '#', '#', '*', '#', '#', 'o']
['o', '#', '#', '#', 'o', '#', '#', 'o', 'o']
Cost actual: 7
...........
4) Eliminam obstacolul de pe linia 6, coloana 6
['*', '*', '*', '*', '#', 'o', 'o', 'o', '#']
['#', '#', '*', '#', '#', '#', '#', '#', 'o']
['o', '#', '*', '*', '*', '#', 'o', 'o', 'o']
['#', '#', '*', '*', '*', '*', '#', 'o', '#']
['o', 'o', '#', '#', '#', '*', '#', '#', 'o']
['o', '#', '#', '#', '*', '*', '#', 'o', 'o']
Cost actual: 10
...........
AStar 7 (euristica banala):
1) Configuratie Initiala
['*', '*', '*', '*', '#', 'o', 'o', 'o', '#']
['#', '#', '*', '#', '#', '#', '#', '#', 'o']
['o', '#', '#', 'o', 'o', '#', 'o', 'o', 'o']
['#', '#', 'o', 'o', '#', 'o', '#', 'o', '#']
['o', 'o', '#', '#', '#', 'o', '#', '#', 'o']
['o', '#', '#', '#', 'o', '#', '#', 'o', 'o']
Cost actual: 0
...........
2) Eliminam obstacolul de pe linia 2, coloana 4
['*', '*', '*', '*', '#', 'o', 'o', 'o', '#']
['#', '#', '*', '*', '#', '#', '#', '#', 'o']
['o', '#', '#', '*', '*', '#', 'o', 'o', 'o']
['#', '#', '*', '*', '#', 'o', '#', 'o', '#']
['o', 'o', '#', '#', '#', 'o', '#', '#', 'o']
['o', '#', '#', '#', 'o', '#', '#', 'o', 'o']
Cost actual: 3
...........
3) Eliminam obstacolul de pe linia 4, coloana 5
['*', '*', '*', '*', '#', 'o', 'o', 'o', '#']
['#', '#', '*', '*', '#', '#', '#', '#', 'o']
['o', '#', '#', '*', '*', '#', 'o', 'o', 'o']
['#', '#', '*', '*', '*', '*', '#', 'o', '#']
['o', 'o', '#', '#', '#', '*', '#', '#', 'o']
['o', '#', '#', '#', 'o', '#', '#', 'o', 'o']
Cost actual: 6
...........
4) Eliminam obstacolul de pe linia 2, coloana 1
['*', '*', '*', '*', '#', 'o', 'o', 'o', '#']
['*', '#', '*', '*', '#', '#', '#', '#', 'o']
['*', '#', '#', '*', '*', '#', 'o', 'o', 'o']
['#', '#', '*', '*', '*', '*', '#', 'o', '#']
['o', 'o', '#', '#', '#', '*', '#', '#', 'o']
['o', '#', '#', '#', 'o', '#', '#', 'o', 'o']
Cost actual: 8
...........
5) Eliminam obstacolul de pe linia 6, coloana 6
['*', '*', '*', '*', '#', 'o', 'o', 'o', '#']
['*', '#', '*', '*', '#', '#', '#', '#', 'o']
['*', '#', '#', '*', '*', '#', 'o', 'o', 'o']
['#', '#', '*', '*', '*', '*', '#', 'o', '#']
['o', 'o', '#', '#', '#', '*', '#', '#', 'o']
['o', '#', '#', '#', '*', '*', '#', 'o', 'o']
Cost actual: 11
...........
AStar 8 (euristica banala):
1) Configuratie Initiala
['*', '*', '*', '*', '#', 'o', 'o', 'o', '#']
['#', '#', '*', '#', '#', '#', '#', '#', 'o']
['o', '#', '#', 'o', 'o', '#', 'o', 'o', 'o']
['#', '#', 'o', 'o', '#', 'o', '#', 'o', '#']
['o', 'o', '#', '#', '#', 'o', '#', '#', 'o']
['o', '#', '#', '#', 'o', '#', '#', 'o', 'o']
Cost actual: 0
...........
2) Eliminam obstacolul de pe linia 2, coloana 4
['*', '*', '*', '*', '#', 'o', 'o', 'o', '#']
['#', '#', '*', '*', '#', '#', '#', '#', 'o']
['o', '#', '#', '*', '*', '#', 'o', 'o', 'o']
['#', '#', '*', '*', '#', 'o', '#', 'o', '#']
['o', 'o', '#', '#', '#', 'o', '#', '#', 'o']
['o', '#', '#', '#', 'o', '#', '#', 'o', 'o']
Cost actual: 3
...........
3) Eliminam obstacolul de pe linia 4, coloana 5
['*', '*', '*', '*', '#', 'o', 'o', 'o', '#']
['#', '#', '*', '*', '#', '#', '#', '#', 'o']
['o', '#', '#', '*', '*', '#', 'o', 'o', 'o']
['#', '#', '*', '*', '*', '*', '#', 'o', '#']
['o', 'o', '#', '#', '#', '*', '#', '#', 'o']
['o', '#', '#', '#', 'o', '#', '#', 'o', 'o']
Cost actual: 6
...........
4) Eliminam obstacolul de pe linia 2, coloana 1
['*', '*', '*', '*', '#', 'o', 'o', 'o', '#']
['*', '#', '*', '*', '#', '#', '#', '#', 'o']
['*', '#', '#', '*', '*', '#', 'o', 'o', 'o']
['#', '#', '*', '*', '*', '*', '#', 'o', '#']
['o', 'o', '#', '#', '#', '*', '#', '#', 'o']
['o', '#', '#', '#', 'o', '#', '#', 'o', 'o']
Cost actual: 8
...........
5) Eliminam obstacolul de pe linia 5, coloana 5
['*', '*', '*', '*', '#', 'o', 'o', 'o', '#']
['*', '#', '*', '*', '#', '#', '#', '#', 'o']
['*', '#', '#', '*', '*', '#', 'o', 'o', 'o']
['#', '#', '*', '*', '*', '*', '#', 'o', '#']
['o', 'o', '#', '#', '*', '*', '#', '#', 'o']
['o', '#', '#', '#', '*', '#', '#', 'o', 'o']
Cost actual: 11
...........
AStar 9 (euristica banala):
1) Configuratie Initiala
['*', '*', '*', '*', '#', 'o', 'o', 'o', '#']
['#', '#', '*', '#', '#', '#', '#', '#', 'o']
['o', '#', '#', 'o', 'o', '#', 'o', 'o', 'o']
['#', '#', 'o', 'o', '#', 'o', '#', 'o', '#']
['o', 'o', '#', '#', '#', 'o', '#', '#', 'o']
['o', '#', '#', '#', 'o', '#', '#', 'o', 'o']
Cost actual: 0
...........
2) Eliminam obstacolul de pe linia 2, coloana 4
['*', '*', '*', '*', '#', 'o', 'o', 'o', '#']
['#', '#', '*', '*', '#', '#', '#', '#', 'o']
['o', '#', '#', '*', '*', '#', 'o', 'o', 'o']
['#', '#', '*', '*', '#', 'o', '#', 'o', '#']
['o', 'o', '#', '#', '#', 'o', '#', '#', 'o']
['o', '#', '#', '#', 'o', '#', '#', 'o', 'o']
Cost actual: 3
...........
3) Eliminam obstacolul de pe linia 1, coloana 5
['*', '*', '*', '*', '*', '*', '*', '*', '#']
['#', '#', '*', '*', '#', '#', '#', '#', 'o']
['o', '#', '#', '*', '*', '#', 'o', 'o', 'o']
['#', '#', '*', '*', '#', 'o', '#', 'o', '#']
['o', 'o', '#', '#', '#', 'o', '#', '#', 'o']
['o', '#', '#', '#', 'o', '#', '#', 'o', 'o']
Cost actual: 5
...........
4) Eliminam obstacolul de pe linia 4, coloana 5
['*', '*', '*', '*', '*', '*', '*', '*', '#']
['#', '#', '*', '*', '#', '#', '#', '#', 'o']
['o', '#', '#', '*', '*', '#', 'o', 'o', 'o']
['#', '#', '*', '*', '*', '*', '#', 'o', '#']
['o', 'o', '#', '#', '#', '*', '#', '#', 'o']
['o', '#', '#', '#', 'o', '#', '#', 'o', 'o']
Cost actual: 8
...........
5) Eliminam obstacolul de pe linia 5, coloana 5
['*', '*', '*', '*', '*', '*', '*', '*', '#']
['#', '#', '*', '*', '#', '#', '#', '#', 'o']
['o', '#', '#', '*', '*', '#', 'o', 'o', 'o']
['#', '#', '*', '*', '*', '*', '#', 'o', '#']
['o', 'o', '#', '#', '*', '*', '#', '#', 'o']
['o', '#', '#', '#', '*', '#', '#', 'o', 'o']
Cost actual: 11
...........
AStar 10 (euristica banala):
1) Configuratie Initiala
['*', '*', '*', '*', '#', 'o', 'o', 'o', '#']
['#', '#', '*', '#', '#', '#', '#', '#', 'o']
['o', '#', '#', 'o', 'o', '#', 'o', 'o', 'o']
['#', '#', 'o', 'o', '#', 'o', '#', 'o', '#']
['o', 'o', '#', '#', '#', 'o', '#', '#', 'o']
['o', '#', '#', '#', 'o', '#', '#', 'o', 'o']
Cost actual: 0
...........
2) Eliminam obstacolul de pe linia 2, coloana 4
['*', '*', '*', '*', '#', 'o', 'o', 'o', '#']
['#', '#', '*', '*', '#', '#', '#', '#', 'o']
['o', '#', '#', '*', '*', '#', 'o', 'o', 'o']
['#', '#', '*', '*', '#', 'o', '#', 'o', '#']
['o', 'o', '#', '#', '#', 'o', '#', '#', 'o']
['o', '#', '#', '#', 'o', '#', '#', 'o', 'o']
Cost actual: 3
...........
3) Eliminam obstacolul de pe linia 1, coloana 5
['*', '*', '*', '*', '*', '*', '*', '*', '#']
['#', '#', '*', '*', '#', '#', '#', '#', 'o']
['o', '#', '#', '*', '*', '#', 'o', 'o', 'o']
['#', '#', '*', '*', '#', 'o', '#', 'o', '#']
['o', 'o', '#', '#', '#', 'o', '#', '#', 'o']
['o', '#', '#', '#', 'o', '#', '#', 'o', 'o']
Cost actual: 5
...........
4) Eliminam obstacolul de pe linia 4, coloana 5
['*', '*', '*', '*', '*', '*', '*', '*', '#']
['#', '#', '*', '*', '#', '#', '#', '#', 'o']
['o', '#', '#', '*', '*', '#', 'o', 'o', 'o']
['#', '#', '*', '*', '*', '*', '#', 'o', '#']
['o', 'o', '#', '#', '#', '*', '#', '#', 'o']
['o', '#', '#', '#', 'o', '#', '#', 'o', 'o']
Cost actual: 8
...........
5) Eliminam obstacolul de pe linia 6, coloana 6
['*', '*', '*', '*', '*', '*', '*', '*', '#']
['#', '#', '*', '*', '#', '#', '#', '#', 'o']
['o', '#', '#', '*', '*', '#', 'o', 'o', 'o']
['#', '#', '*', '*', '*', '*', '#', 'o', '#']
['o', 'o', '#', '#', '#', '*', '#', '#', 'o']
['o', '#', '#', '#', '*', '*', '#', 'o', 'o']
Cost actual: 11
...........
AStar 11 (euristica banala):
1) Configuratie Initiala
['*', '*', '*', '*', '#', 'o', 'o', 'o', '#']
['#', '#', '*', '#', '#', '#', '#', '#', 'o']
['o', '#', '#', 'o', 'o', '#', 'o', 'o', 'o']
['#', '#', 'o', 'o', '#', 'o', '#', 'o', '#']
['o', 'o', '#', '#', '#', 'o', '#', '#', 'o']
['o', '#', '#', '#', 'o', '#', '#', 'o', 'o']
Cost actual: 0
...........
2) Eliminam obstacolul de pe linia 1, coloana 5
['*', '*', '*', '*', '*', '*', '*', '*', '#']
['#', '#', '*', '#', '#', '#', '#', '#', 'o']
['o', '#', '#', 'o', 'o', '#', 'o', 'o', 'o']
['#', '#', 'o', 'o', '#', 'o', '#', 'o', '#']
['o', 'o', '#', '#', '#', 'o', '#', '#', 'o']
['o', '#', '#', '#', 'o', '#', '#', 'o', 'o']
Cost actual: 3
...........
3) Eliminam obstacolul de pe linia 2, coloana 8
['*', '*', '*', '*', '*', '*', '*', '*', '#']
['#', '#', '*', '#', '#', '#', '#', '*', '*']
['o', '#', '#', 'o', 'o', '#', '*', '*', '*']
['#', '#', 'o', 'o', '#', 'o', '#', '*', '#']
['o', 'o', '#', '#', '#', 'o', '#', '#', 'o']
['o', '#', '#', '#', 'o', '#', '#', 'o', 'o']
Cost actual: 5
...........
4) Eliminam obstacolul de pe linia 4, coloana 9
['*', '*', '*', '*', '*', '*', '*', '*', '#']
['#', '#', '*', '#', '#', '#', '#', '*', '*']
['o', '#', '#', 'o', 'o', '#', '*', '*', '*']
['#', '#', 'o', 'o', '#', 'o', '#', '*', '*']
['o', 'o', '#', '#', '#', 'o', '#', '#', '*']
['o', '#', '#', '#', 'o', '#', '#', '*', '*']
Cost actual: 6
...........
5) Eliminam obstacolul de pe linia 1, coloana 9
['*', '*', '*', '*', '*', '*', '*', '*', '*']
['#', '#', '*', '#', '#', '#', '#', '*', '*']
['o', '#', '#', 'o', 'o', '#', '*', '*', '*']
['#', '#', 'o', 'o', '#', 'o', '#', '*', '*']
['o', 'o', '#', '#', '#', 'o', '#', '#', '*']
['o', '#', '#', '#', 'o', '#', '#', '*', '*']
Cost actual: 6
...........
6) Eliminam obstacolul de pe linia 6, coloana 7
['*', '*', '*', '*', '*', '*', '*', '*', '*']
['#', '#', '*', '#', '#', '#', '#', '*', '*']
['o', '#', '#', 'o', 'o', '#', '*', '*', '*']
['#', '#', 'o', 'o', '#', 'o', '#', '*', '*']
['o', 'o', '#', '#', '#', 'o', '#', '#', '*']
['o', '#', '#', '#', 'o', '#', '*', '*', '*']
Cost actual: 9
...........
7) Eliminam obstacolul de pe linia 6, coloana 6
['*', '*', '*', '*', '*', '*', '*', '*', '*']
['#', '#', '*', '#', '#', '#', '#', '*', '*']
['o', '#', '#', 'o', 'o', '#', '*', '*', '*']
['#', '#', 'o', 'o', '#', '*', '#', '*', '*']
['o', 'o', '#', '#', '#', '*', '#', '#', '*']
['o', '#', '#', '#', '*', '*', '*', '*', '*']
Cost actual: 11
...........
AStar 12 (euristica banala):
1) Configuratie Initiala
['*', '*', '*', '*', '#', 'o', 'o', 'o', '#']
['#', '#', '*', '#', '#', '#', '#', '#', 'o']
['o', '#', '#', 'o', 'o', '#', 'o', 'o', 'o']
['#', '#', 'o', 'o', '#', 'o', '#', 'o', '#']
['o', 'o', '#', '#', '#', 'o', '#', '#', 'o']
['o', '#', '#', '#', 'o', '#', '#', 'o', 'o']
Cost actual: 0
...........
2) Eliminam obstacolul de pe linia 1, coloana 5
['*', '*', '*', '*', '*', '*', '*', '*', '#']
['#', '#', '*', '#', '#', '#', '#', '#', 'o']
['o', '#', '#', 'o', 'o', '#', 'o', 'o', 'o']
['#', '#', 'o', 'o', '#', 'o', '#', 'o', '#']
['o', 'o', '#', '#', '#', 'o', '#', '#', 'o']
['o', '#', '#', '#', 'o', '#', '#', 'o', 'o']
Cost actual: 3
...........
3) Eliminam obstacolul de pe linia 1, coloana 9
['*', '*', '*', '*', '*', '*', '*', '*', '*']
['#', '#', '*', '#', '#', '#', '#', '#', '*']
['o', '#', '#', 'o', 'o', '#', '*', '*', '*']
['#', '#', 'o', 'o', '#', 'o', '#', '*', '#']
['o', 'o', '#', '#', '#', 'o', '#', '#', 'o']
['o', '#', '#', '#', 'o', '#', '#', 'o', 'o']
Cost actual: 4
...........
4) Eliminam obstacolul de pe linia 4, coloana 9
['*', '*', '*', '*', '*', '*', '*', '*', '*']
['#', '#', '*', '#', '#', '#', '#', '#', '*']
['o', '#', '#', 'o', 'o', '#', '*', '*', '*']
['#', '#', 'o', 'o', '#', 'o', '#', '*', '*']
['o', 'o', '#', '#', '#', 'o', '#', '#', '*']
['o', '#', '#', '#', 'o', '#', '#', '*', '*']
Cost actual: 5
...........
5) Eliminam obstacolul de pe linia 4, coloana 7
['*', '*', '*', '*', '*', '*', '*', '*', '*']
['#', '#', '*', '#', '#', '#', '#', '#', '*']
['o', '#', '#', 'o', 'o', '#', '*', '*', '*']
['#', '#', 'o', 'o', '#', '*', '*', '*', '*']
['o', 'o', '#', '#', '#', '*', '#', '#', '*']
['o', '#', '#', '#', 'o', '#', '#', '*', '*']
Cost actual: 8
...........
6) Eliminam obstacolul de pe linia 6, coloana 6
['*', '*', '*', '*', '*', '*', '*', '*', '*']
['#', '#', '*', '#', '#', '#', '#', '#', '*']
['o', '#', '#', 'o', 'o', '#', '*', '*', '*']
['#', '#', 'o', 'o', '#', '*', '*', '*', '*']
['o', 'o', '#', '#', '#', '*', '#', '#', '*']
['o', '#', '#', '#', '*', '*', '#', '*', '*']
Cost actual: 11
...........
AStar 13 (euristica banala):
1) Configuratie Initiala
['*', '*', '*', '*', '#', 'o', 'o', 'o', '#']
['#', '#', '*', '#', '#', '#', '#', '#', 'o']
['o', '#', '#', 'o', 'o', '#', 'o', 'o', 'o']
['#', '#', 'o', 'o', '#', 'o', '#', 'o', '#']
['o', 'o', '#', '#', '#', 'o', '#', '#', 'o']
['o', '#', '#', '#', 'o', '#', '#', 'o', 'o']
Cost actual: 0
...........
2) Eliminam obstacolul de pe linia 2, coloana 4
['*', '*', '*', '*', '#', 'o', 'o', 'o', '#']
['#', '#', '*', '*', '#', '#', '#', '#', 'o']
['o', '#', '#', '*', '*', '#', 'o', 'o', 'o']
['#', '#', '*', '*', '#', 'o', '#', 'o', '#']
['o', 'o', '#', '#', '#', 'o', '#', '#', 'o']
['o', '#', '#', '#', 'o', '#', '#', 'o', 'o']
Cost actual: 3
...........
3) Eliminam obstacolul de pe linia 3, coloana 6
['*', '*', '*', '*', '#', 'o', 'o', 'o', '#']
['#', '#', '*', '*', '#', '#', '#', '#', '*']
['o', '#', '#', '*', '*', '*', '*', '*', '*']
['#', '#', '*', '*', '#', '*', '#', '*', '#']
['o', 'o', '#', '#', '#', '*', '#', '#', 'o']
['o', '#', '#', '#', 'o', '#', '#', 'o', 'o']
Cost actual: 8
...........
4) Eliminam obstacolul de pe linia 6, coloana 6
['*', '*', '*', '*', '#', 'o', 'o', 'o', '#']
['#', '#', '*', '*', '#', '#', '#', '#', '*']
['o', '#', '#', '*', '*', '*', '*', '*', '*']
['#', '#', '*', '*', '#', '*', '#', '*', '#']
['o', 'o', '#', '#', '#', '*', '#', '#', 'o']
['o', '#', '#', '#', '*', '*', '#', 'o', 'o']
Cost actual: 11
...........
AStar 14 (euristica banala):
1) Configuratie Initiala
['*', '*', '*', '*', '#', 'o', 'o', 'o', '#']
['#', '#', '*', '#', '#', '#', '#', '#', 'o']
['o', '#', '#', 'o', 'o', '#', 'o', 'o', 'o']
['#', '#', 'o', 'o', '#', 'o', '#', 'o', '#']
['o', 'o', '#', '#', '#', 'o', '#', '#', 'o']
['o', '#', '#', '#', 'o', '#', '#', 'o', 'o']
Cost actual: 0
...........
2) Eliminam obstacolul de pe linia 1, coloana 5
['*', '*', '*', '*', '*', '*', '*', '*', '#']
['#', '#', '*', '#', '#', '#', '#', '#', 'o']
['o', '#', '#', 'o', 'o', '#', 'o', 'o', 'o']
['#', '#', 'o', 'o', '#', 'o', '#', 'o', '#']
['o', 'o', '#', '#', '#', 'o', '#', '#', 'o']
['o', '#', '#', '#', 'o', '#', '#', 'o', 'o']
Cost actual: 3
...........
3) Eliminam obstacolul de pe linia 2, coloana 8
['*', '*', '*', '*', '*', '*', '*', '*', '#']
['#', '#', '*', '#', '#', '#', '#', '*', '*']
['o', '#', '#', 'o', 'o', '#', '*', '*', '*']
['#', '#', 'o', 'o', '#', 'o', '#', '*', '#']
['o', 'o', '#', '#', '#', 'o', '#', '#', 'o']
['o', '#', '#', '#', 'o', '#', '#', 'o', 'o']
Cost actual: 5
...........
4) Eliminam obstacolul de pe linia 1, coloana 9
['*', '*', '*', '*', '*', '*', '*', '*', '*']
['#', '#', '*', '#', '#', '#', '#', '*', '*']
['o', '#', '#', 'o', 'o', '#', '*', '*', '*']
['#', '#', 'o', 'o', '#', 'o', '#', '*', '#']
['o', 'o', '#', '#', '#', 'o', '#', '#', 'o']
['o', '#', '#', '#', 'o', '#', '#', 'o', 'o']
Cost actual: 5
...........
5) Eliminam obstacolul de pe linia 4, coloana 7
['*', '*', '*', '*', '*', '*', '*', '*', '*']
['#', '#', '*', '#', '#', '#', '#', '*', '*']
['o', '#', '#', 'o', 'o', '#', '*', '*', '*']
['#', '#', 'o', 'o', '#', '*', '*', '*', '#']
['o', 'o', '#', '#', '#', '*', '#', '#', 'o']
['o', '#', '#', '#', 'o', '#', '#', 'o', 'o']
Cost actual: 8
...........
6) Eliminam obstacolul de pe linia 6, coloana 6
['*', '*', '*', '*', '*', '*', '*', '*', '*']
['#', '#', '*', '#', '#', '#', '#', '*', '*']
['o', '#', '#', 'o', 'o', '#', '*', '*', '*']
['#', '#', 'o', 'o', '#', '*', '*', '*', '#']
['o', 'o', '#', '#', '#', '*', '#', '#', 'o']
['o', '#', '#', '#', '*', '*', '#', 'o', 'o']
Cost actual: 11
...........
AStar 15 (euristica banala):
1) Configuratie Initiala
['*', '*', '*', '*', '#', 'o', 'o', 'o', '#']
['#', '#', '*', '#', '#', '#', '#', '#', 'o']
['o', '#', '#', 'o', 'o', '#', 'o', 'o', 'o']
['#', '#', 'o', 'o', '#', 'o', '#', 'o', '#']
['o', 'o', '#', '#', '#', 'o', '#', '#', 'o']
['o', '#', '#', '#', 'o', '#', '#', 'o', 'o']
Cost actual: 0
...........
2) Eliminam obstacolul de pe linia 1, coloana 5
['*', '*', '*', '*', '*', '*', '*', '*', '#']
['#', '#', '*', '#', '#', '#', '#', '#', 'o']
['o', '#', '#', 'o', 'o', '#', 'o', 'o', 'o']
['#', '#', 'o', 'o', '#', 'o', '#', 'o', '#']
['o', 'o', '#', '#', '#', 'o', '#', '#', 'o']
['o', '#', '#', '#', 'o', '#', '#', 'o', 'o']
Cost actual: 3
...........
3) Eliminam obstacolul de pe linia 2, coloana 8
['*', '*', '*', '*', '*', '*', '*', '*', '#']
['#', '#', '*', '#', '#', '#', '#', '*', '*']
['o', '#', '#', 'o', 'o', '#', '*', '*', '*']
['#', '#', 'o', 'o', '#', 'o', '#', '*', '#']
['o', 'o', '#', '#', '#', 'o', '#', '#', 'o']
['o', '#', '#', '#', 'o', '#', '#', 'o', 'o']
Cost actual: 5
...........
4) Eliminam obstacolul de pe linia 4, coloana 7
['*', '*', '*', '*', '*', '*', '*', '*', '#']
['#', '#', '*', '#', '#', '#', '#', '*', '*']
['o', '#', '#', 'o', 'o', '#', '*', '*', '*']
['#', '#', 'o', 'o', '#', '*', '*', '*', '#']
['o', 'o', '#', '#', '#', '*', '#', '#', 'o']
['o', '#', '#', '#', 'o', '#', '#', 'o', 'o']
Cost actual: 8
...........
5) Eliminam obstacolul de pe linia 6, coloana 6
['*', '*', '*', '*', '*', '*', '*', '*', '#']
['#', '#', '*', '#', '#', '#', '#', '*', '*']
['o', '#', '#', 'o', 'o', '#', '*', '*', '*']
['#', '#', 'o', 'o', '#', '*', '*', '*', '#']
['o', 'o', '#', '#', '#', '*', '#', '#', 'o']
['o', '#', '#', '#', '*', '*', '#', 'o', 'o']
Cost actual: 11
...........
AStar 16 (euristica banala):
1) Configuratie Initiala
['*', '*', '*', '*', '#', 'o', 'o', 'o', '#']
['#', '#', '*', '#', '#', '#', '#', '#', 'o']
['o', '#', '#', 'o', 'o', '#', 'o', 'o', 'o']
['#', '#', 'o', 'o', '#', 'o', '#', 'o', '#']
['o', 'o', '#', '#', '#', 'o', '#', '#', 'o']
['o', '#', '#', '#', 'o', '#', '#', 'o', 'o']
Cost actual: 0
...........
2) Eliminam obstacolul de pe linia 1, coloana 5
['*', '*', '*', '*', '*', '*', '*', '*', '#']
['#', '#', '*', '#', '#', '#', '#', '#', 'o']
['o', '#', '#', 'o', 'o', '#', 'o', 'o', 'o']
['#', '#', 'o', 'o', '#', 'o', '#', 'o', '#']
['o', 'o', '#', '#', '#', 'o', '#', '#', 'o']
['o', '#', '#', '#', 'o', '#', '#', 'o', 'o']
Cost actual: 3
...........
3) Eliminam obstacolul de pe linia 1, coloana 9
['*', '*', '*', '*', '*', '*', '*', '*', '*']
['#', '#', '*', '#', '#', '#', '#', '#', '*']
['o', '#', '#', 'o', 'o', '#', '*', '*', '*']
['#', '#', 'o', 'o', '#', 'o', '#', '*', '#']
['o', 'o', '#', '#', '#', 'o', '#', '#', 'o']
['o', '#', '#', '#', 'o', '#', '#', 'o', 'o']
Cost actual: 4
...........
4) Eliminam obstacolul de pe linia 4, coloana 7
['*', '*', '*', '*', '*', '*', '*', '*', '*']
['#', '#', '*', '#', '#', '#', '#', '#', '*']
['o', '#', '#', 'o', 'o', '#', '*', '*', '*']
['#', '#', 'o', 'o', '#', '*', '*', '*', '#']
['o', 'o', '#', '#', '#', '*', '#', '#', 'o']
['o', '#', '#', '#', 'o', '#', '#', 'o', 'o']
Cost actual: 7
...........
5) Eliminam obstacolul de pe linia 5, coloana 5
['*', '*', '*', '*', '*', '*', '*', '*', '*']
['#', '#', '*', '#', '#', '#', '#', '#', '*']
['o', '#', '#', 'o', 'o', '#', '*', '*', '*']
['#', '#', 'o', 'o', '#', '*', '*', '*', '#']
['o', 'o', '#', '#', '*', '*', '#', '#', 'o']
['o', '#', '#', '#', '*', '#', '#', 'o', 'o']
Cost actual: 11
...........
AStar 17 (euristica banala):
1) Configuratie Initiala
['*', '*', '*', '*', '#', 'o', 'o', 'o', '#']
['#', '#', '*', '#', '#', '#', '#', '#', 'o']
['o', '#', '#', 'o', 'o', '#', 'o', 'o', 'o']
['#', '#', 'o', 'o', '#', 'o', '#', 'o', '#']
['o', 'o', '#', '#', '#', 'o', '#', '#', 'o']
['o', '#', '#', '#', 'o', '#', '#', 'o', 'o']
Cost actual: 0
...........
2) Eliminam obstacolul de pe linia 2, coloana 4
['*', '*', '*', '*', '#', 'o', 'o', 'o', '#']
['#', '#', '*', '*', '#', '#', '#', '#', 'o']
['o', '#', '#', '*', '*', '#', 'o', 'o', 'o']
['#', '#', '*', '*', '#', 'o', '#', 'o', '#']
['o', 'o', '#', '#', '#', 'o', '#', '#', 'o']
['o', '#', '#', '#', 'o', '#', '#', 'o', 'o']
Cost actual: 3
...........
3) Eliminam obstacolul de pe linia 5, coloana 4
['*', '*', '*', '*', '#', 'o', 'o', 'o', '#']
['#', '#', '*', '*', '#', '#', '#', '#', 'o']
['o', '#', '#', '*', '*', '#', 'o', 'o', 'o']
['#', '#', '*', '*', '#', 'o', '#', 'o', '#']
['o', 'o', '#', '*', '#', 'o', '#', '#', 'o']
['o', '#', '#', '#', 'o', '#', '#', 'o', 'o']
Cost actual: 8
...........
4) Eliminam obstacolul de pe linia 6, coloana 4
['*', '*', '*', '*', '#', 'o', 'o', 'o', '#']
['#', '#', '*', '*', '#', '#', '#', '#', 'o']
['o', '#', '#', '*', '*', '#', 'o', 'o', 'o']
['#', '#', '*', '*', '#', 'o', '#', 'o', '#']
['o', 'o', '#', '*', '#', 'o', '#', '#', 'o']
['o', '#', '#', '*', '*', '#', '#', 'o', 'o']
Cost actual: 11
...........
AStar 18 (euristica banala):
1) Configuratie Initiala
['*', '*', '*', '*', '#', 'o', 'o', 'o', '#']
['#', '#', '*', '#', '#', '#', '#', '#', 'o']
['o', '#', '#', 'o', 'o', '#', 'o', 'o', 'o']
['#', '#', 'o', 'o', '#', 'o', '#', 'o', '#']
['o', 'o', '#', '#', '#', 'o', '#', '#', 'o']
['o', '#', '#', '#', 'o', '#', '#', 'o', 'o']
Cost actual: 0
...........
2) Eliminam obstacolul de pe linia 2, coloana 4
['*', '*', '*', '*', '#', 'o', 'o', 'o', '#']
['#', '#', '*', '*', '#', '#', '#', '#', 'o']
['o', '#', '#', '*', '*', '#', 'o', 'o', 'o']
['#', '#', '*', '*', '#', 'o', '#', 'o', '#']
['o', 'o', '#', '#', '#', 'o', '#', '#', 'o']
['o', '#', '#', '#', 'o', '#', '#', 'o', 'o']
Cost actual: 3
...........
3) Eliminam obstacolul de pe linia 5, coloana 4
['*', '*', '*', '*', '#', 'o', 'o', 'o', '#']
['#', '#', '*', '*', '#', '#', '#', '#', 'o']
['o', '#', '#', '*', '*', '#', 'o', 'o', 'o']
['#', '#', '*', '*', '#', 'o', '#', 'o', '#']
['o', 'o', '#', '*', '#', 'o', '#', '#', 'o']
['o', '#', '#', '#', 'o', '#', '#', 'o', 'o']
Cost actual: 8
...........
4) Eliminam obstacolul de pe linia 5, coloana 5
['*', '*', '*', '*', '#', 'o', 'o', 'o', '#']
['#', '#', '*', '*', '#', '#', '#', '#', 'o']
['o', '#', '#', '*', '*', '#', 'o', 'o', 'o']
['#', '#', '*', '*', '#', '*', '#', 'o', '#']
['o', 'o', '#', '*', '*', '*', '#', '#', 'o']
['o', '#', '#', '#', '*', '#', '#', 'o', 'o']
Cost actual: 11
...........
AStar 19 (euristica banala):
1) Configuratie Initiala
['*', '*', '*', '*', '#', 'o', 'o', 'o', '#']
['#', '#', '*', '#', '#', '#', '#', '#', 'o']
['o', '#', '#', 'o', 'o', '#', 'o', 'o', 'o']
['#', '#', 'o', 'o', '#', 'o', '#', 'o', '#']
['o', 'o', '#', '#', '#', 'o', '#', '#', 'o']
['o', '#', '#', '#', 'o', '#', '#', 'o', 'o']
Cost actual: 0
...........
2) Eliminam obstacolul de pe linia 1, coloana 5
['*', '*', '*', '*', '*', '*', '*', '*', '#']
['#', '#', '*', '#', '#', '#', '#', '#', 'o']
['o', '#', '#', 'o', 'o', '#', 'o', 'o', 'o']
['#', '#', 'o', 'o', '#', 'o', '#', 'o', '#']
['o', 'o', '#', '#', '#', 'o', '#', '#', 'o']
['o', '#', '#', '#', 'o', '#', '#', 'o', 'o']
Cost actual: 3
...........
3) Eliminam obstacolul de pe linia 2, coloana 8
['*', '*', '*', '*', '*', '*', '*', '*', '#']
['#', '#', '*', '#', '#', '#', '#', '*', '*']
['o', '#', '#', 'o', 'o', '#', '*', '*', '*']
['#', '#', 'o', 'o', '#', 'o', '#', '*', '#']
['o', 'o', '#', '#', '#', 'o', '#', '#', 'o']
['o', '#', '#', '#', 'o', '#', '#', 'o', 'o']
Cost actual: 5
...........
4) Eliminam obstacolul de pe linia 4, coloana 9
['*', '*', '*', '*', '*', '*', '*', '*', '#']
['#', '#', '*', '#', '#', '#', '#', '*', '*']
['o', '#', '#', 'o', 'o', '#', '*', '*', '*']
['#', '#', 'o', 'o', '#', 'o', '#', '*', '*']
['o', 'o', '#', '#', '#', 'o', '#', '#', '*']
['o', '#', '#', '#', 'o', '#', '#', '*', '*']
Cost actual: 6
...........
5) Eliminam obstacolul de pe linia 6, coloana 7
['*', '*', '*', '*', '*', '*', '*', '*', '#']
['#', '#', '*', '#', '#', '#', '#', '*', '*']
['o', '#', '#', 'o', 'o', '#', '*', '*', '*']
['#', '#', 'o', 'o', '#', 'o', '#', '*', '*']
['o', 'o', '#', '#', '#', 'o', '#', '#', '*']
['o', '#', '#', '#', 'o', '#', '*', '*', '*']
Cost actual: 9
...........
6) Eliminam obstacolul de pe linia 6, coloana 6
['*', '*', '*', '*', '*', '*', '*', '*', '#']
['#', '#', '*', '#', '#', '#', '#', '*', '*']
['o', '#', '#', 'o', 'o', '#', '*', '*', '*']
['#', '#', 'o', 'o', '#', '*', '#', '*', '*']
['o', 'o', '#', '#', '#', '*', '#', '#', '*']
['o', '#', '#', '#', '*', '*', '*', '*', '*']
Cost actual: 11
...........
AStar 20 (euristica banala):
1) Configuratie Initiala
['*', '*', '*', '*', '#', 'o', 'o', 'o', '#']
['#', '#', '*', '#', '#', '#', '#', '#', 'o']
['o', '#', '#', 'o', 'o', '#', 'o', 'o', 'o']
['#', '#', 'o', 'o', '#', 'o', '#', 'o', '#']
['o', 'o', '#', '#', '#', 'o', '#', '#', 'o']
['o', '#', '#', '#', 'o', '#', '#', 'o', 'o']
Cost actual: 0
...........
2) Eliminam obstacolul de pe linia 1, coloana 5
['*', '*', '*', '*', '*', '*', '*', '*', '#']
['#', '#', '*', '#', '#', '#', '#', '#', 'o']
['o', '#', '#', 'o', 'o', '#', 'o', 'o', 'o']
['#', '#', 'o', 'o', '#', 'o', '#', 'o', '#']
['o', 'o', '#', '#', '#', 'o', '#', '#', 'o']
['o', '#', '#', '#', 'o', '#', '#', 'o', 'o']
Cost actual: 3
...........
3) Eliminam obstacolul de pe linia 1, coloana 9
['*', '*', '*', '*', '*', '*', '*', '*', '*']
['#', '#', '*', '#', '#', '#', '#', '#', '*']
['o', '#', '#', 'o', 'o', '#', '*', '*', '*']
['#', '#', 'o', 'o', '#', 'o', '#', '*', '#']
['o', 'o', '#', '#', '#', 'o', '#', '#', 'o']
['o', '#', '#', '#', 'o', '#', '#', 'o', 'o']
Cost actual: 4
...........
4) Eliminam obstacolul de pe linia 5, coloana 8
['*', '*', '*', '*', '*', '*', '*', '*', '*']
['#', '#', '*', '#', '#', '#', '#', '#', '*']
['o', '#', '#', 'o', 'o', '#', '*', '*', '*']
['#', '#', 'o', 'o', '#', 'o', '#', '*', '#']
['o', 'o', '#', '#', '#', 'o', '#', '*', '*']
['o', '#', '#', '#', 'o', '#', '#', '*', '*']
Cost actual: 8
...........
5) Eliminam obstacolul de pe linia 4, coloana 9
['*', '*', '*', '*', '*', '*', '*', '*', '*']
['#', '#', '*', '#', '#', '#', '#', '#', '*']
['o', '#', '#', 'o', 'o', '#', '*', '*', '*']
['#', '#', 'o', 'o', '#', 'o', '#', '*', '*']
['o', 'o', '#', '#', '#', 'o', '#', '*', '*']
['o', '#', '#', '#', 'o', '#', '#', '*', '*']
Cost actual: 8
...........
6) Eliminam obstacolul de pe linia 6, coloana 7
['*', '*', '*', '*', '*', '*', '*', '*', '*']
['#', '#', '*', '#', '#', '#', '#', '#', '*']
['o', '#', '#', 'o', 'o', '#', '*', '*', '*']
['#', '#', 'o', 'o', '#', 'o', '#', '*', '*']
['o', 'o', '#', '#', '#', 'o', '#', '*', '*']
['o', '#', '#', '#', 'o', '#', '*', '*', '*']
Cost actual: 10
...........
7) Eliminam obstacolul de pe linia 6, coloana 6
['*', '*', '*', '*', '*', '*', '*', '*', '*']
['#', '#', '*', '#', '#', '#', '#', '#', '*']
['o', '#', '#', 'o', 'o', '#', '*', '*', '*']
['#', '#', 'o', 'o', '#', '*', '#', '*', '*']
['o', 'o', '#', '#', '#', '*', '#', '*', '*']
['o', '#', '#', '#', '*', '*', '*', '*', '*']
Cost actual: 12
...........
AStar 21 (euristica banala):
1) Configuratie Initiala
['*', '*', '*', '*', '#', 'o', 'o', 'o', '#']
['#', '#', '*', '#', '#', '#', '#', '#', 'o']
['o', '#', '#', 'o', 'o', '#', 'o', 'o', 'o']
['#', '#', 'o', 'o', '#', 'o', '#', 'o', '#']
['o', 'o', '#', '#', '#', 'o', '#', '#', 'o']
['o', '#', '#', '#', 'o', '#', '#', 'o', 'o']
Cost actual: 0
...........
2) Eliminam obstacolul de pe linia 1, coloana 5
['*', '*', '*', '*', '*', '*', '*', '*', '#']
['#', '#', '*', '#', '#', '#', '#', '#', 'o']
['o', '#', '#', 'o', 'o', '#', 'o', 'o', 'o']
['#', '#', 'o', 'o', '#', 'o', '#', 'o', '#']
['o', 'o', '#', '#', '#', 'o', '#', '#', 'o']
['o', '#', '#', '#', 'o', '#', '#', 'o', 'o']
Cost actual: 3
...........
3) Eliminam obstacolul de pe linia 2, coloana 8
['*', '*', '*', '*', '*', '*', '*', '*', '#']
['#', '#', '*', '#', '#', '#', '#', '*', '*']
['o', '#', '#', 'o', 'o', '#', '*', '*', '*']
['#', '#', 'o', 'o', '#', 'o', '#', '*', '#']
['o', 'o', '#', '#', '#', 'o', '#', '#', 'o']
['o', '#', '#', '#', 'o', '#', '#', 'o', 'o']
Cost actual: 5
...........
4) Eliminam obstacolul de pe linia 4, coloana 9
['*', '*', '*', '*', '*', '*', '*', '*', '#']
['#', '#', '*', '#', '#', '#', '#', '*', '*']
['o', '#', '#', 'o', 'o', '#', '*', '*', '*']
['#', '#', 'o', 'o', '#', 'o', '#', '*', '*']
['o', 'o', '#', '#', '#', 'o', '#', '#', '*']
['o', '#', '#', '#', 'o', '#', '#', '*', '*']
Cost actual: 6
...........
5) Eliminam obstacolul de pe linia 1, coloana 9
['*', '*', '*', '*', '*', '*', '*', '*', '*']
['#', '#', '*', '#', '#', '#', '#', '*', '*']
['o', '#', '#', 'o', 'o', '#', '*', '*', '*']
['#', '#', 'o', 'o', '#', 'o', '#', '*', '*']
['o', 'o', '#', '#', '#', 'o', '#', '#', '*']
['o', '#', '#', '#', 'o', '#', '#', '*', '*']
Cost actual: 6
...........
6) Eliminam obstacolul de pe linia 4, coloana 7
['*', '*', '*', '*', '*', '*', '*', '*', '*']
['#', '#', '*', '#', '#', '#', '#', '*', '*']
['o', '#', '#', 'o', 'o', '#', '*', '*', '*']
['#', '#', 'o', 'o', '#', '*', '*', '*', '*']
['o', 'o', '#', '#', '#', '*', '#', '#', '*']
['o', '#', '#', '#', 'o', '#', '#', '*', '*']
Cost actual: 9
...........
7) Eliminam obstacolul de pe linia 6, coloana 6
['*', '*', '*', '*', '*', '*', '*', '*', '*']
['#', '#', '*', '#', '#', '#', '#', '*', '*']
['o', '#', '#', 'o', 'o', '#', '*', '*', '*']
['#', '#', 'o', 'o', '#', '*', '*', '*', '*']
['o', 'o', '#', '#', '#', '*', '#', '#', '*']
['o', '#', '#', '#', '*', '*', '#', '*', '*']
Cost actual: 12
...........
AStar 22 (euristica banala):
1) Configuratie Initiala
['*', '*', '*', '*', '#', 'o', 'o', 'o', '#']
['#', '#', '*', '#', '#', '#', '#', '#', 'o']
['o', '#', '#', 'o', 'o', '#', 'o', 'o', 'o']
['#', '#', 'o', 'o', '#', 'o', '#', 'o', '#']
['o', 'o', '#', '#', '#', 'o', '#', '#', 'o']
['o', '#', '#', '#', 'o', '#', '#', 'o', 'o']
Cost actual: 0
...........
2) Eliminam obstacolul de pe linia 1, coloana 5
['*', '*', '*', '*', '*', '*', '*', '*', '#']
['#', '#', '*', '#', '#', '#', '#', '#', 'o']
['o', '#', '#', 'o', 'o', '#', 'o', 'o', 'o']
['#', '#', 'o', 'o', '#', 'o', '#', 'o', '#']
['o', 'o', '#', '#', '#', 'o', '#', '#', 'o']
['o', '#', '#', '#', 'o', '#', '#', 'o', 'o']
Cost actual: 3
...........
3) Eliminam obstacolul de pe linia 1, coloana 9
['*', '*', '*', '*', '*', '*', '*', '*', '*']
['#', '#', '*', '#', '#', '#', '#', '#', '*']
['o', '#', '#', 'o', 'o', '#', '*', '*', '*']
['#', '#', 'o', 'o', '#', 'o', '#', '*', '#']
['o', 'o', '#', '#', '#', 'o', '#', '#', 'o']
['o', '#', '#', '#', 'o', '#', '#', 'o', 'o']
Cost actual: 4
...........
4) Eliminam obstacolul de pe linia 4, coloana 9
['*', '*', '*', '*', '*', '*', '*', '*', '*']
['#', '#', '*', '#', '#', '#', '#', '#', '*']
['o', '#', '#', 'o', 'o', '#', '*', '*', '*']
['#', '#', 'o', 'o', '#', 'o', '#', '*', '*']
['o', 'o', '#', '#', '#', 'o', '#', '#', '*']
['o', '#', '#', '#', 'o', '#', '#', '*', '*']
Cost actual: 5
...........
5) Eliminam obstacolul de pe linia 2, coloana 4
['*', '*', '*', '*', '*', '*', '*', '*', '*']
['#', '#', '*', '*', '#', '#', '#', '#', '*']
['o', '#', '#', '*', '*', '#', '*', '*', '*']
['#', '#', '*', '*', '#', 'o', '#', '*', '*']
['o', 'o', '#', '#', '#', 'o', '#', '#', '*']
['o', '#', '#', '#', 'o', '#', '#', '*', '*']
Cost actual: 7
...........
6) Eliminam obstacolul de pe linia 6, coloana 7
['*', '*', '*', '*', '*', '*', '*', '*', '*']
['#', '#', '*', '*', '#', '#', '#', '#', '*']
['o', '#', '#', '*', '*', '#', '*', '*', '*']
['#', '#', '*', '*', '#', 'o', '#', '*', '*']
['o', 'o', '#', '#', '#', 'o', '#', '#', '*']
['o', '#', '#', '#', 'o', '#', '*', '*', '*']
Cost actual: 10
...........
7) Eliminam obstacolul de pe linia 6, coloana 6
['*', '*', '*', '*', '*', '*', '*', '*', '*']
['#', '#', '*', '*', '#', '#', '#', '#', '*']
['o', '#', '#', '*', '*', '#', '*', '*', '*']
['#', '#', '*', '*', '#', '*', '#', '*', '*']
['o', 'o', '#', '#', '#', '*', '#', '#', '*']
['o', '#', '#', '#', '*', '*', '*', '*', '*']
Cost actual: 12
...........
AStar 23 (euristica banala):
1) Configuratie Initiala
['*', '*', '*', '*', '#', 'o', 'o', 'o', '#']
['#', '#', '*', '#', '#', '#', '#', '#', 'o']
['o', '#', '#', 'o', 'o', '#', 'o', 'o', 'o']
['#', '#', 'o', 'o', '#', 'o', '#', 'o', '#']
['o', 'o', '#', '#', '#', 'o', '#', '#', 'o']
['o', '#', '#', '#', 'o', '#', '#', 'o', 'o']
Cost actual: 0
...........
2) Eliminam obstacolul de pe linia 1, coloana 5
['*', '*', '*', '*', '*', '*', '*', '*', '#']
['#', '#', '*', '#', '#', '#', '#', '#', 'o']
['o', '#', '#', 'o', 'o', '#', 'o', 'o', 'o']
['#', '#', 'o', 'o', '#', 'o', '#', 'o', '#']
['o', 'o', '#', '#', '#', 'o', '#', '#', 'o']
['o', '#', '#', '#', 'o', '#', '#', 'o', 'o']
Cost actual: 3
...........
3) Eliminam obstacolul de pe linia 1, coloana 9
['*', '*', '*', '*', '*', '*', '*', '*', '*']
['#', '#', '*', '#', '#', '#', '#', '#', '*']
['o', '#', '#', 'o', 'o', '#', '*', '*', '*']
['#', '#', 'o', 'o', '#', 'o', '#', '*', '#']
['o', 'o', '#', '#', '#', 'o', '#', '#', 'o']
['o', '#', '#', '#', 'o', '#', '#', 'o', 'o']
Cost actual: 4
...........
4) Eliminam obstacolul de pe linia 2, coloana 4
['*', '*', '*', '*', '*', '*', '*', '*', '*']
['#', '#', '*', '*', '#', '#', '#', '#', '*']
['o', '#', '#', '*', '*', '#', '*', '*', '*']
['#', '#', '*', '*', '#', 'o', '#', '*', '#']
['o', 'o', '#', '#', '#', 'o', '#', '#', 'o']
['o', '#', '#', '#', 'o', '#', '#', 'o', 'o']
Cost actual: 6
...........
5) Eliminam obstacolul de pe linia 4, coloana 7
['*', '*', '*', '*', '*', '*', '*', '*', '*']
['#', '#', '*', '*', '#', '#', '#', '#', '*']
['o', '#', '#', '*', '*', '#', '*', '*', '*']
['#', '#', '*', '*', '#', '*', '*', '*', '#']
['o', 'o', '#', '#', '#', '*', '#', '#', 'o']
['o', '#', '#', '#', 'o', '#', '#', 'o', 'o']
Cost actual: 9
...........
6) Eliminam obstacolul de pe linia 6, coloana 6
['*', '*', '*', '*', '*', '*', '*', '*', '*']
['#', '#', '*', '*', '#', '#', '#', '#', '*']
['o', '#', '#', '*', '*', '#', '*', '*', '*']
['#', '#', '*', '*', '#', '*', '*', '*', '#']
['o', 'o', '#', '#', '#', '*', '#', '#', 'o']
['o', '#', '#', '#', '*', '*', '#', 'o', 'o']
Cost actual: 12
...........
AStar 24 (euristica banala):
1) Configuratie Initiala
['*', '*', '*', '*', '#', 'o', 'o', 'o', '#']
['#', '#', '*', '#', '#', '#', '#', '#', 'o']
['o', '#', '#', 'o', 'o', '#', 'o', 'o', 'o']
['#', '#', 'o', 'o', '#', 'o', '#', 'o', '#']
['o', 'o', '#', '#', '#', 'o', '#', '#', 'o']
['o', '#', '#', '#', 'o', '#', '#', 'o', 'o']
Cost actual: 0
...........
2) Eliminam obstacolul de pe linia 1, coloana 5
['*', '*', '*', '*', '*', '*', '*', '*', '#']
['#', '#', '*', '#', '#', '#', '#', '#', 'o']
['o', '#', '#', 'o', 'o', '#', 'o', 'o', 'o']
['#', '#', 'o', 'o', '#', 'o', '#', 'o', '#']
['o', 'o', '#', '#', '#', 'o', '#', '#', 'o']
['o', '#', '#', '#', 'o', '#', '#', 'o', 'o']
Cost actual: 3
...........
3) Eliminam obstacolul de pe linia 1, coloana 9
['*', '*', '*', '*', '*', '*', '*', '*', '*']
['#', '#', '*', '#', '#', '#', '#', '#', '*']
['o', '#', '#', 'o', 'o', '#', '*', '*', '*']
['#', '#', 'o', 'o', '#', 'o', '#', '*', '#']
['o', 'o', '#', '#', '#', 'o', '#', '#', 'o']
['o', '#', '#', '#', 'o', '#', '#', 'o', 'o']
Cost actual: 4
...........
4) Eliminam obstacolul de pe linia 4, coloana 7
['*', '*', '*', '*', '*', '*', '*', '*', '*']
['#', '#', '*', '#', '#', '#', '#', '#', '*']
['o', '#', '#', 'o', 'o', '#', '*', '*', '*']
['#', '#', 'o', 'o', '#', '*', '*', '*', '#']
['o', 'o', '#', '#', '#', '*', '#', '#', 'o']
['o', '#', '#', '#', 'o', '#', '#', 'o', 'o']
Cost actual: 7
...........
5) Eliminam obstacolul de pe linia 2, coloana 8
['*', '*', '*', '*', '*', '*', '*', '*', '*']
['#', '#', '*', '#', '#', '#', '#', '*', '*']
['o', '#', '#', 'o', 'o', '#', '*', '*', '*']
['#', '#', 'o', 'o', '#', '*', '*', '*', '#']
['o', 'o', '#', '#', '#', '*', '#', '#', 'o']
['o', '#', '#', '#', 'o', '#', '#', 'o', 'o']
Cost actual: 8
...........
6) Eliminam obstacolul de pe linia 5, coloana 5
['*', '*', '*', '*', '*', '*', '*', '*', '*']
['#', '#', '*', '#', '#', '#', '#', '*', '*']
['o', '#', '#', 'o', 'o', '#', '*', '*', '*']
['#', '#', 'o', 'o', '#', '*', '*', '*', '#']
['o', 'o', '#', '#', '*', '*', '#', '#', 'o']
['o', '#', '#', '#', '*', '#', '#', 'o', 'o']
Cost actual: 12
...........
AStar 25 (euristica banala):
1) Configuratie Initiala
['*', '*', '*', '*', '#', 'o', 'o', 'o', '#']
['#', '#', '*', '#', '#', '#', '#', '#', 'o']
['o', '#', '#', 'o', 'o', '#', 'o', 'o', 'o']
['#', '#', 'o', 'o', '#', 'o', '#', 'o', '#']
['o', 'o', '#', '#', '#', 'o', '#', '#', 'o']
['o', '#', '#', '#', 'o', '#', '#', 'o', 'o']
Cost actual: 0
...........
2) Eliminam obstacolul de pe linia 1, coloana 5
['*', '*', '*', '*', '*', '*', '*', '*', '#']
['#', '#', '*', '#', '#', '#', '#', '#', 'o']
['o', '#', '#', 'o', 'o', '#', 'o', 'o', 'o']
['#', '#', 'o', 'o', '#', 'o', '#', 'o', '#']
['o', 'o', '#', '#', '#', 'o', '#', '#', 'o']
['o', '#', '#', '#', 'o', '#', '#', 'o', 'o']
Cost actual: 3
...........
3) Eliminam obstacolul de pe linia 2, coloana 7
['*', '*', '*', '*', '*', '*', '*', '*', '#']
['#', '#', '*', '#', '#', '#', '*', '#', '*']
['o', '#', '#', 'o', 'o', '#', '*', '*', '*']
['#', '#', 'o', 'o', '#', 'o', '#', '*', '#']
['o', 'o', '#', '#', '#', 'o', '#', '#', 'o']
['o', '#', '#', '#', 'o', '#', '#', 'o', 'o']
Cost actual: 6
...........
4) Eliminam obstacolul de pe linia 4, coloana 9
['*', '*', '*', '*', '*', '*', '*', '*', '#']
['#', '#', '*', '#', '#', '#', '*', '#', '*']
['o', '#', '#', 'o', 'o', '#', '*', '*', '*']
['#', '#', 'o', 'o', '#', 'o', '#', '*', '*']
['o', 'o', '#', '#', '#', 'o', '#', '#', '*']
['o', '#', '#', '#', 'o', '#', '#', '*', '*']
Cost actual: 7
...........
5) Eliminam obstacolul de pe linia 6, coloana 7
['*', '*', '*', '*', '*', '*', '*', '*', '#']
['#', '#', '*', '#', '#', '#', '*', '#', '*']
['o', '#', '#', 'o', 'o', '#', '*', '*', '*']
['#', '#', 'o', 'o', '#', 'o', '#', '*', '*']
['o', 'o', '#', '#', '#', 'o', '#', '#', '*']
['o', '#', '#', '#', 'o', '#', '*', '*', '*']
Cost actual: 10
...........
6) Eliminam obstacolul de pe linia 6, coloana 6
['*', '*', '*', '*', '*', '*', '*', '*', '#']
['#', '#', '*', '#', '#', '#', '*', '#', '*']
['o', '#', '#', 'o', 'o', '#', '*', '*', '*']
['#', '#', 'o', 'o', '#', '*', '#', '*', '*']
['o', 'o', '#', '#', '#', '*', '#', '#', '*']
['o', '#', '#', '#', '*', '*', '*', '*', '*']
Cost actual: 12
...........
AStar 26 (euristica banala):
1) Configuratie Initiala
['*', '*', '*', '*', '#', 'o', 'o', 'o', '#']
['#', '#', '*', '#', '#', '#', '#', '#', 'o']
['o', '#', '#', 'o', 'o', '#', 'o', 'o', 'o']
['#', '#', 'o', 'o', '#', 'o', '#', 'o', '#']
['o', 'o', '#', '#', '#', 'o', '#', '#', 'o']
['o', '#', '#', '#', 'o', '#', '#', 'o', 'o']
Cost actual: 0
...........
2) Eliminam obstacolul de pe linia 1, coloana 5
['*', '*', '*', '*', '*', '*', '*', '*', '#']
['#', '#', '*', '#', '#', '#', '#', '#', 'o']
['o', '#', '#', 'o', 'o', '#', 'o', 'o', 'o']
['#', '#', 'o', 'o', '#', 'o', '#', 'o', '#']
['o', 'o', '#', '#', '#', 'o', '#', '#', 'o']
['o', '#', '#', '#', 'o', '#', '#', 'o', 'o']
Cost actual: 3
...........
3) Eliminam obstacolul de pe linia 1, coloana 9
['*', '*', '*', '*', '*', '*', '*', '*', '*']
['#', '#', '*', '#', '#', '#', '#', '#', '*']
['o', '#', '#', 'o', 'o', '#', '*', '*', '*']
['#', '#', 'o', 'o', '#', 'o', '#', '*', '#']
['o', 'o', '#', '#', '#', 'o', '#', '#', 'o']
['o', '#', '#', '#', 'o', '#', '#', 'o', 'o']
Cost actual: 4
...........
4) Eliminam obstacolul de pe linia 4, coloana 9
['*', '*', '*', '*', '*', '*', '*', '*', '*']
['#', '#', '*', '#', '#', '#', '#', '#', '*']
['o', '#', '#', 'o', 'o', '#', '*', '*', '*']
['#', '#', 'o', 'o', '#', 'o', '#', '*', '*']
['o', 'o', '#', '#', '#', 'o', '#', '#', '*']
['o', '#', '#', '#', 'o', '#', '#', '*', '*']
Cost actual: 5
...........
5) Eliminam obstacolul de pe linia 4, coloana 7
['*', '*', '*', '*', '*', '*', '*', '*', '*']
['#', '#', '*', '#', '#', '#', '#', '#', '*']
['o', '#', '#', 'o', 'o', '#', '*', '*', '*']
['#', '#', 'o', 'o', '#', '*', '*', '*', '*']
['o', 'o', '#', '#', '#', '*', '#', '#', '*']
['o', '#', '#', '#', 'o', '#', '#', '*', '*']
Cost actual: 8
...........
6) Eliminam obstacolul de pe linia 5, coloana 5
['*', '*', '*', '*', '*', '*', '*', '*', '*']
['#', '#', '*', '#', '#', '#', '#', '#', '*']
['o', '#', '#', 'o', 'o', '#', '*', '*', '*']
['#', '#', 'o', 'o', '#', '*', '*', '*', '*']
['o', 'o', '#', '#', '*', '*', '#', '#', '*']
['o', '#', '#', '#', '*', '#', '#', '*', '*']
Cost actual: 12
...........
AStar 27 (euristica banala):
1) Configuratie Initiala
['*', '*', '*', '*', '#', 'o', 'o', 'o', '#']
['#', '#', '*', '#', '#', '#', '#', '#', 'o']
['o', '#', '#', 'o', 'o', '#', 'o', 'o', 'o']
['#', '#', 'o', 'o', '#', 'o', '#', 'o', '#']
['o', 'o', '#', '#', '#', 'o', '#', '#', 'o']
['o', '#', '#', '#', 'o', '#', '#', 'o', 'o']
Cost actual: 0
...........
2) Eliminam obstacolul de pe linia 1, coloana 5
['*', '*', '*', '*', '*', '*', '*', '*', '#']
['#', '#', '*', '#', '#', '#', '#', '#', 'o']
['o', '#', '#', 'o', 'o', '#', 'o', 'o', 'o']
['#', '#', 'o', 'o', '#', 'o', '#', 'o', '#']
['o', 'o', '#', '#', '#', 'o', '#', '#', 'o']
['o', '#', '#', '#', 'o', '#', '#', 'o', 'o']
Cost actual: 3
...........
3) Eliminam obstacolul de pe linia 1, coloana 9
['*', '*', '*', '*', '*', '*', '*', '*', '*']
['#', '#', '*', '#', '#', '#', '#', '#', '*']
['o', '#', '#', 'o', 'o', '#', '*', '*', '*']
['#', '#', 'o', 'o', '#', 'o', '#', '*', '#']
['o', 'o', '#', '#', '#', 'o', '#', '#', 'o']
['o', '#', '#', '#', 'o', '#', '#', 'o', 'o']
Cost actual: 4
...........
4) Eliminam obstacolul de pe linia 4, coloana 7
['*', '*', '*', '*', '*', '*', '*', '*', '*']
['#', '#', '*', '#', '#', '#', '#', '#', '*']
['o', '#', '#', 'o', 'o', '#', '*', '*', '*']
['#', '#', 'o', 'o', '#', '*', '*', '*', '#']
['o', 'o', '#', '#', '#', '*', '#', '#', 'o']
['o', '#', '#', '#', 'o', '#', '#', 'o', 'o']
Cost actual: 7
...........
5) Eliminam obstacolul de pe linia 5, coloana 7
['*', '*', '*', '*', '*', '*', '*', '*', '*']
['#', '#', '*', '#', '#', '#', '#', '#', '*']
['o', '#', '#', 'o', 'o', '#', '*', '*', '*']
['#', '#', 'o', 'o', '#', '*', '*', '*', '#']
['o', 'o', '#', '#', '#', '*', '*', '#', 'o']
['o', '#', '#', '#', 'o', '#', '#', 'o', 'o']
Cost actual: 10
...........
6) Eliminam obstacolul de pe linia 6, coloana 6
['*', '*', '*', '*', '*', '*', '*', '*', '*']
['#', '#', '*', '#', '#', '#', '#', '#', '*']
['o', '#', '#', 'o', 'o', '#', '*', '*', '*']
['#', '#', 'o', 'o', '#', '*', '*', '*', '#']
['o', 'o', '#', '#', '#', '*', '*', '#', 'o']
['o', '#', '#', '#', '*', '*', '#', 'o', 'o']
Cost actual: 12
...........
AStar 28 (euristica banala):
1) Configuratie Initiala
['*', '*', '*', '*', '#', 'o', 'o', 'o', '#']
['#', '#', '*', '#', '#', '#', '#', '#', 'o']
['o', '#', '#', 'o', 'o', '#', 'o', 'o', 'o']
['#', '#', 'o', 'o', '#', 'o', '#', 'o', '#']
['o', 'o', '#', '#', '#', 'o', '#', '#', 'o']
['o', '#', '#', '#', 'o', '#', '#', 'o', 'o']
Cost actual: 0
...........
2) Eliminam obstacolul de pe linia 1, coloana 5
['*', '*', '*', '*', '*', '*', '*', '*', '#']
['#', '#', '*', '#', '#', '#', '#', '#', 'o']
['o', '#', '#', 'o', 'o', '#', 'o', 'o', 'o']
['#', '#', 'o', 'o', '#', 'o', '#', 'o', '#']
['o', 'o', '#', '#', '#', 'o', '#', '#', 'o']
['o', '#', '#', '#', 'o', '#', '#', 'o', 'o']
Cost actual: 3
...........
3) Eliminam obstacolul de pe linia 2, coloana 8
['*', '*', '*', '*', '*', '*', '*', '*', '#']
['#', '#', '*', '#', '#', '#', '#', '*', '*']
['o', '#', '#', 'o', 'o', '#', '*', '*', '*']
['#', '#', 'o', 'o', '#', 'o', '#', '*', '#']
['o', 'o', '#', '#', '#', 'o', '#', '#', 'o']
['o', '#', '#', '#', 'o', '#', '#', 'o', 'o']
Cost actual: 5
...........
4) Eliminam obstacolul de pe linia 4, coloana 7
['*', '*', '*', '*', '*', '*', '*', '*', '#']
['#', '#', '*', '#', '#', '#', '#', '*', '*']
['o', '#', '#', 'o', 'o', '#', '*', '*', '*']
['#', '#', 'o', 'o', '#', '*', '*', '*', '#']
['o', 'o', '#', '#', '#', '*', '#', '#', 'o']
['o', '#', '#', '#', 'o', '#', '#', 'o', 'o']
Cost actual: 8
...........
5) Eliminam obstacolul de pe linia 4, coloana 9
['*', '*', '*', '*', '*', '*', '*', '*', '#']
['#', '#', '*', '#', '#', '#', '#', '*', '*']
['o', '#', '#', 'o', 'o', '#', '*', '*', '*']
['#', '#', 'o', 'o', '#', '*', '*', '*', '*']
['o', 'o', '#', '#', '#', '*', '#', '#', '*']
['o', '#', '#', '#', 'o', '#', '#', '*', '*']
Cost actual: 9
...........
6) Eliminam obstacolul de pe linia 6, coloana 6
['*', '*', '*', '*', '*', '*', '*', '*', '#']
['#', '#', '*', '#', '#', '#', '#', '*', '*']
['o', '#', '#', 'o', 'o', '#', '*', '*', '*']
['#', '#', 'o', 'o', '#', '*', '*', '*', '*']
['o', 'o', '#', '#', '#', '*', '#', '#', '*']
['o', '#', '#', '#', '*', '*', '#', '*', '*']
Cost actual: 12
...........
AStar 29 (euristica banala):
1) Configuratie Initiala
['*', '*', '*', '*', '#', 'o', 'o', 'o', '#']
['#', '#', '*', '#', '#', '#', '#', '#', 'o']
['o', '#', '#', 'o', 'o', '#', 'o', 'o', 'o']
['#', '#', 'o', 'o', '#', 'o', '#', 'o', '#']
['o', 'o', '#', '#', '#', 'o', '#', '#', 'o']
['o', '#', '#', '#', 'o', '#', '#', 'o', 'o']
Cost actual: 0
...........
2) Eliminam obstacolul de pe linia 1, coloana 5
['*', '*', '*', '*', '*', '*', '*', '*', '#']
['#', '#', '*', '#', '#', '#', '#', '#', 'o']
['o', '#', '#', 'o', 'o', '#', 'o', 'o', 'o']
['#', '#', 'o', 'o', '#', 'o', '#', 'o', '#']
['o', 'o', '#', '#', '#', 'o', '#', '#', 'o']
['o', '#', '#', '#', 'o', '#', '#', 'o', 'o']
Cost actual: 3
...........
3) Eliminam obstacolul de pe linia 2, coloana 5
['*', '*', '*', '*', '*', '*', '*', '*', '#']
['#', '#', '*', '#', '*', '#', '#', '#', 'o']
['o', '#', '#', '*', '*', '#', 'o', 'o', 'o']
['#', '#', '*', '*', '#', 'o', '#', 'o', '#']
['o', 'o', '#', '#', '#', 'o', '#', '#', 'o']
['o', '#', '#', '#', 'o', '#', '#', 'o', 'o']
Cost actual: 6
...........
4) Eliminam obstacolul de pe linia 4, coloana 5
['*', '*', '*', '*', '*', '*', '*', '*', '#']
['#', '#', '*', '#', '*', '#', '#', '#', 'o']
['o', '#', '#', '*', '*', '#', 'o', 'o', 'o']
['#', '#', '*', '*', '*', '*', '#', 'o', '#']
['o', 'o', '#', '#', '#', '*', '#', '#', 'o']
['o', '#', '#', '#', 'o', '#', '#', 'o', 'o']
Cost actual: 9
...........
5) Eliminam obstacolul de pe linia 5, coloana 5
['*', '*', '*', '*', '*', '*', '*', '*', '#']
['#', '#', '*', '#', '*', '#', '#', '#', 'o']
['o', '#', '#', '*', '*', '#', 'o', 'o', 'o']
['#', '#', '*', '*', '*', '*', '#', 'o', '#']
['o', 'o', '#', '#', '*', '*', '#', '#', 'o']
['o', '#', '#', '#', '*', '#', '#', 'o', 'o']
Cost actual: 12
...........
AStar 30 (euristica banala):
1) Configuratie Initiala
['*', '*', '*', '*', '#', 'o', 'o', 'o', '#']
['#', '#', '*', '#', '#', '#', '#', '#', 'o']
['o', '#', '#', 'o', 'o', '#', 'o', 'o', 'o']
['#', '#', 'o', 'o', '#', 'o', '#', 'o', '#']
['o', 'o', '#', '#', '#', 'o', '#', '#', 'o']
['o', '#', '#', '#', 'o', '#', '#', 'o', 'o']
Cost actual: 0
...........
2) Eliminam obstacolul de pe linia 1, coloana 5
['*', '*', '*', '*', '*', '*', '*', '*', '#']
['#', '#', '*', '#', '#', '#', '#', '#', 'o']
['o', '#', '#', 'o', 'o', '#', 'o', 'o', 'o']
['#', '#', 'o', 'o', '#', 'o', '#', 'o', '#']
['o', 'o', '#', '#', '#', 'o', '#', '#', 'o']
['o', '#', '#', '#', 'o', '#', '#', 'o', 'o']
Cost actual: 3
...........
3) Eliminam obstacolul de pe linia 2, coloana 5
['*', '*', '*', '*', '*', '*', '*', '*', '#']
['#', '#', '*', '#', '*', '#', '#', '#', 'o']
['o', '#', '#', '*', '*', '#', 'o', 'o', 'o']
['#', '#', '*', '*', '#', 'o', '#', 'o', '#']
['o', 'o', '#', '#', '#', 'o', '#', '#', 'o']
['o', '#', '#', '#', 'o', '#', '#', 'o', 'o']
Cost actual: 6
...........
4) Eliminam obstacolul de pe linia 4, coloana 5
['*', '*', '*', '*', '*', '*', '*', '*', '#']
['#', '#', '*', '#', '*', '#', '#', '#', 'o']
['o', '#', '#', '*', '*', '#', 'o', 'o', 'o']
['#', '#', '*', '*', '*', '*', '#', 'o', '#']
['o', 'o', '#', '#', '#', '*', '#', '#', 'o']
['o', '#', '#', '#', 'o', '#', '#', 'o', 'o']
Cost actual: 9
...........
5) Eliminam obstacolul de pe linia 6, coloana 6
['*', '*', '*', '*', '*', '*', '*', '*', '#']
['#', '#', '*', '#', '*', '#', '#', '#', 'o']
['o', '#', '#', '*', '*', '#', 'o', 'o', 'o']
['#', '#', '*', '*', '*', '*', '#', 'o', '#']
['o', 'o', '#', '#', '#', '*', '#', '#', 'o']
['o', '#', '#', '#', '*', '*', '#', 'o', 'o']
Cost actual: 12
...........
AStar 31 (euristica banala):
1) Configuratie Initiala
['*', '*', '*', '*', '#', 'o', 'o', 'o', '#']
['#', '#', '*', '#', '#', '#', '#', '#', 'o']
['o', '#', '#', 'o', 'o', '#', 'o', 'o', 'o']
['#', '#', 'o', 'o', '#', 'o', '#', 'o', '#']
['o', 'o', '#', '#', '#', 'o', '#', '#', 'o']
['o', '#', '#', '#', 'o', '#', '#', 'o', 'o']
Cost actual: 0
...........
2) Eliminam obstacolul de pe linia 2, coloana 1
['*', '*', '*', '*', '#', 'o', 'o', 'o', '#']
['*', '#', '*', '#', '#', '#', '#', '#', 'o']
['*', '#', '#', 'o', 'o', '#', 'o', 'o', 'o']
['#', '#', 'o', 'o', '#', 'o', '#', 'o', '#']
['o', 'o', '#', '#', '#', 'o', '#', '#', 'o']
['o', '#', '#', '#', 'o', '#', '#', 'o', 'o']
Cost actual: 2
...........
3) Eliminam obstacolul de pe linia 1, coloana 5
['*', '*', '*', '*', '*', '*', '*', '*', '#']
['*', '#', '*', '#', '#', '#', '#', '#', 'o']
['*', '#', '#', 'o', 'o', '#', 'o', 'o', 'o']
['#', '#', 'o', 'o', '#', 'o', '#', 'o', '#']
['o', 'o', '#', '#', '#', 'o', '#', '#', 'o']
['o', '#', '#', '#', 'o', '#', '#', 'o', 'o']
Cost actual: 5
...........
4) Eliminam obstacolul de pe linia 1, coloana 9
['*', '*', '*', '*', '*', '*', '*', '*', '*']
['*', '#', '*', '#', '#', '#', '#', '#', '*']
['*', '#', '#', 'o', 'o', '#', '*', '*', '*']
['#', '#', 'o', 'o', '#', 'o', '#', '*', '#']
['o', 'o', '#', '#', '#', 'o', '#', '#', 'o']
['o', '#', '#', '#', 'o', '#', '#', 'o', 'o']
Cost actual: 6
...........
5) Eliminam obstacolul de pe linia 4, coloana 9
['*', '*', '*', '*', '*', '*', '*', '*', '*']
['*', '#', '*', '#', '#', '#', '#', '#', '*']
['*', '#', '#', 'o', 'o', '#', '*', '*', '*']
['#', '#', 'o', 'o', '#', 'o', '#', '*', '*']
['o', 'o', '#', '#', '#', 'o', '#', '#', '*']
['o', '#', '#', '#', 'o', '#', '#', '*', '*']
Cost actual: 7
...........
6) Eliminam obstacolul de pe linia 6, coloana 7
['*', '*', '*', '*', '*', '*', '*', '*', '*']
['*', '#', '*', '#', '#', '#', '#', '#', '*']
['*', '#', '#', 'o', 'o', '#', '*', '*', '*']
['#', '#', 'o', 'o', '#', 'o', '#', '*', '*']
['o', 'o', '#', '#', '#', 'o', '#', '#', '*']
['o', '#', '#', '#', 'o', '#', '*', '*', '*']
Cost actual: 10
...........
7) Eliminam obstacolul de pe linia 6, coloana 6
['*', '*', '*', '*', '*', '*', '*', '*', '*']
['*', '#', '*', '#', '#', '#', '#', '#', '*']
['*', '#', '#', 'o', 'o', '#', '*', '*', '*']
['#', '#', 'o', 'o', '#', '*', '#', '*', '*']
['o', 'o', '#', '#', '#', '*', '#', '#', '*']
['o', '#', '#', '#', '*', '*', '*', '*', '*']
Cost actual: 12
...........
AStar 32 (euristica banala):
1) Configuratie Initiala
['*', '*', '*', '*', '#', 'o', 'o', 'o', '#']
['#', '#', '*', '#', '#', '#', '#', '#', 'o']
['o', '#', '#', 'o', 'o', '#', 'o', 'o', 'o']
['#', '#', 'o', 'o', '#', 'o', '#', 'o', '#']
['o', 'o', '#', '#', '#', 'o', '#', '#', 'o']
['o', '#', '#', '#', 'o', '#', '#', 'o', 'o']
Cost actual: 0
...........
2) Eliminam obstacolul de pe linia 1, coloana 5
['*', '*', '*', '*', '*', '*', '*', '*', '#']
['#', '#', '*', '#', '#', '#', '#', '#', 'o']
['o', '#', '#', 'o', 'o', '#', 'o', 'o', 'o']
['#', '#', 'o', 'o', '#', 'o', '#', 'o', '#']
['o', 'o', '#', '#', '#', 'o', '#', '#', 'o']
['o', '#', '#', '#', 'o', '#', '#', 'o', 'o']
Cost actual: 3
...........
3) Eliminam obstacolul de pe linia 1, coloana 9
['*', '*', '*', '*', '*', '*', '*', '*', '*']
['#', '#', '*', '#', '#', '#', '#', '#', '*']
['o', '#', '#', 'o', 'o', '#', '*', '*', '*']
['#', '#', 'o', 'o', '#', 'o', '#', '*', '#']
['o', 'o', '#', '#', '#', 'o', '#', '#', 'o']
['o', '#', '#', '#', 'o', '#', '#', 'o', 'o']
Cost actual: 4
...........
4) Eliminam obstacolul de pe linia 4, coloana 7
['*', '*', '*', '*', '*', '*', '*', '*', '*']
['#', '#', '*', '#', '#', '#', '#', '#', '*']
['o', '#', '#', 'o', 'o', '#', '*', '*', '*']
['#', '#', 'o', 'o', '#', '*', '*', '*', '#']
['o', 'o', '#', '#', '#', '*', '#', '#', 'o']
['o', '#', '#', '#', 'o', '#', '#', 'o', 'o']
Cost actual: 7
...........
5) Eliminam obstacolul de pe linia 2, coloana 1
['*', '*', '*', '*', '*', '*', '*', '*', '*']
['*', '#', '*', '#', '#', '#', '#', '#', '*']
['*', '#', '#', 'o', 'o', '#', '*', '*', '*']
['#', '#', 'o', 'o', '#', '*', '*', '*', '#']
['o', 'o', '#', '#', '#', '*', '#', '#', 'o']
['o', '#', '#', '#', 'o', '#', '#', 'o', 'o']
Cost actual: 9
...........
6) Eliminam obstacolul de pe linia 6, coloana 6
['*', '*', '*', '*', '*', '*', '*', '*', '*']
['*', '#', '*', '#', '#', '#', '#', '#', '*']
['*', '#', '#', 'o', 'o', '#', '*', '*', '*']
['#', '#', 'o', 'o', '#', '*', '*', '*', '#']
['o', 'o', '#', '#', '#', '*', '#', '#', 'o']
['o', '#', '#', '#', '*', '*', '#', 'o', 'o']
Cost actual: 12
...........
===========
...........
===========
AStar 1 (euristica urmatorul_pas):
1) Configuratie Initiala
['*', '*', '*', '*', '#', 'o', 'o', 'o', '#']
['#', '#', '*', '#', '#', '#', '#', '#', 'o']
['o', '#', '#', 'o', 'o', '#', 'o', 'o', 'o']
['#', '#', 'o', 'o', '#', 'o', '#', 'o', '#']
['o', 'o', '#', '#', '#', 'o', '#', '#', 'o']
['o', '#', '#', '#', 'o', '#', '#', 'o', 'o']
Cost actual: 0
...........
2) Eliminam obstacolul de pe linia 2, coloana 4
['*', '*', '*', '*', '#', 'o', 'o', 'o', '#']
['#', '#', '*', '*', '#', '#', '#', '#', 'o']
['o', '#', '#', '*', '*', '#', 'o', 'o', 'o']
['#', '#', '*', '*', '#', 'o', '#', 'o', '#']
['o', 'o', '#', '#', '#', 'o', '#', '#', 'o']
['o', '#', '#', '#', 'o', '#', '#', 'o', 'o']
Cost actual: 3
...........
3) Eliminam obstacolul de pe linia 4, coloana 5
['*', '*', '*', '*', '#', 'o', 'o', 'o', '#']
['#', '#', '*', '*', '#', '#', '#', '#', 'o']
['o', '#', '#', '*', '*', '#', 'o', 'o', 'o']
['#', '#', '*', '*', '*', '*', '#', 'o', '#']
['o', 'o', '#', '#', '#', '*', '#', '#', 'o']
['o', '#', '#', '#', 'o', '#', '#', 'o', 'o']
Cost actual: 6
...........
4) Eliminam obstacolul de pe linia 5, coloana 5
['*', '*', '*', '*', '#', 'o', 'o', 'o', '#']
['#', '#', '*', '*', '#', '#', '#', '#', 'o']
['o', '#', '#', '*', '*', '#', 'o', 'o', 'o']
['#', '#', '*', '*', '*', '*', '#', 'o', '#']
['o', 'o', '#', '#', '*', '*', '#', '#', 'o']
['o', '#', '#', '#', '*', '#', '#', 'o', 'o']
Cost actual: 9
...........
AStar 2 (euristica urmatorul_pas):
1) Configuratie Initiala
['*', '*', '*', '*', '#', 'o', 'o', 'o', '#']
['#', '#', '*', '#', '#', '#', '#', '#', 'o']
['o', '#', '#', 'o', 'o', '#', 'o', 'o', 'o']
['#', '#', 'o', 'o', '#', 'o', '#', 'o', '#']
['o', 'o', '#', '#', '#', 'o', '#', '#', 'o']
['o', '#', '#', '#', 'o', '#', '#', 'o', 'o']
Cost actual: 0
...........
2) Eliminam obstacolul de pe linia 2, coloana 4
['*', '*', '*', '*', '#', 'o', 'o', 'o', '#']
['#', '#', '*', '*', '#', '#', '#', '#', 'o']
['o', '#', '#', '*', '*', '#', 'o', 'o', 'o']
['#', '#', '*', '*', '#', 'o', '#', 'o', '#']
['o', 'o', '#', '#', '#', 'o', '#', '#', 'o']
['o', '#', '#', '#', 'o', '#', '#', 'o', 'o']
Cost actual: 3
...........
3) Eliminam obstacolul de pe linia 4, coloana 5
['*', '*', '*', '*', '#', 'o', 'o', 'o', '#']
['#', '#', '*', '*', '#', '#', '#', '#', 'o']
['o', '#', '#', '*', '*', '#', 'o', 'o', 'o']
['#', '#', '*', '*', '*', '*', '#', 'o', '#']
['o', 'o', '#', '#', '#', '*', '#', '#', 'o']
['o', '#', '#', '#', 'o', '#', '#', 'o', 'o']
Cost actual: 6
...........
4) Eliminam obstacolul de pe linia 6, coloana 6
['*', '*', '*', '*', '#', 'o', 'o', 'o', '#']
['#', '#', '*', '*', '#', '#', '#', '#', 'o']
['o', '#', '#', '*', '*', '#', 'o', 'o', 'o']
['#', '#', '*', '*', '*', '*', '#', 'o', '#']
['o', 'o', '#', '#', '#', '*', '#', '#', 'o']
['o', '#', '#', '#', '*', '*', '#', 'o', 'o']
Cost actual: 9
...........
AStar 3 (euristica urmatorul_pas):
1) Configuratie Initiala
['*', '*', '*', '*', '#', 'o', 'o', 'o', '#']
['#', '#', '*', '#', '#', '#', '#', '#', 'o']
['o', '#', '#', 'o', 'o', '#', 'o', 'o', 'o']
['#', '#', 'o', 'o', '#', 'o', '#', 'o', '#']
['o', 'o', '#', '#', '#', 'o', '#', '#', 'o']
['o', '#', '#', '#', 'o', '#', '#', 'o', 'o']
Cost actual: 0
...........
2) Eliminam obstacolul de pe linia 3, coloana 3
['*', '*', '*', '*', '#', 'o', 'o', 'o', '#']
['#', '#', '*', '#', '#', '#', '#', '#', 'o']
['o', '#', '*', '*', '*', '#', 'o', 'o', 'o']
['#', '#', '*', '*', '#', 'o', '#', 'o', '#']
['o', 'o', '#', '#', '#', 'o', '#', '#', 'o']
['o', '#', '#', '#', 'o', '#', '#', 'o', 'o']
Cost actual: 4
...........
3) Eliminam obstacolul de pe linia 4, coloana 5
['*', '*', '*', '*', '#', 'o', 'o', 'o', '#']
['#', '#', '*', '#', '#', '#', '#', '#', 'o']
['o', '#', '*', '*', '*', '#', 'o', 'o', 'o']
['#', '#', '*', '*', '*', '*', '#', 'o', '#']
['o', 'o', '#', '#', '#', '*', '#', '#', 'o']
['o', '#', '#', '#', 'o', '#', '#', 'o', 'o']
Cost actual: 7
...........
4) Eliminam obstacolul de pe linia 5, coloana 5
['*', '*', '*', '*', '#', 'o', 'o', 'o', '#']
['#', '#', '*', '#', '#', '#', '#', '#', 'o']
['o', '#', '*', '*', '*', '#', 'o', 'o', 'o']
['#', '#', '*', '*', '*', '*', '#', 'o', '#']
['o', 'o', '#', '#', '*', '*', '#', '#', 'o']
['o', '#', '#', '#', '*', '#', '#', 'o', 'o']
Cost actual: 10
...........
AStar 4 (euristica urmatorul_pas):
1) Configuratie Initiala
['*', '*', '*', '*', '#', 'o', 'o', 'o', '#']
['#', '#', '*', '#', '#', '#', '#', '#', 'o']
['o', '#', '#', 'o', 'o', '#', 'o', 'o', 'o']
['#', '#', 'o', 'o', '#', 'o', '#', 'o', '#']
['o', 'o', '#', '#', '#', 'o', '#', '#', 'o']
['o', '#', '#', '#', 'o', '#', '#', 'o', 'o']
Cost actual: 0
...........
2) Eliminam obstacolul de pe linia 3, coloana 3
['*', '*', '*', '*', '#', 'o', 'o', 'o', '#']
['#', '#', '*', '#', '#', '#', '#', '#', 'o']
['o', '#', '*', '*', '*', '#', 'o', 'o', 'o']
['#', '#', '*', '*', '#', 'o', '#', 'o', '#']
['o', 'o', '#', '#', '#', 'o', '#', '#', 'o']
['o', '#', '#', '#', 'o', '#', '#', 'o', 'o']
Cost actual: 4
...........
3) Eliminam obstacolul de pe linia 4, coloana 5
['*', '*', '*', '*', '#', 'o', 'o', 'o', '#']
['#', '#', '*', '#', '#', '#', '#', '#', 'o']
['o', '#', '*', '*', '*', '#', 'o', 'o', 'o']
['#', '#', '*', '*', '*', '*', '#', 'o', '#']
['o', 'o', '#', '#', '#', '*', '#', '#', 'o']
['o', '#', '#', '#', 'o', '#', '#', 'o', 'o']
Cost actual: 7
...........
4) Eliminam obstacolul de pe linia 6, coloana 6
['*', '*', '*', '*', '#', 'o', 'o', 'o', '#']
['#', '#', '*', '#', '#', '#', '#', '#', 'o']
['o', '#', '*', '*', '*', '#', 'o', 'o', 'o']
['#', '#', '*', '*', '*', '*', '#', 'o', '#']
['o', 'o', '#', '#', '#', '*', '#', '#', 'o']
['o', '#', '#', '#', '*', '*', '#', 'o', 'o']
Cost actual: 10
...........
AStar 5 (euristica urmatorul_pas):
1) Configuratie Initiala
['*', '*', '*', '*', '#', 'o', 'o', 'o', '#']
['#', '#', '*', '#', '#', '#', '#', '#', 'o']
['o', '#', '#', 'o', 'o', '#', 'o', 'o', 'o']
['#', '#', 'o', 'o', '#', 'o', '#', 'o', '#']
['o', 'o', '#', '#', '#', 'o', '#', '#', 'o']
['o', '#', '#', '#', 'o', '#', '#', 'o', 'o']
Cost actual: 0
...........
2) Eliminam obstacolul de pe linia 1, coloana 5
['*', '*', '*', '*', '*', '*', '*', '*', '#']
['#', '#', '*', '#', '#', '#', '#', '#', 'o']
['o', '#', '#', 'o', 'o', '#', 'o', 'o', 'o']
['#', '#', 'o', 'o', '#', 'o', '#', 'o', '#']
['o', 'o', '#', '#', '#', 'o', '#', '#', 'o']
['o', '#', '#', '#', 'o', '#', '#', 'o', 'o']
Cost actual: 3
...........
3) Eliminam obstacolul de pe linia 1, coloana 9
['*', '*', '*', '*', '*', '*', '*', '*', '*']
['#', '#', '*', '#', '#', '#', '#', '#', '*']
['o', '#', '#', 'o', 'o', '#', '*', '*', '*']
['#', '#', 'o', 'o', '#', 'o', '#', '*', '#']
['o', 'o', '#', '#', '#', 'o', '#', '#', 'o']
['o', '#', '#', '#', 'o', '#', '#', 'o', 'o']
Cost actual: 4
...........
4) Eliminam obstacolul de pe linia 4, coloana 7
['*', '*', '*', '*', '*', '*', '*', '*', '*']
['#', '#', '*', '#', '#', '#', '#', '#', '*']
['o', '#', '#', 'o', 'o', '#', '*', '*', '*']
['#', '#', 'o', 'o', '#', '*', '*', '*', '#']
['o', 'o', '#', '#', '#', '*', '#', '#', 'o']
['o', '#', '#', '#', 'o', '#', '#', 'o', 'o']
Cost actual: 7
...........
5) Eliminam obstacolul de pe linia 6, coloana 6
['*', '*', '*', '*', '*', '*', '*', '*', '*']
['#', '#', '*', '#', '#', '#', '#', '#', '*']
['o', '#', '#', 'o', 'o', '#', '*', '*', '*']
['#', '#', 'o', 'o', '#', '*', '*', '*', '#']
['o', 'o', '#', '#', '#', '*', '#', '#', 'o']
['o', '#', '#', '#', '*', '*', '#', 'o', 'o']
Cost actual: 10
...........
AStar 6 (euristica urmatorul_pas):
1) Configuratie Initiala
['*', '*', '*', '*', '#', 'o', 'o', 'o', '#']
['#', '#', '*', '#', '#', '#', '#', '#', 'o']
['o', '#', '#', 'o', 'o', '#', 'o', 'o', 'o']
['#', '#', 'o', 'o', '#', 'o', '#', 'o', '#']
['o', 'o', '#', '#', '#', 'o', '#', '#', 'o']
['o', '#', '#', '#', 'o', '#', '#', 'o', 'o']
Cost actual: 0
...........
2) Eliminam obstacolul de pe linia 1, coloana 5
['*', '*', '*', '*', '*', '*', '*', '*', '#']
['#', '#', '*', '#', '#', '#', '#', '#', 'o']
['o', '#', '#', 'o', 'o', '#', 'o', 'o', 'o']
['#', '#', 'o', 'o', '#', 'o', '#', 'o', '#']
['o', 'o', '#', '#', '#', 'o', '#', '#', 'o']
['o', '#', '#', '#', 'o', '#', '#', 'o', 'o']
Cost actual: 3
...........
3) Eliminam obstacolul de pe linia 1, coloana 9
['*', '*', '*', '*', '*', '*', '*', '*', '*']
['#', '#', '*', '#', '#', '#', '#', '#', '*']
['o', '#', '#', 'o', 'o', '#', '*', '*', '*']
['#', '#', 'o', 'o', '#', 'o', '#', '*', '#']
['o', 'o', '#', '#', '#', 'o', '#', '#', 'o']
['o', '#', '#', '#', 'o', '#', '#', 'o', 'o']
Cost actual: 4
...........
4) Eliminam obstacolul de pe linia 4, coloana 9
['*', '*', '*', '*', '*', '*', '*', '*', '*']
['#', '#', '*', '#', '#', '#', '#', '#', '*']
['o', '#', '#', 'o', 'o', '#', '*', '*', '*']
['#', '#', 'o', 'o', '#', 'o', '#', '*', '*']
['o', 'o', '#', '#', '#', 'o', '#', '#', '*']
['o', '#', '#', '#', 'o', '#', '#', '*', '*']
Cost actual: 5
...........
5) Eliminam obstacolul de pe linia 6, coloana 7
['*', '*', '*', '*', '*', '*', '*', '*', '*']
['#', '#', '*', '#', '#', '#', '#', '#', '*']
['o', '#', '#', 'o', 'o', '#', '*', '*', '*']
['#', '#', 'o', 'o', '#', 'o', '#', '*', '*']
['o', 'o', '#', '#', '#', 'o', '#', '#', '*']
['o', '#', '#', '#', 'o', '#', '*', '*', '*']
Cost actual: 8
...........
6) Eliminam obstacolul de pe linia 6, coloana 6
['*', '*', '*', '*', '*', '*', '*', '*', '*']
['#', '#', '*', '#', '#', '#', '#', '#', '*']
['o', '#', '#', 'o', 'o', '#', '*', '*', '*']
['#', '#', 'o', 'o', '#', '*', '#', '*', '*']
['o', 'o', '#', '#', '#', '*', '#', '#', '*']
['o', '#', '#', '#', '*', '*', '*', '*', '*']
Cost actual: 10
...........
AStar 7 (euristica urmatorul_pas):
1) Configuratie Initiala
['*', '*', '*', '*', '#', 'o', 'o', 'o', '#']
['#', '#', '*', '#', '#', '#', '#', '#', 'o']
['o', '#', '#', 'o', 'o', '#', 'o', 'o', 'o']
['#', '#', 'o', 'o', '#', 'o', '#', 'o', '#']
['o', 'o', '#', '#', '#', 'o', '#', '#', 'o']
['o', '#', '#', '#', 'o', '#', '#', 'o', 'o']
Cost actual: 0
...........
2) Eliminam obstacolul de pe linia 1, coloana 5
['*', '*', '*', '*', '*', '*', '*', '*', '#']
['#', '#', '*', '#', '#', '#', '#', '#', 'o']
['o', '#', '#', 'o', 'o', '#', 'o', 'o', 'o']
['#', '#', 'o', 'o', '#', 'o', '#', 'o', '#']
['o', 'o', '#', '#', '#', 'o', '#', '#', 'o']
['o', '#', '#', '#', 'o', '#', '#', 'o', 'o']
Cost actual: 3
...........
3) Eliminam obstacolul de pe linia 2, coloana 8
['*', '*', '*', '*', '*', '*', '*', '*', '#']
['#', '#', '*', '#', '#', '#', '#', '*', '*']
['o', '#', '#', 'o', 'o', '#', '*', '*', '*']
['#', '#', 'o', 'o', '#', 'o', '#', '*', '#']
['o', 'o', '#', '#', '#', 'o', '#', '#', 'o']
['o', '#', '#', '#', 'o', '#', '#', 'o', 'o']
Cost actual: 5
...........
4) Eliminam obstacolul de pe linia 1, coloana 9
['*', '*', '*', '*', '*', '*', '*', '*', '*']
['#', '#', '*', '#', '#', '#', '#', '*', '*']
['o', '#', '#', 'o', 'o', '#', '*', '*', '*']
['#', '#', 'o', 'o', '#', 'o', '#', '*', '#']
['o', 'o', '#', '#', '#', 'o', '#', '#', 'o']
['o', '#', '#', '#', 'o', '#', '#', 'o', 'o']
Cost actual: 5
...........
5) Eliminam obstacolul de pe linia 4, coloana 7
['*', '*', '*', '*', '*', '*', '*', '*', '*']
['#', '#', '*', '#', '#', '#', '#', '*', '*']
['o', '#', '#', 'o', 'o', '#', '*', '*', '*']
['#', '#', 'o', 'o', '#', '*', '*', '*', '#']
['o', 'o', '#', '#', '#', '*', '#', '#', 'o']
['o', '#', '#', '#', 'o', '#', '#', 'o', 'o']
Cost actual: 8
...........
6) Eliminam obstacolul de pe linia 6, coloana 6
['*', '*', '*', '*', '*', '*', '*', '*', '*']
['#', '#', '*', '#', '#', '#', '#', '*', '*']
['o', '#', '#', 'o', 'o', '#', '*', '*', '*']
['#', '#', 'o', 'o', '#', '*', '*', '*', '#']
['o', 'o', '#', '#', '#', '*', '#', '#', 'o']
['o', '#', '#', '#', '*', '*', '#', 'o', 'o']
Cost actual: 11
...........
AStar 8 (euristica urmatorul_pas):
1) Configuratie Initiala
['*', '*', '*', '*', '#', 'o', 'o', 'o', '#']
['#', '#', '*', '#', '#', '#', '#', '#', 'o']
['o', '#', '#', 'o', 'o', '#', 'o', 'o', 'o']
['#', '#', 'o', 'o', '#', 'o', '#', 'o', '#']
['o', 'o', '#', '#', '#', 'o', '#', '#', 'o']
['o', '#', '#', '#', 'o', '#', '#', 'o', 'o']
Cost actual: 0
...........
2) Eliminam obstacolul de pe linia 2, coloana 4
['*', '*', '*', '*', '#', 'o', 'o', 'o', '#']
['#', '#', '*', '*', '#', '#', '#', '#', 'o']
['o', '#', '#', '*', '*', '#', 'o', 'o', 'o']
['#', '#', '*', '*', '#', 'o', '#', 'o', '#']
['o', 'o', '#', '#', '#', 'o', '#', '#', 'o']
['o', '#', '#', '#', 'o', '#', '#', 'o', 'o']
Cost actual: 3
...........
3) Eliminam obstacolul de pe linia 4, coloana 5
['*', '*', '*', '*', '#', 'o', 'o', 'o', '#']
['#', '#', '*', '*', '#', '#', '#', '#', 'o']
['o', '#', '#', '*', '*', '#', 'o', 'o', 'o']
['#', '#', '*', '*', '*', '*', '#', 'o', '#']
['o', 'o', '#', '#', '#', '*', '#', '#', 'o']
['o', '#', '#', '#', 'o', '#', '#', 'o', 'o']
Cost actual: 6
...........
4) Eliminam obstacolul de pe linia 1, coloana 5
['*', '*', '*', '*', '*', '*', '*', '*', '#']
['#', '#', '*', '*', '#', '#', '#', '#', 'o']
['o', '#', '#', '*', '*', '#', 'o', 'o', 'o']
['#', '#', '*', '*', '*', '*', '#', 'o', '#']
['o', 'o', '#', '#', '#', '*', '#', '#', 'o']
['o', '#', '#', '#', 'o', '#', '#', 'o', 'o']
Cost actual: 8
...........
5) Eliminam obstacolul de pe linia 5, coloana 5
['*', '*', '*', '*', '*', '*', '*', '*', '#']
['#', '#', '*', '*', '#', '#', '#', '#', 'o']
['o', '#', '#', '*', '*', '#', 'o', 'o', 'o']
['#', '#', '*', '*', '*', '*', '#', 'o', '#']
['o', 'o', '#', '#', '*', '*', '#', '#', 'o']
['o', '#', '#', '#', '*', '#', '#', 'o', 'o']
Cost actual: 11
...........
AStar 9 (euristica urmatorul_pas):
1) Configuratie Initiala
['*', '*', '*', '*', '#', 'o', 'o', 'o', '#']
['#', '#', '*', '#', '#', '#', '#', '#', 'o']
['o', '#', '#', 'o', 'o', '#', 'o', 'o', 'o']
['#', '#', 'o', 'o', '#', 'o', '#', 'o', '#']
['o', 'o', '#', '#', '#', 'o', '#', '#', 'o']
['o', '#', '#', '#', 'o', '#', '#', 'o', 'o']
Cost actual: 0
...........
2) Eliminam obstacolul de pe linia 2, coloana 4
['*', '*', '*', '*', '#', 'o', 'o', 'o', '#']
['#', '#', '*', '*', '#', '#', '#', '#', 'o']
['o', '#', '#', '*', '*', '#', 'o', 'o', 'o']
['#', '#', '*', '*', '#', 'o', '#', 'o', '#']
['o', 'o', '#', '#', '#', 'o', '#', '#', 'o']
['o', '#', '#', '#', 'o', '#', '#', 'o', 'o']
Cost actual: 3
...........
3) Eliminam obstacolul de pe linia 4, coloana 5
['*', '*', '*', '*', '#', 'o', 'o', 'o', '#']
['#', '#', '*', '*', '#', '#', '#', '#', 'o']
['o', '#', '#', '*', '*', '#', 'o', 'o', 'o']
['#', '#', '*', '*', '*', '*', '#', 'o', '#']
['o', 'o', '#', '#', '#', '*', '#', '#', 'o']
['o', '#', '#', '#', 'o', '#', '#', 'o', 'o']
Cost actual: 6
...........
4) Eliminam obstacolul de pe linia 1, coloana 5
['*', '*', '*', '*', '*', '*', '*', '*', '#']
['#', '#', '*', '*', '#', '#', '#', '#', 'o']
['o', '#', '#', '*', '*', '#', 'o', 'o', 'o']
['#', '#', '*', '*', '*', '*', '#', 'o', '#']
['o', 'o', '#', '#', '#', '*', '#', '#', 'o']
['o', '#', '#', '#', 'o', '#', '#', 'o', 'o']
Cost actual: 8
...........
5) Eliminam obstacolul de pe linia 6, coloana 6
['*', '*', '*', '*', '*', '*', '*', '*', '#']
['#', '#', '*', '*', '#', '#', '#', '#', 'o']
['o', '#', '#', '*', '*', '#', 'o', 'o', 'o']
['#', '#', '*', '*', '*', '*', '#', 'o', '#']
['o', 'o', '#', '#', '#', '*', '#', '#', 'o']
['o', '#', '#', '#', '*', '*', '#', 'o', 'o']
Cost actual: 11
...........
AStar 10 (euristica urmatorul_pas):
1) Configuratie Initiala
['*', '*', '*', '*', '#', 'o', 'o', 'o', '#']
['#', '#', '*', '#', '#', '#', '#', '#', 'o']
['o', '#', '#', 'o', 'o', '#', 'o', 'o', 'o']
['#', '#', 'o', 'o', '#', 'o', '#', 'o', '#']
['o', 'o', '#', '#', '#', 'o', '#', '#', 'o']
['o', '#', '#', '#', 'o', '#', '#', 'o', 'o']
Cost actual: 0
...........
2) Eliminam obstacolul de pe linia 1, coloana 5
['*', '*', '*', '*', '*', '*', '*', '*', '#']
['#', '#', '*', '#', '#', '#', '#', '#', 'o']
['o', '#', '#', 'o', 'o', '#', 'o', 'o', 'o']
['#', '#', 'o', 'o', '#', 'o', '#', 'o', '#']
['o', 'o', '#', '#', '#', 'o', '#', '#', 'o']
['o', '#', '#', '#', 'o', '#', '#', 'o', 'o']
Cost actual: 3
...........
3) Eliminam obstacolul de pe linia 1, coloana 9
['*', '*', '*', '*', '*', '*', '*', '*', '*']
['#', '#', '*', '#', '#', '#', '#', '#', '*']
['o', '#', '#', 'o', 'o', '#', '*', '*', '*']
['#', '#', 'o', 'o', '#', 'o', '#', '*', '#']
['o', 'o', '#', '#', '#', 'o', '#', '#', 'o']
['o', '#', '#', '#', 'o', '#', '#', 'o', 'o']
Cost actual: 4
...........
4) Eliminam obstacolul de pe linia 4, coloana 7
['*', '*', '*', '*', '*', '*', '*', '*', '*']
['#', '#', '*', '#', '#', '#', '#', '#', '*']
['o', '#', '#', 'o', 'o', '#', '*', '*', '*']
['#', '#', 'o', 'o', '#', '*', '*', '*', '#']
['o', 'o', '#', '#', '#', '*', '#', '#', 'o']
['o', '#', '#', '#', 'o', '#', '#', 'o', 'o']
Cost actual: 7
...........
5) Eliminam obstacolul de pe linia 4, coloana 9
['*', '*', '*', '*', '*', '*', '*', '*', '*']
['#', '#', '*', '#', '#', '#', '#', '#', '*']
['o', '#', '#', 'o', 'o', '#', '*', '*', '*']
['#', '#', 'o', 'o', '#', '*', '*', '*', '*']
['o', 'o', '#', '#', '#', '*', '#', '#', '*']
['o', '#', '#', '#', 'o', '#', '#', '*', '*']
Cost actual: 8
...........
6) Eliminam obstacolul de pe linia 6, coloana 6
['*', '*', '*', '*', '*', '*', '*', '*', '*']
['#', '#', '*', '#', '#', '#', '#', '#', '*']
['o', '#', '#', 'o', 'o', '#', '*', '*', '*']
['#', '#', 'o', 'o', '#', '*', '*', '*', '*']
['o', 'o', '#', '#', '#', '*', '#', '#', '*']
['o', '#', '#', '#', '*', '*', '#', '*', '*']
Cost actual: 11
...........
AStar 11 (euristica urmatorul_pas):
1) Configuratie Initiala
['*', '*', '*', '*', '#', 'o', 'o', 'o', '#']
['#', '#', '*', '#', '#', '#', '#', '#', 'o']
['o', '#', '#', 'o', 'o', '#', 'o', 'o', 'o']
['#', '#', 'o', 'o', '#', 'o', '#', 'o', '#']
['o', 'o', '#', '#', '#', 'o', '#', '#', 'o']
['o', '#', '#', '#', 'o', '#', '#', 'o', 'o']
Cost actual: 0
...........
2) Eliminam obstacolul de pe linia 2, coloana 4
['*', '*', '*', '*', '#', 'o', 'o', 'o', '#']
['#', '#', '*', '*', '#', '#', '#', '#', 'o']
['o', '#', '#', '*', '*', '#', 'o', 'o', 'o']
['#', '#', '*', '*', '#', 'o', '#', 'o', '#']
['o', 'o', '#', '#', '#', 'o', '#', '#', 'o']
['o', '#', '#', '#', 'o', '#', '#', 'o', 'o']
Cost actual: 3
...........
3) Eliminam obstacolul de pe linia 4, coloana 5
['*', '*', '*', '*', '#', 'o', 'o', 'o', '#']
['#', '#', '*', '*', '#', '#', '#', '#', 'o']
['o', '#', '#', '*', '*', '#', 'o', 'o', 'o']
['#', '#', '*', '*', '*', '*', '#', 'o', '#']
['o', 'o', '#', '#', '#', '*', '#', '#', 'o']
['o', '#', '#', '#', 'o', '#', '#', 'o', 'o']
Cost actual: 6
...........
4) Eliminam obstacolul de pe linia 2, coloana 1
['*', '*', '*', '*', '#', 'o', 'o', 'o', '#']
['*', '#', '*', '*', '#', '#', '#', '#', 'o']
['*', '#', '#', '*', '*', '#', 'o', 'o', 'o']
['#', '#', '*', '*', '*', '*', '#', 'o', '#']
['o', 'o', '#', '#', '#', '*', '#', '#', 'o']
['o', '#', '#', '#', 'o', '#', '#', 'o', 'o']
Cost actual: 8
...........
5) Eliminam obstacolul de pe linia 5, coloana 5
['*', '*', '*', '*', '#', 'o', 'o', 'o', '#']
['*', '#', '*', '*', '#', '#', '#', '#', 'o']
['*', '#', '#', '*', '*', '#', 'o', 'o', 'o']
['#', '#', '*', '*', '*', '*', '#', 'o', '#']
['o', 'o', '#', '#', '*', '*', '#', '#', 'o']
['o', '#', '#', '#', '*', '#', '#', 'o', 'o']
Cost actual: 11
...........
AStar 12 (euristica urmatorul_pas):
1) Configuratie Initiala
['*', '*', '*', '*', '#', 'o', 'o', 'o', '#']
['#', '#', '*', '#', '#', '#', '#', '#', 'o']
['o', '#', '#', 'o', 'o', '#', 'o', 'o', 'o']
['#', '#', 'o', 'o', '#', 'o', '#', 'o', '#']
['o', 'o', '#', '#', '#', 'o', '#', '#', 'o']
['o', '#', '#', '#', 'o', '#', '#', 'o', 'o']
Cost actual: 0
...........
2) Eliminam obstacolul de pe linia 2, coloana 4
['*', '*', '*', '*', '#', 'o', 'o', 'o', '#']
['#', '#', '*', '*', '#', '#', '#', '#', 'o']
['o', '#', '#', '*', '*', '#', 'o', 'o', 'o']
['#', '#', '*', '*', '#', 'o', '#', 'o', '#']
['o', 'o', '#', '#', '#', 'o', '#', '#', 'o']
['o', '#', '#', '#', 'o', '#', '#', 'o', 'o']
Cost actual: 3
...........
3) Eliminam obstacolul de pe linia 4, coloana 5
['*', '*', '*', '*', '#', 'o', 'o', 'o', '#']
['#', '#', '*', '*', '#', '#', '#', '#', 'o']
['o', '#', '#', '*', '*', '#', 'o', 'o', 'o']
['#', '#', '*', '*', '*', '*', '#', 'o', '#']
['o', 'o', '#', '#', '#', '*', '#', '#', 'o']
['o', '#', '#', '#', 'o', '#', '#', 'o', 'o']
Cost actual: 6
...........
4) Eliminam obstacolul de pe linia 2, coloana 1
['*', '*', '*', '*', '#', 'o', 'o', 'o', '#']
['*', '#', '*', '*', '#', '#', '#', '#', 'o']
['*', '#', '#', '*', '*', '#', 'o', 'o', 'o']
['#', '#', '*', '*', '*', '*', '#', 'o', '#']
['o', 'o', '#', '#', '#', '*', '#', '#', 'o']
['o', '#', '#', '#', 'o', '#', '#', 'o', 'o']
Cost actual: 8
...........
5) Eliminam obstacolul de pe linia 6, coloana 6
['*', '*', '*', '*', '#', 'o', 'o', 'o', '#']
['*', '#', '*', '*', '#', '#', '#', '#', 'o']
['*', '#', '#', '*', '*', '#', 'o', 'o', 'o']
['#', '#', '*', '*', '*', '*', '#', 'o', '#']
['o', 'o', '#', '#', '#', '*', '#', '#', 'o']
['o', '#', '#', '#', '*', '*', '#', 'o', 'o']
Cost actual: 11
...........
AStar 13 (euristica urmatorul_pas):
1) Configuratie Initiala
['*', '*', '*', '*', '#', 'o', 'o', 'o', '#']
['#', '#', '*', '#', '#', '#', '#', '#', 'o']
['o', '#', '#', 'o', 'o', '#', 'o', 'o', 'o']
['#', '#', 'o', 'o', '#', 'o', '#', 'o', '#']
['o', 'o', '#', '#', '#', 'o', '#', '#', 'o']
['o', '#', '#', '#', 'o', '#', '#', 'o', 'o']
Cost actual: 0
...........
2) Eliminam obstacolul de pe linia 2, coloana 4
['*', '*', '*', '*', '#', 'o', 'o', 'o', '#']
['#', '#', '*', '*', '#', '#', '#', '#', 'o']
['o', '#', '#', '*', '*', '#', 'o', 'o', 'o']
['#', '#', '*', '*', '#', 'o', '#', 'o', '#']
['o', 'o', '#', '#', '#', 'o', '#', '#', 'o']
['o', '#', '#', '#', 'o', '#', '#', 'o', 'o']
Cost actual: 3
...........
3) Eliminam obstacolul de pe linia 5, coloana 4
['*', '*', '*', '*', '#', 'o', 'o', 'o', '#']
['#', '#', '*', '*', '#', '#', '#', '#', 'o']
['o', '#', '#', '*', '*', '#', 'o', 'o', 'o']
['#', '#', '*', '*', '#', 'o', '#', 'o', '#']
['o', 'o', '#', '*', '#', 'o', '#', '#', 'o']
['o', '#', '#', '#', 'o', '#', '#', 'o', 'o']
Cost actual: 8
...........
4) Eliminam obstacolul de pe linia 6, coloana 4
['*', '*', '*', '*', '#', 'o', 'o', 'o', '#']
['#', '#', '*', '*', '#', '#', '#', '#', 'o']
['o', '#', '#', '*', '*', '#', 'o', 'o', 'o']
['#', '#', '*', '*', '#', 'o', '#', 'o', '#']
['o', 'o', '#', '*', '#', 'o', '#', '#', 'o']
['o', '#', '#', '*', '*', '#', '#', 'o', 'o']
Cost actual: 11
...........
AStar 14 (euristica urmatorul_pas):
1) Configuratie Initiala
['*', '*', '*', '*', '#', 'o', 'o', 'o', '#']
['#', '#', '*', '#', '#', '#', '#', '#', 'o']
['o', '#', '#', 'o', 'o', '#', 'o', 'o', 'o']
['#', '#', 'o', 'o', '#', 'o', '#', 'o', '#']
['o', 'o', '#', '#', '#', 'o', '#', '#', 'o']
['o', '#', '#', '#', 'o', '#', '#', 'o', 'o']
Cost actual: 0
...........
2) Eliminam obstacolul de pe linia 2, coloana 4
['*', '*', '*', '*', '#', 'o', 'o', 'o', '#']
['#', '#', '*', '*', '#', '#', '#', '#', 'o']
['o', '#', '#', '*', '*', '#', 'o', 'o', 'o']
['#', '#', '*', '*', '#', 'o', '#', 'o', '#']
['o', 'o', '#', '#', '#', 'o', '#', '#', 'o']
['o', '#', '#', '#', 'o', '#', '#', 'o', 'o']
Cost actual: 3
...........
3) Eliminam obstacolul de pe linia 5, coloana 4
['*', '*', '*', '*', '#', 'o', 'o', 'o', '#']
['#', '#', '*', '*', '#', '#', '#', '#', 'o']
['o', '#', '#', '*', '*', '#', 'o', 'o', 'o']
['#', '#', '*', '*', '#', 'o', '#', 'o', '#']
['o', 'o', '#', '*', '#', 'o', '#', '#', 'o']
['o', '#', '#', '#', 'o', '#', '#', 'o', 'o']
Cost actual: 8
...........
4) Eliminam obstacolul de pe linia 5, coloana 5
['*', '*', '*', '*', '#', 'o', 'o', 'o', '#']
['#', '#', '*', '*', '#', '#', '#', '#', 'o']
['o', '#', '#', '*', '*', '#', 'o', 'o', 'o']
['#', '#', '*', '*', '#', '*', '#', 'o', '#']
['o', 'o', '#', '*', '*', '*', '#', '#', 'o']
['o', '#', '#', '#', '*', '#', '#', 'o', 'o']
Cost actual: 11
...........
AStar 15 (euristica urmatorul_pas):
1) Configuratie Initiala
['*', '*', '*', '*', '#', 'o', 'o', 'o', '#']
['#', '#', '*', '#', '#', '#', '#', '#', 'o']
['o', '#', '#', 'o', 'o', '#', 'o', 'o', 'o']
['#', '#', 'o', 'o', '#', 'o', '#', 'o', '#']
['o', 'o', '#', '#', '#', 'o', '#', '#', 'o']
['o', '#', '#', '#', 'o', '#', '#', 'o', 'o']
Cost actual: 0
...........
2) Eliminam obstacolul de pe linia 1, coloana 5
['*', '*', '*', '*', '*', '*', '*', '*', '#']
['#', '#', '*', '#', '#', '#', '#', '#', 'o']
['o', '#', '#', 'o', 'o', '#', 'o', 'o', 'o']
['#', '#', 'o', 'o', '#', 'o', '#', 'o', '#']
['o', 'o', '#', '#', '#', 'o', '#', '#', 'o']
['o', '#', '#', '#', 'o', '#', '#', 'o', 'o']
Cost actual: 3
...........
3) Eliminam obstacolul de pe linia 1, coloana 9
['*', '*', '*', '*', '*', '*', '*', '*', '*']
['#', '#', '*', '#', '#', '#', '#', '#', '*']
['o', '#', '#', 'o', 'o', '#', '*', '*', '*']
['#', '#', 'o', 'o', '#', 'o', '#', '*', '#']
['o', 'o', '#', '#', '#', 'o', '#', '#', 'o']
['o', '#', '#', '#', 'o', '#', '#', 'o', 'o']
Cost actual: 4
...........
4) Eliminam obstacolul de pe linia 4, coloana 7
['*', '*', '*', '*', '*', '*', '*', '*', '*']
['#', '#', '*', '#', '#', '#', '#', '#', '*']
['o', '#', '#', 'o', 'o', '#', '*', '*', '*']
['#', '#', 'o', 'o', '#', '*', '*', '*', '#']
['o', 'o', '#', '#', '#', '*', '#', '#', 'o']
['o', '#', '#', '#', 'o', '#', '#', 'o', 'o']
Cost actual: 7
...........
5) Eliminam obstacolul de pe linia 5, coloana 5
['*', '*', '*', '*', '*', '*', '*', '*', '*']
['#', '#', '*', '#', '#', '#', '#', '#', '*']
['o', '#', '#', 'o', 'o', '#', '*', '*', '*']
['#', '#', 'o', 'o', '#', '*', '*', '*', '#']
['o', 'o', '#', '#', '*', '*', '#', '#', 'o']
['o', '#', '#', '#', '*', '#', '#', 'o', 'o']
Cost actual: 11
...........
AStar 16 (euristica urmatorul_pas):
1) Configuratie Initiala
['*', '*', '*', '*', '#', 'o', 'o', 'o', '#']
['#', '#', '*', '#', '#', '#', '#', '#', 'o']
['o', '#', '#', 'o', 'o', '#', 'o', 'o', 'o']
['#', '#', 'o', 'o', '#', 'o', '#', 'o', '#']
['o', 'o', '#', '#', '#', 'o', '#', '#', 'o']
['o', '#', '#', '#', 'o', '#', '#', 'o', 'o']
Cost actual: 0
...........
2) Eliminam obstacolul de pe linia 2, coloana 4
['*', '*', '*', '*', '#', 'o', 'o', 'o', '#']
['#', '#', '*', '*', '#', '#', '#', '#', 'o']
['o', '#', '#', '*', '*', '#', 'o', 'o', 'o']
['#', '#', '*', '*', '#', 'o', '#', 'o', '#']
['o', 'o', '#', '#', '#', 'o', '#', '#', 'o']
['o', '#', '#', '#', 'o', '#', '#', 'o', 'o']
Cost actual: 3
...........
3) Eliminam obstacolul de pe linia 3, coloana 6
['*', '*', '*', '*', '#', 'o', 'o', 'o', '#']
['#', '#', '*', '*', '#', '#', '#', '#', '*']
['o', '#', '#', '*', '*', '*', '*', '*', '*']
['#', '#', '*', '*', '#', '*', '#', '*', '#']
['o', 'o', '#', '#', '#', '*', '#', '#', 'o']
['o', '#', '#', '#', 'o', '#', '#', 'o', 'o']
Cost actual: 8
...........
4) Eliminam obstacolul de pe linia 6, coloana 6
['*', '*', '*', '*', '#', 'o', 'o', 'o', '#']
['#', '#', '*', '*', '#', '#', '#', '#', '*']
['o', '#', '#', '*', '*', '*', '*', '*', '*']
['#', '#', '*', '*', '#', '*', '#', '*', '#']
['o', 'o', '#', '#', '#', '*', '#', '#', 'o']
['o', '#', '#', '#', '*', '*', '#', 'o', 'o']
Cost actual: 11
...........
AStar 17 (euristica urmatorul_pas):
1) Configuratie Initiala
['*', '*', '*', '*', '#', 'o', 'o', 'o', '#']
['#', '#', '*', '#', '#', '#', '#', '#', 'o']
['o', '#', '#', 'o', 'o', '#', 'o', 'o', 'o']
['#', '#', 'o', 'o', '#', 'o', '#', 'o', '#']
['o', 'o', '#', '#', '#', 'o', '#', '#', 'o']
['o', '#', '#', '#', 'o', '#', '#', 'o', 'o']
Cost actual: 0
...........
2) Eliminam obstacolul de pe linia 1, coloana 5
['*', '*', '*', '*', '*', '*', '*', '*', '#']
['#', '#', '*', '#', '#', '#', '#', '#', 'o']
['o', '#', '#', 'o', 'o', '#', 'o', 'o', 'o']
['#', '#', 'o', 'o', '#', 'o', '#', 'o', '#']
['o', 'o', '#', '#', '#', 'o', '#', '#', 'o']
['o', '#', '#', '#', 'o', '#', '#', 'o', 'o']
Cost actual: 3
...........
3) Eliminam obstacolul de pe linia 2, coloana 8
['*', '*', '*', '*', '*', '*', '*', '*', '#']
['#', '#', '*', '#', '#', '#', '#', '*', '*']
['o', '#', '#', 'o', 'o', '#', '*', '*', '*']
['#', '#', 'o', 'o', '#', 'o', '#', '*', '#']
['o', 'o', '#', '#', '#', 'o', '#', '#', 'o']
['o', '#', '#', '#', 'o', '#', '#', 'o', 'o']
Cost actual: 5
...........
4) Eliminam obstacolul de pe linia 4, coloana 7
['*', '*', '*', '*', '*', '*', '*', '*', '#']
['#', '#', '*', '#', '#', '#', '#', '*', '*']
['o', '#', '#', 'o', 'o', '#', '*', '*', '*']
['#', '#', 'o', 'o', '#', '*', '*', '*', '#']
['o', 'o', '#', '#', '#', '*', '#', '#', 'o']
['o', '#', '#', '#', 'o', '#', '#', 'o', 'o']
Cost actual: 8
...........
5) Eliminam obstacolul de pe linia 6, coloana 6
['*', '*', '*', '*', '*', '*', '*', '*', '#']
['#', '#', '*', '#', '#', '#', '#', '*', '*']
['o', '#', '#', 'o', 'o', '#', '*', '*', '*']
['#', '#', 'o', 'o', '#', '*', '*', '*', '#']
['o', 'o', '#', '#', '#', '*', '#', '#', 'o']
['o', '#', '#', '#', '*', '*', '#', 'o', 'o']
Cost actual: 11
...........
AStar 18 (euristica urmatorul_pas):
1) Configuratie Initiala
['*', '*', '*', '*', '#', 'o', 'o', 'o', '#']
['#', '#', '*', '#', '#', '#', '#', '#', 'o']
['o', '#', '#', 'o', 'o', '#', 'o', 'o', 'o']
['#', '#', 'o', 'o', '#', 'o', '#', 'o', '#']
['o', 'o', '#', '#', '#', 'o', '#', '#', 'o']
['o', '#', '#', '#', 'o', '#', '#', 'o', 'o']
Cost actual: 0
...........
2) Eliminam obstacolul de pe linia 1, coloana 5
['*', '*', '*', '*', '*', '*', '*', '*', '#']
['#', '#', '*', '#', '#', '#', '#', '#', 'o']
['o', '#', '#', 'o', 'o', '#', 'o', 'o', 'o']
['#', '#', 'o', 'o', '#', 'o', '#', 'o', '#']
['o', 'o', '#', '#', '#', 'o', '#', '#', 'o']
['o', '#', '#', '#', 'o', '#', '#', 'o', 'o']
Cost actual: 3
...........
3) Eliminam obstacolul de pe linia 2, coloana 8
['*', '*', '*', '*', '*', '*', '*', '*', '#']
['#', '#', '*', '#', '#', '#', '#', '*', '*']
['o', '#', '#', 'o', 'o', '#', '*', '*', '*']
['#', '#', 'o', 'o', '#', 'o', '#', '*', '#']
['o', 'o', '#', '#', '#', 'o', '#', '#', 'o']
['o', '#', '#', '#', 'o', '#', '#', 'o', 'o']
Cost actual: 5
...........
4) Eliminam obstacolul de pe linia 4, coloana 9
['*', '*', '*', '*', '*', '*', '*', '*', '#']
['#', '#', '*', '#', '#', '#', '#', '*', '*']
['o', '#', '#', 'o', 'o', '#', '*', '*', '*']
['#', '#', 'o', 'o', '#', 'o', '#', '*', '*']
['o', 'o', '#', '#', '#', 'o', '#', '#', '*']
['o', '#', '#', '#', 'o', '#', '#', '*', '*']
Cost actual: 6
...........
5) Eliminam obstacolul de pe linia 6, coloana 7
['*', '*', '*', '*', '*', '*', '*', '*', '#']
['#', '#', '*', '#', '#', '#', '#', '*', '*']
['o', '#', '#', 'o', 'o', '#', '*', '*', '*']
['#', '#', 'o', 'o', '#', 'o', '#', '*', '*']
['o', 'o', '#', '#', '#', 'o', '#', '#', '*']
['o', '#', '#', '#', 'o', '#', '*', '*', '*']
Cost actual: 9
...........
6) Eliminam obstacolul de pe linia 6, coloana 6
['*', '*', '*', '*', '*', '*', '*', '*', '#']
['#', '#', '*', '#', '#', '#', '#', '*', '*']
['o', '#', '#', 'o', 'o', '#', '*', '*', '*']
['#', '#', 'o', 'o', '#', '*', '#', '*', '*']
['o', 'o', '#', '#', '#', '*', '#', '#', '*']
['o', '#', '#', '#', '*', '*', '*', '*', '*']
Cost actual: 11
...........
AStar 19 (euristica urmatorul_pas):
1) Configuratie Initiala
['*', '*', '*', '*', '#', 'o', 'o', 'o', '#']
['#', '#', '*', '#', '#', '#', '#', '#', 'o']
['o', '#', '#', 'o', 'o', '#', 'o', 'o', 'o']
['#', '#', 'o', 'o', '#', 'o', '#', 'o', '#']
['o', 'o', '#', '#', '#', 'o', '#', '#', 'o']
['o', '#', '#', '#', 'o', '#', '#', 'o', 'o']
Cost actual: 0
...........
2) Eliminam obstacolul de pe linia 1, coloana 5
['*', '*', '*', '*', '*', '*', '*', '*', '#']
['#', '#', '*', '#', '#', '#', '#', '#', 'o']
['o', '#', '#', 'o', 'o', '#', 'o', 'o', 'o']
['#', '#', 'o', 'o', '#', 'o', '#', 'o', '#']
['o', 'o', '#', '#', '#', 'o', '#', '#', 'o']
['o', '#', '#', '#', 'o', '#', '#', 'o', 'o']
Cost actual: 3
...........
3) Eliminam obstacolul de pe linia 1, coloana 9
['*', '*', '*', '*', '*', '*', '*', '*', '*']
['#', '#', '*', '#', '#', '#', '#', '#', '*']
['o', '#', '#', 'o', 'o', '#', '*', '*', '*']
['#', '#', 'o', 'o', '#', 'o', '#', '*', '#']
['o', 'o', '#', '#', '#', 'o', '#', '#', 'o']
['o', '#', '#', '#', 'o', '#', '#', 'o', 'o']
Cost actual: 4
...........
4) Eliminam obstacolul de pe linia 4, coloana 9
['*', '*', '*', '*', '*', '*', '*', '*', '*']
['#', '#', '*', '#', '#', '#', '#', '#', '*']
['o', '#', '#', 'o', 'o', '#', '*', '*', '*']
['#', '#', 'o', 'o', '#', 'o', '#', '*', '*']
['o', 'o', '#', '#', '#', 'o', '#', '#', '*']
['o', '#', '#', '#', 'o', '#', '#', '*', '*']
Cost actual: 5
...........
5) Eliminam obstacolul de pe linia 6, coloana 7
['*', '*', '*', '*', '*', '*', '*', '*', '*']
['#', '#', '*', '#', '#', '#', '#', '#', '*']
['o', '#', '#', 'o', 'o', '#', '*', '*', '*']
['#', '#', 'o', 'o', '#', 'o', '#', '*', '*']
['o', 'o', '#', '#', '#', 'o', '#', '#', '*']
['o', '#', '#', '#', 'o', '#', '*', '*', '*']
Cost actual: 8
...........
6) Eliminam obstacolul de pe linia 2, coloana 8
['*', '*', '*', '*', '*', '*', '*', '*', '*']
['#', '#', '*', '#', '#', '#', '#', '*', '*']
['o', '#', '#', 'o', 'o', '#', '*', '*', '*']
['#', '#', 'o', 'o', '#', 'o', '#', '*', '*']
['o', 'o', '#', '#', '#', 'o', '#', '#', '*']
['o', '#', '#', '#', 'o', '#', '*', '*', '*']
Cost actual: 9
...........
7) Eliminam obstacolul de pe linia 6, coloana 6
['*', '*', '*', '*', '*', '*', '*', '*', '*']
['#', '#', '*', '#', '#', '#', '#', '*', '*']
['o', '#', '#', 'o', 'o', '#', '*', '*', '*']
['#', '#', 'o', 'o', '#', '*', '#', '*', '*']
['o', 'o', '#', '#', '#', '*', '#', '#', '*']
['o', '#', '#', '#', '*', '*', '*', '*', '*']
Cost actual: 11
...........
